[ 2016-12-26T17:21:29+08:00 ] 127.0.0.1 /
INFO: [ app_init ] --START--
INFO: Run Behavior\BuildLiteBehavior [ RunTime:0.000000s ]
INFO: [ app_init ] --END-- [ RunTime:0.001000s ]
INFO: [ app_begin ] --START--
INFO: Run Behavior\ReadHtmlCacheBehavior [ RunTime:0.000000s ]
INFO: [ app_begin ] --END-- [ RunTime:0.000000s ]
NOTIC: [8] Undefined index: cost_home D:\phpStudy\WWW\tp\Application\Home\Controller\IndexController.class.php 第 12 行.
SQL: SHOW COLUMNS FROM `hospital` [ RunTime:0.0040s ]
SQL: SHOW COLUMNS FROM `spending` [ RunTime:0.0030s ]
SQL: SELECT * FROM `hospital` WHERE `id` = null LIMIT 1   [ RunTime:0.0000s ]
SQL: SELECT * FROM `spending` WHERE `hospital_id` = null AND `spending_date` BETWEEN '2016-12-01' AND '2016-12-31'  [ RunTime:0.0000s ]
SQL: select sum(cost_money) from spending where hospital_id="" [ RunTime:0.0010s ]
NOTIC: [8] Undefined variable: res D:\phpStudy\WWW\tp\Application\Home\Controller\IndexController.class.php 第 43 行.
INFO: [ view_parse ] --START--
INFO: [ template_filter ] --START--
INFO: Run Behavior\ContentReplaceBehavior [ RunTime:0.000000s ]
INFO: [ template_filter ] --END-- [ RunTime:0.000000s ]
INFO: Run Behavior\ParseTemplateBehavior [ RunTime:0.031001s ]
INFO: [ view_parse ] --END-- [ RunTime:0.031001s ]
INFO: [ view_filter ] --START--
INFO: Run Behavior\WriteHtmlCacheBehavior [ RunTime:0.000000s ]
INFO: [ view_filter ] --END-- [ RunTime:0.000000s ]
INFO: [ app_end ] --START--
INFO: Run Behavior\ShowPageTraceBehavior [ RunTime:0.001000s ]
INFO: [ app_end ] --END-- [ RunTime:0.001000s ]

[ 2016-12-26T17:21:29+08:00 ] 127.0.0.1 /Home/Login/index
INFO: [ app_init ] --START--
INFO: Run Behavior\BuildLiteBehavior [ RunTime:0.000000s ]
INFO: [ app_init ] --END-- [ RunTime:0.000000s ]
INFO: [ app_begin ] --START--
INFO: Run Behavior\ReadHtmlCacheBehavior [ RunTime:0.001000s ]
INFO: [ app_begin ] --END-- [ RunTime:0.001000s ]

[ 2016-12-26T17:22:05+08:00 ] 127.0.0.1 /Home/Login/index
INFO: [ app_init ] --START--
INFO: Run Behavior\BuildLiteBehavior [ RunTime:0.000000s ]
INFO: [ app_init ] --END-- [ RunTime:0.000000s ]
INFO: [ app_begin ] --START--
INFO: Run Behavior\ReadHtmlCacheBehavior [ RunTime:0.000000s ]
INFO: [ app_begin ] --END-- [ RunTime:0.000000s ]

[ 2016-12-26T17:23:15+08:00 ] 127.0.0.1 /Home/Login/index
INFO: [ app_init ] --START--
INFO: Run Behavior\BuildLiteBehavior [ RunTime:0.000000s ]
INFO: [ app_init ] --END-- [ RunTime:0.001000s ]
INFO: [ app_begin ] --START--
INFO: Run Behavior\ReadHtmlCacheBehavior [ RunTime:0.001000s ]
INFO: [ app_begin ] --END-- [ RunTime:0.001000s ]
INFO: [ view_parse ] --START--
INFO: [ template_filter ] --START--
INFO: Run Behavior\ContentReplaceBehavior [ RunTime:0.000000s ]
INFO: [ template_filter ] --END-- [ RunTime:0.000000s ]
INFO: Run Behavior\ParseTemplateBehavior [ RunTime:0.019001s ]
INFO: [ view_parse ] --END-- [ RunTime:0.019001s ]
INFO: [ view_filter ] --START--
INFO: Run Behavior\WriteHtmlCacheBehavior [ RunTime:0.000000s ]
INFO: [ view_filter ] --END-- [ RunTime:0.000000s ]
INFO: [ app_end ] --START--
INFO: Run Behavior\ShowPageTraceBehavior [ RunTime:0.001000s ]
INFO: [ app_end ] --END-- [ RunTime:0.001000s ]

[ 2016-12-26T17:23:20+08:00 ] 127.0.0.1 /index.php/Home/Login/checkUser.html
INFO: [ app_init ] --START--
INFO: Run Behavior\BuildLiteBehavior [ RunTime:0.000000s ]
INFO: [ app_init ] --END-- [ RunTime:0.000000s ]
INFO: [ app_begin ] --START--
INFO: Run Behavior\ReadHtmlCacheBehavior [ RunTime:0.001000s ]
INFO: [ app_begin ] --END-- [ RunTime:0.001000s ]
SQL: SHOW COLUMNS FROM `hospital_admin` [ RunTime:0.0010s ]
NOTIC: [8] Use of undefined constant tel - assumed 'tel' D:\phpStudy\WWW\tp\Application\Home\Controller\LoginController.class.php 第 56 行.
SQL: SELECT * FROM `hospital_admin` WHERE `tel` = '13228595558' LIMIT 1   [ RunTime:0.0000s ]
NOTIC: [8] Undefined variable: errMsg D:\phpStudy\WWW\tp\Application\Home\Controller\LoginController.class.php 第 62 行.

[ 2016-12-26T17:23:42+08:00 ] 127.0.0.1 /index.php/Home/Login/sendVerify.html
INFO: [ app_init ] --START--
INFO: Run Behavior\BuildLiteBehavior [ RunTime:0.000000s ]
INFO: [ app_init ] --END-- [ RunTime:0.001000s ]
INFO: [ app_begin ] --START--
INFO: Run Behavior\ReadHtmlCacheBehavior [ RunTime:0.001000s ]
INFO: [ app_begin ] --END-- [ RunTime:0.001000s ]
SQL: SHOW COLUMNS FROM `hospital_admin` [ RunTime:0.0000s ]
SQL: SHOW COLUMNS FROM `verify_record` [ RunTime:0.0000s ]
SQL: SELECT * FROM `hospital_admin` LIMIT 1   [ RunTime:0.0000s ]
NOTIC: [2] Illegal string offset 'name' D:\phpStudy\WWW\tp\Application\Home\Controller\LoginController.class.php 第 141 行.
NOTIC: [2] Illegal string offset 'hospital_id' D:\phpStudy\WWW\tp\Application\Home\Controller\LoginController.class.php 第 142 行.
NOTIC: [2] Illegal string offset 'login_ip' D:\phpStudy\WWW\tp\Application\Home\Controller\LoginController.class.php 第 143 行.
ERR: 1452:Cannot add or update a child row: a foreign key constraint fails (`cost`.`verify_record`, CONSTRAINT `verify_record_ibfk_1` FOREIGN KEY (`hospital_id`) REFERENCES `hospital` (`id`) ON DELETE NO ACTION ON UPDATE CASCADE)
 [ SQL语句 ] : INSERT INTO `verify_record` () VALUES ()
ERR: 1452:Cannot add or update a child row: a foreign key constraint fails (`cost`.`verify_record`, CONSTRAINT `verify_record_ibfk_1` FOREIGN KEY (`hospital_id`) REFERENCES `hospital` (`id`) ON DELETE NO ACTION ON UPDATE CASCADE)
 [ SQL语句 ] : INSERT INTO `verify_record` () VALUES ()

[ 2016-12-26T17:24:36+08:00 ] 127.0.0.1 /index.php/Home/Login/sendVerify.html
INFO: [ app_init ] --START--
INFO: Run Behavior\BuildLiteBehavior [ RunTime:0.000000s ]
INFO: [ app_init ] --END-- [ RunTime:0.000000s ]
INFO: [ app_begin ] --START--
INFO: Run Behavior\ReadHtmlCacheBehavior [ RunTime:0.001000s ]
INFO: [ app_begin ] --END-- [ RunTime:0.001000s ]

[ 2016-12-26T17:24:47+08:00 ] 127.0.0.1 /Home/Login/index
INFO: [ app_init ] --START--
INFO: Run Behavior\BuildLiteBehavior [ RunTime:0.000000s ]
INFO: [ app_init ] --END-- [ RunTime:0.001001s ]
INFO: [ app_begin ] --START--
INFO: Run Behavior\ReadHtmlCacheBehavior [ RunTime:0.000000s ]
INFO: [ app_begin ] --END-- [ RunTime:0.001000s ]
INFO: [ view_parse ] --START--
INFO: [ template_filter ] --START--
INFO: Run Behavior\ContentReplaceBehavior [ RunTime:0.000000s ]
INFO: [ template_filter ] --END-- [ RunTime:0.000000s ]
INFO: Run Behavior\ParseTemplateBehavior [ RunTime:0.009000s ]
INFO: [ view_parse ] --END-- [ RunTime:0.009000s ]
INFO: [ view_filter ] --START--
INFO: Run Behavior\WriteHtmlCacheBehavior [ RunTime:0.000000s ]
INFO: [ view_filter ] --END-- [ RunTime:0.000000s ]
INFO: [ app_end ] --START--
INFO: Run Behavior\ShowPageTraceBehavior [ RunTime:0.001000s ]
INFO: [ app_end ] --END-- [ RunTime:0.001000s ]

[ 2016-12-26T17:24:50+08:00 ] 127.0.0.1 /index.php/Home/Login/checkUser.html
INFO: [ app_init ] --START--
INFO: Run Behavior\BuildLiteBehavior [ RunTime:0.000000s ]
INFO: [ app_init ] --END-- [ RunTime:0.001001s ]
INFO: [ app_begin ] --START--
INFO: Run Behavior\ReadHtmlCacheBehavior [ RunTime:0.001000s ]
INFO: [ app_begin ] --END-- [ RunTime:0.001000s ]
SQL: SHOW COLUMNS FROM `hospital_admin` [ RunTime:0.0020s ]
NOTIC: [8] Use of undefined constant tel - assumed 'tel' D:\phpStudy\WWW\tp\Application\Home\Controller\LoginController.class.php 第 56 行.
SQL: SELECT * FROM `hospital_admin` WHERE `tel` = '13228595558' LIMIT 1   [ RunTime:0.0000s ]
NOTIC: [8] Undefined variable: errMsg D:\phpStudy\WWW\tp\Application\Home\Controller\LoginController.class.php 第 62 行.

[ 2016-12-26T17:24:51+08:00 ] 127.0.0.1 /index.php/Home/Login/sendVerify.html
INFO: [ app_init ] --START--
INFO: Run Behavior\BuildLiteBehavior [ RunTime:0.000000s ]
INFO: [ app_init ] --END-- [ RunTime:0.000000s ]
INFO: [ app_begin ] --START--
INFO: Run Behavior\ReadHtmlCacheBehavior [ RunTime:0.000000s ]
INFO: [ app_begin ] --END-- [ RunTime:0.000000s ]
SQL: SHOW COLUMNS FROM `hospital_admin` [ RunTime:0.0030s ]
SQL: SHOW COLUMNS FROM `verify_record` [ RunTime:0.0010s ]
SQL: SELECT * FROM `hospital_admin` LIMIT 1   [ RunTime:0.0000s ]
NOTIC: [2] Illegal string offset 'name' D:\phpStudy\WWW\tp\Application\Home\Controller\LoginController.class.php 第 141 行.
NOTIC: [2] Illegal string offset 'hospital_id' D:\phpStudy\WWW\tp\Application\Home\Controller\LoginController.class.php 第 142 行.
NOTIC: [2] Illegal string offset 'login_ip' D:\phpStudy\WWW\tp\Application\Home\Controller\LoginController.class.php 第 143 行.

[ 2016-12-26T17:25:26+08:00 ] 127.0.0.1 /Home/Login/index
INFO: [ app_init ] --START--
INFO: Run Behavior\BuildLiteBehavior [ RunTime:0.000000s ]
INFO: [ app_init ] --END-- [ RunTime:0.000000s ]
INFO: [ app_begin ] --START--
INFO: Run Behavior\ReadHtmlCacheBehavior [ RunTime:0.001000s ]
INFO: [ app_begin ] --END-- [ RunTime:0.001000s ]
INFO: [ view_parse ] --START--
INFO: [ template_filter ] --START--
INFO: Run Behavior\ContentReplaceBehavior [ RunTime:0.000000s ]
INFO: [ template_filter ] --END-- [ RunTime:0.000000s ]
INFO: Run Behavior\ParseTemplateBehavior [ RunTime:0.008000s ]
INFO: [ view_parse ] --END-- [ RunTime:0.008000s ]
INFO: [ view_filter ] --START--
INFO: Run Behavior\WriteHtmlCacheBehavior [ RunTime:0.001000s ]
INFO: [ view_filter ] --END-- [ RunTime:0.001000s ]
INFO: [ app_end ] --START--
INFO: Run Behavior\ShowPageTraceBehavior [ RunTime:0.000000s ]
INFO: [ app_end ] --END-- [ RunTime:0.000000s ]

[ 2016-12-26T17:25:29+08:00 ] 127.0.0.1 /index.php/Home/Login/checkUser.html
INFO: [ app_init ] --START--
INFO: Run Behavior\BuildLiteBehavior [ RunTime:0.000000s ]
INFO: [ app_init ] --END-- [ RunTime:0.000000s ]
INFO: [ app_begin ] --START--
INFO: Run Behavior\ReadHtmlCacheBehavior [ RunTime:0.001000s ]
INFO: [ app_begin ] --END-- [ RunTime:0.001000s ]
SQL: SHOW COLUMNS FROM `hospital_admin` [ RunTime:0.0020s ]
NOTIC: [8] Use of undefined constant tel - assumed 'tel' D:\phpStudy\WWW\tp\Application\Home\Controller\LoginController.class.php 第 56 行.
SQL: SELECT * FROM `hospital_admin` WHERE `tel` = '13228595558' LIMIT 1   [ RunTime:0.0010s ]
NOTIC: [8] Undefined variable: errMsg D:\phpStudy\WWW\tp\Application\Home\Controller\LoginController.class.php 第 62 行.

[ 2016-12-26T17:25:32+08:00 ] 127.0.0.1 /index.php/Home/Login/sendVerify.html
INFO: [ app_init ] --START--
INFO: Run Behavior\BuildLiteBehavior [ RunTime:0.000000s ]
INFO: [ app_init ] --END-- [ RunTime:0.000000s ]
INFO: [ app_begin ] --START--
INFO: Run Behavior\ReadHtmlCacheBehavior [ RunTime:0.001000s ]
INFO: [ app_begin ] --END-- [ RunTime:0.001000s ]
SQL: SHOW COLUMNS FROM `hospital_admin` [ RunTime:0.0020s ]
SQL: SHOW COLUMNS FROM `verify_record` [ RunTime:0.0010s ]
SQL: SELECT * FROM `hospital_admin` LIMIT 1   [ RunTime:0.0000s ]
NOTIC: [2] Illegal string offset 'name' D:\phpStudy\WWW\tp\Application\Home\Controller\LoginController.class.php 第 141 行.
NOTIC: [2] Illegal string offset 'hospital_id' D:\phpStudy\WWW\tp\Application\Home\Controller\LoginController.class.php 第 142 行.
NOTIC: [2] Illegal string offset 'login_ip' D:\phpStudy\WWW\tp\Application\Home\Controller\LoginController.class.php 第 143 行.

[ 2016-12-26T17:25:58+08:00 ] 127.0.0.1 /index.php/Home/Login/sendVerify.html
INFO: [ app_init ] --START--
INFO: Run Behavior\BuildLiteBehavior [ RunTime:0.000000s ]
INFO: [ app_init ] --END-- [ RunTime:0.000000s ]
INFO: [ app_begin ] --START--
INFO: Run Behavior\ReadHtmlCacheBehavior [ RunTime:0.000000s ]
INFO: [ app_begin ] --END-- [ RunTime:0.000000s ]

[ 2016-12-26T17:26:00+08:00 ] 127.0.0.1 /Home/Login/index
INFO: [ app_init ] --START--
INFO: Run Behavior\BuildLiteBehavior [ RunTime:0.000000s ]
INFO: [ app_init ] --END-- [ RunTime:0.001000s ]
INFO: [ app_begin ] --START--
INFO: Run Behavior\ReadHtmlCacheBehavior [ RunTime:0.001000s ]
INFO: [ app_begin ] --END-- [ RunTime:0.001000s ]
INFO: [ view_parse ] --START--
INFO: [ template_filter ] --START--
INFO: Run Behavior\ContentReplaceBehavior [ RunTime:0.000000s ]
INFO: [ template_filter ] --END-- [ RunTime:0.000000s ]
INFO: Run Behavior\ParseTemplateBehavior [ RunTime:0.007000s ]
INFO: [ view_parse ] --END-- [ RunTime:0.007000s ]
INFO: [ view_filter ] --START--
INFO: Run Behavior\WriteHtmlCacheBehavior [ RunTime:0.001001s ]
INFO: [ view_filter ] --END-- [ RunTime:0.001001s ]
INFO: [ app_end ] --START--
INFO: Run Behavior\ShowPageTraceBehavior [ RunTime:0.001000s ]
INFO: [ app_end ] --END-- [ RunTime:0.001000s ]

[ 2016-12-26T17:26:02+08:00 ] 127.0.0.1 /index.php/Home/Login/checkUser.html
INFO: [ app_init ] --START--
INFO: Run Behavior\BuildLiteBehavior [ RunTime:0.000000s ]
INFO: [ app_init ] --END-- [ RunTime:0.000000s ]
INFO: [ app_begin ] --START--
INFO: Run Behavior\ReadHtmlCacheBehavior [ RunTime:0.001000s ]
INFO: [ app_begin ] --END-- [ RunTime:0.001000s ]
SQL: SHOW COLUMNS FROM `hospital_admin` [ RunTime:0.0010s ]
NOTIC: [8] Use of undefined constant tel - assumed 'tel' D:\phpStudy\WWW\tp\Application\Home\Controller\LoginController.class.php 第 56 行.
SQL: SELECT * FROM `hospital_admin` WHERE `tel` = '13228595558' LIMIT 1   [ RunTime:0.0000s ]
NOTIC: [8] Undefined variable: errMsg D:\phpStudy\WWW\tp\Application\Home\Controller\LoginController.class.php 第 62 行.

[ 2016-12-26T17:26:06+08:00 ] 127.0.0.1 /index.php/Home/Login/sendVerify.html
INFO: [ app_init ] --START--
INFO: Run Behavior\BuildLiteBehavior [ RunTime:0.000000s ]
INFO: [ app_init ] --END-- [ RunTime:0.001000s ]
INFO: [ app_begin ] --START--
INFO: Run Behavior\ReadHtmlCacheBehavior [ RunTime:0.001000s ]
INFO: [ app_begin ] --END-- [ RunTime:0.001000s ]
SQL: SHOW COLUMNS FROM `hospital_admin` [ RunTime:0.0020s ]
SQL: SHOW COLUMNS FROM `verify_record` [ RunTime:0.0020s ]
SQL: SELECT * FROM `hospital_admin` LIMIT 1   [ RunTime:0.0000s ]

[ 2016-12-26T17:26:49+08:00 ] 127.0.0.1 /index.php/Home/Login/sendVerify.html
INFO: [ app_init ] --START--
INFO: Run Behavior\BuildLiteBehavior [ RunTime:0.000000s ]
INFO: [ app_init ] --END-- [ RunTime:0.000000s ]
INFO: [ app_begin ] --START--
INFO: Run Behavior\ReadHtmlCacheBehavior [ RunTime:0.001000s ]
INFO: [ app_begin ] --END-- [ RunTime:0.001000s ]

[ 2016-12-26T17:26:52+08:00 ] 127.0.0.1 /Home/Login/index
INFO: [ app_init ] --START--
INFO: Run Behavior\BuildLiteBehavior [ RunTime:0.000000s ]
INFO: [ app_init ] --END-- [ RunTime:0.001000s ]
INFO: [ app_begin ] --START--
INFO: Run Behavior\ReadHtmlCacheBehavior [ RunTime:0.001001s ]
INFO: [ app_begin ] --END-- [ RunTime:0.001001s ]
INFO: [ view_parse ] --START--
INFO: [ template_filter ] --START--
INFO: Run Behavior\ContentReplaceBehavior [ RunTime:0.000000s ]
INFO: [ template_filter ] --END-- [ RunTime:0.000000s ]
INFO: Run Behavior\ParseTemplateBehavior [ RunTime:0.008000s ]
INFO: [ view_parse ] --END-- [ RunTime:0.008000s ]
INFO: [ view_filter ] --START--
INFO: Run Behavior\WriteHtmlCacheBehavior [ RunTime:0.001000s ]
INFO: [ view_filter ] --END-- [ RunTime:0.001000s ]
INFO: [ app_end ] --START--
INFO: Run Behavior\ShowPageTraceBehavior [ RunTime:0.001000s ]
INFO: [ app_end ] --END-- [ RunTime:0.001000s ]

[ 2016-12-26T17:26:54+08:00 ] 127.0.0.1 /index.php/Home/Login/checkUser.html
INFO: [ app_init ] --START--
INFO: Run Behavior\BuildLiteBehavior [ RunTime:0.000000s ]
INFO: [ app_init ] --END-- [ RunTime:0.000000s ]
INFO: [ app_begin ] --START--
INFO: Run Behavior\ReadHtmlCacheBehavior [ RunTime:0.001000s ]
INFO: [ app_begin ] --END-- [ RunTime:0.001000s ]
SQL: SHOW COLUMNS FROM `hospital_admin` [ RunTime:0.0010s ]
NOTIC: [8] Use of undefined constant tel - assumed 'tel' D:\phpStudy\WWW\tp\Application\Home\Controller\LoginController.class.php 第 56 行.
SQL: SELECT * FROM `hospital_admin` WHERE `tel` = '13228595558' LIMIT 1   [ RunTime:0.0000s ]
NOTIC: [8] Undefined variable: errMsg D:\phpStudy\WWW\tp\Application\Home\Controller\LoginController.class.php 第 62 行.

[ 2016-12-26T17:26:55+08:00 ] 127.0.0.1 /index.php/Home/Login/sendVerify.html
INFO: [ app_init ] --START--
INFO: Run Behavior\BuildLiteBehavior [ RunTime:0.000000s ]
INFO: [ app_init ] --END-- [ RunTime:0.001001s ]
INFO: [ app_begin ] --START--
INFO: Run Behavior\ReadHtmlCacheBehavior [ RunTime:0.000000s ]
INFO: [ app_begin ] --END-- [ RunTime:0.002000s ]
SQL: SHOW COLUMNS FROM `hospital_admin` [ RunTime:0.0010s ]
SQL: SHOW COLUMNS FROM `verify_record` [ RunTime:0.0020s ]
SQL: SELECT * FROM `hospital_admin` LIMIT 1   [ RunTime:0.0000s ]

[ 2016-12-26T17:27:36+08:00 ] 127.0.0.1 /index.php/Home/Login/sendVerify.html
INFO: [ app_init ] --START--
INFO: Run Behavior\BuildLiteBehavior [ RunTime:0.000000s ]
INFO: [ app_init ] --END-- [ RunTime:0.000000s ]
INFO: [ app_begin ] --START--
INFO: Run Behavior\ReadHtmlCacheBehavior [ RunTime:0.000000s ]
INFO: [ app_begin ] --END-- [ RunTime:0.000000s ]

[ 2016-12-26T17:27:39+08:00 ] 127.0.0.1 /Home/Login/index
INFO: [ app_init ] --START--
INFO: Run Behavior\BuildLiteBehavior [ RunTime:0.000000s ]
INFO: [ app_init ] --END-- [ RunTime:0.001001s ]
INFO: [ app_begin ] --START--
INFO: Run Behavior\ReadHtmlCacheBehavior [ RunTime:0.001000s ]
INFO: [ app_begin ] --END-- [ RunTime:0.002000s ]
INFO: [ view_parse ] --START--
INFO: [ template_filter ] --START--
INFO: Run Behavior\ContentReplaceBehavior [ RunTime:0.000000s ]
INFO: [ template_filter ] --END-- [ RunTime:0.000000s ]
INFO: Run Behavior\ParseTemplateBehavior [ RunTime:0.009000s ]
INFO: [ view_parse ] --END-- [ RunTime:0.009000s ]
INFO: [ view_filter ] --START--
INFO: Run Behavior\WriteHtmlCacheBehavior [ RunTime:0.000000s ]
INFO: [ view_filter ] --END-- [ RunTime:0.000000s ]
INFO: [ app_end ] --START--
INFO: Run Behavior\ShowPageTraceBehavior [ RunTime:0.001000s ]
INFO: [ app_end ] --END-- [ RunTime:0.001000s ]

[ 2016-12-26T17:27:42+08:00 ] 127.0.0.1 /index.php/Home/Login/checkUser.html
INFO: [ app_init ] --START--
INFO: Run Behavior\BuildLiteBehavior [ RunTime:0.000000s ]
INFO: [ app_init ] --END-- [ RunTime:0.001000s ]
INFO: [ app_begin ] --START--
INFO: Run Behavior\ReadHtmlCacheBehavior [ RunTime:0.001000s ]
INFO: [ app_begin ] --END-- [ RunTime:0.001000s ]
SQL: SHOW COLUMNS FROM `hospital_admin` [ RunTime:0.0010s ]
NOTIC: [8] Use of undefined constant tel - assumed 'tel' D:\phpStudy\WWW\tp\Application\Home\Controller\LoginController.class.php 第 56 行.
SQL: SELECT * FROM `hospital_admin` WHERE `tel` = '13228595558' LIMIT 1   [ RunTime:0.0000s ]
NOTIC: [8] Undefined variable: errMsg D:\phpStudy\WWW\tp\Application\Home\Controller\LoginController.class.php 第 62 行.

[ 2016-12-26T17:27:45+08:00 ] 127.0.0.1 /index.php/Home/Login/sendVerify.html
INFO: [ app_init ] --START--
INFO: Run Behavior\BuildLiteBehavior [ RunTime:0.000000s ]
INFO: [ app_init ] --END-- [ RunTime:0.000000s ]
INFO: [ app_begin ] --START--
INFO: Run Behavior\ReadHtmlCacheBehavior [ RunTime:0.001000s ]
INFO: [ app_begin ] --END-- [ RunTime:0.001000s ]
SQL: SHOW COLUMNS FROM `hospital_admin` [ RunTime:0.0020s ]
SQL: SHOW COLUMNS FROM `verify_record` [ RunTime:0.0010s ]
SQL: SELECT * FROM `hospital_admin` LIMIT 1   [ RunTime:0.0010s ]

[ 2016-12-26T17:28:23+08:00 ] 127.0.0.1 /index.php/Home/Login/sendVerify.html
INFO: [ app_init ] --START--
INFO: Run Behavior\BuildLiteBehavior [ RunTime:0.000000s ]
INFO: [ app_init ] --END-- [ RunTime:0.001000s ]
INFO: [ app_begin ] --START--
INFO: Run Behavior\ReadHtmlCacheBehavior [ RunTime:0.000000s ]
INFO: [ app_begin ] --END-- [ RunTime:0.000000s ]

[ 2016-12-26T17:28:25+08:00 ] 127.0.0.1 /Home/Login/index
INFO: [ app_init ] --START--
INFO: Run Behavior\BuildLiteBehavior [ RunTime:0.000000s ]
INFO: [ app_init ] --END-- [ RunTime:0.000000s ]
INFO: [ app_begin ] --START--
INFO: Run Behavior\ReadHtmlCacheBehavior [ RunTime:0.002000s ]
INFO: [ app_begin ] --END-- [ RunTime:0.002000s ]
INFO: [ view_parse ] --START--
INFO: [ template_filter ] --START--
INFO: Run Behavior\ContentReplaceBehavior [ RunTime:0.000000s ]
INFO: [ template_filter ] --END-- [ RunTime:0.000000s ]
INFO: Run Behavior\ParseTemplateBehavior [ RunTime:0.009000s ]
INFO: [ view_parse ] --END-- [ RunTime:0.009000s ]
INFO: [ view_filter ] --START--
INFO: Run Behavior\WriteHtmlCacheBehavior [ RunTime:0.000000s ]
INFO: [ view_filter ] --END-- [ RunTime:0.000000s ]
INFO: [ app_end ] --START--
INFO: Run Behavior\ShowPageTraceBehavior [ RunTime:0.001000s ]
INFO: [ app_end ] --END-- [ RunTime:0.001000s ]

[ 2016-12-26T17:28:27+08:00 ] 127.0.0.1 /index.php/Home/Login/checkUser.html
INFO: [ app_init ] --START--
INFO: Run Behavior\BuildLiteBehavior [ RunTime:0.000000s ]
INFO: [ app_init ] --END-- [ RunTime:0.000000s ]
INFO: [ app_begin ] --START--
INFO: Run Behavior\ReadHtmlCacheBehavior [ RunTime:0.001000s ]
INFO: [ app_begin ] --END-- [ RunTime:0.001000s ]
SQL: SHOW COLUMNS FROM `hospital_admin` [ RunTime:0.0020s ]
NOTIC: [8] Use of undefined constant tel - assumed 'tel' D:\phpStudy\WWW\tp\Application\Home\Controller\LoginController.class.php 第 56 行.
SQL: SELECT * FROM `hospital_admin` WHERE `tel` = '13228595558' LIMIT 1   [ RunTime:0.0000s ]
NOTIC: [8] Undefined variable: errMsg D:\phpStudy\WWW\tp\Application\Home\Controller\LoginController.class.php 第 62 行.

[ 2016-12-26T17:28:30+08:00 ] 127.0.0.1 /index.php/Home/Login/sendVerify.html
INFO: [ app_init ] --START--
INFO: Run Behavior\BuildLiteBehavior [ RunTime:0.000000s ]
INFO: [ app_init ] --END-- [ RunTime:0.001000s ]
INFO: [ app_begin ] --START--
INFO: Run Behavior\ReadHtmlCacheBehavior [ RunTime:0.001000s ]
INFO: [ app_begin ] --END-- [ RunTime:0.001000s ]
SQL: SHOW COLUMNS FROM `hospital_admin` [ RunTime:0.0020s ]
SQL: SHOW COLUMNS FROM `verify_record` [ RunTime:0.0010s ]
SQL: SELECT * FROM `hospital_admin` LIMIT 1   [ RunTime:0.0010s ]
NOTIC: [2] Illegal string offset 'name' D:\phpStudy\WWW\tp\Application\Home\Controller\LoginController.class.php 第 142 行.
NOTIC: [2] Illegal string offset 'hospital_id' D:\phpStudy\WWW\tp\Application\Home\Controller\LoginController.class.php 第 143 行.
NOTIC: [2] Illegal string offset 'login_ip' D:\phpStudy\WWW\tp\Application\Home\Controller\LoginController.class.php 第 144 行.

[ 2016-12-26T17:28:50+08:00 ] 127.0.0.1 /index.php/Home/Login/sendVerify.html
INFO: [ app_init ] --START--
INFO: Run Behavior\BuildLiteBehavior [ RunTime:0.000000s ]
INFO: [ app_init ] --END-- [ RunTime:0.000000s ]
INFO: [ app_begin ] --START--
INFO: Run Behavior\ReadHtmlCacheBehavior [ RunTime:0.000000s ]
INFO: [ app_begin ] --END-- [ RunTime:0.000000s ]

[ 2016-12-26T17:28:52+08:00 ] 127.0.0.1 /Home/Login/index
INFO: [ app_init ] --START--
INFO: Run Behavior\BuildLiteBehavior [ RunTime:0.000000s ]
INFO: [ app_init ] --END-- [ RunTime:0.000000s ]
INFO: [ app_begin ] --START--
INFO: Run Behavior\ReadHtmlCacheBehavior [ RunTime:0.001000s ]
INFO: [ app_begin ] --END-- [ RunTime:0.001000s ]
INFO: [ view_parse ] --START--
INFO: [ template_filter ] --START--
INFO: Run Behavior\ContentReplaceBehavior [ RunTime:0.000000s ]
INFO: [ template_filter ] --END-- [ RunTime:0.000000s ]
INFO: Run Behavior\ParseTemplateBehavior [ RunTime:0.009000s ]
INFO: [ view_parse ] --END-- [ RunTime:0.010000s ]
INFO: [ view_filter ] --START--
INFO: Run Behavior\WriteHtmlCacheBehavior [ RunTime:0.001000s ]
INFO: [ view_filter ] --END-- [ RunTime:0.001000s ]
INFO: [ app_end ] --START--
INFO: Run Behavior\ShowPageTraceBehavior [ RunTime:0.001000s ]
INFO: [ app_end ] --END-- [ RunTime:0.001000s ]

[ 2016-12-26T17:28:54+08:00 ] 127.0.0.1 /index.php/Home/Login/checkUser.html
INFO: [ app_init ] --START--
INFO: Run Behavior\BuildLiteBehavior [ RunTime:0.000000s ]
INFO: [ app_init ] --END-- [ RunTime:0.000000s ]
INFO: [ app_begin ] --START--
INFO: Run Behavior\ReadHtmlCacheBehavior [ RunTime:0.001000s ]
INFO: [ app_begin ] --END-- [ RunTime:0.001000s ]
SQL: SHOW COLUMNS FROM `hospital_admin` [ RunTime:0.0020s ]
NOTIC: [8] Use of undefined constant tel - assumed 'tel' D:\phpStudy\WWW\tp\Application\Home\Controller\LoginController.class.php 第 56 行.
SQL: SELECT * FROM `hospital_admin` WHERE `tel` = '13228595558' LIMIT 1   [ RunTime:0.0010s ]
NOTIC: [8] Undefined variable: errMsg D:\phpStudy\WWW\tp\Application\Home\Controller\LoginController.class.php 第 62 行.

[ 2016-12-26T17:28:56+08:00 ] 127.0.0.1 /index.php/Home/Login/sendVerify.html
INFO: [ app_init ] --START--
INFO: Run Behavior\BuildLiteBehavior [ RunTime:0.000000s ]
INFO: [ app_init ] --END-- [ RunTime:0.001000s ]
INFO: [ app_begin ] --START--
INFO: Run Behavior\ReadHtmlCacheBehavior [ RunTime:0.001000s ]
INFO: [ app_begin ] --END-- [ RunTime:0.001000s ]
SQL: SHOW COLUMNS FROM `hospital_admin` [ RunTime:0.0020s ]
SQL: SHOW COLUMNS FROM `verify_record` [ RunTime:0.0020s ]
SQL: SELECT * FROM `hospital_admin` LIMIT 1   [ RunTime:0.0000s ]

[ 2016-12-26T17:29:24+08:00 ] 127.0.0.1 /Home/Login/index
INFO: [ app_init ] --START--
INFO: Run Behavior\BuildLiteBehavior [ RunTime:0.000000s ]
INFO: [ app_init ] --END-- [ RunTime:0.000000s ]
INFO: [ app_begin ] --START--
INFO: Run Behavior\ReadHtmlCacheBehavior [ RunTime:0.001000s ]
INFO: [ app_begin ] --END-- [ RunTime:0.001000s ]
INFO: [ view_parse ] --START--
INFO: [ template_filter ] --START--
INFO: Run Behavior\ContentReplaceBehavior [ RunTime:0.000000s ]
INFO: [ template_filter ] --END-- [ RunTime:0.000000s ]
INFO: Run Behavior\ParseTemplateBehavior [ RunTime:0.007001s ]
INFO: [ view_parse ] --END-- [ RunTime:0.007001s ]
INFO: [ view_filter ] --START--
INFO: Run Behavior\WriteHtmlCacheBehavior [ RunTime:0.000000s ]
INFO: [ view_filter ] --END-- [ RunTime:0.000000s ]
INFO: [ app_end ] --START--
INFO: Run Behavior\ShowPageTraceBehavior [ RunTime:0.001000s ]
INFO: [ app_end ] --END-- [ RunTime:0.001000s ]

[ 2016-12-26T17:29:27+08:00 ] 127.0.0.1 /index.php/Home/Login/checkUser.html
INFO: [ app_init ] --START--
INFO: Run Behavior\BuildLiteBehavior [ RunTime:0.000000s ]
INFO: [ app_init ] --END-- [ RunTime:0.001001s ]
INFO: [ app_begin ] --START--
INFO: Run Behavior\ReadHtmlCacheBehavior [ RunTime:0.000000s ]
INFO: [ app_begin ] --END-- [ RunTime:0.000000s ]
SQL: SHOW COLUMNS FROM `hospital_admin` [ RunTime:0.0020s ]
NOTIC: [8] Use of undefined constant tel - assumed 'tel' D:\phpStudy\WWW\tp\Application\Home\Controller\LoginController.class.php 第 56 行.
SQL: SELECT * FROM `hospital_admin` WHERE `tel` = '13228595558' LIMIT 1   [ RunTime:0.0000s ]
NOTIC: [8] Undefined variable: errMsg D:\phpStudy\WWW\tp\Application\Home\Controller\LoginController.class.php 第 62 行.

[ 2016-12-26T17:29:29+08:00 ] 127.0.0.1 /index.php/Home/Login/sendVerify.html
INFO: [ app_init ] --START--
INFO: Run Behavior\BuildLiteBehavior [ RunTime:0.001000s ]
INFO: [ app_init ] --END-- [ RunTime:0.001000s ]
INFO: [ app_begin ] --START--
INFO: Run Behavior\ReadHtmlCacheBehavior [ RunTime:0.001001s ]
INFO: [ app_begin ] --END-- [ RunTime:0.001001s ]
SQL: SHOW COLUMNS FROM `hospital_admin` [ RunTime:0.0020s ]
SQL: SHOW COLUMNS FROM `verify_record` [ RunTime:0.0010s ]
SQL: SELECT * FROM `hospital_admin` LIMIT 1   [ RunTime:0.0000s ]
SQL: INSERT INTO `verify_record` (`name`,`hospital_id`,`login_ip`) VALUES ('暴走西1','4','127.0.0.1') [ RunTime:0.0220s ]

[ 2016-12-26T17:29:35+08:00 ] 127.0.0.1 /index.php/Home/Login/login.html
INFO: [ app_init ] --START--
INFO: Run Behavior\BuildLiteBehavior [ RunTime:0.000000s ]
INFO: [ app_init ] --END-- [ RunTime:0.000000s ]
INFO: [ app_begin ] --START--
INFO: Run Behavior\ReadHtmlCacheBehavior [ RunTime:0.001000s ]
INFO: [ app_begin ] --END-- [ RunTime:0.001000s ]
SQL: SHOW COLUMNS FROM `hospital_admin` [ RunTime:0.0020s ]
SQL: SELECT * FROM `hospital_admin` WHERE `tel` = '13228595558' LIMIT 1   [ RunTime:0.0000s ]
INFO: [ view_parse ] --START--
INFO: [ template_filter ] --START--
INFO: Run Behavior\ContentReplaceBehavior [ RunTime:0.000000s ]
INFO: [ template_filter ] --END-- [ RunTime:0.001000s ]
INFO: Run Behavior\ParseTemplateBehavior [ RunTime:0.004000s ]
INFO: [ view_parse ] --END-- [ RunTime:0.004000s ]
INFO: [ view_filter ] --START--
INFO: Run Behavior\WriteHtmlCacheBehavior [ RunTime:0.001000s ]
INFO: [ view_filter ] --END-- [ RunTime:0.001000s ]
INFO: [ app_end ] --START--
INFO: Run Behavior\ShowPageTraceBehavior [ RunTime:0.000000s ]
INFO: [ app_end ] --END-- [ RunTime:0.000000s ]

[ 2016-12-26T17:29:36+08:00 ] 127.0.0.1 /Home/Index/index
INFO: [ app_init ] --START--
INFO: Run Behavior\BuildLiteBehavior [ RunTime:0.000000s ]
INFO: [ app_init ] --END-- [ RunTime:0.000000s ]
INFO: [ app_begin ] --START--
INFO: Run Behavior\ReadHtmlCacheBehavior [ RunTime:0.001000s ]
INFO: [ app_begin ] --END-- [ RunTime:0.001000s ]
SQL: SHOW COLUMNS FROM `hospital` [ RunTime:0.0020s ]
SQL: SHOW COLUMNS FROM `spending` [ RunTime:0.0020s ]
SQL: SELECT * FROM `hospital` WHERE `id` = 4 LIMIT 1   [ RunTime:0.0000s ]
SQL: SELECT * FROM `spending` WHERE `hospital_id` = '4' AND `spending_date` BETWEEN '2016-12-01' AND '2016-12-31'  [ RunTime:0.0000s ]
NOTIC: [8] Undefined index: sum_money D:\phpStudy\WWW\tp\Application\Home\Controller\IndexController.class.php 第 28 行.
SQL: select sum(cost_money) from spending where hospital_id="4" [ RunTime:0.0010s ]
NOTIC: [8] Undefined index: percent D:\phpStudy\WWW\tp\Application\Home\Controller\IndexController.class.php 第 33 行.
NOTIC: [8] Undefined index: remaining_sum D:\phpStudy\WWW\tp\Application\Home\Controller\IndexController.class.php 第 34 行.
INFO: [ view_parse ] --START--
INFO: [ template_filter ] --START--
INFO: Run Behavior\ContentReplaceBehavior [ RunTime:0.000000s ]
INFO: [ template_filter ] --END-- [ RunTime:0.000000s ]
NOTIC: [8] Undefined index: percent D:\phpStudy\WWW\tp\Application\Runtime\Cache\Home\2a94b8bda04ff446dcedd42276fc99ee.php 第 59 行.
INFO: Run Behavior\ParseTemplateBehavior [ RunTime:0.011001s ]
INFO: [ view_parse ] --END-- [ RunTime:0.011001s ]
INFO: [ view_filter ] --START--
INFO: Run Behavior\WriteHtmlCacheBehavior [ RunTime:0.000000s ]
INFO: [ view_filter ] --END-- [ RunTime:0.000000s ]
INFO: [ app_end ] --START--
INFO: Run Behavior\ShowPageTraceBehavior [ RunTime:0.001000s ]
INFO: [ app_end ] --END-- [ RunTime:0.001000s ]

[ 2016-12-26T17:42:31+08:00 ] 127.0.0.1 /
INFO: [ app_init ] --START--
INFO: Run Behavior\BuildLiteBehavior [ RunTime:0.000000s ]
INFO: [ app_init ] --END-- [ RunTime:0.024002s ]
INFO: [ app_begin ] --START--
INFO: Run Behavior\ReadHtmlCacheBehavior [ RunTime:0.020001s ]
INFO: [ app_begin ] --END-- [ RunTime:0.020001s ]
NOTIC: [8] Undefined index: cost_home D:\phpStudy\WWW\tp\Application\Home\Controller\IndexController.class.php 第 12 行.
SQL: SHOW COLUMNS FROM `hospital` [ RunTime:0.0470s ]
SQL: SHOW COLUMNS FROM `spending` [ RunTime:0.0540s ]
SQL: SELECT * FROM `hospital` WHERE `id` = null LIMIT 1   [ RunTime:0.0000s ]
SQL: SELECT * FROM `spending` WHERE `hospital_id` = null AND `spending_date` BETWEEN '2016-12-01' AND '2016-12-31'  [ RunTime:0.0010s ]
SQL: select sum(cost_money) from spending where hospital_id="" [ RunTime:0.0010s ]
NOTIC: [8] Undefined variable: res D:\phpStudy\WWW\tp\Application\Home\Controller\IndexController.class.php 第 43 行.
INFO: [ view_parse ] --START--
INFO: [ template_filter ] --START--
INFO: Run Behavior\ContentReplaceBehavior [ RunTime:0.010001s ]
INFO: [ template_filter ] --END-- [ RunTime:0.010001s ]
INFO: Run Behavior\ParseTemplateBehavior [ RunTime:0.072004s ]
INFO: [ view_parse ] --END-- [ RunTime:0.072004s ]
INFO: [ view_filter ] --START--
INFO: Run Behavior\WriteHtmlCacheBehavior [ RunTime:0.006001s ]
INFO: [ view_filter ] --END-- [ RunTime:0.006001s ]
INFO: [ app_end ] --START--
INFO: Run Behavior\ShowPageTraceBehavior [ RunTime:0.012000s ]
INFO: [ app_end ] --END-- [ RunTime:0.012000s ]

[ 2016-12-26T17:42:32+08:00 ] 127.0.0.1 /Home/Login/index
INFO: [ app_init ] --START--
INFO: Run Behavior\BuildLiteBehavior [ RunTime:0.000000s ]
INFO: [ app_init ] --END-- [ RunTime:0.000000s ]
INFO: [ app_begin ] --START--
INFO: Run Behavior\ReadHtmlCacheBehavior [ RunTime:0.001000s ]
INFO: [ app_begin ] --END-- [ RunTime:0.001000s ]
INFO: [ view_parse ] --START--
INFO: [ template_filter ] --START--
INFO: Run Behavior\ContentReplaceBehavior [ RunTime:0.004000s ]
INFO: [ template_filter ] --END-- [ RunTime:0.004000s ]
INFO: Run Behavior\ParseTemplateBehavior [ RunTime:0.026001s ]
INFO: [ view_parse ] --END-- [ RunTime:0.026001s ]
INFO: [ view_filter ] --START--
INFO: Run Behavior\WriteHtmlCacheBehavior [ RunTime:0.001000s ]
INFO: [ view_filter ] --END-- [ RunTime:0.001000s ]
INFO: [ app_end ] --START--
INFO: Run Behavior\ShowPageTraceBehavior [ RunTime:0.000000s ]
INFO: [ app_end ] --END-- [ RunTime:0.000000s ]

