[ 2016-12-27T09:24:41+08:00 ] 127.0.0.1 /
INFO: [ app_init ] --START--
INFO: Run Behavior\BuildLiteBehavior [ RunTime:0.000000s ]
INFO: [ app_init ] --END-- [ RunTime:0.024001s ]
INFO: [ app_begin ] --START--
INFO: Run Behavior\ReadHtmlCacheBehavior [ RunTime:0.009001s ]
INFO: [ app_begin ] --END-- [ RunTime:0.009001s ]
NOTIC: [8] Undefined index: cost_home D:\phpStudy\WWW\tp\Application\Home\Controller\IndexController.class.php 第 12 行.
SQL: SHOW COLUMNS FROM `hospital` [ RunTime:0.0470s ]
SQL: SHOW COLUMNS FROM `spending` [ RunTime:0.0550s ]
SQL: SELECT * FROM `hospital` WHERE `id` = null LIMIT 1   [ RunTime:0.0010s ]
SQL: SELECT * FROM `spending` WHERE `hospital_id` = null AND `spending_date` BETWEEN '2016-12-01' AND '2016-12-31'  [ RunTime:0.0000s ]
SQL: select sum(cost_money) from spending where hospital_id="" [ RunTime:0.0000s ]
NOTIC: [8] Undefined variable: res D:\phpStudy\WWW\tp\Application\Home\Controller\IndexController.class.php 第 43 行.
INFO: [ view_parse ] --START--
INFO: [ template_filter ] --START--
INFO: Run Behavior\ContentReplaceBehavior [ RunTime:0.010001s ]
INFO: [ template_filter ] --END-- [ RunTime:0.010001s ]
INFO: Run Behavior\ParseTemplateBehavior [ RunTime:0.072004s ]
INFO: [ view_parse ] --END-- [ RunTime:0.072004s ]
INFO: [ view_filter ] --START--
INFO: Run Behavior\WriteHtmlCacheBehavior [ RunTime:0.016001s ]
INFO: [ view_filter ] --END-- [ RunTime:0.016001s ]
INFO: [ app_end ] --START--
INFO: Run Behavior\ShowPageTraceBehavior [ RunTime:0.012001s ]
INFO: [ app_end ] --END-- [ RunTime:0.012001s ]

[ 2016-12-27T09:24:41+08:00 ] 127.0.0.1 /Home/Login/index
INFO: [ app_init ] --START--
INFO: Run Behavior\BuildLiteBehavior [ RunTime:0.000000s ]
INFO: [ app_init ] --END-- [ RunTime:0.000000s ]
INFO: [ app_begin ] --START--
INFO: Run Behavior\ReadHtmlCacheBehavior [ RunTime:0.001000s ]
INFO: [ app_begin ] --END-- [ RunTime:0.001000s ]
INFO: [ view_parse ] --START--
INFO: [ template_filter ] --START--
INFO: Run Behavior\ContentReplaceBehavior [ RunTime:0.004000s ]
INFO: [ template_filter ] --END-- [ RunTime:0.004000s ]
INFO: Run Behavior\ParseTemplateBehavior [ RunTime:0.016001s ]
INFO: [ view_parse ] --END-- [ RunTime:0.016001s ]
INFO: [ view_filter ] --START--
INFO: Run Behavior\WriteHtmlCacheBehavior [ RunTime:0.000000s ]
INFO: [ view_filter ] --END-- [ RunTime:0.000000s ]
INFO: [ app_end ] --START--
INFO: Run Behavior\ShowPageTraceBehavior [ RunTime:0.001000s ]
INFO: [ app_end ] --END-- [ RunTime:0.001000s ]

[ 2016-12-27T10:38:04+08:00 ] 127.0.0.1 /
INFO: [ app_init ] --START--
INFO: Run Behavior\BuildLiteBehavior [ RunTime:0.000000s ]
INFO: [ app_init ] --END-- [ RunTime:0.000000s ]
INFO: [ app_begin ] --START--
INFO: Run Behavior\ReadHtmlCacheBehavior [ RunTime:0.001000s ]
INFO: [ app_begin ] --END-- [ RunTime:0.001000s ]
NOTIC: [8] Undefined index: cost_home D:\phpStudy\WWW\tp\Application\Home\Controller\IndexController.class.php 第 12 行.
SQL: SHOW COLUMNS FROM `hospital` [ RunTime:0.0020s ]
SQL: SHOW COLUMNS FROM `spending` [ RunTime:0.0010s ]
SQL: SELECT * FROM `hospital` WHERE `id` = null LIMIT 1   [ RunTime:0.0000s ]
SQL: SELECT * FROM `spending` WHERE `hospital_id` = null AND `spending_date` BETWEEN '2016-12-01' AND '2016-12-31'  [ RunTime:0.0000s ]
SQL: select sum(cost_money) from spending where hospital_id="" [ RunTime:0.0000s ]
NOTIC: [8] Undefined variable: res D:\phpStudy\WWW\tp\Application\Home\Controller\IndexController.class.php 第 43 行.
INFO: [ view_parse ] --START--
INFO: [ template_filter ] --START--
INFO: Run Behavior\ContentReplaceBehavior [ RunTime:0.000000s ]
INFO: [ template_filter ] --END-- [ RunTime:0.000000s ]
INFO: Run Behavior\ParseTemplateBehavior [ RunTime:0.010001s ]
INFO: [ view_parse ] --END-- [ RunTime:0.010001s ]
INFO: [ view_filter ] --START--
INFO: Run Behavior\WriteHtmlCacheBehavior [ RunTime:0.001000s ]
INFO: [ view_filter ] --END-- [ RunTime:0.001000s ]
INFO: [ app_end ] --START--
INFO: Run Behavior\ShowPageTraceBehavior [ RunTime:0.000000s ]
INFO: [ app_end ] --END-- [ RunTime:0.000000s ]

[ 2016-12-27T10:38:04+08:00 ] 127.0.0.1 /Home/Login/index
INFO: [ app_init ] --START--
INFO: Run Behavior\BuildLiteBehavior [ RunTime:0.000000s ]
INFO: [ app_init ] --END-- [ RunTime:0.001000s ]
INFO: [ app_begin ] --START--
INFO: Run Behavior\ReadHtmlCacheBehavior [ RunTime:0.000000s ]
INFO: [ app_begin ] --END-- [ RunTime:0.001000s ]
INFO: [ view_parse ] --START--
INFO: [ template_filter ] --START--
INFO: Run Behavior\ContentReplaceBehavior [ RunTime:0.000000s ]
INFO: [ template_filter ] --END-- [ RunTime:0.000000s ]
INFO: Run Behavior\ParseTemplateBehavior [ RunTime:0.005000s ]
INFO: [ view_parse ] --END-- [ RunTime:0.005000s ]
INFO: [ view_filter ] --START--
INFO: Run Behavior\WriteHtmlCacheBehavior [ RunTime:0.000000s ]
INFO: [ view_filter ] --END-- [ RunTime:0.000000s ]
INFO: [ app_end ] --START--
INFO: Run Behavior\ShowPageTraceBehavior [ RunTime:0.001000s ]
INFO: [ app_end ] --END-- [ RunTime:0.001000s ]

[ 2016-12-27T10:38:07+08:00 ] 127.0.0.1 /index.php/Home/Login/checkUser.html
INFO: [ app_init ] --START--
INFO: Run Behavior\BuildLiteBehavior [ RunTime:0.000000s ]
INFO: [ app_init ] --END-- [ RunTime:0.001000s ]
INFO: [ app_begin ] --START--
INFO: Run Behavior\ReadHtmlCacheBehavior [ RunTime:0.001000s ]
INFO: [ app_begin ] --END-- [ RunTime:0.001000s ]
SQL: SHOW COLUMNS FROM `hospital_admin` [ RunTime:0.0020s ]
NOTIC: [8] Use of undefined constant tel - assumed 'tel' D:\phpStudy\WWW\tp\Application\Home\Controller\LoginController.class.php 第 56 行.
SQL: SELECT * FROM `hospital_admin` WHERE `tel` = '13228595558' LIMIT 1   [ RunTime:0.0000s ]
NOTIC: [8] Undefined variable: errMsg D:\phpStudy\WWW\tp\Application\Home\Controller\LoginController.class.php 第 62 行.

[ 2016-12-27T10:38:10+08:00 ] 127.0.0.1 /index.php/Home/Login/sendVerify.html
INFO: [ app_init ] --START--
INFO: Run Behavior\BuildLiteBehavior [ RunTime:0.000000s ]
INFO: [ app_init ] --END-- [ RunTime:0.001000s ]
INFO: [ app_begin ] --START--
INFO: Run Behavior\ReadHtmlCacheBehavior [ RunTime:0.001000s ]
INFO: [ app_begin ] --END-- [ RunTime:0.001000s ]
SQL: SHOW COLUMNS FROM `hospital_admin` [ RunTime:0.0010s ]
SQL: SHOW COLUMNS FROM `verify_record` [ RunTime:0.0010s ]
SQL: SELECT * FROM `hospital_admin` LIMIT 1   [ RunTime:0.0010s ]
SQL: INSERT INTO `verify_record` (`name`,`hospital_id`,`login_ip`) VALUES ('暴走西1','4','127.0.0.1') [ RunTime:0.0300s ]

[ 2016-12-27T10:38:15+08:00 ] 127.0.0.1 /index.php/Home/Login/login.html
INFO: [ app_init ] --START--
INFO: Run Behavior\BuildLiteBehavior [ RunTime:0.000000s ]
INFO: [ app_init ] --END-- [ RunTime:0.000000s ]
INFO: [ app_begin ] --START--
INFO: Run Behavior\ReadHtmlCacheBehavior [ RunTime:0.001000s ]
INFO: [ app_begin ] --END-- [ RunTime:0.001000s ]
SQL: SHOW COLUMNS FROM `hospital_admin` [ RunTime:0.0010s ]
SQL: SELECT * FROM `hospital_admin` WHERE `tel` = '13228595558' LIMIT 1   [ RunTime:0.0000s ]
INFO: [ view_parse ] --START--
INFO: [ template_filter ] --START--
INFO: Run Behavior\ContentReplaceBehavior [ RunTime:0.000000s ]
INFO: [ template_filter ] --END-- [ RunTime:0.000000s ]
INFO: Run Behavior\ParseTemplateBehavior [ RunTime:0.005001s ]
INFO: [ view_parse ] --END-- [ RunTime:0.005001s ]
INFO: [ view_filter ] --START--
INFO: Run Behavior\WriteHtmlCacheBehavior [ RunTime:0.000000s ]
INFO: [ view_filter ] --END-- [ RunTime:0.000000s ]
INFO: [ app_end ] --START--
INFO: Run Behavior\ShowPageTraceBehavior [ RunTime:0.001000s ]
INFO: [ app_end ] --END-- [ RunTime:0.001000s ]

[ 2016-12-27T10:38:16+08:00 ] 127.0.0.1 /Home/Index/index
INFO: [ app_init ] --START--
INFO: Run Behavior\BuildLiteBehavior [ RunTime:0.000000s ]
INFO: [ app_init ] --END-- [ RunTime:0.001000s ]
INFO: [ app_begin ] --START--
INFO: Run Behavior\ReadHtmlCacheBehavior [ RunTime:0.000000s ]
INFO: [ app_begin ] --END-- [ RunTime:0.000000s ]
SQL: SHOW COLUMNS FROM `hospital` [ RunTime:0.0020s ]
SQL: SHOW COLUMNS FROM `spending` [ RunTime:0.0010s ]
SQL: SELECT * FROM `hospital` WHERE `id` = 4 LIMIT 1   [ RunTime:0.0000s ]
SQL: SELECT * FROM `spending` WHERE `hospital_id` = '4' AND `spending_date` BETWEEN '2016-12-01' AND '2016-12-31'  [ RunTime:0.0010s ]
NOTIC: [8] Undefined index: sum_money D:\phpStudy\WWW\tp\Application\Home\Controller\IndexController.class.php 第 28 行.
SQL: select sum(cost_money) from spending where hospital_id="4" [ RunTime:0.0010s ]
NOTIC: [8] Undefined index: percent D:\phpStudy\WWW\tp\Application\Home\Controller\IndexController.class.php 第 33 行.
NOTIC: [8] Undefined index: remaining_sum D:\phpStudy\WWW\tp\Application\Home\Controller\IndexController.class.php 第 34 行.
INFO: [ view_parse ] --START--
INFO: [ template_filter ] --START--
INFO: Run Behavior\ContentReplaceBehavior [ RunTime:0.000000s ]
INFO: [ template_filter ] --END-- [ RunTime:0.000000s ]
NOTIC: [8] Undefined index: percent D:\phpStudy\WWW\tp\Application\Runtime\Cache\Home\2a94b8bda04ff446dcedd42276fc99ee.php 第 55 行.
INFO: Run Behavior\ParseTemplateBehavior [ RunTime:0.014001s ]
INFO: [ view_parse ] --END-- [ RunTime:0.014001s ]
INFO: [ view_filter ] --START--
INFO: Run Behavior\WriteHtmlCacheBehavior [ RunTime:0.000000s ]
INFO: [ view_filter ] --END-- [ RunTime:0.000000s ]
INFO: [ app_end ] --START--
INFO: Run Behavior\ShowPageTraceBehavior [ RunTime:0.001000s ]
INFO: [ app_end ] --END-- [ RunTime:0.001000s ]

[ 2016-12-27T10:38:18+08:00 ] 127.0.0.1 /Home/Spending/totalMonth
INFO: [ app_init ] --START--
INFO: Run Behavior\BuildLiteBehavior [ RunTime:0.000000s ]
INFO: [ app_init ] --END-- [ RunTime:0.001000s ]
INFO: [ app_begin ] --START--
INFO: Run Behavior\ReadHtmlCacheBehavior [ RunTime:0.002000s ]
INFO: [ app_begin ] --END-- [ RunTime:0.002000s ]
INFO: [ view_parse ] --START--
INFO: [ template_filter ] --START--
INFO: Run Behavior\ContentReplaceBehavior [ RunTime:0.000000s ]
INFO: [ template_filter ] --END-- [ RunTime:0.000000s ]
INFO: Run Behavior\ParseTemplateBehavior [ RunTime:0.008000s ]
INFO: [ view_parse ] --END-- [ RunTime:0.008000s ]
INFO: [ view_filter ] --START--
INFO: Run Behavior\WriteHtmlCacheBehavior [ RunTime:0.000000s ]
INFO: [ view_filter ] --END-- [ RunTime:0.000000s ]
INFO: [ app_end ] --START--
INFO: Run Behavior\ShowPageTraceBehavior [ RunTime:0.000000s ]
INFO: [ app_end ] --END-- [ RunTime:0.000000s ]

[ 2016-12-27T10:38:18+08:00 ] 127.0.0.1 /index.php/Home/Spending/totalMonthImg.html
INFO: [ app_init ] --START--
INFO: Run Behavior\BuildLiteBehavior [ RunTime:0.000000s ]
INFO: [ app_init ] --END-- [ RunTime:0.001000s ]
INFO: [ app_begin ] --START--
INFO: Run Behavior\ReadHtmlCacheBehavior [ RunTime:0.001000s ]
INFO: [ app_begin ] --END-- [ RunTime:0.001000s ]
SQL: SHOW COLUMNS FROM `spending` [ RunTime:0.0020s ]
SQL: SELECT sum(cost_money) as money,DATE_FORMAT(spending_date,"%Y-%m") as date FROM `spending` WHERE `hospital_id` = 4 AND `spending_date` BETWEEN '2016-01-01' AND '2016-12-31' GROUP BY date  [ RunTime:0.0010s ]
INFO: [ app_end ] --START--
INFO: Run Behavior\ShowPageTraceBehavior [ RunTime:0.000000s ]
INFO: [ app_end ] --END-- [ RunTime:0.000000s ]

[ 2016-12-27T10:38:20+08:00 ] 127.0.0.1 /Home/Patient/index
INFO: [ app_init ] --START--
INFO: Run Behavior\BuildLiteBehavior [ RunTime:0.000000s ]
INFO: [ app_init ] --END-- [ RunTime:0.000000s ]
INFO: [ app_begin ] --START--
INFO: Run Behavior\ReadHtmlCacheBehavior [ RunTime:0.000000s ]
INFO: [ app_begin ] --END-- [ RunTime:0.000000s ]
SQL: SHOW COLUMNS FROM `doctor` [ RunTime:0.0020s ]
SQL: SELECT * FROM `doctor` WHERE `hospital_id` = 4  [ RunTime:0.0000s ]
INFO: [ view_parse ] --START--
INFO: [ template_filter ] --START--
INFO: Run Behavior\ContentReplaceBehavior [ RunTime:0.000000s ]
INFO: [ template_filter ] --END-- [ RunTime:0.000000s ]
INFO: Run Behavior\ParseTemplateBehavior [ RunTime:0.012001s ]
INFO: [ view_parse ] --END-- [ RunTime:0.012001s ]
INFO: [ view_filter ] --START--
INFO: Run Behavior\WriteHtmlCacheBehavior [ RunTime:0.000000s ]
INFO: [ view_filter ] --END-- [ RunTime:0.000000s ]
INFO: [ app_end ] --START--
INFO: Run Behavior\ShowPageTraceBehavior [ RunTime:0.001000s ]
INFO: [ app_end ] --END-- [ RunTime:0.001000s ]

[ 2016-12-27T10:38:21+08:00 ] 127.0.0.1 /Home/Spending/totalDay
INFO: [ app_init ] --START--
INFO: Run Behavior\BuildLiteBehavior [ RunTime:0.000000s ]
INFO: [ app_init ] --END-- [ RunTime:0.001000s ]
INFO: [ app_begin ] --START--
INFO: Run Behavior\ReadHtmlCacheBehavior [ RunTime:0.001000s ]
INFO: [ app_begin ] --END-- [ RunTime:0.001000s ]
INFO: [ view_parse ] --START--
INFO: [ template_filter ] --START--
INFO: Run Behavior\ContentReplaceBehavior [ RunTime:0.000000s ]
INFO: [ template_filter ] --END-- [ RunTime:0.001000s ]
INFO: Run Behavior\ParseTemplateBehavior [ RunTime:0.007000s ]
INFO: [ view_parse ] --END-- [ RunTime:0.008000s ]
INFO: [ view_filter ] --START--
INFO: Run Behavior\WriteHtmlCacheBehavior [ RunTime:0.001000s ]
INFO: [ view_filter ] --END-- [ RunTime:0.001000s ]
INFO: [ app_end ] --START--
INFO: Run Behavior\ShowPageTraceBehavior [ RunTime:0.000000s ]
INFO: [ app_end ] --END-- [ RunTime:0.000000s ]

[ 2016-12-27T10:38:21+08:00 ] 127.0.0.1 /index.php/Home/Spending/totalDayImg.html
INFO: [ app_init ] --START--
INFO: Run Behavior\BuildLiteBehavior [ RunTime:0.000000s ]
INFO: [ app_init ] --END-- [ RunTime:0.000000s ]
INFO: [ app_begin ] --START--
INFO: Run Behavior\ReadHtmlCacheBehavior [ RunTime:0.000000s ]
INFO: [ app_begin ] --END-- [ RunTime:0.000000s ]
SQL: SHOW COLUMNS FROM `spending` [ RunTime:0.0020s ]
SQL: SELECT sum(cost_money) as money,DATE_FORMAT(spending_date,"%m%d") FROM `spending` WHERE `hospital_id` = 4 AND `spending_date` BETWEEN '2016-12-01' AND '2016-12-31' GROUP BY spending_date  [ RunTime:0.0020s ]
NOTIC: [8] Undefined index: spending_date D:\phpStudy\WWW\tp\Application\Home\Controller\SpendingController.class.php 第 246 行.
NOTIC: [8] Undefined index: spending_date D:\phpStudy\WWW\tp\Application\Home\Controller\SpendingController.class.php 第 246 行.
NOTIC: [8] Undefined index: spending_date D:\phpStudy\WWW\tp\Application\Home\Controller\SpendingController.class.php 第 246 行.
NOTIC: [8] Undefined index: spending_date D:\phpStudy\WWW\tp\Application\Home\Controller\SpendingController.class.php 第 246 行.
NOTIC: [8] Undefined index: spending_date D:\phpStudy\WWW\tp\Application\Home\Controller\SpendingController.class.php 第 246 行.
NOTIC: [8] Undefined index: spending_date D:\phpStudy\WWW\tp\Application\Home\Controller\SpendingController.class.php 第 246 行.
NOTIC: [8] Undefined index: spending_date D:\phpStudy\WWW\tp\Application\Home\Controller\SpendingController.class.php 第 246 行.
NOTIC: [8] Undefined index: spending_date D:\phpStudy\WWW\tp\Application\Home\Controller\SpendingController.class.php 第 246 行.
NOTIC: [8] Undefined index: spending_date D:\phpStudy\WWW\tp\Application\Home\Controller\SpendingController.class.php 第 246 行.
NOTIC: [8] Undefined index: spending_date D:\phpStudy\WWW\tp\Application\Home\Controller\SpendingController.class.php 第 246 行.
NOTIC: [8] Undefined index: spending_date D:\phpStudy\WWW\tp\Application\Home\Controller\SpendingController.class.php 第 246 行.
NOTIC: [8] Undefined index: spending_date D:\phpStudy\WWW\tp\Application\Home\Controller\SpendingController.class.php 第 246 行.
NOTIC: [8] Undefined index: spending_date D:\phpStudy\WWW\tp\Application\Home\Controller\SpendingController.class.php 第 246 行.
NOTIC: [8] Undefined index: spending_date D:\phpStudy\WWW\tp\Application\Home\Controller\SpendingController.class.php 第 246 行.
NOTIC: [8] Undefined index: spending_date D:\phpStudy\WWW\tp\Application\Home\Controller\SpendingController.class.php 第 246 行.
NOTIC: [8] Undefined index: spending_date D:\phpStudy\WWW\tp\Application\Home\Controller\SpendingController.class.php 第 246 行.
NOTIC: [8] Undefined index: spending_date D:\phpStudy\WWW\tp\Application\Home\Controller\SpendingController.class.php 第 246 行.
NOTIC: [8] Undefined index: spending_date D:\phpStudy\WWW\tp\Application\Home\Controller\SpendingController.class.php 第 246 行.
NOTIC: [8] Undefined index: spending_date D:\phpStudy\WWW\tp\Application\Home\Controller\SpendingController.class.php 第 246 行.
NOTIC: [8] Undefined index: spending_date D:\phpStudy\WWW\tp\Application\Home\Controller\SpendingController.class.php 第 246 行.
NOTIC: [8] Undefined index: spending_date D:\phpStudy\WWW\tp\Application\Home\Controller\SpendingController.class.php 第 246 行.
NOTIC: [8] Undefined index: spending_date D:\phpStudy\WWW\tp\Application\Home\Controller\SpendingController.class.php 第 246 行.
NOTIC: [8] Undefined index: spending_date D:\phpStudy\WWW\tp\Application\Home\Controller\SpendingController.class.php 第 246 行.
NOTIC: [8] Undefined index: spending_date D:\phpStudy\WWW\tp\Application\Home\Controller\SpendingController.class.php 第 246 行.
NOTIC: [8] Undefined index: spending_date D:\phpStudy\WWW\tp\Application\Home\Controller\SpendingController.class.php 第 246 行.
NOTIC: [8] Undefined index: spending_date D:\phpStudy\WWW\tp\Application\Home\Controller\SpendingController.class.php 第 246 行.
NOTIC: [8] Undefined index: spending_date D:\phpStudy\WWW\tp\Application\Home\Controller\SpendingController.class.php 第 246 行.
NOTIC: [8] Undefined index: spending_date D:\phpStudy\WWW\tp\Application\Home\Controller\SpendingController.class.php 第 246 行.
NOTIC: [8] Undefined index: spending_date D:\phpStudy\WWW\tp\Application\Home\Controller\SpendingController.class.php 第 246 行.
NOTIC: [8] Undefined index: spending_date D:\phpStudy\WWW\tp\Application\Home\Controller\SpendingController.class.php 第 246 行.
NOTIC: [8] Undefined index: spending_date D:\phpStudy\WWW\tp\Application\Home\Controller\SpendingController.class.php 第 246 行.
INFO: [ app_end ] --START--
INFO: Run Behavior\ShowPageTraceBehavior [ RunTime:0.001000s ]
INFO: [ app_end ] --END-- [ RunTime:0.001000s ]

[ 2016-12-27T10:38:24+08:00 ] 127.0.0.1 /Home/Spending/addNext
INFO: [ app_init ] --START--
INFO: Run Behavior\BuildLiteBehavior [ RunTime:0.000000s ]
INFO: [ app_init ] --END-- [ RunTime:0.001001s ]
INFO: [ app_begin ] --START--
INFO: Run Behavior\ReadHtmlCacheBehavior [ RunTime:0.000000s ]
INFO: [ app_begin ] --END-- [ RunTime:0.000000s ]
SQL: SHOW COLUMNS FROM `patient` [ RunTime:0.0020s ]
SQL: SHOW COLUMNS FROM `spending` [ RunTime:0.0010s ]
SQL: SHOW COLUMNS FROM `proportion` [ RunTime:0.0010s ]
SQL: SELECT `id` FROM `proportion` WHERE `hospital_id` = 4 AND `is_use` = 1 LIMIT 1   [ RunTime:0.0000s ]
SQL: SELECT * FROM `spending` WHERE `hospital_id` = 4 AND `spending_date` BETWEEN '2017-01-01' AND '2017-01-31'  [ RunTime:0.0000s ]
INFO: [ view_parse ] --START--
INFO: [ template_filter ] --START--
INFO: Run Behavior\ContentReplaceBehavior [ RunTime:0.000000s ]
INFO: [ template_filter ] --END-- [ RunTime:0.000000s ]
INFO: Run Behavior\ParseTemplateBehavior [ RunTime:0.005000s ]
INFO: [ view_parse ] --END-- [ RunTime:0.005000s ]
INFO: [ view_filter ] --START--
INFO: Run Behavior\WriteHtmlCacheBehavior [ RunTime:0.000000s ]
INFO: [ view_filter ] --END-- [ RunTime:0.000000s ]

[ 2016-12-27T10:38:26+08:00 ] 127.0.0.1 /Home/Spending/totalYear
INFO: [ app_init ] --START--
INFO: Run Behavior\BuildLiteBehavior [ RunTime:0.000000s ]
INFO: [ app_init ] --END-- [ RunTime:0.001000s ]
INFO: [ app_begin ] --START--
INFO: Run Behavior\ReadHtmlCacheBehavior [ RunTime:0.001000s ]
INFO: [ app_begin ] --END-- [ RunTime:0.001000s ]
INFO: [ view_parse ] --START--
INFO: [ template_filter ] --START--
INFO: Run Behavior\ContentReplaceBehavior [ RunTime:0.000000s ]
INFO: [ template_filter ] --END-- [ RunTime:0.000000s ]
INFO: Run Behavior\ParseTemplateBehavior [ RunTime:0.013000s ]
INFO: [ view_parse ] --END-- [ RunTime:0.013000s ]
INFO: [ view_filter ] --START--
INFO: Run Behavior\WriteHtmlCacheBehavior [ RunTime:0.000000s ]
INFO: [ view_filter ] --END-- [ RunTime:0.000000s ]
INFO: [ app_end ] --START--
INFO: Run Behavior\ShowPageTraceBehavior [ RunTime:0.001000s ]
INFO: [ app_end ] --END-- [ RunTime:0.001000s ]

[ 2016-12-27T10:38:26+08:00 ] 127.0.0.1 /index.php/Home/Spending/totalYearImg.html
INFO: [ app_init ] --START--
INFO: Run Behavior\BuildLiteBehavior [ RunTime:0.000000s ]
INFO: [ app_init ] --END-- [ RunTime:0.000000s ]
INFO: [ app_begin ] --START--
INFO: Run Behavior\ReadHtmlCacheBehavior [ RunTime:0.001000s ]
INFO: [ app_begin ] --END-- [ RunTime:0.001000s ]
SQL: SHOW COLUMNS FROM `spending` [ RunTime:0.0030s ]
SQL: SELECT sum(cost_money) as money,DATE_FORMAT(spending_date,"%Y") as date FROM `spending` WHERE `hospital_id` = 4 AND `spending_date` BETWEEN '2015-01-01' AND '2016-12-31' GROUP BY date  [ RunTime:0.0000s ]
INFO: [ app_end ] --START--
INFO: Run Behavior\ShowPageTraceBehavior [ RunTime:0.001000s ]
INFO: [ app_end ] --END-- [ RunTime:0.001000s ]

[ 2016-12-27T10:38:27+08:00 ] 127.0.0.1 /Home/Spending/totalDay
INFO: [ app_init ] --START--
INFO: Run Behavior\BuildLiteBehavior [ RunTime:0.000000s ]
INFO: [ app_init ] --END-- [ RunTime:0.001000s ]
INFO: [ app_begin ] --START--
INFO: Run Behavior\ReadHtmlCacheBehavior [ RunTime:0.000000s ]
INFO: [ app_begin ] --END-- [ RunTime:0.000000s ]
INFO: [ view_parse ] --START--
INFO: [ template_filter ] --START--
INFO: Run Behavior\ContentReplaceBehavior [ RunTime:0.000000s ]
INFO: [ template_filter ] --END-- [ RunTime:0.000000s ]
INFO: Run Behavior\ParseTemplateBehavior [ RunTime:0.009001s ]
INFO: [ view_parse ] --END-- [ RunTime:0.009001s ]
INFO: [ view_filter ] --START--
INFO: Run Behavior\WriteHtmlCacheBehavior [ RunTime:0.001000s ]
INFO: [ view_filter ] --END-- [ RunTime:0.001000s ]
INFO: [ app_end ] --START--
INFO: Run Behavior\ShowPageTraceBehavior [ RunTime:0.000000s ]
INFO: [ app_end ] --END-- [ RunTime:0.000000s ]

[ 2016-12-27T10:38:27+08:00 ] 127.0.0.1 /index.php/Home/Spending/totalDayImg.html
INFO: [ app_init ] --START--
INFO: Run Behavior\BuildLiteBehavior [ RunTime:0.000000s ]
INFO: [ app_init ] --END-- [ RunTime:0.001000s ]
INFO: [ app_begin ] --START--
INFO: Run Behavior\ReadHtmlCacheBehavior [ RunTime:0.001000s ]
INFO: [ app_begin ] --END-- [ RunTime:0.001000s ]
SQL: SHOW COLUMNS FROM `spending` [ RunTime:0.0020s ]
SQL: SELECT sum(cost_money) as money,DATE_FORMAT(spending_date,"%m%d") FROM `spending` WHERE `hospital_id` = 4 AND `spending_date` BETWEEN '2016-12-01' AND '2016-12-31' GROUP BY spending_date  [ RunTime:0.0010s ]
NOTIC: [8] Undefined index: spending_date D:\phpStudy\WWW\tp\Application\Home\Controller\SpendingController.class.php 第 246 行.
NOTIC: [8] Undefined index: spending_date D:\phpStudy\WWW\tp\Application\Home\Controller\SpendingController.class.php 第 246 行.
NOTIC: [8] Undefined index: spending_date D:\phpStudy\WWW\tp\Application\Home\Controller\SpendingController.class.php 第 246 行.
NOTIC: [8] Undefined index: spending_date D:\phpStudy\WWW\tp\Application\Home\Controller\SpendingController.class.php 第 246 行.
NOTIC: [8] Undefined index: spending_date D:\phpStudy\WWW\tp\Application\Home\Controller\SpendingController.class.php 第 246 行.
NOTIC: [8] Undefined index: spending_date D:\phpStudy\WWW\tp\Application\Home\Controller\SpendingController.class.php 第 246 行.
NOTIC: [8] Undefined index: spending_date D:\phpStudy\WWW\tp\Application\Home\Controller\SpendingController.class.php 第 246 行.
NOTIC: [8] Undefined index: spending_date D:\phpStudy\WWW\tp\Application\Home\Controller\SpendingController.class.php 第 246 行.
NOTIC: [8] Undefined index: spending_date D:\phpStudy\WWW\tp\Application\Home\Controller\SpendingController.class.php 第 246 行.
NOTIC: [8] Undefined index: spending_date D:\phpStudy\WWW\tp\Application\Home\Controller\SpendingController.class.php 第 246 行.
NOTIC: [8] Undefined index: spending_date D:\phpStudy\WWW\tp\Application\Home\Controller\SpendingController.class.php 第 246 行.
NOTIC: [8] Undefined index: spending_date D:\phpStudy\WWW\tp\Application\Home\Controller\SpendingController.class.php 第 246 行.
NOTIC: [8] Undefined index: spending_date D:\phpStudy\WWW\tp\Application\Home\Controller\SpendingController.class.php 第 246 行.
NOTIC: [8] Undefined index: spending_date D:\phpStudy\WWW\tp\Application\Home\Controller\SpendingController.class.php 第 246 行.
NOTIC: [8] Undefined index: spending_date D:\phpStudy\WWW\tp\Application\Home\Controller\SpendingController.class.php 第 246 行.
NOTIC: [8] Undefined index: spending_date D:\phpStudy\WWW\tp\Application\Home\Controller\SpendingController.class.php 第 246 行.
NOTIC: [8] Undefined index: spending_date D:\phpStudy\WWW\tp\Application\Home\Controller\SpendingController.class.php 第 246 行.
NOTIC: [8] Undefined index: spending_date D:\phpStudy\WWW\tp\Application\Home\Controller\SpendingController.class.php 第 246 行.
NOTIC: [8] Undefined index: spending_date D:\phpStudy\WWW\tp\Application\Home\Controller\SpendingController.class.php 第 246 行.
NOTIC: [8] Undefined index: spending_date D:\phpStudy\WWW\tp\Application\Home\Controller\SpendingController.class.php 第 246 行.
NOTIC: [8] Undefined index: spending_date D:\phpStudy\WWW\tp\Application\Home\Controller\SpendingController.class.php 第 246 行.
NOTIC: [8] Undefined index: spending_date D:\phpStudy\WWW\tp\Application\Home\Controller\SpendingController.class.php 第 246 行.
NOTIC: [8] Undefined index: spending_date D:\phpStudy\WWW\tp\Application\Home\Controller\SpendingController.class.php 第 246 行.
NOTIC: [8] Undefined index: spending_date D:\phpStudy\WWW\tp\Application\Home\Controller\SpendingController.class.php 第 246 行.
NOTIC: [8] Undefined index: spending_date D:\phpStudy\WWW\tp\Application\Home\Controller\SpendingController.class.php 第 246 行.
NOTIC: [8] Undefined index: spending_date D:\phpStudy\WWW\tp\Application\Home\Controller\SpendingController.class.php 第 246 行.
NOTIC: [8] Undefined index: spending_date D:\phpStudy\WWW\tp\Application\Home\Controller\SpendingController.class.php 第 246 行.
NOTIC: [8] Undefined index: spending_date D:\phpStudy\WWW\tp\Application\Home\Controller\SpendingController.class.php 第 246 行.
NOTIC: [8] Undefined index: spending_date D:\phpStudy\WWW\tp\Application\Home\Controller\SpendingController.class.php 第 246 行.
NOTIC: [8] Undefined index: spending_date D:\phpStudy\WWW\tp\Application\Home\Controller\SpendingController.class.php 第 246 行.
NOTIC: [8] Undefined index: spending_date D:\phpStudy\WWW\tp\Application\Home\Controller\SpendingController.class.php 第 246 行.
INFO: [ app_end ] --START--
INFO: Run Behavior\ShowPageTraceBehavior [ RunTime:0.001000s ]
INFO: [ app_end ] --END-- [ RunTime:0.001000s ]

[ 2016-12-27T10:38:27+08:00 ] 127.0.0.1 /Home/Spending/totalMonth
INFO: [ app_init ] --START--
INFO: Run Behavior\BuildLiteBehavior [ RunTime:0.000000s ]
INFO: [ app_init ] --END-- [ RunTime:0.001001s ]
INFO: [ app_begin ] --START--
INFO: Run Behavior\ReadHtmlCacheBehavior [ RunTime:0.000000s ]
INFO: [ app_begin ] --END-- [ RunTime:0.000000s ]
INFO: [ view_parse ] --START--
INFO: [ template_filter ] --START--
INFO: Run Behavior\ContentReplaceBehavior [ RunTime:0.000000s ]
INFO: [ template_filter ] --END-- [ RunTime:0.000000s ]
INFO: Run Behavior\ParseTemplateBehavior [ RunTime:0.008000s ]
INFO: [ view_parse ] --END-- [ RunTime:0.008000s ]
INFO: [ view_filter ] --START--
INFO: Run Behavior\WriteHtmlCacheBehavior [ RunTime:0.000000s ]
INFO: [ view_filter ] --END-- [ RunTime:0.000000s ]
INFO: [ app_end ] --START--
INFO: Run Behavior\ShowPageTraceBehavior [ RunTime:0.001000s ]
INFO: [ app_end ] --END-- [ RunTime:0.001000s ]

[ 2016-12-27T10:38:27+08:00 ] 127.0.0.1 /index.php/Home/Spending/totalMonthImg.html
INFO: [ app_init ] --START--
INFO: Run Behavior\BuildLiteBehavior [ RunTime:0.000000s ]
INFO: [ app_init ] --END-- [ RunTime:0.001000s ]
INFO: [ app_begin ] --START--
INFO: Run Behavior\ReadHtmlCacheBehavior [ RunTime:0.000000s ]
INFO: [ app_begin ] --END-- [ RunTime:0.000000s ]
SQL: SHOW COLUMNS FROM `spending` [ RunTime:0.0030s ]
SQL: SELECT sum(cost_money) as money,DATE_FORMAT(spending_date,"%Y-%m") as date FROM `spending` WHERE `hospital_id` = 4 AND `spending_date` BETWEEN '2016-01-01' AND '2016-12-31' GROUP BY date  [ RunTime:0.0010s ]
INFO: [ app_end ] --START--
INFO: Run Behavior\ShowPageTraceBehavior [ RunTime:0.001000s ]
INFO: [ app_end ] --END-- [ RunTime:0.001000s ]

[ 2016-12-27T10:38:28+08:00 ] 127.0.0.1 /Home/Patient/index
INFO: [ app_init ] --START--
INFO: Run Behavior\BuildLiteBehavior [ RunTime:0.000000s ]
INFO: [ app_init ] --END-- [ RunTime:0.000000s ]
INFO: [ app_begin ] --START--
INFO: Run Behavior\ReadHtmlCacheBehavior [ RunTime:0.000000s ]
INFO: [ app_begin ] --END-- [ RunTime:0.000000s ]
SQL: SHOW COLUMNS FROM `doctor` [ RunTime:0.0020s ]
SQL: SELECT * FROM `doctor` WHERE `hospital_id` = 4  [ RunTime:0.0000s ]
INFO: [ view_parse ] --START--
INFO: [ template_filter ] --START--
INFO: Run Behavior\ContentReplaceBehavior [ RunTime:0.000000s ]
INFO: [ template_filter ] --END-- [ RunTime:0.000000s ]
INFO: Run Behavior\ParseTemplateBehavior [ RunTime:0.009000s ]
INFO: [ view_parse ] --END-- [ RunTime:0.009000s ]
INFO: [ view_filter ] --START--
INFO: Run Behavior\WriteHtmlCacheBehavior [ RunTime:0.001000s ]
INFO: [ view_filter ] --END-- [ RunTime:0.001000s ]
INFO: [ app_end ] --START--
INFO: Run Behavior\ShowPageTraceBehavior [ RunTime:0.000000s ]
INFO: [ app_end ] --END-- [ RunTime:0.000000s ]

[ 2016-12-27T10:38:31+08:00 ] 127.0.0.1 /Home/Spending/addCurrent
INFO: [ app_init ] --START--
INFO: Run Behavior\BuildLiteBehavior [ RunTime:0.000000s ]
INFO: [ app_init ] --END-- [ RunTime:0.000000s ]
INFO: [ app_begin ] --START--
INFO: Run Behavior\ReadHtmlCacheBehavior [ RunTime:0.001000s ]
INFO: [ app_begin ] --END-- [ RunTime:0.001000s ]
SQL: SHOW COLUMNS FROM `patient` [ RunTime:0.0020s ]
SQL: SHOW COLUMNS FROM `spending` [ RunTime:0.0010s ]
SQL: SHOW COLUMNS FROM `proportion` [ RunTime:0.0010s ]
SQL: SELECT `id` FROM `proportion` WHERE `hospital_id` = 4 AND `is_use` = 1 LIMIT 1   [ RunTime:0.0010s ]
SQL: SELECT * FROM `spending` WHERE `hospital_id` = 4 AND `spending_date` BETWEEN '2016-12-01' AND '2016-12-31'  [ RunTime:0.0010s ]
INFO: [ view_parse ] --START--
INFO: [ template_filter ] --START--
INFO: Run Behavior\ContentReplaceBehavior [ RunTime:0.000000s ]
INFO: [ template_filter ] --END-- [ RunTime:0.001001s ]
INFO: Run Behavior\ParseTemplateBehavior [ RunTime:0.005001s ]
INFO: [ view_parse ] --END-- [ RunTime:0.005001s ]
INFO: [ view_filter ] --START--
INFO: Run Behavior\WriteHtmlCacheBehavior [ RunTime:0.001000s ]
INFO: [ view_filter ] --END-- [ RunTime:0.001000s ]

[ 2016-12-27T10:38:34+08:00 ] 127.0.0.1 /Home/Doctor/index
INFO: [ app_init ] --START--
INFO: Run Behavior\BuildLiteBehavior [ RunTime:0.000000s ]
INFO: [ app_init ] --END-- [ RunTime:0.000000s ]
INFO: [ app_begin ] --START--
INFO: Run Behavior\ReadHtmlCacheBehavior [ RunTime:0.001000s ]
INFO: [ app_begin ] --END-- [ RunTime:0.001000s ]
INFO: [ view_parse ] --START--
INFO: [ template_filter ] --START--
INFO: Run Behavior\ContentReplaceBehavior [ RunTime:0.000000s ]
INFO: [ template_filter ] --END-- [ RunTime:0.000000s ]
INFO: Run Behavior\ParseTemplateBehavior [ RunTime:0.009001s ]
INFO: [ view_parse ] --END-- [ RunTime:0.009001s ]
INFO: [ view_filter ] --START--
INFO: Run Behavior\WriteHtmlCacheBehavior [ RunTime:0.000000s ]
INFO: [ view_filter ] --END-- [ RunTime:0.000000s ]
INFO: [ app_end ] --START--
INFO: Run Behavior\ShowPageTraceBehavior [ RunTime:0.001000s ]
INFO: [ app_end ] --END-- [ RunTime:0.001000s ]

[ 2016-12-27T10:39:13+08:00 ] 127.0.0.1 /Home/Doctor/index
INFO: [ app_init ] --START--
INFO: Run Behavior\BuildLiteBehavior [ RunTime:0.000000s ]
INFO: [ app_init ] --END-- [ RunTime:0.001000s ]
INFO: [ app_begin ] --START--
INFO: Run Behavior\ReadHtmlCacheBehavior [ RunTime:0.000000s ]
INFO: [ app_begin ] --END-- [ RunTime:0.000000s ]
INFO: [ view_parse ] --START--
INFO: [ template_filter ] --START--
INFO: Run Behavior\ContentReplaceBehavior [ RunTime:0.000000s ]
INFO: [ template_filter ] --END-- [ RunTime:0.000000s ]
INFO: Run Behavior\ParseTemplateBehavior [ RunTime:0.008001s ]
INFO: [ view_parse ] --END-- [ RunTime:0.008001s ]
INFO: [ view_filter ] --START--
INFO: Run Behavior\WriteHtmlCacheBehavior [ RunTime:0.001000s ]
INFO: [ view_filter ] --END-- [ RunTime:0.001000s ]
INFO: [ app_end ] --START--
INFO: Run Behavior\ShowPageTraceBehavior [ RunTime:0.000000s ]
INFO: [ app_end ] --END-- [ RunTime:0.001000s ]

[ 2016-12-27T10:39:14+08:00 ] 127.0.0.1 /Home/Doctor/index
INFO: [ app_init ] --START--
INFO: Run Behavior\BuildLiteBehavior [ RunTime:0.000000s ]
INFO: [ app_init ] --END-- [ RunTime:0.001000s ]
INFO: [ app_begin ] --START--
INFO: Run Behavior\ReadHtmlCacheBehavior [ RunTime:0.001000s ]
INFO: [ app_begin ] --END-- [ RunTime:0.001000s ]
INFO: [ view_parse ] --START--
INFO: [ template_filter ] --START--
INFO: Run Behavior\ContentReplaceBehavior [ RunTime:0.000000s ]
INFO: [ template_filter ] --END-- [ RunTime:0.000000s ]
INFO: Run Behavior\ParseTemplateBehavior [ RunTime:0.008000s ]
INFO: [ view_parse ] --END-- [ RunTime:0.008000s ]
INFO: [ view_filter ] --START--
INFO: Run Behavior\WriteHtmlCacheBehavior [ RunTime:0.000000s ]
INFO: [ view_filter ] --END-- [ RunTime:0.000000s ]
INFO: [ app_end ] --START--
INFO: Run Behavior\ShowPageTraceBehavior [ RunTime:0.001000s ]
INFO: [ app_end ] --END-- [ RunTime:0.001000s ]

[ 2016-12-27T10:39:17+08:00 ] 127.0.0.1 /Home/Spending/totalMonth
INFO: [ app_init ] --START--
INFO: Run Behavior\BuildLiteBehavior [ RunTime:0.000000s ]
INFO: [ app_init ] --END-- [ RunTime:0.001000s ]
INFO: [ app_begin ] --START--
INFO: Run Behavior\ReadHtmlCacheBehavior [ RunTime:0.000000s ]
INFO: [ app_begin ] --END-- [ RunTime:0.000000s ]
INFO: [ view_parse ] --START--
INFO: [ template_filter ] --START--
INFO: Run Behavior\ContentReplaceBehavior [ RunTime:0.000000s ]
INFO: [ template_filter ] --END-- [ RunTime:0.000000s ]
INFO: Run Behavior\ParseTemplateBehavior [ RunTime:0.009001s ]
INFO: [ view_parse ] --END-- [ RunTime:0.009001s ]
INFO: [ view_filter ] --START--
INFO: Run Behavior\WriteHtmlCacheBehavior [ RunTime:0.001000s ]
INFO: [ view_filter ] --END-- [ RunTime:0.001000s ]
INFO: [ app_end ] --START--
INFO: Run Behavior\ShowPageTraceBehavior [ RunTime:0.000000s ]
INFO: [ app_end ] --END-- [ RunTime:0.000000s ]

[ 2016-12-27T10:39:17+08:00 ] 127.0.0.1 /index.php/Home/Spending/totalMonthImg.html
INFO: [ app_init ] --START--
INFO: Run Behavior\BuildLiteBehavior [ RunTime:0.000000s ]
INFO: [ app_init ] --END-- [ RunTime:0.001000s ]
INFO: [ app_begin ] --START--
INFO: Run Behavior\ReadHtmlCacheBehavior [ RunTime:0.000000s ]
INFO: [ app_begin ] --END-- [ RunTime:0.000000s ]
SQL: SHOW COLUMNS FROM `spending` [ RunTime:0.0020s ]
SQL: SELECT sum(cost_money) as money,DATE_FORMAT(spending_date,"%Y-%m") as date FROM `spending` WHERE `hospital_id` = 4 AND `spending_date` BETWEEN '2016-01-01' AND '2016-12-31' GROUP BY date  [ RunTime:0.0020s ]
INFO: [ app_end ] --START--
INFO: Run Behavior\ShowPageTraceBehavior [ RunTime:0.001000s ]
INFO: [ app_end ] --END-- [ RunTime:0.001000s ]

[ 2016-12-27T10:39:18+08:00 ] 127.0.0.1 /Home/Spending/totalDay
INFO: [ app_init ] --START--
INFO: Run Behavior\BuildLiteBehavior [ RunTime:0.000000s ]
INFO: [ app_init ] --END-- [ RunTime:0.001000s ]
INFO: [ app_begin ] --START--
INFO: Run Behavior\ReadHtmlCacheBehavior [ RunTime:0.001000s ]
INFO: [ app_begin ] --END-- [ RunTime:0.001000s ]
INFO: [ view_parse ] --START--
INFO: [ template_filter ] --START--
INFO: Run Behavior\ContentReplaceBehavior [ RunTime:0.000000s ]
INFO: [ template_filter ] --END-- [ RunTime:0.000000s ]
INFO: Run Behavior\ParseTemplateBehavior [ RunTime:0.009000s ]
INFO: [ view_parse ] --END-- [ RunTime:0.009000s ]
INFO: [ view_filter ] --START--
INFO: Run Behavior\WriteHtmlCacheBehavior [ RunTime:0.000000s ]
INFO: [ view_filter ] --END-- [ RunTime:0.000000s ]
INFO: [ app_end ] --START--
INFO: Run Behavior\ShowPageTraceBehavior [ RunTime:0.001000s ]
INFO: [ app_end ] --END-- [ RunTime:0.001000s ]

[ 2016-12-27T10:39:18+08:00 ] 127.0.0.1 /index.php/Home/Spending/totalDayImg.html
INFO: [ app_init ] --START--
INFO: Run Behavior\BuildLiteBehavior [ RunTime:0.000000s ]
INFO: [ app_init ] --END-- [ RunTime:0.000000s ]
INFO: [ app_begin ] --START--
INFO: Run Behavior\ReadHtmlCacheBehavior [ RunTime:0.001000s ]
INFO: [ app_begin ] --END-- [ RunTime:0.001000s ]
SQL: SHOW COLUMNS FROM `spending` [ RunTime:0.0030s ]
SQL: SELECT sum(cost_money) as money,DATE_FORMAT(spending_date,"%m%d") FROM `spending` WHERE `hospital_id` = 4 AND `spending_date` BETWEEN '2016-12-01' AND '2016-12-31' GROUP BY spending_date  [ RunTime:0.0030s ]
NOTIC: [8] Undefined index: spending_date D:\phpStudy\WWW\tp\Application\Home\Controller\SpendingController.class.php 第 246 行.
NOTIC: [8] Undefined index: spending_date D:\phpStudy\WWW\tp\Application\Home\Controller\SpendingController.class.php 第 246 行.
NOTIC: [8] Undefined index: spending_date D:\phpStudy\WWW\tp\Application\Home\Controller\SpendingController.class.php 第 246 行.
NOTIC: [8] Undefined index: spending_date D:\phpStudy\WWW\tp\Application\Home\Controller\SpendingController.class.php 第 246 行.
NOTIC: [8] Undefined index: spending_date D:\phpStudy\WWW\tp\Application\Home\Controller\SpendingController.class.php 第 246 行.
NOTIC: [8] Undefined index: spending_date D:\phpStudy\WWW\tp\Application\Home\Controller\SpendingController.class.php 第 246 行.
NOTIC: [8] Undefined index: spending_date D:\phpStudy\WWW\tp\Application\Home\Controller\SpendingController.class.php 第 246 行.
NOTIC: [8] Undefined index: spending_date D:\phpStudy\WWW\tp\Application\Home\Controller\SpendingController.class.php 第 246 行.
NOTIC: [8] Undefined index: spending_date D:\phpStudy\WWW\tp\Application\Home\Controller\SpendingController.class.php 第 246 行.
NOTIC: [8] Undefined index: spending_date D:\phpStudy\WWW\tp\Application\Home\Controller\SpendingController.class.php 第 246 行.
NOTIC: [8] Undefined index: spending_date D:\phpStudy\WWW\tp\Application\Home\Controller\SpendingController.class.php 第 246 行.
NOTIC: [8] Undefined index: spending_date D:\phpStudy\WWW\tp\Application\Home\Controller\SpendingController.class.php 第 246 行.
NOTIC: [8] Undefined index: spending_date D:\phpStudy\WWW\tp\Application\Home\Controller\SpendingController.class.php 第 246 行.
NOTIC: [8] Undefined index: spending_date D:\phpStudy\WWW\tp\Application\Home\Controller\SpendingController.class.php 第 246 行.
NOTIC: [8] Undefined index: spending_date D:\phpStudy\WWW\tp\Application\Home\Controller\SpendingController.class.php 第 246 行.
NOTIC: [8] Undefined index: spending_date D:\phpStudy\WWW\tp\Application\Home\Controller\SpendingController.class.php 第 246 行.
NOTIC: [8] Undefined index: spending_date D:\phpStudy\WWW\tp\Application\Home\Controller\SpendingController.class.php 第 246 行.
NOTIC: [8] Undefined index: spending_date D:\phpStudy\WWW\tp\Application\Home\Controller\SpendingController.class.php 第 246 行.
NOTIC: [8] Undefined index: spending_date D:\phpStudy\WWW\tp\Application\Home\Controller\SpendingController.class.php 第 246 行.
NOTIC: [8] Undefined index: spending_date D:\phpStudy\WWW\tp\Application\Home\Controller\SpendingController.class.php 第 246 行.
NOTIC: [8] Undefined index: spending_date D:\phpStudy\WWW\tp\Application\Home\Controller\SpendingController.class.php 第 246 行.
NOTIC: [8] Undefined index: spending_date D:\phpStudy\WWW\tp\Application\Home\Controller\SpendingController.class.php 第 246 行.
NOTIC: [8] Undefined index: spending_date D:\phpStudy\WWW\tp\Application\Home\Controller\SpendingController.class.php 第 246 行.
NOTIC: [8] Undefined index: spending_date D:\phpStudy\WWW\tp\Application\Home\Controller\SpendingController.class.php 第 246 行.
NOTIC: [8] Undefined index: spending_date D:\phpStudy\WWW\tp\Application\Home\Controller\SpendingController.class.php 第 246 行.
NOTIC: [8] Undefined index: spending_date D:\phpStudy\WWW\tp\Application\Home\Controller\SpendingController.class.php 第 246 行.
NOTIC: [8] Undefined index: spending_date D:\phpStudy\WWW\tp\Application\Home\Controller\SpendingController.class.php 第 246 行.
NOTIC: [8] Undefined index: spending_date D:\phpStudy\WWW\tp\Application\Home\Controller\SpendingController.class.php 第 246 行.
NOTIC: [8] Undefined index: spending_date D:\phpStudy\WWW\tp\Application\Home\Controller\SpendingController.class.php 第 246 行.
NOTIC: [8] Undefined index: spending_date D:\phpStudy\WWW\tp\Application\Home\Controller\SpendingController.class.php 第 246 行.
NOTIC: [8] Undefined index: spending_date D:\phpStudy\WWW\tp\Application\Home\Controller\SpendingController.class.php 第 246 行.
INFO: [ app_end ] --START--
INFO: Run Behavior\ShowPageTraceBehavior [ RunTime:0.003000s ]
INFO: [ app_end ] --END-- [ RunTime:0.003000s ]

[ 2016-12-27T10:39:51+08:00 ] 127.0.0.1 /Home/Patient/index
INFO: [ app_init ] --START--
INFO: Run Behavior\BuildLiteBehavior [ RunTime:0.001000s ]
INFO: [ app_init ] --END-- [ RunTime:0.001000s ]
INFO: [ app_begin ] --START--
INFO: Run Behavior\ReadHtmlCacheBehavior [ RunTime:0.001000s ]
INFO: [ app_begin ] --END-- [ RunTime:0.001000s ]

[ 2016-12-27T10:39:56+08:00 ] 127.0.0.1 /Home/Patient/index
INFO: [ app_init ] --START--
INFO: Run Behavior\BuildLiteBehavior [ RunTime:0.000000s ]
INFO: [ app_init ] --END-- [ RunTime:0.000000s ]
INFO: [ app_begin ] --START--
INFO: Run Behavior\ReadHtmlCacheBehavior [ RunTime:0.003000s ]
INFO: [ app_begin ] --END-- [ RunTime:0.003000s ]
SQL: SHOW COLUMNS FROM `doctor` [ RunTime:0.0020s ]
SQL: SELECT * FROM `doctor` WHERE `hospital_id` = 4  [ RunTime:0.0010s ]
INFO: [ view_parse ] --START--
INFO: [ template_filter ] --START--
INFO: Run Behavior\ContentReplaceBehavior [ RunTime:0.000000s ]
INFO: [ template_filter ] --END-- [ RunTime:0.000000s ]
INFO: Run Behavior\ParseTemplateBehavior [ RunTime:0.010000s ]
INFO: [ view_parse ] --END-- [ RunTime:0.010000s ]
INFO: [ view_filter ] --START--
INFO: Run Behavior\WriteHtmlCacheBehavior [ RunTime:0.001000s ]
INFO: [ view_filter ] --END-- [ RunTime:0.001000s ]
INFO: [ app_end ] --START--
INFO: Run Behavior\ShowPageTraceBehavior [ RunTime:0.001000s ]
INFO: [ app_end ] --END-- [ RunTime:0.001000s ]

[ 2016-12-27T10:39:57+08:00 ] 127.0.0.1 /
INFO: [ app_init ] --START--
INFO: Run Behavior\BuildLiteBehavior [ RunTime:0.000000s ]
INFO: [ app_init ] --END-- [ RunTime:0.000000s ]
INFO: [ app_begin ] --START--
INFO: Run Behavior\ReadHtmlCacheBehavior [ RunTime:0.000000s ]
INFO: [ app_begin ] --END-- [ RunTime:0.000000s ]
SQL: SHOW COLUMNS FROM `hospital` [ RunTime:0.0010s ]
SQL: SHOW COLUMNS FROM `spending` [ RunTime:0.0010s ]
SQL: SELECT * FROM `hospital` WHERE `id` = 4 LIMIT 1   [ RunTime:0.0010s ]
SQL: SELECT * FROM `spending` WHERE `hospital_id` = '4' AND `spending_date` BETWEEN '2016-12-01' AND '2016-12-31'  [ RunTime:0.0010s ]
NOTIC: [8] Undefined index: sum_money D:\phpStudy\WWW\tp\Application\Home\Controller\IndexController.class.php 第 28 行.
SQL: select sum(cost_money) from spending where hospital_id="4" [ RunTime:0.0000s ]
NOTIC: [8] Undefined index: percent D:\phpStudy\WWW\tp\Application\Home\Controller\IndexController.class.php 第 33 行.
NOTIC: [8] Undefined index: remaining_sum D:\phpStudy\WWW\tp\Application\Home\Controller\IndexController.class.php 第 34 行.
INFO: [ view_parse ] --START--
INFO: [ template_filter ] --START--
INFO: Run Behavior\ContentReplaceBehavior [ RunTime:0.000000s ]
INFO: [ template_filter ] --END-- [ RunTime:0.000000s ]
NOTIC: [8] Undefined index: percent D:\phpStudy\WWW\tp\Application\Runtime\Cache\Home\2a94b8bda04ff446dcedd42276fc99ee.php 第 55 行.
INFO: Run Behavior\ParseTemplateBehavior [ RunTime:0.013001s ]
INFO: [ view_parse ] --END-- [ RunTime:0.013001s ]
INFO: [ view_filter ] --START--
INFO: Run Behavior\WriteHtmlCacheBehavior [ RunTime:0.000000s ]
INFO: [ view_filter ] --END-- [ RunTime:0.000000s ]
INFO: [ app_end ] --START--
INFO: Run Behavior\ShowPageTraceBehavior [ RunTime:0.001000s ]
INFO: [ app_end ] --END-- [ RunTime:0.001000s ]

[ 2016-12-27T10:40:07+08:00 ] 127.0.0.1 /
INFO: [ app_init ] --START--
INFO: Run Behavior\BuildLiteBehavior [ RunTime:0.000000s ]
INFO: [ app_init ] --END-- [ RunTime:0.001000s ]
INFO: [ app_begin ] --START--
INFO: Run Behavior\ReadHtmlCacheBehavior [ RunTime:0.001000s ]
INFO: [ app_begin ] --END-- [ RunTime:0.001000s ]
SQL: SHOW COLUMNS FROM `hospital` [ RunTime:0.0030s ]
SQL: SHOW COLUMNS FROM `spending` [ RunTime:0.0020s ]
SQL: SELECT * FROM `hospital` WHERE `id` = 4 LIMIT 1   [ RunTime:0.0000s ]
SQL: SELECT * FROM `spending` WHERE `hospital_id` = '4' AND `spending_date` BETWEEN '2016-12-01' AND '2016-12-31'  [ RunTime:0.0000s ]
NOTIC: [8] Undefined index: sum_money D:\phpStudy\WWW\tp\Application\Home\Controller\IndexController.class.php 第 28 行.
SQL: select sum(cost_money) from spending where hospital_id="4" [ RunTime:0.0000s ]
NOTIC: [8] Undefined index: percent D:\phpStudy\WWW\tp\Application\Home\Controller\IndexController.class.php 第 33 行.
NOTIC: [8] Undefined index: remaining_sum D:\phpStudy\WWW\tp\Application\Home\Controller\IndexController.class.php 第 34 行.
INFO: [ view_parse ] --START--
INFO: [ template_filter ] --START--
INFO: Run Behavior\ContentReplaceBehavior [ RunTime:0.000000s ]
INFO: [ template_filter ] --END-- [ RunTime:0.000000s ]
NOTIC: [8] Undefined index: percent D:\phpStudy\WWW\tp\Application\Runtime\Cache\Home\2a94b8bda04ff446dcedd42276fc99ee.php 第 55 行.
INFO: Run Behavior\ParseTemplateBehavior [ RunTime:0.011001s ]
INFO: [ view_parse ] --END-- [ RunTime:0.011001s ]
INFO: [ view_filter ] --START--
INFO: Run Behavior\WriteHtmlCacheBehavior [ RunTime:0.001000s ]
INFO: [ view_filter ] --END-- [ RunTime:0.001000s ]
INFO: [ app_end ] --START--
INFO: Run Behavior\ShowPageTraceBehavior [ RunTime:0.000000s ]
INFO: [ app_end ] --END-- [ RunTime:0.000000s ]

[ 2016-12-27T10:40:08+08:00 ] 127.0.0.1 /Home/Index/index
INFO: [ app_init ] --START--
INFO: Run Behavior\BuildLiteBehavior [ RunTime:0.000000s ]
INFO: [ app_init ] --END-- [ RunTime:0.000000s ]
INFO: [ app_begin ] --START--
INFO: Run Behavior\ReadHtmlCacheBehavior [ RunTime:0.000000s ]
INFO: [ app_begin ] --END-- [ RunTime:0.000000s ]
SQL: SHOW COLUMNS FROM `hospital` [ RunTime:0.0010s ]
SQL: SHOW COLUMNS FROM `spending` [ RunTime:0.0020s ]
SQL: SELECT * FROM `hospital` WHERE `id` = 4 LIMIT 1   [ RunTime:0.0000s ]
SQL: SELECT * FROM `spending` WHERE `hospital_id` = '4' AND `spending_date` BETWEEN '2016-12-01' AND '2016-12-31'  [ RunTime:0.0010s ]
NOTIC: [8] Undefined index: sum_money D:\phpStudy\WWW\tp\Application\Home\Controller\IndexController.class.php 第 28 行.
SQL: select sum(cost_money) from spending where hospital_id="4" [ RunTime:0.0000s ]
NOTIC: [8] Undefined index: percent D:\phpStudy\WWW\tp\Application\Home\Controller\IndexController.class.php 第 33 行.
NOTIC: [8] Undefined index: remaining_sum D:\phpStudy\WWW\tp\Application\Home\Controller\IndexController.class.php 第 34 行.
INFO: [ view_parse ] --START--
INFO: [ template_filter ] --START--
INFO: Run Behavior\ContentReplaceBehavior [ RunTime:0.000000s ]
INFO: [ template_filter ] --END-- [ RunTime:0.000000s ]
NOTIC: [8] Undefined index: percent D:\phpStudy\WWW\tp\Application\Runtime\Cache\Home\2a94b8bda04ff446dcedd42276fc99ee.php 第 55 行.
INFO: Run Behavior\ParseTemplateBehavior [ RunTime:0.014001s ]
INFO: [ view_parse ] --END-- [ RunTime:0.014001s ]
INFO: [ view_filter ] --START--
INFO: Run Behavior\WriteHtmlCacheBehavior [ RunTime:0.001000s ]
INFO: [ view_filter ] --END-- [ RunTime:0.001000s ]
INFO: [ app_end ] --START--
INFO: Run Behavior\ShowPageTraceBehavior [ RunTime:0.001000s ]
INFO: [ app_end ] --END-- [ RunTime:0.001000s ]

[ 2016-12-27T10:40:10+08:00 ] 127.0.0.1 /Home/Patient/index
INFO: [ app_init ] --START--
INFO: Run Behavior\BuildLiteBehavior [ RunTime:0.000000s ]
INFO: [ app_init ] --END-- [ RunTime:0.001000s ]
INFO: [ app_begin ] --START--
INFO: Run Behavior\ReadHtmlCacheBehavior [ RunTime:0.001000s ]
INFO: [ app_begin ] --END-- [ RunTime:0.001000s ]
SQL: SHOW COLUMNS FROM `doctor` [ RunTime:0.0010s ]
SQL: SELECT * FROM `doctor` WHERE `hospital_id` = 4  [ RunTime:0.0000s ]
INFO: [ view_parse ] --START--
INFO: [ template_filter ] --START--
INFO: Run Behavior\ContentReplaceBehavior [ RunTime:0.000000s ]
INFO: [ template_filter ] --END-- [ RunTime:0.000000s ]
INFO: Run Behavior\ParseTemplateBehavior [ RunTime:0.007001s ]
INFO: [ view_parse ] --END-- [ RunTime:0.008001s ]
INFO: [ view_filter ] --START--
INFO: Run Behavior\WriteHtmlCacheBehavior [ RunTime:0.000000s ]
INFO: [ view_filter ] --END-- [ RunTime:0.000000s ]
INFO: [ app_end ] --START--
INFO: Run Behavior\ShowPageTraceBehavior [ RunTime:0.000000s ]
INFO: [ app_end ] --END-- [ RunTime:0.000000s ]

[ 2016-12-27T10:40:11+08:00 ] 127.0.0.1 /Home/Spending/totalDay
INFO: [ app_init ] --START--
INFO: Run Behavior\BuildLiteBehavior [ RunTime:0.000000s ]
INFO: [ app_init ] --END-- [ RunTime:0.001000s ]
INFO: [ app_begin ] --START--
INFO: Run Behavior\ReadHtmlCacheBehavior [ RunTime:0.000000s ]
INFO: [ app_begin ] --END-- [ RunTime:0.000000s ]
INFO: [ view_parse ] --START--
INFO: [ template_filter ] --START--
INFO: Run Behavior\ContentReplaceBehavior [ RunTime:0.000000s ]
INFO: [ template_filter ] --END-- [ RunTime:0.000000s ]
INFO: Run Behavior\ParseTemplateBehavior [ RunTime:0.009001s ]
INFO: [ view_parse ] --END-- [ RunTime:0.009001s ]
INFO: [ view_filter ] --START--
INFO: Run Behavior\WriteHtmlCacheBehavior [ RunTime:0.000000s ]
INFO: [ view_filter ] --END-- [ RunTime:0.000000s ]
INFO: [ app_end ] --START--
INFO: Run Behavior\ShowPageTraceBehavior [ RunTime:0.001000s ]
INFO: [ app_end ] --END-- [ RunTime:0.001000s ]

[ 2016-12-27T10:40:11+08:00 ] 127.0.0.1 /index.php/Home/Spending/totalDayImg.html
INFO: [ app_init ] --START--
INFO: Run Behavior\BuildLiteBehavior [ RunTime:0.000000s ]
INFO: [ app_init ] --END-- [ RunTime:0.001000s ]
INFO: [ app_begin ] --START--
INFO: Run Behavior\ReadHtmlCacheBehavior [ RunTime:0.001000s ]
INFO: [ app_begin ] --END-- [ RunTime:0.001000s ]
SQL: SHOW COLUMNS FROM `spending` [ RunTime:0.0030s ]
SQL: SELECT sum(cost_money) as money,DATE_FORMAT(spending_date,"%m%d") FROM `spending` WHERE `hospital_id` = 4 AND `spending_date` BETWEEN '2016-12-01' AND '2016-12-31' GROUP BY spending_date  [ RunTime:0.0010s ]
NOTIC: [8] Undefined index: spending_date D:\phpStudy\WWW\tp\Application\Home\Controller\SpendingController.class.php 第 246 行.
NOTIC: [8] Undefined index: spending_date D:\phpStudy\WWW\tp\Application\Home\Controller\SpendingController.class.php 第 246 行.
NOTIC: [8] Undefined index: spending_date D:\phpStudy\WWW\tp\Application\Home\Controller\SpendingController.class.php 第 246 行.
NOTIC: [8] Undefined index: spending_date D:\phpStudy\WWW\tp\Application\Home\Controller\SpendingController.class.php 第 246 行.
NOTIC: [8] Undefined index: spending_date D:\phpStudy\WWW\tp\Application\Home\Controller\SpendingController.class.php 第 246 行.
NOTIC: [8] Undefined index: spending_date D:\phpStudy\WWW\tp\Application\Home\Controller\SpendingController.class.php 第 246 行.
NOTIC: [8] Undefined index: spending_date D:\phpStudy\WWW\tp\Application\Home\Controller\SpendingController.class.php 第 246 行.
NOTIC: [8] Undefined index: spending_date D:\phpStudy\WWW\tp\Application\Home\Controller\SpendingController.class.php 第 246 行.
NOTIC: [8] Undefined index: spending_date D:\phpStudy\WWW\tp\Application\Home\Controller\SpendingController.class.php 第 246 行.
NOTIC: [8] Undefined index: spending_date D:\phpStudy\WWW\tp\Application\Home\Controller\SpendingController.class.php 第 246 行.
NOTIC: [8] Undefined index: spending_date D:\phpStudy\WWW\tp\Application\Home\Controller\SpendingController.class.php 第 246 行.
NOTIC: [8] Undefined index: spending_date D:\phpStudy\WWW\tp\Application\Home\Controller\SpendingController.class.php 第 246 行.
NOTIC: [8] Undefined index: spending_date D:\phpStudy\WWW\tp\Application\Home\Controller\SpendingController.class.php 第 246 行.
NOTIC: [8] Undefined index: spending_date D:\phpStudy\WWW\tp\Application\Home\Controller\SpendingController.class.php 第 246 行.
NOTIC: [8] Undefined index: spending_date D:\phpStudy\WWW\tp\Application\Home\Controller\SpendingController.class.php 第 246 行.
NOTIC: [8] Undefined index: spending_date D:\phpStudy\WWW\tp\Application\Home\Controller\SpendingController.class.php 第 246 行.
NOTIC: [8] Undefined index: spending_date D:\phpStudy\WWW\tp\Application\Home\Controller\SpendingController.class.php 第 246 行.
NOTIC: [8] Undefined index: spending_date D:\phpStudy\WWW\tp\Application\Home\Controller\SpendingController.class.php 第 246 行.
NOTIC: [8] Undefined index: spending_date D:\phpStudy\WWW\tp\Application\Home\Controller\SpendingController.class.php 第 246 行.
NOTIC: [8] Undefined index: spending_date D:\phpStudy\WWW\tp\Application\Home\Controller\SpendingController.class.php 第 246 行.
NOTIC: [8] Undefined index: spending_date D:\phpStudy\WWW\tp\Application\Home\Controller\SpendingController.class.php 第 246 行.
NOTIC: [8] Undefined index: spending_date D:\phpStudy\WWW\tp\Application\Home\Controller\SpendingController.class.php 第 246 行.
NOTIC: [8] Undefined index: spending_date D:\phpStudy\WWW\tp\Application\Home\Controller\SpendingController.class.php 第 246 行.
NOTIC: [8] Undefined index: spending_date D:\phpStudy\WWW\tp\Application\Home\Controller\SpendingController.class.php 第 246 行.
NOTIC: [8] Undefined index: spending_date D:\phpStudy\WWW\tp\Application\Home\Controller\SpendingController.class.php 第 246 行.
NOTIC: [8] Undefined index: spending_date D:\phpStudy\WWW\tp\Application\Home\Controller\SpendingController.class.php 第 246 行.
NOTIC: [8] Undefined index: spending_date D:\phpStudy\WWW\tp\Application\Home\Controller\SpendingController.class.php 第 246 行.
NOTIC: [8] Undefined index: spending_date D:\phpStudy\WWW\tp\Application\Home\Controller\SpendingController.class.php 第 246 行.
NOTIC: [8] Undefined index: spending_date D:\phpStudy\WWW\tp\Application\Home\Controller\SpendingController.class.php 第 246 行.
NOTIC: [8] Undefined index: spending_date D:\phpStudy\WWW\tp\Application\Home\Controller\SpendingController.class.php 第 246 行.
NOTIC: [8] Undefined index: spending_date D:\phpStudy\WWW\tp\Application\Home\Controller\SpendingController.class.php 第 246 行.
INFO: [ app_end ] --START--
INFO: Run Behavior\ShowPageTraceBehavior [ RunTime:0.002000s ]
INFO: [ app_end ] --END-- [ RunTime:0.002000s ]

[ 2016-12-27T10:40:13+08:00 ] 127.0.0.1 /Home/Spending/addCurrent
INFO: [ app_init ] --START--
INFO: Run Behavior\BuildLiteBehavior [ RunTime:0.000000s ]
INFO: [ app_init ] --END-- [ RunTime:0.000000s ]
INFO: [ app_begin ] --START--
INFO: Run Behavior\ReadHtmlCacheBehavior [ RunTime:0.000000s ]
INFO: [ app_begin ] --END-- [ RunTime:0.000000s ]
SQL: SHOW COLUMNS FROM `patient` [ RunTime:0.0080s ]
SQL: SHOW COLUMNS FROM `spending` [ RunTime:0.0030s ]
SQL: SHOW COLUMNS FROM `proportion` [ RunTime:0.0020s ]
SQL: SELECT `id` FROM `proportion` WHERE `hospital_id` = 4 AND `is_use` = 1 LIMIT 1   [ RunTime:0.0000s ]
SQL: SELECT * FROM `spending` WHERE `hospital_id` = 4 AND `spending_date` BETWEEN '2016-12-01' AND '2016-12-31'  [ RunTime:0.0010s ]
INFO: [ view_parse ] --START--
INFO: [ template_filter ] --START--
INFO: Run Behavior\ContentReplaceBehavior [ RunTime:0.000000s ]
INFO: [ template_filter ] --END-- [ RunTime:0.001000s ]
INFO: Run Behavior\ParseTemplateBehavior [ RunTime:0.007000s ]
INFO: [ view_parse ] --END-- [ RunTime:0.007000s ]
INFO: [ view_filter ] --START--
INFO: Run Behavior\WriteHtmlCacheBehavior [ RunTime:0.000000s ]
INFO: [ view_filter ] --END-- [ RunTime:0.000000s ]

[ 2016-12-27T10:40:15+08:00 ] 127.0.0.1 /Home/Spending/addNext
INFO: [ app_init ] --START--
INFO: Run Behavior\BuildLiteBehavior [ RunTime:0.000000s ]
INFO: [ app_init ] --END-- [ RunTime:0.000000s ]
INFO: [ app_begin ] --START--
INFO: Run Behavior\ReadHtmlCacheBehavior [ RunTime:0.000000s ]
INFO: [ app_begin ] --END-- [ RunTime:0.000000s ]
SQL: SHOW COLUMNS FROM `patient` [ RunTime:0.0020s ]
SQL: SHOW COLUMNS FROM `spending` [ RunTime:0.0020s ]
SQL: SHOW COLUMNS FROM `proportion` [ RunTime:0.0020s ]
SQL: SELECT `id` FROM `proportion` WHERE `hospital_id` = 4 AND `is_use` = 1 LIMIT 1   [ RunTime:0.0010s ]
SQL: SELECT * FROM `spending` WHERE `hospital_id` = 4 AND `spending_date` BETWEEN '2017-01-01' AND '2017-01-31'  [ RunTime:0.0010s ]
INFO: [ view_parse ] --START--
INFO: [ template_filter ] --START--
INFO: Run Behavior\ContentReplaceBehavior [ RunTime:0.000000s ]
INFO: [ template_filter ] --END-- [ RunTime:0.000000s ]
INFO: Run Behavior\ParseTemplateBehavior [ RunTime:0.006000s ]
INFO: [ view_parse ] --END-- [ RunTime:0.007000s ]
INFO: [ view_filter ] --START--
INFO: Run Behavior\WriteHtmlCacheBehavior [ RunTime:0.000000s ]
INFO: [ view_filter ] --END-- [ RunTime:0.000000s ]

[ 2016-12-27T10:40:18+08:00 ] 127.0.0.1 /Home/Doctor/index
INFO: [ app_init ] --START--
INFO: Run Behavior\BuildLiteBehavior [ RunTime:0.000000s ]
INFO: [ app_init ] --END-- [ RunTime:0.001000s ]
INFO: [ app_begin ] --START--
INFO: Run Behavior\ReadHtmlCacheBehavior [ RunTime:0.001000s ]
INFO: [ app_begin ] --END-- [ RunTime:0.001000s ]
INFO: [ view_parse ] --START--
INFO: [ template_filter ] --START--
INFO: Run Behavior\ContentReplaceBehavior [ RunTime:0.000000s ]
INFO: [ template_filter ] --END-- [ RunTime:0.000000s ]
INFO: Run Behavior\ParseTemplateBehavior [ RunTime:0.007001s ]
INFO: [ view_parse ] --END-- [ RunTime:0.007001s ]
INFO: [ view_filter ] --START--
INFO: Run Behavior\WriteHtmlCacheBehavior [ RunTime:0.001000s ]
INFO: [ view_filter ] --END-- [ RunTime:0.001000s ]
INFO: [ app_end ] --START--
INFO: Run Behavior\ShowPageTraceBehavior [ RunTime:0.000000s ]
INFO: [ app_end ] --END-- [ RunTime:0.000000s ]

[ 2016-12-27T10:40:20+08:00 ] 127.0.0.1 /Home/Index/index
INFO: [ app_init ] --START--
INFO: Run Behavior\BuildLiteBehavior [ RunTime:0.000000s ]
INFO: [ app_init ] --END-- [ RunTime:0.000000s ]
INFO: [ app_begin ] --START--
INFO: Run Behavior\ReadHtmlCacheBehavior [ RunTime:0.000000s ]
INFO: [ app_begin ] --END-- [ RunTime:0.000000s ]
SQL: SHOW COLUMNS FROM `hospital` [ RunTime:0.0020s ]
SQL: SHOW COLUMNS FROM `spending` [ RunTime:0.0010s ]
SQL: SELECT * FROM `hospital` WHERE `id` = 4 LIMIT 1   [ RunTime:0.0000s ]
SQL: SELECT * FROM `spending` WHERE `hospital_id` = '4' AND `spending_date` BETWEEN '2016-12-01' AND '2016-12-31'  [ RunTime:0.0000s ]
NOTIC: [8] Undefined index: sum_money D:\phpStudy\WWW\tp\Application\Home\Controller\IndexController.class.php 第 28 行.
SQL: select sum(cost_money) from spending where hospital_id="4" [ RunTime:0.0010s ]
NOTIC: [8] Undefined index: percent D:\phpStudy\WWW\tp\Application\Home\Controller\IndexController.class.php 第 33 行.
NOTIC: [8] Undefined index: remaining_sum D:\phpStudy\WWW\tp\Application\Home\Controller\IndexController.class.php 第 34 行.
INFO: [ view_parse ] --START--
INFO: [ template_filter ] --START--
INFO: Run Behavior\ContentReplaceBehavior [ RunTime:0.000000s ]
INFO: [ template_filter ] --END-- [ RunTime:0.000000s ]
NOTIC: [8] Undefined index: percent D:\phpStudy\WWW\tp\Application\Runtime\Cache\Home\2a94b8bda04ff446dcedd42276fc99ee.php 第 55 行.
INFO: Run Behavior\ParseTemplateBehavior [ RunTime:0.009000s ]
INFO: [ view_parse ] --END-- [ RunTime:0.009000s ]
INFO: [ view_filter ] --START--
INFO: Run Behavior\WriteHtmlCacheBehavior [ RunTime:0.000000s ]
INFO: [ view_filter ] --END-- [ RunTime:0.001000s ]
INFO: [ app_end ] --START--
INFO: Run Behavior\ShowPageTraceBehavior [ RunTime:0.000000s ]
INFO: [ app_end ] --END-- [ RunTime:0.001000s ]

[ 2016-12-27T10:40:21+08:00 ] 127.0.0.1 /Home/Patient/info/tel/13202332123
INFO: [ app_init ] --START--
INFO: Run Behavior\BuildLiteBehavior [ RunTime:0.000000s ]
INFO: [ app_init ] --END-- [ RunTime:0.001000s ]
INFO: [ app_begin ] --START--
INFO: Run Behavior\ReadHtmlCacheBehavior [ RunTime:0.001000s ]
INFO: [ app_begin ] --END-- [ RunTime:0.001000s ]
SQL: SHOW COLUMNS FROM `patient` [ RunTime:0.0020s ]
SQL: SHOW COLUMNS FROM `spending` [ RunTime:0.0020s ]
SQL: SHOW COLUMNS FROM `doctor` [ RunTime:0.0010s ]
SQL: SELECT * FROM `spending` WHERE `patient_tel` = '13202332123' AND `spending_date` BETWEEN '2016-12-01' AND '2016-12-31'  [ RunTime:0.0010s ]
SQL: SELECT * FROM `patient` WHERE `tel` = '13202332123' LIMIT 1   [ RunTime:0.0000s ]
SQL: SELECT `id`,`name` FROM `doctor`  [ RunTime:0.0000s ]
SQL: SELECT sum(cost_money) FROM `spending` WHERE `patient_tel` = '13202332123' LIMIT 1   [ RunTime:0.0010s ]
INFO: [ view_parse ] --START--
INFO: [ template_filter ] --START--
INFO: Run Behavior\ContentReplaceBehavior [ RunTime:0.000000s ]
INFO: [ template_filter ] --END-- [ RunTime:0.000000s ]
INFO: Run Behavior\ParseTemplateBehavior [ RunTime:0.023001s ]
INFO: [ view_parse ] --END-- [ RunTime:0.023001s ]
INFO: [ view_filter ] --START--
INFO: Run Behavior\WriteHtmlCacheBehavior [ RunTime:0.000000s ]
INFO: [ view_filter ] --END-- [ RunTime:0.000000s ]
INFO: [ app_end ] --START--
INFO: Run Behavior\ShowPageTraceBehavior [ RunTime:0.001000s ]
INFO: [ app_end ] --END-- [ RunTime:0.001000s ]

