[ 2017-03-21T09:14:46+08:00 ] 110.184.61.85 /
INFO: [ app_init ] --START--
INFO: Run Behavior\BuildLiteBehavior [ RunTime:0.000000s ]
INFO: [ app_init ] --END-- [ RunTime:0.000000s ]
INFO: [ app_begin ] --START--
INFO: Run Behavior\ReadHtmlCacheBehavior [ RunTime:0.000000s ]
INFO: [ app_begin ] --END-- [ RunTime:0.000000s ]

[ 2017-03-21T09:14:47+08:00 ] 110.184.61.85 /Home/Login/index
INFO: [ app_init ] --START--
INFO: Run Behavior\BuildLiteBehavior [ RunTime:0.000000s ]
INFO: [ app_init ] --END-- [ RunTime:0.000000s ]
INFO: [ app_begin ] --START--
INFO: Run Behavior\ReadHtmlCacheBehavior [ RunTime:0.000000s ]
INFO: [ app_begin ] --END-- [ RunTime:0.000000s ]
INFO: [ view_parse ] --START--
INFO: [ template_filter ] --START--
INFO: Run Behavior\ContentReplaceBehavior [ RunTime:0.000000s ]
INFO: [ template_filter ] --END-- [ RunTime:0.000000s ]
INFO: Run Behavior\ParseTemplateBehavior [ RunTime:0.031250s ]
INFO: [ view_parse ] --END-- [ RunTime:0.031250s ]
INFO: [ view_filter ] --START--
INFO: Run Behavior\WriteHtmlCacheBehavior [ RunTime:0.000000s ]
INFO: [ view_filter ] --END-- [ RunTime:0.000000s ]
INFO: [ app_end ] --START--
INFO: Run Behavior\ShowPageTraceBehavior [ RunTime:0.000000s ]
INFO: [ app_end ] --END-- [ RunTime:0.000000s ]

[ 2017-03-21T10:16:42+08:00 ] 110.184.61.85 /
INFO: [ app_init ] --START--
INFO: Run Behavior\BuildLiteBehavior [ RunTime:0.000000s ]
INFO: [ app_init ] --END-- [ RunTime:0.000000s ]
INFO: [ app_begin ] --START--
INFO: Run Behavior\ReadHtmlCacheBehavior [ RunTime:0.000000s ]
INFO: [ app_begin ] --END-- [ RunTime:0.000000s ]

[ 2017-03-21T10:16:42+08:00 ] 110.184.61.85 /Home/Login/index
INFO: [ app_init ] --START--
INFO: Run Behavior\BuildLiteBehavior [ RunTime:0.000000s ]
INFO: [ app_init ] --END-- [ RunTime:0.000000s ]
INFO: [ app_begin ] --START--
INFO: Run Behavior\ReadHtmlCacheBehavior [ RunTime:0.000000s ]
INFO: [ app_begin ] --END-- [ RunTime:0.000000s ]
INFO: [ view_parse ] --START--
INFO: [ template_filter ] --START--
INFO: Run Behavior\ContentReplaceBehavior [ RunTime:0.000000s ]
INFO: [ template_filter ] --END-- [ RunTime:0.000000s ]
INFO: Run Behavior\ParseTemplateBehavior [ RunTime:0.015625s ]
INFO: [ view_parse ] --END-- [ RunTime:0.015625s ]
INFO: [ view_filter ] --START--
INFO: Run Behavior\WriteHtmlCacheBehavior [ RunTime:0.000000s ]
INFO: [ view_filter ] --END-- [ RunTime:0.000000s ]
INFO: [ app_end ] --START--
INFO: Run Behavior\ShowPageTraceBehavior [ RunTime:0.015625s ]
INFO: [ app_end ] --END-- [ RunTime:0.015625s ]

[ 2017-03-21T10:29:14+08:00 ] 110.184.61.85 /Home/Spending/totalYear
INFO: [ app_init ] --START--
INFO: Run Behavior\BuildLiteBehavior [ RunTime:0.000000s ]
INFO: [ app_init ] --END-- [ RunTime:0.000000s ]
INFO: [ app_begin ] --START--
INFO: Run Behavior\ReadHtmlCacheBehavior [ RunTime:0.000000s ]
INFO: [ app_begin ] --END-- [ RunTime:0.000000s ]

[ 2017-03-21T10:29:14+08:00 ] 110.184.61.85 /Home/Login/index
INFO: [ app_init ] --START--
INFO: Run Behavior\BuildLiteBehavior [ RunTime:0.000000s ]
INFO: [ app_init ] --END-- [ RunTime:0.000000s ]
INFO: [ app_begin ] --START--
INFO: Run Behavior\ReadHtmlCacheBehavior [ RunTime:0.000000s ]
INFO: [ app_begin ] --END-- [ RunTime:0.000000s ]
INFO: [ view_parse ] --START--
INFO: [ template_filter ] --START--
INFO: Run Behavior\ContentReplaceBehavior [ RunTime:0.000000s ]
INFO: [ template_filter ] --END-- [ RunTime:0.000000s ]
INFO: Run Behavior\ParseTemplateBehavior [ RunTime:0.015625s ]
INFO: [ view_parse ] --END-- [ RunTime:0.015625s ]
INFO: [ view_filter ] --START--
INFO: Run Behavior\WriteHtmlCacheBehavior [ RunTime:0.000000s ]
INFO: [ view_filter ] --END-- [ RunTime:0.000000s ]
INFO: [ app_end ] --START--
INFO: Run Behavior\ShowPageTraceBehavior [ RunTime:0.000000s ]
INFO: [ app_end ] --END-- [ RunTime:0.000000s ]

[ 2017-03-21T10:29:17+08:00 ] 110.184.61.85 /index.php/Home/Login/login.html
INFO: [ app_init ] --START--
INFO: Run Behavior\BuildLiteBehavior [ RunTime:0.000000s ]
INFO: [ app_init ] --END-- [ RunTime:0.000000s ]
INFO: [ app_begin ] --START--
INFO: Run Behavior\ReadHtmlCacheBehavior [ RunTime:0.000000s ]
INFO: [ app_begin ] --END-- [ RunTime:0.000000s ]
INFO: [ view_parse ] --START--
INFO: [ template_filter ] --START--
INFO: Run Behavior\ContentReplaceBehavior [ RunTime:0.015625s ]
INFO: [ template_filter ] --END-- [ RunTime:0.015625s ]
INFO: Run Behavior\ParseTemplateBehavior [ RunTime:0.031250s ]
INFO: [ view_parse ] --END-- [ RunTime:0.031250s ]
INFO: [ view_filter ] --START--
INFO: Run Behavior\WriteHtmlCacheBehavior [ RunTime:0.000000s ]
INFO: [ view_filter ] --END-- [ RunTime:0.000000s ]

[ 2017-03-21T10:29:18+08:00 ] 110.184.61.85 /index.php/Home/Login/index
INFO: [ app_init ] --START--
INFO: Run Behavior\BuildLiteBehavior [ RunTime:0.000000s ]
INFO: [ app_init ] --END-- [ RunTime:0.000000s ]
INFO: [ app_begin ] --START--
INFO: Run Behavior\ReadHtmlCacheBehavior [ RunTime:0.000000s ]
INFO: [ app_begin ] --END-- [ RunTime:0.000000s ]
INFO: [ view_parse ] --START--
INFO: [ template_filter ] --START--
INFO: Run Behavior\ContentReplaceBehavior [ RunTime:0.000000s ]
INFO: [ template_filter ] --END-- [ RunTime:0.000000s ]
INFO: Run Behavior\ParseTemplateBehavior [ RunTime:0.015625s ]
INFO: [ view_parse ] --END-- [ RunTime:0.015625s ]
INFO: [ view_filter ] --START--
INFO: Run Behavior\WriteHtmlCacheBehavior [ RunTime:0.000000s ]
INFO: [ view_filter ] --END-- [ RunTime:0.000000s ]
INFO: [ app_end ] --START--
INFO: Run Behavior\ShowPageTraceBehavior [ RunTime:0.000000s ]
INFO: [ app_end ] --END-- [ RunTime:0.000000s ]

[ 2017-03-21T10:29:21+08:00 ] 110.184.61.85 /index.php/Home/Login/checkUser.html
INFO: [ app_init ] --START--
INFO: Run Behavior\BuildLiteBehavior [ RunTime:0.000000s ]
INFO: [ app_init ] --END-- [ RunTime:0.000000s ]
INFO: [ app_begin ] --START--
INFO: Run Behavior\ReadHtmlCacheBehavior [ RunTime:0.000000s ]
INFO: [ app_begin ] --END-- [ RunTime:0.000000s ]
SQL: SHOW COLUMNS FROM `hospital_admin` [ RunTime:0.0156s ]
NOTIC: [8] Use of undefined constant tel - assumed 'tel' D:\wwwroot\sfwhlryy\wwwroot\Application\Home\Controller\LoginController.class.php 第 60 行.
SQL: SELECT * FROM `hospital_admin` WHERE `tel` = '13228595558' LIMIT 1   [ RunTime:0.0000s ]
NOTIC: [8] Undefined variable: errMsg D:\wwwroot\sfwhlryy\wwwroot\Application\Home\Controller\LoginController.class.php 第 70 行.

[ 2017-03-21T10:29:27+08:00 ] 110.184.61.85 /index.php/Home/Login/sendVerify.html
INFO: [ app_init ] --START--
INFO: Run Behavior\BuildLiteBehavior [ RunTime:0.000000s ]
INFO: [ app_init ] --END-- [ RunTime:0.000000s ]
INFO: [ app_begin ] --START--
INFO: Run Behavior\ReadHtmlCacheBehavior [ RunTime:0.000000s ]
INFO: [ app_begin ] --END-- [ RunTime:0.000000s ]
SQL: SHOW COLUMNS FROM `hospital_admin` [ RunTime:0.0000s ]
SQL: SHOW COLUMNS FROM `verify_record` [ RunTime:0.0313s ]
SQL: SELECT * FROM `hospital_admin` LIMIT 1   [ RunTime:0.0000s ]
SQL: INSERT INTO `verify_record` (`name`,`hospital_id`,`login_ip`) VALUES ('张三','10','110.184.61.85') [ RunTime:0.0313s ]

[ 2017-03-21T10:29:55+08:00 ] 110.184.61.85 /index.php/Home/Login/login.html
INFO: [ app_init ] --START--
INFO: Run Behavior\BuildLiteBehavior [ RunTime:0.000000s ]
INFO: [ app_init ] --END-- [ RunTime:0.000000s ]
INFO: [ app_begin ] --START--
INFO: Run Behavior\ReadHtmlCacheBehavior [ RunTime:0.000000s ]
INFO: [ app_begin ] --END-- [ RunTime:0.000000s ]
SQL: SHOW COLUMNS FROM `hospital_admin` [ RunTime:0.0000s ]
SQL: SELECT * FROM `hospital_admin` WHERE `tel` = '13228595558' LIMIT 1   [ RunTime:0.0000s ]
SQL: UPDATE `hospital_admin` SET `last_login_ip`='110.184.61.85',`last_login_date`='1490063395' WHERE `id` = 1 [ RunTime:0.1406s ]
INFO: [ view_parse ] --START--
INFO: [ template_filter ] --START--
INFO: Run Behavior\ContentReplaceBehavior [ RunTime:0.000000s ]
INFO: [ template_filter ] --END-- [ RunTime:0.000000s ]
INFO: Run Behavior\ParseTemplateBehavior [ RunTime:0.015625s ]
INFO: [ view_parse ] --END-- [ RunTime:0.015625s ]
INFO: [ view_filter ] --START--
INFO: Run Behavior\WriteHtmlCacheBehavior [ RunTime:0.000000s ]
INFO: [ view_filter ] --END-- [ RunTime:0.000000s ]
INFO: [ app_end ] --START--
INFO: Run Behavior\ShowPageTraceBehavior [ RunTime:0.000000s ]
INFO: [ app_end ] --END-- [ RunTime:0.000000s ]

[ 2017-03-21T10:29:56+08:00 ] 110.184.61.85 /Home/Index/index
INFO: [ app_init ] --START--
INFO: Run Behavior\BuildLiteBehavior [ RunTime:0.000000s ]
INFO: [ app_init ] --END-- [ RunTime:0.000000s ]
INFO: [ app_begin ] --START--
INFO: Run Behavior\ReadHtmlCacheBehavior [ RunTime:0.000000s ]
INFO: [ app_begin ] --END-- [ RunTime:0.000000s ]
SQL: SHOW COLUMNS FROM `hospital` [ RunTime:0.0000s ]
SQL: SHOW COLUMNS FROM `spending` [ RunTime:0.0156s ]
SQL: SHOW COLUMNS FROM `proportion` [ RunTime:0.0000s ]
SQL: SHOW COLUMNS FROM `rechange` [ RunTime:0.0000s ]
SQL: SELECT sum(money) as sum FROM `rechange` WHERE `hospital_id` = 10 LIMIT 1   [ RunTime:0.0000s ]
SQL: select p.percent,p.is_use,p.id,sum(s.cost_money) as cost_sum from proportion p join spending s on p.id=s.percentId where p.hospital_id=10 group by p.id; [ RunTime:0.0000s ]
SQL: SELECT * FROM `hospital` WHERE `id` = 10 LIMIT 1   [ RunTime:0.0000s ]
NOTIC: [8] Undefined variable: sum D:\wwwroot\sfwhlryy\wwwroot\Application\Home\Controller\IndexController.class.php 第 24 行.
SQL: SELECT * FROM `spending` WHERE `hospital_id` = '10' AND `spending_date` BETWEEN '2017-03-01' AND '2017-03-31'  [ RunTime:0.0000s ]
NOTIC: [8] Undefined index: sum_money D:\wwwroot\sfwhlryy\wwwroot\Application\Home\Controller\IndexController.class.php 第 40 行.
NOTIC: [8] Undefined index: sum_money D:\wwwroot\sfwhlryy\wwwroot\Application\Home\Controller\IndexController.class.php 第 40 行.
NOTIC: [8] Undefined index: sum_money D:\wwwroot\sfwhlryy\wwwroot\Application\Home\Controller\IndexController.class.php 第 40 行.
NOTIC: [8] Undefined index: sum_money D:\wwwroot\sfwhlryy\wwwroot\Application\Home\Controller\IndexController.class.php 第 40 行.
NOTIC: [8] Undefined index: sum_money D:\wwwroot\sfwhlryy\wwwroot\Application\Home\Controller\IndexController.class.php 第 40 行.
NOTIC: [8] Undefined index: sum_money D:\wwwroot\sfwhlryy\wwwroot\Application\Home\Controller\IndexController.class.php 第 40 行.
NOTIC: [8] Undefined index: sum_money D:\wwwroot\sfwhlryy\wwwroot\Application\Home\Controller\IndexController.class.php 第 40 行.
NOTIC: [8] Undefined index: sum_money D:\wwwroot\sfwhlryy\wwwroot\Application\Home\Controller\IndexController.class.php 第 40 行.
NOTIC: [8] Undefined index: sum_money D:\wwwroot\sfwhlryy\wwwroot\Application\Home\Controller\IndexController.class.php 第 40 行.
NOTIC: [8] Undefined index: sum_money D:\wwwroot\sfwhlryy\wwwroot\Application\Home\Controller\IndexController.class.php 第 40 行.
NOTIC: [8] Undefined index: sum_money D:\wwwroot\sfwhlryy\wwwroot\Application\Home\Controller\IndexController.class.php 第 40 行.
NOTIC: [8] Undefined index: sum_money D:\wwwroot\sfwhlryy\wwwroot\Application\Home\Controller\IndexController.class.php 第 40 行.
NOTIC: [8] Undefined index: sum_money D:\wwwroot\sfwhlryy\wwwroot\Application\Home\Controller\IndexController.class.php 第 40 行.
NOTIC: [8] Undefined index: sum_money D:\wwwroot\sfwhlryy\wwwroot\Application\Home\Controller\IndexController.class.php 第 40 行.
NOTIC: [8] Undefined index: sum_money D:\wwwroot\sfwhlryy\wwwroot\Application\Home\Controller\IndexController.class.php 第 40 行.
INFO: [ view_parse ] --START--
INFO: [ template_filter ] --START--
INFO: Run Behavior\ContentReplaceBehavior [ RunTime:0.000000s ]
INFO: [ template_filter ] --END-- [ RunTime:0.000000s ]
INFO: Run Behavior\ParseTemplateBehavior [ RunTime:0.312500s ]
INFO: [ view_parse ] --END-- [ RunTime:0.312500s ]
INFO: [ view_filter ] --START--
INFO: Run Behavior\WriteHtmlCacheBehavior [ RunTime:0.000000s ]
INFO: [ view_filter ] --END-- [ RunTime:0.000000s ]
INFO: [ app_end ] --START--
INFO: Run Behavior\ShowPageTraceBehavior [ RunTime:0.000000s ]
INFO: [ app_end ] --END-- [ RunTime:0.000000s ]

[ 2017-03-21T10:30:08+08:00 ] 110.184.61.85 /Home/Spending/totalMonth
INFO: [ app_init ] --START--
INFO: Run Behavior\BuildLiteBehavior [ RunTime:0.000000s ]
INFO: [ app_init ] --END-- [ RunTime:0.015625s ]
INFO: [ app_begin ] --START--
INFO: Run Behavior\ReadHtmlCacheBehavior [ RunTime:0.000000s ]
INFO: [ app_begin ] --END-- [ RunTime:0.000000s ]
SQL: SHOW COLUMNS FROM `spending` [ RunTime:0.0156s ]
SQL: SELECT * FROM `spending` INNER JOIN patient ON patient_tel = patient.tel  WHERE patient.hospital_id = '10' AND `spending_date` BETWEEN '2017-03-01' AND '2017-03-31'  [ RunTime:0.0625s ]
NOTIC: [8] Undefined index: 总额 D:\wwwroot\sfwhlryy\wwwroot\Application\Home\Controller\SpendingController.class.php 第 291 行.
NOTIC: [8] Undefined index: 消费总额 D:\wwwroot\sfwhlryy\wwwroot\Application\Home\Controller\SpendingController.class.php 第 291 行.
NOTIC: [8] Undefined index: money D:\wwwroot\sfwhlryy\wwwroot\Application\Home\Controller\SpendingController.class.php 第 291 行.
NOTIC: [8] Undefined index: 日期 D:\wwwroot\sfwhlryy\wwwroot\Application\Home\Controller\SpendingController.class.php 第 292 行.
NOTIC: [8] Undefined index: 2017-03-01 D:\wwwroot\sfwhlryy\wwwroot\Application\Home\Controller\SpendingController.class.php 第 292 行.
NOTIC: [8] Undefined index: money D:\wwwroot\sfwhlryy\wwwroot\Application\Home\Controller\SpendingController.class.php 第 292 行.
NOTIC: [8] Undefined index: 病种 D:\wwwroot\sfwhlryy\wwwroot\Application\Home\Controller\SpendingController.class.php 第 293 行.
NOTIC: [8] Undefined index: 萨达是 D:\wwwroot\sfwhlryy\wwwroot\Application\Home\Controller\SpendingController.class.php 第 293 行.
NOTIC: [8] Undefined index: money D:\wwwroot\sfwhlryy\wwwroot\Application\Home\Controller\SpendingController.class.php 第 293 行.
NOTIC: [8] Undefined index: 2017-03-02 D:\wwwroot\sfwhlryy\wwwroot\Application\Home\Controller\SpendingController.class.php 第 292 行.
NOTIC: [8] Undefined index: money D:\wwwroot\sfwhlryy\wwwroot\Application\Home\Controller\SpendingController.class.php 第 292 行.
NOTIC: [8] Undefined index: 2017-03-03 D:\wwwroot\sfwhlryy\wwwroot\Application\Home\Controller\SpendingController.class.php 第 292 行.
NOTIC: [8] Undefined index: money D:\wwwroot\sfwhlryy\wwwroot\Application\Home\Controller\SpendingController.class.php 第 292 行.
NOTIC: [8] Undefined index: 2017-03-04 D:\wwwroot\sfwhlryy\wwwroot\Application\Home\Controller\SpendingController.class.php 第 292 行.
NOTIC: [8] Undefined index: money D:\wwwroot\sfwhlryy\wwwroot\Application\Home\Controller\SpendingController.class.php 第 292 行.
NOTIC: [8] Undefined index: 2017-03-05 D:\wwwroot\sfwhlryy\wwwroot\Application\Home\Controller\SpendingController.class.php 第 292 行.
NOTIC: [8] Undefined index: money D:\wwwroot\sfwhlryy\wwwroot\Application\Home\Controller\SpendingController.class.php 第 292 行.
NOTIC: [8] Undefined index: 2017-03-06 D:\wwwroot\sfwhlryy\wwwroot\Application\Home\Controller\SpendingController.class.php 第 292 行.
NOTIC: [8] Undefined index: money D:\wwwroot\sfwhlryy\wwwroot\Application\Home\Controller\SpendingController.class.php 第 292 行.
NOTIC: [8] Undefined index: 2017-03-07 D:\wwwroot\sfwhlryy\wwwroot\Application\Home\Controller\SpendingController.class.php 第 292 行.
NOTIC: [8] Undefined index: money D:\wwwroot\sfwhlryy\wwwroot\Application\Home\Controller\SpendingController.class.php 第 292 行.
NOTIC: [8] Undefined index: 2017-03-08 D:\wwwroot\sfwhlryy\wwwroot\Application\Home\Controller\SpendingController.class.php 第 292 行.
NOTIC: [8] Undefined index: money D:\wwwroot\sfwhlryy\wwwroot\Application\Home\Controller\SpendingController.class.php 第 292 行.
NOTIC: [8] Undefined index: 2017-03-09 D:\wwwroot\sfwhlryy\wwwroot\Application\Home\Controller\SpendingController.class.php 第 292 行.
NOTIC: [8] Undefined index: money D:\wwwroot\sfwhlryy\wwwroot\Application\Home\Controller\SpendingController.class.php 第 292 行.
NOTIC: [8] Undefined index: 2017-03-10 D:\wwwroot\sfwhlryy\wwwroot\Application\Home\Controller\SpendingController.class.php 第 292 行.
NOTIC: [8] Undefined index: money D:\wwwroot\sfwhlryy\wwwroot\Application\Home\Controller\SpendingController.class.php 第 292 行.
NOTIC: [8] Undefined index: 2017-03-11 D:\wwwroot\sfwhlryy\wwwroot\Application\Home\Controller\SpendingController.class.php 第 292 行.
NOTIC: [8] Undefined index: money D:\wwwroot\sfwhlryy\wwwroot\Application\Home\Controller\SpendingController.class.php 第 292 行.
NOTIC: [8] Undefined index: count D:\wwwroot\sfwhlryy\wwwroot\Application\Home\Controller\SpendingController.class.php 第 295 行.
NOTIC: [8] Undefined index: count D:\wwwroot\sfwhlryy\wwwroot\Application\Home\Controller\SpendingController.class.php 第 296 行.
NOTIC: [8] Undefined index: 2017-03-12 D:\wwwroot\sfwhlryy\wwwroot\Application\Home\Controller\SpendingController.class.php 第 292 行.
NOTIC: [8] Undefined index: money D:\wwwroot\sfwhlryy\wwwroot\Application\Home\Controller\SpendingController.class.php 第 292 行.
NOTIC: [8] Undefined index: 2017-03-13 D:\wwwroot\sfwhlryy\wwwroot\Application\Home\Controller\SpendingController.class.php 第 292 行.
NOTIC: [8] Undefined index: money D:\wwwroot\sfwhlryy\wwwroot\Application\Home\Controller\SpendingController.class.php 第 292 行.
NOTIC: [8] Undefined index: 2017-03-14 D:\wwwroot\sfwhlryy\wwwroot\Application\Home\Controller\SpendingController.class.php 第 292 行.
NOTIC: [8] Undefined index: money D:\wwwroot\sfwhlryy\wwwroot\Application\Home\Controller\SpendingController.class.php 第 292 行.
NOTIC: [8] Undefined index: 2017-03-15 D:\wwwroot\sfwhlryy\wwwroot\Application\Home\Controller\SpendingController.class.php 第 292 行.
NOTIC: [8] Undefined index: money D:\wwwroot\sfwhlryy\wwwroot\Application\Home\Controller\SpendingController.class.php 第 292 行.
NOTIC: [8] Undefined index: 2017-03-16 D:\wwwroot\sfwhlryy\wwwroot\Application\Home\Controller\SpendingController.class.php 第 292 行.
NOTIC: [8] Undefined index: money D:\wwwroot\sfwhlryy\wwwroot\Application\Home\Controller\SpendingController.class.php 第 292 行.
NOTIC: [8] Undefined index: 2017-03-17 D:\wwwroot\sfwhlryy\wwwroot\Application\Home\Controller\SpendingController.class.php 第 292 行.
NOTIC: [8] Undefined index: money D:\wwwroot\sfwhlryy\wwwroot\Application\Home\Controller\SpendingController.class.php 第 292 行.
NOTIC: [8] Undefined index: 2017-03-18 D:\wwwroot\sfwhlryy\wwwroot\Application\Home\Controller\SpendingController.class.php 第 292 行.
NOTIC: [8] Undefined index: money D:\wwwroot\sfwhlryy\wwwroot\Application\Home\Controller\SpendingController.class.php 第 292 行.
NOTIC: [8] Undefined index: 2017-03-19 D:\wwwroot\sfwhlryy\wwwroot\Application\Home\Controller\SpendingController.class.php 第 292 行.
NOTIC: [8] Undefined index: money D:\wwwroot\sfwhlryy\wwwroot\Application\Home\Controller\SpendingController.class.php 第 292 行.
NOTIC: [8] Undefined index: 2017-03-20 D:\wwwroot\sfwhlryy\wwwroot\Application\Home\Controller\SpendingController.class.php 第 292 行.
NOTIC: [8] Undefined index: money D:\wwwroot\sfwhlryy\wwwroot\Application\Home\Controller\SpendingController.class.php 第 292 行.
NOTIC: [8] Undefined index: count D:\wwwroot\sfwhlryy\wwwroot\Application\Home\Controller\SpendingController.class.php 第 296 行.
NOTIC: [8] Undefined index: 2017-03-21 D:\wwwroot\sfwhlryy\wwwroot\Application\Home\Controller\SpendingController.class.php 第 292 行.
NOTIC: [8] Undefined index: money D:\wwwroot\sfwhlryy\wwwroot\Application\Home\Controller\SpendingController.class.php 第 292 行.
NOTIC: [8] Undefined index: 2017-03-22 D:\wwwroot\sfwhlryy\wwwroot\Application\Home\Controller\SpendingController.class.php 第 292 行.
NOTIC: [8] Undefined index: money D:\wwwroot\sfwhlryy\wwwroot\Application\Home\Controller\SpendingController.class.php 第 292 行.
NOTIC: [8] Undefined index: 2017-03-23 D:\wwwroot\sfwhlryy\wwwroot\Application\Home\Controller\SpendingController.class.php 第 292 行.
NOTIC: [8] Undefined index: money D:\wwwroot\sfwhlryy\wwwroot\Application\Home\Controller\SpendingController.class.php 第 292 行.
NOTIC: [8] Undefined index: 2017-03-24 D:\wwwroot\sfwhlryy\wwwroot\Application\Home\Controller\SpendingController.class.php 第 292 行.
NOTIC: [8] Undefined index: money D:\wwwroot\sfwhlryy\wwwroot\Application\Home\Controller\SpendingController.class.php 第 292 行.
NOTIC: [8] Undefined index: 2017-03-25 D:\wwwroot\sfwhlryy\wwwroot\Application\Home\Controller\SpendingController.class.php 第 292 行.
NOTIC: [8] Undefined index: money D:\wwwroot\sfwhlryy\wwwroot\Application\Home\Controller\SpendingController.class.php 第 292 行.
NOTIC: [8] Undefined index: 2017-03-26 D:\wwwroot\sfwhlryy\wwwroot\Application\Home\Controller\SpendingController.class.php 第 292 行.
NOTIC: [8] Undefined index: money D:\wwwroot\sfwhlryy\wwwroot\Application\Home\Controller\SpendingController.class.php 第 292 行.
NOTIC: [8] Undefined index: 2017-03-27 D:\wwwroot\sfwhlryy\wwwroot\Application\Home\Controller\SpendingController.class.php 第 292 行.
NOTIC: [8] Undefined index: money D:\wwwroot\sfwhlryy\wwwroot\Application\Home\Controller\SpendingController.class.php 第 292 行.
NOTIC: [8] Undefined index: 2017-03-28 D:\wwwroot\sfwhlryy\wwwroot\Application\Home\Controller\SpendingController.class.php 第 292 行.
NOTIC: [8] Undefined index: money D:\wwwroot\sfwhlryy\wwwroot\Application\Home\Controller\SpendingController.class.php 第 292 行.
NOTIC: [8] Undefined index: 2017-03-29 D:\wwwroot\sfwhlryy\wwwroot\Application\Home\Controller\SpendingController.class.php 第 292 行.
NOTIC: [8] Undefined index: money D:\wwwroot\sfwhlryy\wwwroot\Application\Home\Controller\SpendingController.class.php 第 292 行.
NOTIC: [8] Undefined index: 2017-03-30 D:\wwwroot\sfwhlryy\wwwroot\Application\Home\Controller\SpendingController.class.php 第 292 行.
NOTIC: [8] Undefined index: money D:\wwwroot\sfwhlryy\wwwroot\Application\Home\Controller\SpendingController.class.php 第 292 行.
NOTIC: [8] Undefined index: 2017-03-31 D:\wwwroot\sfwhlryy\wwwroot\Application\Home\Controller\SpendingController.class.php 第 292 行.
NOTIC: [8] Undefined index: money D:\wwwroot\sfwhlryy\wwwroot\Application\Home\Controller\SpendingController.class.php 第 292 行.
NOTIC: [8] Undefined index: 测试1 D:\wwwroot\sfwhlryy\wwwroot\Application\Home\Controller\SpendingController.class.php 第 293 行.
NOTIC: [8] Undefined index: money D:\wwwroot\sfwhlryy\wwwroot\Application\Home\Controller\SpendingController.class.php 第 293 行.
NOTIC: [8] Undefined index: asdas D:\wwwroot\sfwhlryy\wwwroot\Application\Home\Controller\SpendingController.class.php 第 293 行.
NOTIC: [8] Undefined index: money D:\wwwroot\sfwhlryy\wwwroot\Application\Home\Controller\SpendingController.class.php 第 293 行.
NOTIC: [8] Undefined index: 撒打开好几款 D:\wwwroot\sfwhlryy\wwwroot\Application\Home\Controller\SpendingController.class.php 第 293 行.
NOTIC: [8] Undefined index: money D:\wwwroot\sfwhlryy\wwwroot\Application\Home\Controller\SpendingController.class.php 第 293 行.
NOTIC: [8] Undefined index:  D:\wwwroot\sfwhlryy\wwwroot\Application\Home\Controller\SpendingController.class.php 第 293 行.
NOTIC: [8] Undefined index: money D:\wwwroot\sfwhlryy\wwwroot\Application\Home\Controller\SpendingController.class.php 第 293 行.
NOTIC: [8] Undefined index: 啊实打实 D:\wwwroot\sfwhlryy\wwwroot\Application\Home\Controller\SpendingController.class.php 第 293 行.
NOTIC: [8] Undefined index: money D:\wwwroot\sfwhlryy\wwwroot\Application\Home\Controller\SpendingController.class.php 第 293 行.
NOTIC: [8] Undefined index: asdasasd D:\wwwroot\sfwhlryy\wwwroot\Application\Home\Controller\SpendingController.class.php 第 293 行.
NOTIC: [8] Undefined index: money D:\wwwroot\sfwhlryy\wwwroot\Application\Home\Controller\SpendingController.class.php 第 293 行.
NOTIC: [8] Undefined index: 傻傻的萨打死 D:\wwwroot\sfwhlryy\wwwroot\Application\Home\Controller\SpendingController.class.php 第 293 行.
NOTIC: [8] Undefined index: money D:\wwwroot\sfwhlryy\wwwroot\Application\Home\Controller\SpendingController.class.php 第 293 行.
NOTIC: [8] Undefined index: count D:\wwwroot\sfwhlryy\wwwroot\Application\Home\Controller\SpendingController.class.php 第 295 行.
NOTIC: [8] Undefined index: 脑萎缩 D:\wwwroot\sfwhlryy\wwwroot\Application\Home\Controller\SpendingController.class.php 第 293 行.
NOTIC: [8] Undefined index: money D:\wwwroot\sfwhlryy\wwwroot\Application\Home\Controller\SpendingController.class.php 第 293 行.
NOTIC: [8] Undefined index: count D:\wwwroot\sfwhlryy\wwwroot\Application\Home\Controller\SpendingController.class.php 第 295 行.
INFO: [ view_parse ] --START--
INFO: [ template_filter ] --START--
INFO: Run Behavior\ContentReplaceBehavior [ RunTime:0.000000s ]
INFO: [ template_filter ] --END-- [ RunTime:0.000000s ]
NOTIC: [8] Undefined index: count D:\wwwroot\sfwhlryy\wwwroot\Application\Runtime\Cache\Home\aaad9bdae453e486c54fd3edd97a79c0.php 第 83 行.
NOTIC: [8] Undefined index: count D:\wwwroot\sfwhlryy\wwwroot\Application\Runtime\Cache\Home\aaad9bdae453e486c54fd3edd97a79c0.php 第 83 行.
NOTIC: [8] Undefined index: count D:\wwwroot\sfwhlryy\wwwroot\Application\Runtime\Cache\Home\aaad9bdae453e486c54fd3edd97a79c0.php 第 83 行.
NOTIC: [8] Undefined index: count D:\wwwroot\sfwhlryy\wwwroot\Application\Runtime\Cache\Home\aaad9bdae453e486c54fd3edd97a79c0.php 第 83 行.
NOTIC: [8] Undefined index: count D:\wwwroot\sfwhlryy\wwwroot\Application\Runtime\Cache\Home\aaad9bdae453e486c54fd3edd97a79c0.php 第 83 行.
NOTIC: [8] Undefined index: count D:\wwwroot\sfwhlryy\wwwroot\Application\Runtime\Cache\Home\aaad9bdae453e486c54fd3edd97a79c0.php 第 83 行.
NOTIC: [8] Undefined index: count D:\wwwroot\sfwhlryy\wwwroot\Application\Runtime\Cache\Home\aaad9bdae453e486c54fd3edd97a79c0.php 第 83 行.
NOTIC: [8] Undefined index: count D:\wwwroot\sfwhlryy\wwwroot\Application\Runtime\Cache\Home\aaad9bdae453e486c54fd3edd97a79c0.php 第 83 行.
NOTIC: [8] Undefined index: count D:\wwwroot\sfwhlryy\wwwroot\Application\Runtime\Cache\Home\aaad9bdae453e486c54fd3edd97a79c0.php 第 83 行.
NOTIC: [8] Undefined index: count D:\wwwroot\sfwhlryy\wwwroot\Application\Runtime\Cache\Home\aaad9bdae453e486c54fd3edd97a79c0.php 第 83 行.
NOTIC: [8] Undefined index: count D:\wwwroot\sfwhlryy\wwwroot\Application\Runtime\Cache\Home\aaad9bdae453e486c54fd3edd97a79c0.php 第 83 行.
NOTIC: [8] Undefined index: count D:\wwwroot\sfwhlryy\wwwroot\Application\Runtime\Cache\Home\aaad9bdae453e486c54fd3edd97a79c0.php 第 83 行.
NOTIC: [8] Undefined index: count D:\wwwroot\sfwhlryy\wwwroot\Application\Runtime\Cache\Home\aaad9bdae453e486c54fd3edd97a79c0.php 第 83 行.
NOTIC: [8] Undefined index: count D:\wwwroot\sfwhlryy\wwwroot\Application\Runtime\Cache\Home\aaad9bdae453e486c54fd3edd97a79c0.php 第 83 行.
NOTIC: [8] Undefined index: count D:\wwwroot\sfwhlryy\wwwroot\Application\Runtime\Cache\Home\aaad9bdae453e486c54fd3edd97a79c0.php 第 83 行.
NOTIC: [8] Undefined index: count D:\wwwroot\sfwhlryy\wwwroot\Application\Runtime\Cache\Home\aaad9bdae453e486c54fd3edd97a79c0.php 第 83 行.
NOTIC: [8] Undefined index: count D:\wwwroot\sfwhlryy\wwwroot\Application\Runtime\Cache\Home\aaad9bdae453e486c54fd3edd97a79c0.php 第 83 行.
NOTIC: [8] Undefined index: count D:\wwwroot\sfwhlryy\wwwroot\Application\Runtime\Cache\Home\aaad9bdae453e486c54fd3edd97a79c0.php 第 83 行.
NOTIC: [8] Undefined index: count D:\wwwroot\sfwhlryy\wwwroot\Application\Runtime\Cache\Home\aaad9bdae453e486c54fd3edd97a79c0.php 第 83 行.
NOTIC: [8] Undefined index: count D:\wwwroot\sfwhlryy\wwwroot\Application\Runtime\Cache\Home\aaad9bdae453e486c54fd3edd97a79c0.php 第 83 行.
NOTIC: [8] Undefined index: count D:\wwwroot\sfwhlryy\wwwroot\Application\Runtime\Cache\Home\aaad9bdae453e486c54fd3edd97a79c0.php 第 83 行.
NOTIC: [8] Undefined index: count D:\wwwroot\sfwhlryy\wwwroot\Application\Runtime\Cache\Home\aaad9bdae453e486c54fd3edd97a79c0.php 第 83 行.
NOTIC: [8] Undefined index: count D:\wwwroot\sfwhlryy\wwwroot\Application\Runtime\Cache\Home\aaad9bdae453e486c54fd3edd97a79c0.php 第 83 行.
NOTIC: [8] Undefined index: count D:\wwwroot\sfwhlryy\wwwroot\Application\Runtime\Cache\Home\aaad9bdae453e486c54fd3edd97a79c0.php 第 83 行.
NOTIC: [8] Undefined index: count D:\wwwroot\sfwhlryy\wwwroot\Application\Runtime\Cache\Home\aaad9bdae453e486c54fd3edd97a79c0.php 第 83 行.
NOTIC: [8] Undefined index: count D:\wwwroot\sfwhlryy\wwwroot\Application\Runtime\Cache\Home\aaad9bdae453e486c54fd3edd97a79c0.php 第 83 行.
NOTIC: [8] Undefined index: count D:\wwwroot\sfwhlryy\wwwroot\Application\Runtime\Cache\Home\aaad9bdae453e486c54fd3edd97a79c0.php 第 83 行.
NOTIC: [8] Undefined index: count D:\wwwroot\sfwhlryy\wwwroot\Application\Runtime\Cache\Home\aaad9bdae453e486c54fd3edd97a79c0.php 第 83 行.
NOTIC: [8] Undefined index: count D:\wwwroot\sfwhlryy\wwwroot\Application\Runtime\Cache\Home\aaad9bdae453e486c54fd3edd97a79c0.php 第 83 行.
NOTIC: [8] Undefined index: count D:\wwwroot\sfwhlryy\wwwroot\Application\Runtime\Cache\Home\aaad9bdae453e486c54fd3edd97a79c0.php 第 83 行.
NOTIC: [8] Undefined index: count D:\wwwroot\sfwhlryy\wwwroot\Application\Runtime\Cache\Home\aaad9bdae453e486c54fd3edd97a79c0.php 第 83 行.
NOTIC: [8] Undefined index: count D:\wwwroot\sfwhlryy\wwwroot\Application\Runtime\Cache\Home\aaad9bdae453e486c54fd3edd97a79c0.php 第 83 行.
NOTIC: [8] Undefined index: count D:\wwwroot\sfwhlryy\wwwroot\Application\Runtime\Cache\Home\aaad9bdae453e486c54fd3edd97a79c0.php 第 83 行.
NOTIC: [8] Undefined index: count D:\wwwroot\sfwhlryy\wwwroot\Application\Runtime\Cache\Home\aaad9bdae453e486c54fd3edd97a79c0.php 第 83 行.
NOTIC: [8] Undefined index: count D:\wwwroot\sfwhlryy\wwwroot\Application\Runtime\Cache\Home\aaad9bdae453e486c54fd3edd97a79c0.php 第 83 行.
INFO: Run Behavior\ParseTemplateBehavior [ RunTime:0.078125s ]
INFO: [ view_parse ] --END-- [ RunTime:0.078125s ]
INFO: [ view_filter ] --START--
INFO: Run Behavior\WriteHtmlCacheBehavior [ RunTime:0.000000s ]
INFO: [ view_filter ] --END-- [ RunTime:0.000000s ]
INFO: [ app_end ] --START--
INFO: Run Behavior\ShowPageTraceBehavior [ RunTime:0.031250s ]
INFO: [ app_end ] --END-- [ RunTime:0.031250s ]

[ 2017-03-21T10:30:19+08:00 ] 110.184.61.85 /Home/Spending/totalMonth?date=2017-02
INFO: [ app_init ] --START--
INFO: Run Behavior\BuildLiteBehavior [ RunTime:0.000000s ]
INFO: [ app_init ] --END-- [ RunTime:0.000000s ]
INFO: [ app_begin ] --START--
INFO: Run Behavior\ReadHtmlCacheBehavior [ RunTime:0.000000s ]
INFO: [ app_begin ] --END-- [ RunTime:0.000000s ]
SQL: SHOW COLUMNS FROM `spending` [ RunTime:0.0000s ]
SQL: SELECT * FROM `spending` INNER JOIN patient ON patient_tel = patient.tel  WHERE patient.hospital_id = '10' AND `spending_date` BETWEEN '2017-02-01' AND '2017-02-28'  [ RunTime:0.0469s ]
NOTIC: [8] Undefined index: 总额 D:\wwwroot\sfwhlryy\wwwroot\Application\Home\Controller\SpendingController.class.php 第 291 行.
NOTIC: [8] Undefined index: 消费总额 D:\wwwroot\sfwhlryy\wwwroot\Application\Home\Controller\SpendingController.class.php 第 291 行.
NOTIC: [8] Undefined index: money D:\wwwroot\sfwhlryy\wwwroot\Application\Home\Controller\SpendingController.class.php 第 291 行.
NOTIC: [8] Undefined index: 日期 D:\wwwroot\sfwhlryy\wwwroot\Application\Home\Controller\SpendingController.class.php 第 292 行.
NOTIC: [8] Undefined index: 2017-02-01 D:\wwwroot\sfwhlryy\wwwroot\Application\Home\Controller\SpendingController.class.php 第 292 行.
NOTIC: [8] Undefined index: money D:\wwwroot\sfwhlryy\wwwroot\Application\Home\Controller\SpendingController.class.php 第 292 行.
NOTIC: [8] Undefined index: 病种 D:\wwwroot\sfwhlryy\wwwroot\Application\Home\Controller\SpendingController.class.php 第 293 行.
NOTIC: [8] Undefined index: 萨达是 D:\wwwroot\sfwhlryy\wwwroot\Application\Home\Controller\SpendingController.class.php 第 293 行.
NOTIC: [8] Undefined index: money D:\wwwroot\sfwhlryy\wwwroot\Application\Home\Controller\SpendingController.class.php 第 293 行.
NOTIC: [8] Undefined index: 2017-02-02 D:\wwwroot\sfwhlryy\wwwroot\Application\Home\Controller\SpendingController.class.php 第 292 行.
NOTIC: [8] Undefined index: money D:\wwwroot\sfwhlryy\wwwroot\Application\Home\Controller\SpendingController.class.php 第 292 行.
NOTIC: [8] Undefined index: 2017-02-03 D:\wwwroot\sfwhlryy\wwwroot\Application\Home\Controller\SpendingController.class.php 第 292 行.
NOTIC: [8] Undefined index: money D:\wwwroot\sfwhlryy\wwwroot\Application\Home\Controller\SpendingController.class.php 第 292 行.
NOTIC: [8] Undefined index: 2017-02-04 D:\wwwroot\sfwhlryy\wwwroot\Application\Home\Controller\SpendingController.class.php 第 292 行.
NOTIC: [8] Undefined index: money D:\wwwroot\sfwhlryy\wwwroot\Application\Home\Controller\SpendingController.class.php 第 292 行.
NOTIC: [8] Undefined index: 2017-02-05 D:\wwwroot\sfwhlryy\wwwroot\Application\Home\Controller\SpendingController.class.php 第 292 行.
NOTIC: [8] Undefined index: money D:\wwwroot\sfwhlryy\wwwroot\Application\Home\Controller\SpendingController.class.php 第 292 行.
NOTIC: [8] Undefined index: 2017-02-06 D:\wwwroot\sfwhlryy\wwwroot\Application\Home\Controller\SpendingController.class.php 第 292 行.
NOTIC: [8] Undefined index: money D:\wwwroot\sfwhlryy\wwwroot\Application\Home\Controller\SpendingController.class.php 第 292 行.
NOTIC: [8] Undefined index: 2017-02-07 D:\wwwroot\sfwhlryy\wwwroot\Application\Home\Controller\SpendingController.class.php 第 292 行.
NOTIC: [8] Undefined index: money D:\wwwroot\sfwhlryy\wwwroot\Application\Home\Controller\SpendingController.class.php 第 292 行.
NOTIC: [8] Undefined index: 2017-02-08 D:\wwwroot\sfwhlryy\wwwroot\Application\Home\Controller\SpendingController.class.php 第 292 行.
NOTIC: [8] Undefined index: money D:\wwwroot\sfwhlryy\wwwroot\Application\Home\Controller\SpendingController.class.php 第 292 行.
NOTIC: [8] Undefined index: 2017-02-09 D:\wwwroot\sfwhlryy\wwwroot\Application\Home\Controller\SpendingController.class.php 第 292 行.
NOTIC: [8] Undefined index: money D:\wwwroot\sfwhlryy\wwwroot\Application\Home\Controller\SpendingController.class.php 第 292 行.
NOTIC: [8] Undefined index: 2017-02-10 D:\wwwroot\sfwhlryy\wwwroot\Application\Home\Controller\SpendingController.class.php 第 292 行.
NOTIC: [8] Undefined index: money D:\wwwroot\sfwhlryy\wwwroot\Application\Home\Controller\SpendingController.class.php 第 292 行.
NOTIC: [8] Undefined index: 2017-02-11 D:\wwwroot\sfwhlryy\wwwroot\Application\Home\Controller\SpendingController.class.php 第 292 行.
NOTIC: [8] Undefined index: money D:\wwwroot\sfwhlryy\wwwroot\Application\Home\Controller\SpendingController.class.php 第 292 行.
NOTIC: [8] Undefined index: count D:\wwwroot\sfwhlryy\wwwroot\Application\Home\Controller\SpendingController.class.php 第 295 行.
NOTIC: [8] Undefined index: count D:\wwwroot\sfwhlryy\wwwroot\Application\Home\Controller\SpendingController.class.php 第 296 行.
NOTIC: [8] Undefined index: 2017-02-12 D:\wwwroot\sfwhlryy\wwwroot\Application\Home\Controller\SpendingController.class.php 第 292 行.
NOTIC: [8] Undefined index: money D:\wwwroot\sfwhlryy\wwwroot\Application\Home\Controller\SpendingController.class.php 第 292 行.
NOTIC: [8] Undefined index: 2017-02-13 D:\wwwroot\sfwhlryy\wwwroot\Application\Home\Controller\SpendingController.class.php 第 292 行.
NOTIC: [8] Undefined index: money D:\wwwroot\sfwhlryy\wwwroot\Application\Home\Controller\SpendingController.class.php 第 292 行.
NOTIC: [8] Undefined index: count D:\wwwroot\sfwhlryy\wwwroot\Application\Home\Controller\SpendingController.class.php 第 296 行.
NOTIC: [8] Undefined index: 2017-02-14 D:\wwwroot\sfwhlryy\wwwroot\Application\Home\Controller\SpendingController.class.php 第 292 行.
NOTIC: [8] Undefined index: money D:\wwwroot\sfwhlryy\wwwroot\Application\Home\Controller\SpendingController.class.php 第 292 行.
NOTIC: [8] Undefined index: 2017-02-15 D:\wwwroot\sfwhlryy\wwwroot\Application\Home\Controller\SpendingController.class.php 第 292 行.
NOTIC: [8] Undefined index: money D:\wwwroot\sfwhlryy\wwwroot\Application\Home\Controller\SpendingController.class.php 第 292 行.
NOTIC: [8] Undefined index: 2017-02-16 D:\wwwroot\sfwhlryy\wwwroot\Application\Home\Controller\SpendingController.class.php 第 292 行.
NOTIC: [8] Undefined index: money D:\wwwroot\sfwhlryy\wwwroot\Application\Home\Controller\SpendingController.class.php 第 292 行.
NOTIC: [8] Undefined index: 2017-02-17 D:\wwwroot\sfwhlryy\wwwroot\Application\Home\Controller\SpendingController.class.php 第 292 行.
NOTIC: [8] Undefined index: money D:\wwwroot\sfwhlryy\wwwroot\Application\Home\Controller\SpendingController.class.php 第 292 行.
NOTIC: [8] Undefined index: 2017-02-18 D:\wwwroot\sfwhlryy\wwwroot\Application\Home\Controller\SpendingController.class.php 第 292 行.
NOTIC: [8] Undefined index: money D:\wwwroot\sfwhlryy\wwwroot\Application\Home\Controller\SpendingController.class.php 第 292 行.
NOTIC: [8] Undefined index: 2017-02-19 D:\wwwroot\sfwhlryy\wwwroot\Application\Home\Controller\SpendingController.class.php 第 292 行.
NOTIC: [8] Undefined index: money D:\wwwroot\sfwhlryy\wwwroot\Application\Home\Controller\SpendingController.class.php 第 292 行.
NOTIC: [8] Undefined index: 2017-02-20 D:\wwwroot\sfwhlryy\wwwroot\Application\Home\Controller\SpendingController.class.php 第 292 行.
NOTIC: [8] Undefined index: money D:\wwwroot\sfwhlryy\wwwroot\Application\Home\Controller\SpendingController.class.php 第 292 行.
NOTIC: [8] Undefined index: 2017-02-21 D:\wwwroot\sfwhlryy\wwwroot\Application\Home\Controller\SpendingController.class.php 第 292 行.
NOTIC: [8] Undefined index: money D:\wwwroot\sfwhlryy\wwwroot\Application\Home\Controller\SpendingController.class.php 第 292 行.
NOTIC: [8] Undefined index: 2017-02-22 D:\wwwroot\sfwhlryy\wwwroot\Application\Home\Controller\SpendingController.class.php 第 292 行.
NOTIC: [8] Undefined index: money D:\wwwroot\sfwhlryy\wwwroot\Application\Home\Controller\SpendingController.class.php 第 292 行.
NOTIC: [8] Undefined index: 2017-02-23 D:\wwwroot\sfwhlryy\wwwroot\Application\Home\Controller\SpendingController.class.php 第 292 行.
NOTIC: [8] Undefined index: money D:\wwwroot\sfwhlryy\wwwroot\Application\Home\Controller\SpendingController.class.php 第 292 行.
NOTIC: [8] Undefined index: 2017-02-24 D:\wwwroot\sfwhlryy\wwwroot\Application\Home\Controller\SpendingController.class.php 第 292 行.
NOTIC: [8] Undefined index: money D:\wwwroot\sfwhlryy\wwwroot\Application\Home\Controller\SpendingController.class.php 第 292 行.
NOTIC: [8] Undefined index: 2017-02-25 D:\wwwroot\sfwhlryy\wwwroot\Application\Home\Controller\SpendingController.class.php 第 292 行.
NOTIC: [8] Undefined index: money D:\wwwroot\sfwhlryy\wwwroot\Application\Home\Controller\SpendingController.class.php 第 292 行.
NOTIC: [8] Undefined index: 2017-02-26 D:\wwwroot\sfwhlryy\wwwroot\Application\Home\Controller\SpendingController.class.php 第 292 行.
NOTIC: [8] Undefined index: money D:\wwwroot\sfwhlryy\wwwroot\Application\Home\Controller\SpendingController.class.php 第 292 行.
NOTIC: [8] Undefined index: 2017-02-27 D:\wwwroot\sfwhlryy\wwwroot\Application\Home\Controller\SpendingController.class.php 第 292 行.
NOTIC: [8] Undefined index: money D:\wwwroot\sfwhlryy\wwwroot\Application\Home\Controller\SpendingController.class.php 第 292 行.
NOTIC: [8] Undefined index: 2017-02-28 D:\wwwroot\sfwhlryy\wwwroot\Application\Home\Controller\SpendingController.class.php 第 292 行.
NOTIC: [8] Undefined index: money D:\wwwroot\sfwhlryy\wwwroot\Application\Home\Controller\SpendingController.class.php 第 292 行.
NOTIC: [8] Undefined index: count D:\wwwroot\sfwhlryy\wwwroot\Application\Home\Controller\SpendingController.class.php 第 296 行.
NOTIC: [8] Undefined index: 测试1 D:\wwwroot\sfwhlryy\wwwroot\Application\Home\Controller\SpendingController.class.php 第 293 行.
NOTIC: [8] Undefined index: money D:\wwwroot\sfwhlryy\wwwroot\Application\Home\Controller\SpendingController.class.php 第 293 行.
NOTIC: [8] Undefined index: asdas D:\wwwroot\sfwhlryy\wwwroot\Application\Home\Controller\SpendingController.class.php 第 293 行.
NOTIC: [8] Undefined index: money D:\wwwroot\sfwhlryy\wwwroot\Application\Home\Controller\SpendingController.class.php 第 293 行.
NOTIC: [8] Undefined index: 撒打开好几款 D:\wwwroot\sfwhlryy\wwwroot\Application\Home\Controller\SpendingController.class.php 第 293 行.
NOTIC: [8] Undefined index: money D:\wwwroot\sfwhlryy\wwwroot\Application\Home\Controller\SpendingController.class.php 第 293 行.
NOTIC: [8] Undefined index: count D:\wwwroot\sfwhlryy\wwwroot\Application\Home\Controller\SpendingController.class.php 第 295 行.
NOTIC: [8] Undefined index:  D:\wwwroot\sfwhlryy\wwwroot\Application\Home\Controller\SpendingController.class.php 第 293 行.
NOTIC: [8] Undefined index: money D:\wwwroot\sfwhlryy\wwwroot\Application\Home\Controller\SpendingController.class.php 第 293 行.
NOTIC: [8] Undefined index: 啊实打实 D:\wwwroot\sfwhlryy\wwwroot\Application\Home\Controller\SpendingController.class.php 第 293 行.
NOTIC: [8] Undefined index: money D:\wwwroot\sfwhlryy\wwwroot\Application\Home\Controller\SpendingController.class.php 第 293 行.
NOTIC: [8] Undefined index: count D:\wwwroot\sfwhlryy\wwwroot\Application\Home\Controller\SpendingController.class.php 第 295 行.
NOTIC: [8] Undefined index: count D:\wwwroot\sfwhlryy\wwwroot\Application\Home\Controller\SpendingController.class.php 第 296 行.
NOTIC: [8] Undefined index: asdasasd D:\wwwroot\sfwhlryy\wwwroot\Application\Home\Controller\SpendingController.class.php 第 293 行.
NOTIC: [8] Undefined index: money D:\wwwroot\sfwhlryy\wwwroot\Application\Home\Controller\SpendingController.class.php 第 293 行.
NOTIC: [8] Undefined index: count D:\wwwroot\sfwhlryy\wwwroot\Application\Home\Controller\SpendingController.class.php 第 295 行.
NOTIC: [8] Undefined index: count D:\wwwroot\sfwhlryy\wwwroot\Application\Home\Controller\SpendingController.class.php 第 296 行.
NOTIC: [8] Undefined index: 傻傻的萨打死 D:\wwwroot\sfwhlryy\wwwroot\Application\Home\Controller\SpendingController.class.php 第 293 行.
NOTIC: [8] Undefined index: money D:\wwwroot\sfwhlryy\wwwroot\Application\Home\Controller\SpendingController.class.php 第 293 行.
INFO: [ view_parse ] --START--
INFO: [ template_filter ] --START--
INFO: Run Behavior\ContentReplaceBehavior [ RunTime:0.000000s ]
INFO: [ template_filter ] --END-- [ RunTime:0.000000s ]
NOTIC: [8] Undefined index: count D:\wwwroot\sfwhlryy\wwwroot\Application\Runtime\Cache\Home\aaad9bdae453e486c54fd3edd97a79c0.php 第 83 行.
NOTIC: [8] Undefined index: count D:\wwwroot\sfwhlryy\wwwroot\Application\Runtime\Cache\Home\aaad9bdae453e486c54fd3edd97a79c0.php 第 83 行.
NOTIC: [8] Undefined index: count D:\wwwroot\sfwhlryy\wwwroot\Application\Runtime\Cache\Home\aaad9bdae453e486c54fd3edd97a79c0.php 第 83 行.
NOTIC: [8] Undefined index: count D:\wwwroot\sfwhlryy\wwwroot\Application\Runtime\Cache\Home\aaad9bdae453e486c54fd3edd97a79c0.php 第 83 行.
NOTIC: [8] Undefined index: count D:\wwwroot\sfwhlryy\wwwroot\Application\Runtime\Cache\Home\aaad9bdae453e486c54fd3edd97a79c0.php 第 83 行.
NOTIC: [8] Undefined index: count D:\wwwroot\sfwhlryy\wwwroot\Application\Runtime\Cache\Home\aaad9bdae453e486c54fd3edd97a79c0.php 第 83 行.
NOTIC: [8] Undefined index: count D:\wwwroot\sfwhlryy\wwwroot\Application\Runtime\Cache\Home\aaad9bdae453e486c54fd3edd97a79c0.php 第 83 行.
NOTIC: [8] Undefined index: count D:\wwwroot\sfwhlryy\wwwroot\Application\Runtime\Cache\Home\aaad9bdae453e486c54fd3edd97a79c0.php 第 83 行.
NOTIC: [8] Undefined index: count D:\wwwroot\sfwhlryy\wwwroot\Application\Runtime\Cache\Home\aaad9bdae453e486c54fd3edd97a79c0.php 第 83 行.
NOTIC: [8] Undefined index: count D:\wwwroot\sfwhlryy\wwwroot\Application\Runtime\Cache\Home\aaad9bdae453e486c54fd3edd97a79c0.php 第 83 行.
NOTIC: [8] Undefined index: count D:\wwwroot\sfwhlryy\wwwroot\Application\Runtime\Cache\Home\aaad9bdae453e486c54fd3edd97a79c0.php 第 83 行.
NOTIC: [8] Undefined index: count D:\wwwroot\sfwhlryy\wwwroot\Application\Runtime\Cache\Home\aaad9bdae453e486c54fd3edd97a79c0.php 第 83 行.
NOTIC: [8] Undefined index: count D:\wwwroot\sfwhlryy\wwwroot\Application\Runtime\Cache\Home\aaad9bdae453e486c54fd3edd97a79c0.php 第 83 行.
NOTIC: [8] Undefined index: count D:\wwwroot\sfwhlryy\wwwroot\Application\Runtime\Cache\Home\aaad9bdae453e486c54fd3edd97a79c0.php 第 83 行.
NOTIC: [8] Undefined index: count D:\wwwroot\sfwhlryy\wwwroot\Application\Runtime\Cache\Home\aaad9bdae453e486c54fd3edd97a79c0.php 第 83 行.
NOTIC: [8] Undefined index: count D:\wwwroot\sfwhlryy\wwwroot\Application\Runtime\Cache\Home\aaad9bdae453e486c54fd3edd97a79c0.php 第 83 行.
NOTIC: [8] Undefined index: count D:\wwwroot\sfwhlryy\wwwroot\Application\Runtime\Cache\Home\aaad9bdae453e486c54fd3edd97a79c0.php 第 83 行.
NOTIC: [8] Undefined index: count D:\wwwroot\sfwhlryy\wwwroot\Application\Runtime\Cache\Home\aaad9bdae453e486c54fd3edd97a79c0.php 第 83 行.
NOTIC: [8] Undefined index: count D:\wwwroot\sfwhlryy\wwwroot\Application\Runtime\Cache\Home\aaad9bdae453e486c54fd3edd97a79c0.php 第 83 行.
NOTIC: [8] Undefined index: count D:\wwwroot\sfwhlryy\wwwroot\Application\Runtime\Cache\Home\aaad9bdae453e486c54fd3edd97a79c0.php 第 83 行.
NOTIC: [8] Undefined index: count D:\wwwroot\sfwhlryy\wwwroot\Application\Runtime\Cache\Home\aaad9bdae453e486c54fd3edd97a79c0.php 第 83 行.
NOTIC: [8] Undefined index: count D:\wwwroot\sfwhlryy\wwwroot\Application\Runtime\Cache\Home\aaad9bdae453e486c54fd3edd97a79c0.php 第 83 行.
NOTIC: [8] Undefined index: count D:\wwwroot\sfwhlryy\wwwroot\Application\Runtime\Cache\Home\aaad9bdae453e486c54fd3edd97a79c0.php 第 83 行.
NOTIC: [8] Undefined index: count D:\wwwroot\sfwhlryy\wwwroot\Application\Runtime\Cache\Home\aaad9bdae453e486c54fd3edd97a79c0.php 第 83 行.
NOTIC: [8] Undefined index: count D:\wwwroot\sfwhlryy\wwwroot\Application\Runtime\Cache\Home\aaad9bdae453e486c54fd3edd97a79c0.php 第 83 行.
NOTIC: [8] Undefined index: count D:\wwwroot\sfwhlryy\wwwroot\Application\Runtime\Cache\Home\aaad9bdae453e486c54fd3edd97a79c0.php 第 83 行.
NOTIC: [8] Undefined index: count D:\wwwroot\sfwhlryy\wwwroot\Application\Runtime\Cache\Home\aaad9bdae453e486c54fd3edd97a79c0.php 第 83 行.
INFO: Run Behavior\ParseTemplateBehavior [ RunTime:0.031250s ]
INFO: [ view_parse ] --END-- [ RunTime:0.031250s ]
INFO: [ view_filter ] --START--
INFO: Run Behavior\WriteHtmlCacheBehavior [ RunTime:0.000000s ]
INFO: [ view_filter ] --END-- [ RunTime:0.000000s ]
INFO: [ app_end ] --START--
INFO: Run Behavior\ShowPageTraceBehavior [ RunTime:0.000000s ]
INFO: [ app_end ] --END-- [ RunTime:0.000000s ]

[ 2017-03-21T10:31:01+08:00 ] 110.184.61.85 /Home/Spending/totalMonth?date=2017-02
INFO: [ app_init ] --START--
INFO: Run Behavior\BuildLiteBehavior [ RunTime:0.000000s ]
INFO: [ app_init ] --END-- [ RunTime:0.000000s ]
INFO: [ app_begin ] --START--
INFO: Run Behavior\ReadHtmlCacheBehavior [ RunTime:0.015625s ]
INFO: [ app_begin ] --END-- [ RunTime:0.015625s ]
SQL: SHOW COLUMNS FROM `spending` [ RunTime:0.0000s ]
SQL: SELECT * FROM `spending` INNER JOIN patient ON patient_tel = patient.tel  WHERE patient.hospital_id = '10' AND `spending_date` BETWEEN '2017-02-01' AND '2017-02-28'  [ RunTime:0.0625s ]
NOTIC: [8] Undefined index: 总额 D:\wwwroot\sfwhlryy\wwwroot\Application\Home\Controller\SpendingController.class.php 第 291 行.
NOTIC: [8] Undefined index: 消费总额 D:\wwwroot\sfwhlryy\wwwroot\Application\Home\Controller\SpendingController.class.php 第 291 行.
NOTIC: [8] Undefined index: money D:\wwwroot\sfwhlryy\wwwroot\Application\Home\Controller\SpendingController.class.php 第 291 行.
NOTIC: [8] Undefined index: 日期 D:\wwwroot\sfwhlryy\wwwroot\Application\Home\Controller\SpendingController.class.php 第 292 行.
NOTIC: [8] Undefined index: 2017-02-01 D:\wwwroot\sfwhlryy\wwwroot\Application\Home\Controller\SpendingController.class.php 第 292 行.
NOTIC: [8] Undefined index: money D:\wwwroot\sfwhlryy\wwwroot\Application\Home\Controller\SpendingController.class.php 第 292 行.
NOTIC: [8] Undefined index: 病种 D:\wwwroot\sfwhlryy\wwwroot\Application\Home\Controller\SpendingController.class.php 第 293 行.
NOTIC: [8] Undefined index: 萨达是 D:\wwwroot\sfwhlryy\wwwroot\Application\Home\Controller\SpendingController.class.php 第 293 行.
NOTIC: [8] Undefined index: money D:\wwwroot\sfwhlryy\wwwroot\Application\Home\Controller\SpendingController.class.php 第 293 行.
NOTIC: [8] Undefined index: 2017-02-02 D:\wwwroot\sfwhlryy\wwwroot\Application\Home\Controller\SpendingController.class.php 第 292 行.
NOTIC: [8] Undefined index: money D:\wwwroot\sfwhlryy\wwwroot\Application\Home\Controller\SpendingController.class.php 第 292 行.
NOTIC: [8] Undefined index: 2017-02-03 D:\wwwroot\sfwhlryy\wwwroot\Application\Home\Controller\SpendingController.class.php 第 292 行.
NOTIC: [8] Undefined index: money D:\wwwroot\sfwhlryy\wwwroot\Application\Home\Controller\SpendingController.class.php 第 292 行.
NOTIC: [8] Undefined index: 2017-02-04 D:\wwwroot\sfwhlryy\wwwroot\Application\Home\Controller\SpendingController.class.php 第 292 行.
NOTIC: [8] Undefined index: money D:\wwwroot\sfwhlryy\wwwroot\Application\Home\Controller\SpendingController.class.php 第 292 行.
NOTIC: [8] Undefined index: 2017-02-05 D:\wwwroot\sfwhlryy\wwwroot\Application\Home\Controller\SpendingController.class.php 第 292 行.
NOTIC: [8] Undefined index: money D:\wwwroot\sfwhlryy\wwwroot\Application\Home\Controller\SpendingController.class.php 第 292 行.
NOTIC: [8] Undefined index: 2017-02-06 D:\wwwroot\sfwhlryy\wwwroot\Application\Home\Controller\SpendingController.class.php 第 292 行.
NOTIC: [8] Undefined index: money D:\wwwroot\sfwhlryy\wwwroot\Application\Home\Controller\SpendingController.class.php 第 292 行.
NOTIC: [8] Undefined index: 2017-02-07 D:\wwwroot\sfwhlryy\wwwroot\Application\Home\Controller\SpendingController.class.php 第 292 行.
NOTIC: [8] Undefined index: money D:\wwwroot\sfwhlryy\wwwroot\Application\Home\Controller\SpendingController.class.php 第 292 行.
NOTIC: [8] Undefined index: 2017-02-08 D:\wwwroot\sfwhlryy\wwwroot\Application\Home\Controller\SpendingController.class.php 第 292 行.
NOTIC: [8] Undefined index: money D:\wwwroot\sfwhlryy\wwwroot\Application\Home\Controller\SpendingController.class.php 第 292 行.
NOTIC: [8] Undefined index: 2017-02-09 D:\wwwroot\sfwhlryy\wwwroot\Application\Home\Controller\SpendingController.class.php 第 292 行.
NOTIC: [8] Undefined index: money D:\wwwroot\sfwhlryy\wwwroot\Application\Home\Controller\SpendingController.class.php 第 292 行.
NOTIC: [8] Undefined index: 2017-02-10 D:\wwwroot\sfwhlryy\wwwroot\Application\Home\Controller\SpendingController.class.php 第 292 行.
NOTIC: [8] Undefined index: money D:\wwwroot\sfwhlryy\wwwroot\Application\Home\Controller\SpendingController.class.php 第 292 行.
NOTIC: [8] Undefined index: 2017-02-11 D:\wwwroot\sfwhlryy\wwwroot\Application\Home\Controller\SpendingController.class.php 第 292 行.
NOTIC: [8] Undefined index: money D:\wwwroot\sfwhlryy\wwwroot\Application\Home\Controller\SpendingController.class.php 第 292 行.
NOTIC: [8] Undefined index: count D:\wwwroot\sfwhlryy\wwwroot\Application\Home\Controller\SpendingController.class.php 第 295 行.
NOTIC: [8] Undefined index: count D:\wwwroot\sfwhlryy\wwwroot\Application\Home\Controller\SpendingController.class.php 第 296 行.
NOTIC: [8] Undefined index: 2017-02-12 D:\wwwroot\sfwhlryy\wwwroot\Application\Home\Controller\SpendingController.class.php 第 292 行.
NOTIC: [8] Undefined index: money D:\wwwroot\sfwhlryy\wwwroot\Application\Home\Controller\SpendingController.class.php 第 292 行.
NOTIC: [8] Undefined index: 2017-02-13 D:\wwwroot\sfwhlryy\wwwroot\Application\Home\Controller\SpendingController.class.php 第 292 行.
NOTIC: [8] Undefined index: money D:\wwwroot\sfwhlryy\wwwroot\Application\Home\Controller\SpendingController.class.php 第 292 行.
NOTIC: [8] Undefined index: count D:\wwwroot\sfwhlryy\wwwroot\Application\Home\Controller\SpendingController.class.php 第 296 行.
NOTIC: [8] Undefined index: 2017-02-14 D:\wwwroot\sfwhlryy\wwwroot\Application\Home\Controller\SpendingController.class.php 第 292 行.
NOTIC: [8] Undefined index: money D:\wwwroot\sfwhlryy\wwwroot\Application\Home\Controller\SpendingController.class.php 第 292 行.
NOTIC: [8] Undefined index: 2017-02-15 D:\wwwroot\sfwhlryy\wwwroot\Application\Home\Controller\SpendingController.class.php 第 292 行.
NOTIC: [8] Undefined index: money D:\wwwroot\sfwhlryy\wwwroot\Application\Home\Controller\SpendingController.class.php 第 292 行.
NOTIC: [8] Undefined index: 2017-02-16 D:\wwwroot\sfwhlryy\wwwroot\Application\Home\Controller\SpendingController.class.php 第 292 行.
NOTIC: [8] Undefined index: money D:\wwwroot\sfwhlryy\wwwroot\Application\Home\Controller\SpendingController.class.php 第 292 行.
NOTIC: [8] Undefined index: 2017-02-17 D:\wwwroot\sfwhlryy\wwwroot\Application\Home\Controller\SpendingController.class.php 第 292 行.
NOTIC: [8] Undefined index: money D:\wwwroot\sfwhlryy\wwwroot\Application\Home\Controller\SpendingController.class.php 第 292 行.
NOTIC: [8] Undefined index: 2017-02-18 D:\wwwroot\sfwhlryy\wwwroot\Application\Home\Controller\SpendingController.class.php 第 292 行.
NOTIC: [8] Undefined index: money D:\wwwroot\sfwhlryy\wwwroot\Application\Home\Controller\SpendingController.class.php 第 292 行.
NOTIC: [8] Undefined index: 2017-02-19 D:\wwwroot\sfwhlryy\wwwroot\Application\Home\Controller\SpendingController.class.php 第 292 行.
NOTIC: [8] Undefined index: money D:\wwwroot\sfwhlryy\wwwroot\Application\Home\Controller\SpendingController.class.php 第 292 行.
NOTIC: [8] Undefined index: 2017-02-20 D:\wwwroot\sfwhlryy\wwwroot\Application\Home\Controller\SpendingController.class.php 第 292 行.
NOTIC: [8] Undefined index: money D:\wwwroot\sfwhlryy\wwwroot\Application\Home\Controller\SpendingController.class.php 第 292 行.
NOTIC: [8] Undefined index: 2017-02-21 D:\wwwroot\sfwhlryy\wwwroot\Application\Home\Controller\SpendingController.class.php 第 292 行.
NOTIC: [8] Undefined index: money D:\wwwroot\sfwhlryy\wwwroot\Application\Home\Controller\SpendingController.class.php 第 292 行.
NOTIC: [8] Undefined index: 2017-02-22 D:\wwwroot\sfwhlryy\wwwroot\Application\Home\Controller\SpendingController.class.php 第 292 行.
NOTIC: [8] Undefined index: money D:\wwwroot\sfwhlryy\wwwroot\Application\Home\Controller\SpendingController.class.php 第 292 行.
NOTIC: [8] Undefined index: 2017-02-23 D:\wwwroot\sfwhlryy\wwwroot\Application\Home\Controller\SpendingController.class.php 第 292 行.
NOTIC: [8] Undefined index: money D:\wwwroot\sfwhlryy\wwwroot\Application\Home\Controller\SpendingController.class.php 第 292 行.
NOTIC: [8] Undefined index: 2017-02-24 D:\wwwroot\sfwhlryy\wwwroot\Application\Home\Controller\SpendingController.class.php 第 292 行.
NOTIC: [8] Undefined index: money D:\wwwroot\sfwhlryy\wwwroot\Application\Home\Controller\SpendingController.class.php 第 292 行.
NOTIC: [8] Undefined index: 2017-02-25 D:\wwwroot\sfwhlryy\wwwroot\Application\Home\Controller\SpendingController.class.php 第 292 行.
NOTIC: [8] Undefined index: money D:\wwwroot\sfwhlryy\wwwroot\Application\Home\Controller\SpendingController.class.php 第 292 行.
NOTIC: [8] Undefined index: 2017-02-26 D:\wwwroot\sfwhlryy\wwwroot\Application\Home\Controller\SpendingController.class.php 第 292 行.
NOTIC: [8] Undefined index: money D:\wwwroot\sfwhlryy\wwwroot\Application\Home\Controller\SpendingController.class.php 第 292 行.
NOTIC: [8] Undefined index: 2017-02-27 D:\wwwroot\sfwhlryy\wwwroot\Application\Home\Controller\SpendingController.class.php 第 292 行.
NOTIC: [8] Undefined index: money D:\wwwroot\sfwhlryy\wwwroot\Application\Home\Controller\SpendingController.class.php 第 292 行.
NOTIC: [8] Undefined index: 2017-02-28 D:\wwwroot\sfwhlryy\wwwroot\Application\Home\Controller\SpendingController.class.php 第 292 行.
NOTIC: [8] Undefined index: money D:\wwwroot\sfwhlryy\wwwroot\Application\Home\Controller\SpendingController.class.php 第 292 行.
NOTIC: [8] Undefined index: count D:\wwwroot\sfwhlryy\wwwroot\Application\Home\Controller\SpendingController.class.php 第 296 行.
NOTIC: [8] Undefined index: 测试1 D:\wwwroot\sfwhlryy\wwwroot\Application\Home\Controller\SpendingController.class.php 第 293 行.
NOTIC: [8] Undefined index: money D:\wwwroot\sfwhlryy\wwwroot\Application\Home\Controller\SpendingController.class.php 第 293 行.
NOTIC: [8] Undefined index: asdas D:\wwwroot\sfwhlryy\wwwroot\Application\Home\Controller\SpendingController.class.php 第 293 行.
NOTIC: [8] Undefined index: money D:\wwwroot\sfwhlryy\wwwroot\Application\Home\Controller\SpendingController.class.php 第 293 行.
NOTIC: [8] Undefined index: 撒打开好几款 D:\wwwroot\sfwhlryy\wwwroot\Application\Home\Controller\SpendingController.class.php 第 293 行.
NOTIC: [8] Undefined index: money D:\wwwroot\sfwhlryy\wwwroot\Application\Home\Controller\SpendingController.class.php 第 293 行.
NOTIC: [8] Undefined index: count D:\wwwroot\sfwhlryy\wwwroot\Application\Home\Controller\SpendingController.class.php 第 295 行.
NOTIC: [8] Undefined index:  D:\wwwroot\sfwhlryy\wwwroot\Application\Home\Controller\SpendingController.class.php 第 293 行.
NOTIC: [8] Undefined index: money D:\wwwroot\sfwhlryy\wwwroot\Application\Home\Controller\SpendingController.class.php 第 293 行.
NOTIC: [8] Undefined index: 啊实打实 D:\wwwroot\sfwhlryy\wwwroot\Application\Home\Controller\SpendingController.class.php 第 293 行.
NOTIC: [8] Undefined index: money D:\wwwroot\sfwhlryy\wwwroot\Application\Home\Controller\SpendingController.class.php 第 293 行.
NOTIC: [8] Undefined index: count D:\wwwroot\sfwhlryy\wwwroot\Application\Home\Controller\SpendingController.class.php 第 295 行.
NOTIC: [8] Undefined index: count D:\wwwroot\sfwhlryy\wwwroot\Application\Home\Controller\SpendingController.class.php 第 296 行.
NOTIC: [8] Undefined index: asdasasd D:\wwwroot\sfwhlryy\wwwroot\Application\Home\Controller\SpendingController.class.php 第 293 行.
NOTIC: [8] Undefined index: money D:\wwwroot\sfwhlryy\wwwroot\Application\Home\Controller\SpendingController.class.php 第 293 行.
NOTIC: [8] Undefined index: count D:\wwwroot\sfwhlryy\wwwroot\Application\Home\Controller\SpendingController.class.php 第 295 行.
NOTIC: [8] Undefined index: count D:\wwwroot\sfwhlryy\wwwroot\Application\Home\Controller\SpendingController.class.php 第 296 行.
NOTIC: [8] Undefined index: 傻傻的萨打死 D:\wwwroot\sfwhlryy\wwwroot\Application\Home\Controller\SpendingController.class.php 第 293 行.
NOTIC: [8] Undefined index: money D:\wwwroot\sfwhlryy\wwwroot\Application\Home\Controller\SpendingController.class.php 第 293 行.
INFO: [ view_parse ] --START--
INFO: [ template_filter ] --START--
INFO: Run Behavior\ContentReplaceBehavior [ RunTime:0.000000s ]
INFO: [ template_filter ] --END-- [ RunTime:0.000000s ]
NOTIC: [8] Undefined index: count D:\wwwroot\sfwhlryy\wwwroot\Application\Runtime\Cache\Home\aaad9bdae453e486c54fd3edd97a79c0.php 第 83 行.
NOTIC: [8] Undefined index: count D:\wwwroot\sfwhlryy\wwwroot\Application\Runtime\Cache\Home\aaad9bdae453e486c54fd3edd97a79c0.php 第 83 行.
NOTIC: [8] Undefined index: count D:\wwwroot\sfwhlryy\wwwroot\Application\Runtime\Cache\Home\aaad9bdae453e486c54fd3edd97a79c0.php 第 83 行.
NOTIC: [8] Undefined index: count D:\wwwroot\sfwhlryy\wwwroot\Application\Runtime\Cache\Home\aaad9bdae453e486c54fd3edd97a79c0.php 第 83 行.
NOTIC: [8] Undefined index: count D:\wwwroot\sfwhlryy\wwwroot\Application\Runtime\Cache\Home\aaad9bdae453e486c54fd3edd97a79c0.php 第 83 行.
NOTIC: [8] Undefined index: count D:\wwwroot\sfwhlryy\wwwroot\Application\Runtime\Cache\Home\aaad9bdae453e486c54fd3edd97a79c0.php 第 83 行.
NOTIC: [8] Undefined index: count D:\wwwroot\sfwhlryy\wwwroot\Application\Runtime\Cache\Home\aaad9bdae453e486c54fd3edd97a79c0.php 第 83 行.
NOTIC: [8] Undefined index: count D:\wwwroot\sfwhlryy\wwwroot\Application\Runtime\Cache\Home\aaad9bdae453e486c54fd3edd97a79c0.php 第 83 行.
NOTIC: [8] Undefined index: count D:\wwwroot\sfwhlryy\wwwroot\Application\Runtime\Cache\Home\aaad9bdae453e486c54fd3edd97a79c0.php 第 83 行.
NOTIC: [8] Undefined index: count D:\wwwroot\sfwhlryy\wwwroot\Application\Runtime\Cache\Home\aaad9bdae453e486c54fd3edd97a79c0.php 第 83 行.
NOTIC: [8] Undefined index: count D:\wwwroot\sfwhlryy\wwwroot\Application\Runtime\Cache\Home\aaad9bdae453e486c54fd3edd97a79c0.php 第 83 行.
NOTIC: [8] Undefined index: count D:\wwwroot\sfwhlryy\wwwroot\Application\Runtime\Cache\Home\aaad9bdae453e486c54fd3edd97a79c0.php 第 83 行.
NOTIC: [8] Undefined index: count D:\wwwroot\sfwhlryy\wwwroot\Application\Runtime\Cache\Home\aaad9bdae453e486c54fd3edd97a79c0.php 第 83 行.
NOTIC: [8] Undefined index: count D:\wwwroot\sfwhlryy\wwwroot\Application\Runtime\Cache\Home\aaad9bdae453e486c54fd3edd97a79c0.php 第 83 行.
NOTIC: [8] Undefined index: count D:\wwwroot\sfwhlryy\wwwroot\Application\Runtime\Cache\Home\aaad9bdae453e486c54fd3edd97a79c0.php 第 83 行.
NOTIC: [8] Undefined index: count D:\wwwroot\sfwhlryy\wwwroot\Application\Runtime\Cache\Home\aaad9bdae453e486c54fd3edd97a79c0.php 第 83 行.
NOTIC: [8] Undefined index: count D:\wwwroot\sfwhlryy\wwwroot\Application\Runtime\Cache\Home\aaad9bdae453e486c54fd3edd97a79c0.php 第 83 行.
NOTIC: [8] Undefined index: count D:\wwwroot\sfwhlryy\wwwroot\Application\Runtime\Cache\Home\aaad9bdae453e486c54fd3edd97a79c0.php 第 83 行.
NOTIC: [8] Undefined index: count D:\wwwroot\sfwhlryy\wwwroot\Application\Runtime\Cache\Home\aaad9bdae453e486c54fd3edd97a79c0.php 第 83 行.
NOTIC: [8] Undefined index: count D:\wwwroot\sfwhlryy\wwwroot\Application\Runtime\Cache\Home\aaad9bdae453e486c54fd3edd97a79c0.php 第 83 行.
NOTIC: [8] Undefined index: count D:\wwwroot\sfwhlryy\wwwroot\Application\Runtime\Cache\Home\aaad9bdae453e486c54fd3edd97a79c0.php 第 83 行.
NOTIC: [8] Undefined index: count D:\wwwroot\sfwhlryy\wwwroot\Application\Runtime\Cache\Home\aaad9bdae453e486c54fd3edd97a79c0.php 第 83 行.
NOTIC: [8] Undefined index: count D:\wwwroot\sfwhlryy\wwwroot\Application\Runtime\Cache\Home\aaad9bdae453e486c54fd3edd97a79c0.php 第 83 行.
NOTIC: [8] Undefined index: count D:\wwwroot\sfwhlryy\wwwroot\Application\Runtime\Cache\Home\aaad9bdae453e486c54fd3edd97a79c0.php 第 83 行.
NOTIC: [8] Undefined index: count D:\wwwroot\sfwhlryy\wwwroot\Application\Runtime\Cache\Home\aaad9bdae453e486c54fd3edd97a79c0.php 第 83 行.
NOTIC: [8] Undefined index: count D:\wwwroot\sfwhlryy\wwwroot\Application\Runtime\Cache\Home\aaad9bdae453e486c54fd3edd97a79c0.php 第 83 行.
NOTIC: [8] Undefined index: count D:\wwwroot\sfwhlryy\wwwroot\Application\Runtime\Cache\Home\aaad9bdae453e486c54fd3edd97a79c0.php 第 83 行.
INFO: Run Behavior\ParseTemplateBehavior [ RunTime:0.015625s ]
INFO: [ view_parse ] --END-- [ RunTime:0.015625s ]
INFO: [ view_filter ] --START--
INFO: Run Behavior\WriteHtmlCacheBehavior [ RunTime:0.000000s ]
INFO: [ view_filter ] --END-- [ RunTime:0.000000s ]
INFO: [ app_end ] --START--
INFO: Run Behavior\ShowPageTraceBehavior [ RunTime:0.031250s ]
INFO: [ app_end ] --END-- [ RunTime:0.031250s ]

[ 2017-03-21T10:31:15+08:00 ] 110.184.61.85 /Home/Spending/totalMonth?date=2016-02
INFO: [ app_init ] --START--
INFO: Run Behavior\BuildLiteBehavior [ RunTime:0.000000s ]
INFO: [ app_init ] --END-- [ RunTime:0.000000s ]
INFO: [ app_begin ] --START--
INFO: Run Behavior\ReadHtmlCacheBehavior [ RunTime:0.000000s ]
INFO: [ app_begin ] --END-- [ RunTime:0.000000s ]
SQL: SHOW COLUMNS FROM `spending` [ RunTime:0.0000s ]
SQL: SELECT * FROM `spending` INNER JOIN patient ON patient_tel = patient.tel  WHERE patient.hospital_id = '10' AND `spending_date` BETWEEN '2016-02-01' AND '2016-02-29'  [ RunTime:0.0156s ]
INFO: [ view_parse ] --START--
INFO: [ template_filter ] --START--
INFO: Run Behavior\ContentReplaceBehavior [ RunTime:0.000000s ]
INFO: [ template_filter ] --END-- [ RunTime:0.000000s ]
NOTIC: [8] Undefined index: money D:\wwwroot\sfwhlryy\wwwroot\Application\Runtime\Cache\Home\aaad9bdae453e486c54fd3edd97a79c0.php 第 80 行.
NOTIC: [2] Division by zero D:\wwwroot\sfwhlryy\wwwroot\Application\Runtime\Cache\Home\aaad9bdae453e486c54fd3edd97a79c0.php 第 80 行.
NOTIC: [8] Undefined index: money D:\wwwroot\sfwhlryy\wwwroot\Application\Runtime\Cache\Home\aaad9bdae453e486c54fd3edd97a79c0.php 第 83 行.
INFO: Run Behavior\ParseTemplateBehavior [ RunTime:0.015625s ]
INFO: [ view_parse ] --END-- [ RunTime:0.015625s ]
INFO: [ view_filter ] --START--
INFO: Run Behavior\WriteHtmlCacheBehavior [ RunTime:0.000000s ]
INFO: [ view_filter ] --END-- [ RunTime:0.000000s ]
INFO: [ app_end ] --START--
INFO: Run Behavior\ShowPageTraceBehavior [ RunTime:0.000000s ]
INFO: [ app_end ] --END-- [ RunTime:0.000000s ]

[ 2017-03-21T10:31:27+08:00 ] 110.184.61.85 /Home/Spending/totalMonth?date=2017-02
INFO: [ app_init ] --START--
INFO: Run Behavior\BuildLiteBehavior [ RunTime:0.000000s ]
INFO: [ app_init ] --END-- [ RunTime:0.000000s ]
INFO: [ app_begin ] --START--
INFO: Run Behavior\ReadHtmlCacheBehavior [ RunTime:0.000000s ]
INFO: [ app_begin ] --END-- [ RunTime:0.000000s ]
SQL: SHOW COLUMNS FROM `spending` [ RunTime:0.0000s ]
SQL: SELECT * FROM `spending` INNER JOIN patient ON patient_tel = patient.tel  WHERE patient.hospital_id = '10' AND `spending_date` BETWEEN '2017-02-01' AND '2017-02-28'  [ RunTime:0.0313s ]
NOTIC: [8] Undefined index: 总额 D:\wwwroot\sfwhlryy\wwwroot\Application\Home\Controller\SpendingController.class.php 第 291 行.
NOTIC: [8] Undefined index: 消费总额 D:\wwwroot\sfwhlryy\wwwroot\Application\Home\Controller\SpendingController.class.php 第 291 行.
NOTIC: [8] Undefined index: money D:\wwwroot\sfwhlryy\wwwroot\Application\Home\Controller\SpendingController.class.php 第 291 行.
NOTIC: [8] Undefined index: 日期 D:\wwwroot\sfwhlryy\wwwroot\Application\Home\Controller\SpendingController.class.php 第 292 行.
NOTIC: [8] Undefined index: 2017-02-01 D:\wwwroot\sfwhlryy\wwwroot\Application\Home\Controller\SpendingController.class.php 第 292 行.
NOTIC: [8] Undefined index: money D:\wwwroot\sfwhlryy\wwwroot\Application\Home\Controller\SpendingController.class.php 第 292 行.
NOTIC: [8] Undefined index: 病种 D:\wwwroot\sfwhlryy\wwwroot\Application\Home\Controller\SpendingController.class.php 第 293 行.
NOTIC: [8] Undefined index: 萨达是 D:\wwwroot\sfwhlryy\wwwroot\Application\Home\Controller\SpendingController.class.php 第 293 行.
NOTIC: [8] Undefined index: money D:\wwwroot\sfwhlryy\wwwroot\Application\Home\Controller\SpendingController.class.php 第 293 行.
NOTIC: [8] Undefined index: 2017-02-02 D:\wwwroot\sfwhlryy\wwwroot\Application\Home\Controller\SpendingController.class.php 第 292 行.
NOTIC: [8] Undefined index: money D:\wwwroot\sfwhlryy\wwwroot\Application\Home\Controller\SpendingController.class.php 第 292 行.
NOTIC: [8] Undefined index: 2017-02-03 D:\wwwroot\sfwhlryy\wwwroot\Application\Home\Controller\SpendingController.class.php 第 292 行.
NOTIC: [8] Undefined index: money D:\wwwroot\sfwhlryy\wwwroot\Application\Home\Controller\SpendingController.class.php 第 292 行.
NOTIC: [8] Undefined index: 2017-02-04 D:\wwwroot\sfwhlryy\wwwroot\Application\Home\Controller\SpendingController.class.php 第 292 行.
NOTIC: [8] Undefined index: money D:\wwwroot\sfwhlryy\wwwroot\Application\Home\Controller\SpendingController.class.php 第 292 行.
NOTIC: [8] Undefined index: 2017-02-05 D:\wwwroot\sfwhlryy\wwwroot\Application\Home\Controller\SpendingController.class.php 第 292 行.
NOTIC: [8] Undefined index: money D:\wwwroot\sfwhlryy\wwwroot\Application\Home\Controller\SpendingController.class.php 第 292 行.
NOTIC: [8] Undefined index: 2017-02-06 D:\wwwroot\sfwhlryy\wwwroot\Application\Home\Controller\SpendingController.class.php 第 292 行.
NOTIC: [8] Undefined index: money D:\wwwroot\sfwhlryy\wwwroot\Application\Home\Controller\SpendingController.class.php 第 292 行.
NOTIC: [8] Undefined index: 2017-02-07 D:\wwwroot\sfwhlryy\wwwroot\Application\Home\Controller\SpendingController.class.php 第 292 行.
NOTIC: [8] Undefined index: money D:\wwwroot\sfwhlryy\wwwroot\Application\Home\Controller\SpendingController.class.php 第 292 行.
NOTIC: [8] Undefined index: 2017-02-08 D:\wwwroot\sfwhlryy\wwwroot\Application\Home\Controller\SpendingController.class.php 第 292 行.
NOTIC: [8] Undefined index: money D:\wwwroot\sfwhlryy\wwwroot\Application\Home\Controller\SpendingController.class.php 第 292 行.
NOTIC: [8] Undefined index: 2017-02-09 D:\wwwroot\sfwhlryy\wwwroot\Application\Home\Controller\SpendingController.class.php 第 292 行.
NOTIC: [8] Undefined index: money D:\wwwroot\sfwhlryy\wwwroot\Application\Home\Controller\SpendingController.class.php 第 292 行.
NOTIC: [8] Undefined index: 2017-02-10 D:\wwwroot\sfwhlryy\wwwroot\Application\Home\Controller\SpendingController.class.php 第 292 行.
NOTIC: [8] Undefined index: money D:\wwwroot\sfwhlryy\wwwroot\Application\Home\Controller\SpendingController.class.php 第 292 行.
NOTIC: [8] Undefined index: 2017-02-11 D:\wwwroot\sfwhlryy\wwwroot\Application\Home\Controller\SpendingController.class.php 第 292 行.
NOTIC: [8] Undefined index: money D:\wwwroot\sfwhlryy\wwwroot\Application\Home\Controller\SpendingController.class.php 第 292 行.
NOTIC: [8] Undefined index: count D:\wwwroot\sfwhlryy\wwwroot\Application\Home\Controller\SpendingController.class.php 第 295 行.
NOTIC: [8] Undefined index: count D:\wwwroot\sfwhlryy\wwwroot\Application\Home\Controller\SpendingController.class.php 第 296 行.
NOTIC: [8] Undefined index: 2017-02-12 D:\wwwroot\sfwhlryy\wwwroot\Application\Home\Controller\SpendingController.class.php 第 292 行.
NOTIC: [8] Undefined index: money D:\wwwroot\sfwhlryy\wwwroot\Application\Home\Controller\SpendingController.class.php 第 292 行.
NOTIC: [8] Undefined index: 2017-02-13 D:\wwwroot\sfwhlryy\wwwroot\Application\Home\Controller\SpendingController.class.php 第 292 行.
NOTIC: [8] Undefined index: money D:\wwwroot\sfwhlryy\wwwroot\Application\Home\Controller\SpendingController.class.php 第 292 行.
NOTIC: [8] Undefined index: count D:\wwwroot\sfwhlryy\wwwroot\Application\Home\Controller\SpendingController.class.php 第 296 行.
NOTIC: [8] Undefined index: 2017-02-14 D:\wwwroot\sfwhlryy\wwwroot\Application\Home\Controller\SpendingController.class.php 第 292 行.
NOTIC: [8] Undefined index: money D:\wwwroot\sfwhlryy\wwwroot\Application\Home\Controller\SpendingController.class.php 第 292 行.
NOTIC: [8] Undefined index: 2017-02-15 D:\wwwroot\sfwhlryy\wwwroot\Application\Home\Controller\SpendingController.class.php 第 292 行.
NOTIC: [8] Undefined index: money D:\wwwroot\sfwhlryy\wwwroot\Application\Home\Controller\SpendingController.class.php 第 292 行.
NOTIC: [8] Undefined index: 2017-02-16 D:\wwwroot\sfwhlryy\wwwroot\Application\Home\Controller\SpendingController.class.php 第 292 行.
NOTIC: [8] Undefined index: money D:\wwwroot\sfwhlryy\wwwroot\Application\Home\Controller\SpendingController.class.php 第 292 行.
NOTIC: [8] Undefined index: 2017-02-17 D:\wwwroot\sfwhlryy\wwwroot\Application\Home\Controller\SpendingController.class.php 第 292 行.
NOTIC: [8] Undefined index: money D:\wwwroot\sfwhlryy\wwwroot\Application\Home\Controller\SpendingController.class.php 第 292 行.
NOTIC: [8] Undefined index: 2017-02-18 D:\wwwroot\sfwhlryy\wwwroot\Application\Home\Controller\SpendingController.class.php 第 292 行.
NOTIC: [8] Undefined index: money D:\wwwroot\sfwhlryy\wwwroot\Application\Home\Controller\SpendingController.class.php 第 292 行.
NOTIC: [8] Undefined index: 2017-02-19 D:\wwwroot\sfwhlryy\wwwroot\Application\Home\Controller\SpendingController.class.php 第 292 行.
NOTIC: [8] Undefined index: money D:\wwwroot\sfwhlryy\wwwroot\Application\Home\Controller\SpendingController.class.php 第 292 行.
NOTIC: [8] Undefined index: 2017-02-20 D:\wwwroot\sfwhlryy\wwwroot\Application\Home\Controller\SpendingController.class.php 第 292 行.
NOTIC: [8] Undefined index: money D:\wwwroot\sfwhlryy\wwwroot\Application\Home\Controller\SpendingController.class.php 第 292 行.
NOTIC: [8] Undefined index: 2017-02-21 D:\wwwroot\sfwhlryy\wwwroot\Application\Home\Controller\SpendingController.class.php 第 292 行.
NOTIC: [8] Undefined index: money D:\wwwroot\sfwhlryy\wwwroot\Application\Home\Controller\SpendingController.class.php 第 292 行.
NOTIC: [8] Undefined index: 2017-02-22 D:\wwwroot\sfwhlryy\wwwroot\Application\Home\Controller\SpendingController.class.php 第 292 行.
NOTIC: [8] Undefined index: money D:\wwwroot\sfwhlryy\wwwroot\Application\Home\Controller\SpendingController.class.php 第 292 行.
NOTIC: [8] Undefined index: 2017-02-23 D:\wwwroot\sfwhlryy\wwwroot\Application\Home\Controller\SpendingController.class.php 第 292 行.
NOTIC: [8] Undefined index: money D:\wwwroot\sfwhlryy\wwwroot\Application\Home\Controller\SpendingController.class.php 第 292 行.
NOTIC: [8] Undefined index: 2017-02-24 D:\wwwroot\sfwhlryy\wwwroot\Application\Home\Controller\SpendingController.class.php 第 292 行.
NOTIC: [8] Undefined index: money D:\wwwroot\sfwhlryy\wwwroot\Application\Home\Controller\SpendingController.class.php 第 292 行.
NOTIC: [8] Undefined index: 2017-02-25 D:\wwwroot\sfwhlryy\wwwroot\Application\Home\Controller\SpendingController.class.php 第 292 行.
NOTIC: [8] Undefined index: money D:\wwwroot\sfwhlryy\wwwroot\Application\Home\Controller\SpendingController.class.php 第 292 行.
NOTIC: [8] Undefined index: 2017-02-26 D:\wwwroot\sfwhlryy\wwwroot\Application\Home\Controller\SpendingController.class.php 第 292 行.
NOTIC: [8] Undefined index: money D:\wwwroot\sfwhlryy\wwwroot\Application\Home\Controller\SpendingController.class.php 第 292 行.
NOTIC: [8] Undefined index: 2017-02-27 D:\wwwroot\sfwhlryy\wwwroot\Application\Home\Controller\SpendingController.class.php 第 292 行.
NOTIC: [8] Undefined index: money D:\wwwroot\sfwhlryy\wwwroot\Application\Home\Controller\SpendingController.class.php 第 292 行.
NOTIC: [8] Undefined index: 2017-02-28 D:\wwwroot\sfwhlryy\wwwroot\Application\Home\Controller\SpendingController.class.php 第 292 行.
NOTIC: [8] Undefined index: money D:\wwwroot\sfwhlryy\wwwroot\Application\Home\Controller\SpendingController.class.php 第 292 行.
NOTIC: [8] Undefined index: count D:\wwwroot\sfwhlryy\wwwroot\Application\Home\Controller\SpendingController.class.php 第 296 行.
NOTIC: [8] Undefined index: 测试1 D:\wwwroot\sfwhlryy\wwwroot\Application\Home\Controller\SpendingController.class.php 第 293 行.
NOTIC: [8] Undefined index: money D:\wwwroot\sfwhlryy\wwwroot\Application\Home\Controller\SpendingController.class.php 第 293 行.
NOTIC: [8] Undefined index: asdas D:\wwwroot\sfwhlryy\wwwroot\Application\Home\Controller\SpendingController.class.php 第 293 行.
NOTIC: [8] Undefined index: money D:\wwwroot\sfwhlryy\wwwroot\Application\Home\Controller\SpendingController.class.php 第 293 行.
NOTIC: [8] Undefined index: 撒打开好几款 D:\wwwroot\sfwhlryy\wwwroot\Application\Home\Controller\SpendingController.class.php 第 293 行.
NOTIC: [8] Undefined index: money D:\wwwroot\sfwhlryy\wwwroot\Application\Home\Controller\SpendingController.class.php 第 293 行.
NOTIC: [8] Undefined index: count D:\wwwroot\sfwhlryy\wwwroot\Application\Home\Controller\SpendingController.class.php 第 295 行.
NOTIC: [8] Undefined index:  D:\wwwroot\sfwhlryy\wwwroot\Application\Home\Controller\SpendingController.class.php 第 293 行.
NOTIC: [8] Undefined index: money D:\wwwroot\sfwhlryy\wwwroot\Application\Home\Controller\SpendingController.class.php 第 293 行.
NOTIC: [8] Undefined index: 啊实打实 D:\wwwroot\sfwhlryy\wwwroot\Application\Home\Controller\SpendingController.class.php 第 293 行.
NOTIC: [8] Undefined index: money D:\wwwroot\sfwhlryy\wwwroot\Application\Home\Controller\SpendingController.class.php 第 293 行.
NOTIC: [8] Undefined index: count D:\wwwroot\sfwhlryy\wwwroot\Application\Home\Controller\SpendingController.class.php 第 295 行.
NOTIC: [8] Undefined index: count D:\wwwroot\sfwhlryy\wwwroot\Application\Home\Controller\SpendingController.class.php 第 296 行.
NOTIC: [8] Undefined index: asdasasd D:\wwwroot\sfwhlryy\wwwroot\Application\Home\Controller\SpendingController.class.php 第 293 行.
NOTIC: [8] Undefined index: money D:\wwwroot\sfwhlryy\wwwroot\Application\Home\Controller\SpendingController.class.php 第 293 行.
NOTIC: [8] Undefined index: count D:\wwwroot\sfwhlryy\wwwroot\Application\Home\Controller\SpendingController.class.php 第 295 行.
NOTIC: [8] Undefined index: count D:\wwwroot\sfwhlryy\wwwroot\Application\Home\Controller\SpendingController.class.php 第 296 行.
NOTIC: [8] Undefined index: 傻傻的萨打死 D:\wwwroot\sfwhlryy\wwwroot\Application\Home\Controller\SpendingController.class.php 第 293 行.
NOTIC: [8] Undefined index: money D:\wwwroot\sfwhlryy\wwwroot\Application\Home\Controller\SpendingController.class.php 第 293 行.
INFO: [ view_parse ] --START--
INFO: [ template_filter ] --START--
INFO: Run Behavior\ContentReplaceBehavior [ RunTime:0.000000s ]
INFO: [ template_filter ] --END-- [ RunTime:0.000000s ]
NOTIC: [8] Undefined index: count D:\wwwroot\sfwhlryy\wwwroot\Application\Runtime\Cache\Home\aaad9bdae453e486c54fd3edd97a79c0.php 第 83 行.
NOTIC: [8] Undefined index: count D:\wwwroot\sfwhlryy\wwwroot\Application\Runtime\Cache\Home\aaad9bdae453e486c54fd3edd97a79c0.php 第 83 行.
NOTIC: [8] Undefined index: count D:\wwwroot\sfwhlryy\wwwroot\Application\Runtime\Cache\Home\aaad9bdae453e486c54fd3edd97a79c0.php 第 83 行.
NOTIC: [8] Undefined index: count D:\wwwroot\sfwhlryy\wwwroot\Application\Runtime\Cache\Home\aaad9bdae453e486c54fd3edd97a79c0.php 第 83 行.
NOTIC: [8] Undefined index: count D:\wwwroot\sfwhlryy\wwwroot\Application\Runtime\Cache\Home\aaad9bdae453e486c54fd3edd97a79c0.php 第 83 行.
NOTIC: [8] Undefined index: count D:\wwwroot\sfwhlryy\wwwroot\Application\Runtime\Cache\Home\aaad9bdae453e486c54fd3edd97a79c0.php 第 83 行.
NOTIC: [8] Undefined index: count D:\wwwroot\sfwhlryy\wwwroot\Application\Runtime\Cache\Home\aaad9bdae453e486c54fd3edd97a79c0.php 第 83 行.
NOTIC: [8] Undefined index: count D:\wwwroot\sfwhlryy\wwwroot\Application\Runtime\Cache\Home\aaad9bdae453e486c54fd3edd97a79c0.php 第 83 行.
NOTIC: [8] Undefined index: count D:\wwwroot\sfwhlryy\wwwroot\Application\Runtime\Cache\Home\aaad9bdae453e486c54fd3edd97a79c0.php 第 83 行.
NOTIC: [8] Undefined index: count D:\wwwroot\sfwhlryy\wwwroot\Application\Runtime\Cache\Home\aaad9bdae453e486c54fd3edd97a79c0.php 第 83 行.
NOTIC: [8] Undefined index: count D:\wwwroot\sfwhlryy\wwwroot\Application\Runtime\Cache\Home\aaad9bdae453e486c54fd3edd97a79c0.php 第 83 行.
NOTIC: [8] Undefined index: count D:\wwwroot\sfwhlryy\wwwroot\Application\Runtime\Cache\Home\aaad9bdae453e486c54fd3edd97a79c0.php 第 83 行.
NOTIC: [8] Undefined index: count D:\wwwroot\sfwhlryy\wwwroot\Application\Runtime\Cache\Home\aaad9bdae453e486c54fd3edd97a79c0.php 第 83 行.
NOTIC: [8] Undefined index: count D:\wwwroot\sfwhlryy\wwwroot\Application\Runtime\Cache\Home\aaad9bdae453e486c54fd3edd97a79c0.php 第 83 行.
NOTIC: [8] Undefined index: count D:\wwwroot\sfwhlryy\wwwroot\Application\Runtime\Cache\Home\aaad9bdae453e486c54fd3edd97a79c0.php 第 83 行.
NOTIC: [8] Undefined index: count D:\wwwroot\sfwhlryy\wwwroot\Application\Runtime\Cache\Home\aaad9bdae453e486c54fd3edd97a79c0.php 第 83 行.
NOTIC: [8] Undefined index: count D:\wwwroot\sfwhlryy\wwwroot\Application\Runtime\Cache\Home\aaad9bdae453e486c54fd3edd97a79c0.php 第 83 行.
NOTIC: [8] Undefined index: count D:\wwwroot\sfwhlryy\wwwroot\Application\Runtime\Cache\Home\aaad9bdae453e486c54fd3edd97a79c0.php 第 83 行.
NOTIC: [8] Undefined index: count D:\wwwroot\sfwhlryy\wwwroot\Application\Runtime\Cache\Home\aaad9bdae453e486c54fd3edd97a79c0.php 第 83 行.
NOTIC: [8] Undefined index: count D:\wwwroot\sfwhlryy\wwwroot\Application\Runtime\Cache\Home\aaad9bdae453e486c54fd3edd97a79c0.php 第 83 行.
NOTIC: [8] Undefined index: count D:\wwwroot\sfwhlryy\wwwroot\Application\Runtime\Cache\Home\aaad9bdae453e486c54fd3edd97a79c0.php 第 83 行.
NOTIC: [8] Undefined index: count D:\wwwroot\sfwhlryy\wwwroot\Application\Runtime\Cache\Home\aaad9bdae453e486c54fd3edd97a79c0.php 第 83 行.
NOTIC: [8] Undefined index: count D:\wwwroot\sfwhlryy\wwwroot\Application\Runtime\Cache\Home\aaad9bdae453e486c54fd3edd97a79c0.php 第 83 行.
NOTIC: [8] Undefined index: count D:\wwwroot\sfwhlryy\wwwroot\Application\Runtime\Cache\Home\aaad9bdae453e486c54fd3edd97a79c0.php 第 83 行.
NOTIC: [8] Undefined index: count D:\wwwroot\sfwhlryy\wwwroot\Application\Runtime\Cache\Home\aaad9bdae453e486c54fd3edd97a79c0.php 第 83 行.
NOTIC: [8] Undefined index: count D:\wwwroot\sfwhlryy\wwwroot\Application\Runtime\Cache\Home\aaad9bdae453e486c54fd3edd97a79c0.php 第 83 行.
NOTIC: [8] Undefined index: count D:\wwwroot\sfwhlryy\wwwroot\Application\Runtime\Cache\Home\aaad9bdae453e486c54fd3edd97a79c0.php 第 83 行.
INFO: Run Behavior\ParseTemplateBehavior [ RunTime:0.031250s ]
INFO: [ view_parse ] --END-- [ RunTime:0.031250s ]
INFO: [ view_filter ] --START--
INFO: Run Behavior\WriteHtmlCacheBehavior [ RunTime:0.000000s ]
INFO: [ view_filter ] --END-- [ RunTime:0.000000s ]
INFO: [ app_end ] --START--
INFO: Run Behavior\ShowPageTraceBehavior [ RunTime:0.000000s ]
INFO: [ app_end ] --END-- [ RunTime:0.000000s ]

[ 2017-03-21T10:32:04+08:00 ] 110.184.61.85 /Home/Index/index
INFO: [ app_init ] --START--
INFO: Run Behavior\BuildLiteBehavior [ RunTime:0.000000s ]
INFO: [ app_init ] --END-- [ RunTime:0.000000s ]
INFO: [ app_begin ] --START--
INFO: Run Behavior\ReadHtmlCacheBehavior [ RunTime:0.000000s ]
INFO: [ app_begin ] --END-- [ RunTime:0.000000s ]
SQL: SHOW COLUMNS FROM `hospital` [ RunTime:0.0000s ]
SQL: SHOW COLUMNS FROM `spending` [ RunTime:0.0000s ]
SQL: SHOW COLUMNS FROM `proportion` [ RunTime:0.0000s ]
SQL: SHOW COLUMNS FROM `rechange` [ RunTime:0.0000s ]
SQL: SELECT sum(money) as sum FROM `rechange` WHERE `hospital_id` = 10 LIMIT 1   [ RunTime:0.0000s ]
SQL: select p.percent,p.is_use,p.id,sum(s.cost_money) as cost_sum from proportion p join spending s on p.id=s.percentId where p.hospital_id=10 group by p.id; [ RunTime:0.0000s ]
SQL: SELECT * FROM `hospital` WHERE `id` = 10 LIMIT 1   [ RunTime:0.0000s ]
NOTIC: [8] Undefined variable: sum D:\wwwroot\sfwhlryy\wwwroot\Application\Home\Controller\IndexController.class.php 第 24 行.
SQL: SELECT * FROM `spending` WHERE `hospital_id` = '10' AND `spending_date` BETWEEN '2017-03-01' AND '2017-03-31'  [ RunTime:0.0156s ]
NOTIC: [8] Undefined index: sum_money D:\wwwroot\sfwhlryy\wwwroot\Application\Home\Controller\IndexController.class.php 第 40 行.
NOTIC: [8] Undefined index: sum_money D:\wwwroot\sfwhlryy\wwwroot\Application\Home\Controller\IndexController.class.php 第 40 行.
NOTIC: [8] Undefined index: sum_money D:\wwwroot\sfwhlryy\wwwroot\Application\Home\Controller\IndexController.class.php 第 40 行.
NOTIC: [8] Undefined index: sum_money D:\wwwroot\sfwhlryy\wwwroot\Application\Home\Controller\IndexController.class.php 第 40 行.
NOTIC: [8] Undefined index: sum_money D:\wwwroot\sfwhlryy\wwwroot\Application\Home\Controller\IndexController.class.php 第 40 行.
NOTIC: [8] Undefined index: sum_money D:\wwwroot\sfwhlryy\wwwroot\Application\Home\Controller\IndexController.class.php 第 40 行.
NOTIC: [8] Undefined index: sum_money D:\wwwroot\sfwhlryy\wwwroot\Application\Home\Controller\IndexController.class.php 第 40 行.
NOTIC: [8] Undefined index: sum_money D:\wwwroot\sfwhlryy\wwwroot\Application\Home\Controller\IndexController.class.php 第 40 行.
NOTIC: [8] Undefined index: sum_money D:\wwwroot\sfwhlryy\wwwroot\Application\Home\Controller\IndexController.class.php 第 40 行.
NOTIC: [8] Undefined index: sum_money D:\wwwroot\sfwhlryy\wwwroot\Application\Home\Controller\IndexController.class.php 第 40 行.
NOTIC: [8] Undefined index: sum_money D:\wwwroot\sfwhlryy\wwwroot\Application\Home\Controller\IndexController.class.php 第 40 行.
NOTIC: [8] Undefined index: sum_money D:\wwwroot\sfwhlryy\wwwroot\Application\Home\Controller\IndexController.class.php 第 40 行.
NOTIC: [8] Undefined index: sum_money D:\wwwroot\sfwhlryy\wwwroot\Application\Home\Controller\IndexController.class.php 第 40 行.
NOTIC: [8] Undefined index: sum_money D:\wwwroot\sfwhlryy\wwwroot\Application\Home\Controller\IndexController.class.php 第 40 行.
NOTIC: [8] Undefined index: sum_money D:\wwwroot\sfwhlryy\wwwroot\Application\Home\Controller\IndexController.class.php 第 40 行.
INFO: [ view_parse ] --START--
INFO: [ template_filter ] --START--
INFO: Run Behavior\ContentReplaceBehavior [ RunTime:0.000000s ]
INFO: [ template_filter ] --END-- [ RunTime:0.000000s ]
INFO: Run Behavior\ParseTemplateBehavior [ RunTime:0.015625s ]
INFO: [ view_parse ] --END-- [ RunTime:0.015625s ]
INFO: [ view_filter ] --START--
INFO: Run Behavior\WriteHtmlCacheBehavior [ RunTime:0.000000s ]
INFO: [ view_filter ] --END-- [ RunTime:0.000000s ]
INFO: [ app_end ] --START--
INFO: Run Behavior\ShowPageTraceBehavior [ RunTime:0.015625s ]
INFO: [ app_end ] --END-- [ RunTime:0.015625s ]

[ 2017-03-21T10:32:05+08:00 ] 110.184.61.85 /Home/Patient/info/tel/14566897987
INFO: [ app_init ] --START--
INFO: Run Behavior\BuildLiteBehavior [ RunTime:0.000000s ]
INFO: [ app_init ] --END-- [ RunTime:0.000000s ]
INFO: [ app_begin ] --START--
INFO: Run Behavior\ReadHtmlCacheBehavior [ RunTime:0.000000s ]
INFO: [ app_begin ] --END-- [ RunTime:0.015625s ]
SQL: SHOW COLUMNS FROM `patient` [ RunTime:0.0000s ]
SQL: SHOW COLUMNS FROM `spending` [ RunTime:0.0000s ]
SQL: SHOW COLUMNS FROM `doctor` [ RunTime:0.0000s ]
SQL: SHOW COLUMNS FROM `illness` [ RunTime:0.0000s ]
SQL: SELECT * FROM `spending` WHERE `patient_tel` = '14566897987' AND `spending_date` BETWEEN '2017-03-01' AND '2017-03-31'  [ RunTime:0.0156s ]
SQL: SELECT * FROM `patient` WHERE `tel` = '14566897987' LIMIT 1   [ RunTime:0.0000s ]
SQL: SELECT `id`,`name` FROM `doctor` WHERE `hospital_id` = 10  [ RunTime:0.0000s ]
SQL: SELECT * FROM `illness` WHERE `hospital_id` = 10  [ RunTime:0.0000s ]
SQL: SELECT sum(cost_money) FROM `spending` WHERE `patient_tel` = '14566897987' LIMIT 1   [ RunTime:0.0000s ]
INFO: [ view_parse ] --START--
INFO: [ template_filter ] --START--
INFO: Run Behavior\ContentReplaceBehavior [ RunTime:0.000000s ]
INFO: [ template_filter ] --END-- [ RunTime:0.000000s ]
INFO: Run Behavior\ParseTemplateBehavior [ RunTime:0.046875s ]
INFO: [ view_parse ] --END-- [ RunTime:0.046875s ]
INFO: [ view_filter ] --START--
INFO: Run Behavior\WriteHtmlCacheBehavior [ RunTime:0.000000s ]
INFO: [ view_filter ] --END-- [ RunTime:0.000000s ]
INFO: [ app_end ] --START--
INFO: Run Behavior\ShowPageTraceBehavior [ RunTime:0.000000s ]
INFO: [ app_end ] --END-- [ RunTime:0.000000s ]

[ 2017-03-21T10:32:11+08:00 ] 110.184.61.85 /Home/Index/index
INFO: [ app_init ] --START--
INFO: Run Behavior\BuildLiteBehavior [ RunTime:0.000000s ]
INFO: [ app_init ] --END-- [ RunTime:0.000000s ]
INFO: [ app_begin ] --START--
INFO: Run Behavior\ReadHtmlCacheBehavior [ RunTime:0.000000s ]
INFO: [ app_begin ] --END-- [ RunTime:0.000000s ]
SQL: SHOW COLUMNS FROM `hospital` [ RunTime:0.0000s ]
SQL: SHOW COLUMNS FROM `spending` [ RunTime:0.0156s ]
SQL: SHOW COLUMNS FROM `proportion` [ RunTime:0.0000s ]
SQL: SHOW COLUMNS FROM `rechange` [ RunTime:0.0156s ]
SQL: SELECT sum(money) as sum FROM `rechange` WHERE `hospital_id` = 10 LIMIT 1   [ RunTime:0.0000s ]
SQL: select p.percent,p.is_use,p.id,sum(s.cost_money) as cost_sum from proportion p join spending s on p.id=s.percentId where p.hospital_id=10 group by p.id; [ RunTime:0.0000s ]
SQL: SELECT * FROM `hospital` WHERE `id` = 10 LIMIT 1   [ RunTime:0.0000s ]
NOTIC: [8] Undefined variable: sum D:\wwwroot\sfwhlryy\wwwroot\Application\Home\Controller\IndexController.class.php 第 24 行.
SQL: SELECT * FROM `spending` WHERE `hospital_id` = '10' AND `spending_date` BETWEEN '2017-03-01' AND '2017-03-31'  [ RunTime:0.0156s ]
NOTIC: [8] Undefined index: sum_money D:\wwwroot\sfwhlryy\wwwroot\Application\Home\Controller\IndexController.class.php 第 40 行.
NOTIC: [8] Undefined index: sum_money D:\wwwroot\sfwhlryy\wwwroot\Application\Home\Controller\IndexController.class.php 第 40 行.
NOTIC: [8] Undefined index: sum_money D:\wwwroot\sfwhlryy\wwwroot\Application\Home\Controller\IndexController.class.php 第 40 行.
NOTIC: [8] Undefined index: sum_money D:\wwwroot\sfwhlryy\wwwroot\Application\Home\Controller\IndexController.class.php 第 40 行.
NOTIC: [8] Undefined index: sum_money D:\wwwroot\sfwhlryy\wwwroot\Application\Home\Controller\IndexController.class.php 第 40 行.
NOTIC: [8] Undefined index: sum_money D:\wwwroot\sfwhlryy\wwwroot\Application\Home\Controller\IndexController.class.php 第 40 行.
NOTIC: [8] Undefined index: sum_money D:\wwwroot\sfwhlryy\wwwroot\Application\Home\Controller\IndexController.class.php 第 40 行.
NOTIC: [8] Undefined index: sum_money D:\wwwroot\sfwhlryy\wwwroot\Application\Home\Controller\IndexController.class.php 第 40 行.
NOTIC: [8] Undefined index: sum_money D:\wwwroot\sfwhlryy\wwwroot\Application\Home\Controller\IndexController.class.php 第 40 行.
NOTIC: [8] Undefined index: sum_money D:\wwwroot\sfwhlryy\wwwroot\Application\Home\Controller\IndexController.class.php 第 40 行.
NOTIC: [8] Undefined index: sum_money D:\wwwroot\sfwhlryy\wwwroot\Application\Home\Controller\IndexController.class.php 第 40 行.
NOTIC: [8] Undefined index: sum_money D:\wwwroot\sfwhlryy\wwwroot\Application\Home\Controller\IndexController.class.php 第 40 行.
NOTIC: [8] Undefined index: sum_money D:\wwwroot\sfwhlryy\wwwroot\Application\Home\Controller\IndexController.class.php 第 40 行.
NOTIC: [8] Undefined index: sum_money D:\wwwroot\sfwhlryy\wwwroot\Application\Home\Controller\IndexController.class.php 第 40 行.
NOTIC: [8] Undefined index: sum_money D:\wwwroot\sfwhlryy\wwwroot\Application\Home\Controller\IndexController.class.php 第 40 行.
INFO: [ view_parse ] --START--
INFO: [ template_filter ] --START--
INFO: Run Behavior\ContentReplaceBehavior [ RunTime:0.000000s ]
INFO: [ template_filter ] --END-- [ RunTime:0.000000s ]
INFO: Run Behavior\ParseTemplateBehavior [ RunTime:0.031250s ]
INFO: [ view_parse ] --END-- [ RunTime:0.031250s ]
INFO: [ view_filter ] --START--
INFO: Run Behavior\WriteHtmlCacheBehavior [ RunTime:0.000000s ]
INFO: [ view_filter ] --END-- [ RunTime:0.000000s ]
INFO: [ app_end ] --START--
INFO: Run Behavior\ShowPageTraceBehavior [ RunTime:0.000000s ]
INFO: [ app_end ] --END-- [ RunTime:0.000000s ]

