[ 2017-05-04T09:40:18+08:00 ] 110.184.60.88 /
INFO: [ app_init ] --START--
INFO: Run Behavior\BuildLiteBehavior [ RunTime:0.000000s ]
INFO: [ app_init ] --END-- [ RunTime:0.015625s ]
INFO: [ app_begin ] --START--
INFO: Run Behavior\ReadHtmlCacheBehavior [ RunTime:0.000000s ]
INFO: [ app_begin ] --END-- [ RunTime:0.000000s ]

[ 2017-05-04T09:40:19+08:00 ] 110.184.60.88 /Home/Login/index
INFO: [ app_init ] --START--
INFO: Run Behavior\BuildLiteBehavior [ RunTime:0.000000s ]
INFO: [ app_init ] --END-- [ RunTime:0.000000s ]
INFO: [ app_begin ] --START--
INFO: Run Behavior\ReadHtmlCacheBehavior [ RunTime:0.000000s ]
INFO: [ app_begin ] --END-- [ RunTime:0.015625s ]
INFO: [ view_parse ] --START--
INFO: [ template_filter ] --START--
INFO: Run Behavior\ContentReplaceBehavior [ RunTime:0.015625s ]
INFO: [ template_filter ] --END-- [ RunTime:0.015625s ]
INFO: Run Behavior\ParseTemplateBehavior [ RunTime:0.109375s ]
INFO: [ view_parse ] --END-- [ RunTime:0.109375s ]
INFO: [ view_filter ] --START--
INFO: Run Behavior\WriteHtmlCacheBehavior [ RunTime:0.000000s ]
INFO: [ view_filter ] --END-- [ RunTime:0.000000s ]
INFO: [ app_end ] --START--
INFO: Run Behavior\ShowPageTraceBehavior [ RunTime:0.046875s ]
INFO: [ app_end ] --END-- [ RunTime:0.046875s ]

[ 2017-05-04T09:40:27+08:00 ] 110.184.60.88 /index.php/Home/Login/checkUser.html
INFO: [ app_init ] --START--
INFO: Run Behavior\BuildLiteBehavior [ RunTime:0.000000s ]
INFO: [ app_init ] --END-- [ RunTime:0.000000s ]
INFO: [ app_begin ] --START--
INFO: Run Behavior\ReadHtmlCacheBehavior [ RunTime:0.000000s ]
INFO: [ app_begin ] --END-- [ RunTime:0.000000s ]
SQL: SHOW COLUMNS FROM `hospital_admin` [ RunTime:0.1719s ]
NOTIC: [8] Use of undefined constant tel - assumed 'tel' D:\wwwroot\sfwhlryy\wwwroot\Application\Home\Controller\LoginController.class.php 第 60 行.
SQL: SELECT * FROM `hospital_admin` WHERE `tel` = '13228595558' LIMIT 1   [ RunTime:0.0313s ]
NOTIC: [8] Undefined variable: errMsg D:\wwwroot\sfwhlryy\wwwroot\Application\Home\Controller\LoginController.class.php 第 70 行.

[ 2017-05-04T09:40:29+08:00 ] 110.184.60.88 /index.php/Home/Login/sendVerify.html
INFO: [ app_init ] --START--
INFO: Run Behavior\BuildLiteBehavior [ RunTime:0.000000s ]
INFO: [ app_init ] --END-- [ RunTime:0.000000s ]
INFO: [ app_begin ] --START--
INFO: Run Behavior\ReadHtmlCacheBehavior [ RunTime:0.000000s ]
INFO: [ app_begin ] --END-- [ RunTime:0.000000s ]
SQL: SHOW COLUMNS FROM `hospital_admin` [ RunTime:0.0000s ]
SQL: SHOW COLUMNS FROM `verify_record` [ RunTime:0.0625s ]
SQL: SELECT * FROM `hospital_admin` LIMIT 1   [ RunTime:0.0000s ]
SQL: INSERT INTO `verify_record` (`name`,`hospital_id`,`login_ip`) VALUES ('张三','10','110.184.60.88') [ RunTime:0.0156s ]

[ 2017-05-04T09:40:35+08:00 ] 110.184.60.88 /index.php/Home/Login/login.html
INFO: [ app_init ] --START--
INFO: Run Behavior\BuildLiteBehavior [ RunTime:0.000000s ]
INFO: [ app_init ] --END-- [ RunTime:0.000000s ]
INFO: [ app_begin ] --START--
INFO: Run Behavior\ReadHtmlCacheBehavior [ RunTime:0.000000s ]
INFO: [ app_begin ] --END-- [ RunTime:0.000000s ]
SQL: SHOW COLUMNS FROM `hospital_admin` [ RunTime:0.0000s ]
SQL: SELECT * FROM `hospital_admin` WHERE `tel` = '13228595558' LIMIT 1   [ RunTime:0.0156s ]
SQL: UPDATE `hospital_admin` SET `last_login_ip`='110.184.60.88',`last_login_date`='1493862035' WHERE `id` = 1 [ RunTime:0.0469s ]
INFO: [ view_parse ] --START--
INFO: [ template_filter ] --START--
INFO: Run Behavior\ContentReplaceBehavior [ RunTime:0.000000s ]
INFO: [ template_filter ] --END-- [ RunTime:0.000000s ]
INFO: Run Behavior\ParseTemplateBehavior [ RunTime:0.046875s ]
INFO: [ view_parse ] --END-- [ RunTime:0.046875s ]
INFO: [ view_filter ] --START--
INFO: Run Behavior\WriteHtmlCacheBehavior [ RunTime:0.000000s ]
INFO: [ view_filter ] --END-- [ RunTime:0.000000s ]
INFO: [ app_end ] --START--
INFO: Run Behavior\ShowPageTraceBehavior [ RunTime:0.000000s ]
INFO: [ app_end ] --END-- [ RunTime:0.000000s ]

[ 2017-05-04T09:40:36+08:00 ] 110.184.60.88 /Home/Index/index
INFO: [ app_init ] --START--
INFO: Run Behavior\BuildLiteBehavior [ RunTime:0.000000s ]
INFO: [ app_init ] --END-- [ RunTime:0.000000s ]
INFO: [ app_begin ] --START--
INFO: Run Behavior\ReadHtmlCacheBehavior [ RunTime:0.000000s ]
INFO: [ app_begin ] --END-- [ RunTime:0.000000s ]
SQL: SHOW COLUMNS FROM `hospital` [ RunTime:0.0469s ]
SQL: SHOW COLUMNS FROM `spending` [ RunTime:0.1875s ]
SQL: SHOW COLUMNS FROM `proportion` [ RunTime:0.1563s ]
SQL: SHOW COLUMNS FROM `rechange` [ RunTime:0.0313s ]
SQL: SELECT sum(money) as sum FROM `rechange` WHERE `hospital_id` = 10 LIMIT 1   [ RunTime:0.0156s ]
SQL: select p.percent,p.is_use,p.id,sum(s.cost_money) as cost_sum from proportion p join spending s on p.id=s.percentId where p.hospital_id=10 group by p.id; [ RunTime:0.0000s ]
SQL: SELECT * FROM `hospital` WHERE `id` = 10 LIMIT 1   [ RunTime:0.0000s ]
NOTIC: [8] Undefined variable: sum D:\wwwroot\sfwhlryy\wwwroot\Application\Home\Controller\IndexController.class.php 第 24 行.
SQL: SELECT * FROM `spending` WHERE `hospital_id` = '10' AND `spending_date` BETWEEN '2017-05-01' AND '2017-05-31'  [ RunTime:0.0000s ]
NOTIC: [8] Undefined variable: res D:\wwwroot\sfwhlryy\wwwroot\Application\Home\Controller\IndexController.class.php 第 52 行.
INFO: [ view_parse ] --START--
INFO: [ template_filter ] --START--
INFO: Run Behavior\ContentReplaceBehavior [ RunTime:0.000000s ]
INFO: [ template_filter ] --END-- [ RunTime:0.000000s ]
INFO: Run Behavior\ParseTemplateBehavior [ RunTime:0.046875s ]
INFO: [ view_parse ] --END-- [ RunTime:0.046875s ]
INFO: [ view_filter ] --START--
INFO: Run Behavior\WriteHtmlCacheBehavior [ RunTime:0.000000s ]
INFO: [ view_filter ] --END-- [ RunTime:0.000000s ]
INFO: [ app_end ] --START--
INFO: Run Behavior\ShowPageTraceBehavior [ RunTime:0.000000s ]
INFO: [ app_end ] --END-- [ RunTime:0.000000s ]

[ 2017-05-04T09:40:43+08:00 ] 110.184.60.88 /Home/Spending/totalMonth
INFO: [ app_init ] --START--
INFO: Run Behavior\BuildLiteBehavior [ RunTime:0.000000s ]
INFO: [ app_init ] --END-- [ RunTime:0.000000s ]
INFO: [ app_begin ] --START--
INFO: Run Behavior\ReadHtmlCacheBehavior [ RunTime:0.000000s ]
INFO: [ app_begin ] --END-- [ RunTime:0.000000s ]
SQL: SHOW COLUMNS FROM `spending` [ RunTime:0.0000s ]
SQL: SELECT * FROM `spending` INNER JOIN patient ON patient_tel = patient.tel  WHERE patient.hospital_id = '10' AND `spending_date` BETWEEN '2017-05-01' AND '2017-05-31'  [ RunTime:0.0469s ]
INFO: [ view_parse ] --START--
INFO: [ template_filter ] --START--
INFO: Run Behavior\ContentReplaceBehavior [ RunTime:0.000000s ]
INFO: [ template_filter ] --END-- [ RunTime:0.000000s ]
NOTIC: [8] Undefined index: money D:\wwwroot\sfwhlryy\wwwroot\Application\Runtime\Cache\Home\aaad9bdae453e486c54fd3edd97a79c0.php 第 80 行.
NOTIC: [2] Division by zero D:\wwwroot\sfwhlryy\wwwroot\Application\Runtime\Cache\Home\aaad9bdae453e486c54fd3edd97a79c0.php 第 80 行.
NOTIC: [8] Undefined index: money D:\wwwroot\sfwhlryy\wwwroot\Application\Runtime\Cache\Home\aaad9bdae453e486c54fd3edd97a79c0.php 第 83 行.
INFO: Run Behavior\ParseTemplateBehavior [ RunTime:0.031250s ]
INFO: [ view_parse ] --END-- [ RunTime:0.031250s ]
INFO: [ view_filter ] --START--
INFO: Run Behavior\WriteHtmlCacheBehavior [ RunTime:0.000000s ]
INFO: [ view_filter ] --END-- [ RunTime:0.000000s ]
INFO: [ app_end ] --START--
INFO: Run Behavior\ShowPageTraceBehavior [ RunTime:0.000000s ]
INFO: [ app_end ] --END-- [ RunTime:0.000000s ]

[ 2017-05-04T09:40:44+08:00 ] 110.184.60.88 /Home/Spending/totalDay
INFO: [ app_init ] --START--
INFO: Run Behavior\BuildLiteBehavior [ RunTime:0.000000s ]
INFO: [ app_init ] --END-- [ RunTime:0.000000s ]
INFO: [ app_begin ] --START--
INFO: Run Behavior\ReadHtmlCacheBehavior [ RunTime:0.000000s ]
INFO: [ app_begin ] --END-- [ RunTime:0.000000s ]
SQL: SHOW COLUMNS FROM `spending` [ RunTime:0.0000s ]
SQL: SELECT * FROM `spending` INNER JOIN patient ON patient.tel = patient_tel  WHERE patient.hospital_id = '10' AND `spending_date` = '2017-05-04'  [ RunTime:0.0000s ]
NOTIC: [8] Undefined variable: cost D:\wwwroot\sfwhlryy\wwwroot\Application\Home\Controller\SpendingController.class.php 第 257 行.
NOTIC: [2] max(): When only one parameter is given, it must be an array D:\wwwroot\sfwhlryy\wwwroot\Application\Home\Controller\SpendingController.class.php 第 257 行.
NOTIC: [8] Undefined variable: cost D:\wwwroot\sfwhlryy\wwwroot\Application\Home\Controller\SpendingController.class.php 第 258 行.
NOTIC: [2] min(): When only one parameter is given, it must be an array D:\wwwroot\sfwhlryy\wwwroot\Application\Home\Controller\SpendingController.class.php 第 258 行.
INFO: [ view_parse ] --START--
INFO: [ template_filter ] --START--
INFO: Run Behavior\ContentReplaceBehavior [ RunTime:0.000000s ]
INFO: [ template_filter ] --END-- [ RunTime:0.000000s ]
NOTIC: [2] Division by zero D:\wwwroot\sfwhlryy\wwwroot\Application\Runtime\Cache\Home\faffcf93552ce242854947e113baf87b.php 第 82 行.
NOTIC: [8] Undefined index: count D:\wwwroot\sfwhlryy\wwwroot\Application\Runtime\Cache\Home\faffcf93552ce242854947e113baf87b.php 第 85 行.
NOTIC: [2] Division by zero D:\wwwroot\sfwhlryy\wwwroot\Application\Runtime\Cache\Home\faffcf93552ce242854947e113baf87b.php 第 82 行.
NOTIC: [8] Undefined index: count D:\wwwroot\sfwhlryy\wwwroot\Application\Runtime\Cache\Home\faffcf93552ce242854947e113baf87b.php 第 85 行.
INFO: Run Behavior\ParseTemplateBehavior [ RunTime:0.046875s ]
INFO: [ view_parse ] --END-- [ RunTime:0.046875s ]
INFO: [ view_filter ] --START--
INFO: Run Behavior\WriteHtmlCacheBehavior [ RunTime:0.000000s ]
INFO: [ view_filter ] --END-- [ RunTime:0.000000s ]
INFO: [ app_end ] --START--
INFO: Run Behavior\ShowPageTraceBehavior [ RunTime:0.000000s ]
INFO: [ app_end ] --END-- [ RunTime:0.000000s ]

[ 2017-05-04T09:40:45+08:00 ] 110.184.60.88 /Home/Spending/totalYear
INFO: [ app_init ] --START--
INFO: Run Behavior\BuildLiteBehavior [ RunTime:0.000000s ]
INFO: [ app_init ] --END-- [ RunTime:0.000000s ]
INFO: [ app_begin ] --START--
INFO: Run Behavior\ReadHtmlCacheBehavior [ RunTime:0.000000s ]
INFO: [ app_begin ] --END-- [ RunTime:0.000000s ]
SQL: SHOW COLUMNS FROM `spending` [ RunTime:0.0000s ]
SQL: SELECT * FROM `spending` WHERE `hospital_id` = 10 AND `spending_date` BETWEEN '2017-01-01' AND '2017-12-31'  [ RunTime:0.0313s ]
NOTIC: [8] Undefined index: 总额 D:\wwwroot\sfwhlryy\wwwroot\Application\Home\Controller\SpendingController.class.php 第 214 行.
NOTIC: [8] Undefined index: 消费总额 D:\wwwroot\sfwhlryy\wwwroot\Application\Home\Controller\SpendingController.class.php 第 214 行.
NOTIC: [8] Undefined index: money D:\wwwroot\sfwhlryy\wwwroot\Application\Home\Controller\SpendingController.class.php 第 214 行.
NOTIC: [8] Undefined index: 月份 D:\wwwroot\sfwhlryy\wwwroot\Application\Home\Controller\SpendingController.class.php 第 215 行.
NOTIC: [8] Undefined index: 2017-01 D:\wwwroot\sfwhlryy\wwwroot\Application\Home\Controller\SpendingController.class.php 第 215 行.
NOTIC: [8] Undefined index: money D:\wwwroot\sfwhlryy\wwwroot\Application\Home\Controller\SpendingController.class.php 第 215 行.
NOTIC: [8] Undefined index: 2017-02 D:\wwwroot\sfwhlryy\wwwroot\Application\Home\Controller\SpendingController.class.php 第 215 行.
NOTIC: [8] Undefined index: money D:\wwwroot\sfwhlryy\wwwroot\Application\Home\Controller\SpendingController.class.php 第 215 行.
NOTIC: [8] Undefined index: 2017-03 D:\wwwroot\sfwhlryy\wwwroot\Application\Home\Controller\SpendingController.class.php 第 215 行.
NOTIC: [8] Undefined index: money D:\wwwroot\sfwhlryy\wwwroot\Application\Home\Controller\SpendingController.class.php 第 215 行.
NOTIC: [8] Undefined index: 2017-04 D:\wwwroot\sfwhlryy\wwwroot\Application\Home\Controller\SpendingController.class.php 第 215 行.
NOTIC: [8] Undefined index: money D:\wwwroot\sfwhlryy\wwwroot\Application\Home\Controller\SpendingController.class.php 第 215 行.
NOTIC: [8] Undefined index: count D:\wwwroot\sfwhlryy\wwwroot\Application\Home\Controller\SpendingController.class.php 第 221 行.
NOTIC: [8] Undefined index: count D:\wwwroot\sfwhlryy\wwwroot\Application\Home\Controller\SpendingController.class.php 第 221 行.
NOTIC: [8] Undefined index: count D:\wwwroot\sfwhlryy\wwwroot\Application\Home\Controller\SpendingController.class.php 第 221 行.
INFO: [ view_parse ] --START--
INFO: [ template_filter ] --START--
INFO: Run Behavior\ContentReplaceBehavior [ RunTime:0.000000s ]
INFO: [ template_filter ] --END-- [ RunTime:0.000000s ]
NOTIC: [8] Undefined index: count D:\wwwroot\sfwhlryy\wwwroot\Application\Runtime\Cache\Home\4f7ab238199761c07c95f62d45284cca.php 第 83 行.
INFO: Run Behavior\ParseTemplateBehavior [ RunTime:0.031250s ]
INFO: [ view_parse ] --END-- [ RunTime:0.031250s ]
INFO: [ view_filter ] --START--
INFO: Run Behavior\WriteHtmlCacheBehavior [ RunTime:0.000000s ]
INFO: [ view_filter ] --END-- [ RunTime:0.000000s ]
INFO: [ app_end ] --START--
INFO: Run Behavior\ShowPageTraceBehavior [ RunTime:0.000000s ]
INFO: [ app_end ] --END-- [ RunTime:0.000000s ]

[ 2017-05-04T09:40:48+08:00 ] 110.184.60.88 /Home/Spending/addNext
INFO: [ app_init ] --START--
INFO: Run Behavior\BuildLiteBehavior [ RunTime:0.000000s ]
INFO: [ app_init ] --END-- [ RunTime:0.000000s ]
INFO: [ app_begin ] --START--
INFO: Run Behavior\ReadHtmlCacheBehavior [ RunTime:0.000000s ]
INFO: [ app_begin ] --END-- [ RunTime:0.000000s ]
SQL: SHOW COLUMNS FROM `patient` [ RunTime:0.0000s ]
SQL: SHOW COLUMNS FROM `spending` [ RunTime:0.0000s ]
SQL: SHOW COLUMNS FROM `proportion` [ RunTime:0.0000s ]
SQL: SELECT `id` FROM `proportion` WHERE `hospital_id` = 10 AND `is_use` = 1 LIMIT 1   [ RunTime:0.0000s ]
SQL: SELECT * FROM `spending` WHERE `hospital_id` = 10 AND `spending_date` BETWEEN '2017-06-01' AND '2017-06-30'  [ RunTime:0.0000s ]
SQL: SELECT * FROM `patient` WHERE `status` = 0 AND `hospital_id` = 10  [ RunTime:0.0000s ]
SQL: INSERT INTO `spending` (`hospital_id`,`percentId`,`patient_tel`,`patient_name`,`spending_date`) VALUES ('10','29','14566897987','啊实打实','2017-06-1'),('10','29','14566897987','啊实打实','2017-06-2'),('10','29','14566897987','啊实打实','2017-06-3'),('10','29','14566897987','啊实打实','2017-06-4'),('10','29','14566897987','啊实打实','2017-06-5'),('10','29','14566897987','啊实打实','2017-06-6'),('10','29','14566897987','啊实打实','2017-06-7'),('10','29','14566897987','啊实打实','2017-06-8'),('10','29','14566897987','啊实打实','2017-06-9'),('10','29','14566897987','啊实打实','2017-06-10'),('10','29','14566897987','啊实打实','2017-06-11'),('10','29','14566897987','啊实打实','2017-06-12'),('10','29','14566897987','啊实打实','2017-06-13'),('10','29','14566897987','啊实打实','2017-06-14'),('10','29','14566897987','啊实打实','2017-06-15'),('10','29','14566897987','啊实打实','2017-06-16'),('10','29','14566897987','啊实打实','2017-06-17'),('10','29','14566897987','啊实打实','2017-06-18'),('10','29','14566897987','啊实打实','2017-06-19'),('10','29','14566897987','啊实打实','2017-06-20'),('10','29','14566897987','啊实打实','2017-06-21'),('10','29','14566897987','啊实打实','2017-06-22'),('10','29','14566897987','啊实打实','2017-06-23'),('10','29','14566897987','啊实打实','2017-06-24'),('10','29','14566897987','啊实打实','2017-06-25'),('10','29','14566897987','啊实打实','2017-06-26'),('10','29','14566897987','啊实打实','2017-06-27'),('10','29','14566897987','啊实打实','2017-06-28'),('10','29','14566897987','啊实打实','2017-06-29'),('10','29','14566897987','啊实打实','2017-06-30'),('10','29','13465478997','硕大的','2017-06-1'),('10','29','13465478997','硕大的','2017-06-2'),('10','29','13465478997','硕大的','2017-06-3'),('10','29','13465478997','硕大的','2017-06-4'),('10','29','13465478997','硕大的','2017-06-5'),('10','29','13465478997','硕大的','2017-06-6'),('10','29','13465478997','硕大的','2017-06-7'),('10','29','13465478997','硕大的','2017-06-8'),('10','29','13465478997','硕大的','2017-06-9'),('10','29','13465478997','硕大的','2017-06-10'),('10','29','13465478997','硕大的','2017-06-11'),('10','29','13465478997','硕大的','2017-06-12'),('10','29','13465478997','硕大的','2017-06-13'),('10','29','13465478997','硕大的','2017-06-14'),('10','29','13465478997','硕大的','2017-06-15'),('10','29','13465478997','硕大的','2017-06-16'),('10','29','13465478997','硕大的','2017-06-17'),('10','29','13465478997','硕大的','2017-06-18'),('10','29','13465478997','硕大的','2017-06-19'),('10','29','13465478997','硕大的','2017-06-20'),('10','29','13465478997','硕大的','2017-06-21'),('10','29','13465478997','硕大的','2017-06-22'),('10','29','13465478997','硕大的','2017-06-23'),('10','29','13465478997','硕大的','2017-06-24'),('10','29','13465478997','硕大的','2017-06-25'),('10','29','13465478997','硕大的','2017-06-26'),('10','29','13465478997','硕大的','2017-06-27'),('10','29','13465478997','硕大的','2017-06-28'),('10','29','13465478997','硕大的','2017-06-29'),('10','29','13465478997','硕大的','2017-06-30'),('10','29','1365454556','萨达是11','2017-06-1'),('10','29','1365454556','萨达是11','2017-06-2'),('10','29','1365454556','萨达是11','2017-06-3'),('10','29','1365454556','萨达是11','2017-06-4'),('10','29','1365454556','萨达是11','2017-06-5'),('10','29','1365454556','萨达是11','2017-06-6'),('10','29','1365454556','萨达是11','2017-06-7'),('10','29','1365454556','萨达是11','2017-06-8'),('10','29','1365454556','萨达是11','2017-06-9'),('10','29','1365454556','萨达是11','2017-06-10'),('10','29','1365454556','萨达是11','2017-06-11'),('10','29','1365454556','萨达是11','2017-06-12'),('10','29','1365454556','萨达是11','2017-06-13'),('10','29','1365454556','萨达是11','2017-06-14'),('10','29','1365454556','萨达是11','2017-06-15'),('10','29','1365454556','萨达是11','2017-06-16'),('10','29','1365454556','萨达是11','2017-06-17'),('10','29','1365454556','萨达是11','2017-06-18'),('10','29','1365454556','萨达是11','2017-06-19'),('10','29','1365454556','萨达是11','2017-06-20'),('10','29','1365454556','萨达是11','2017-06-21'),('10','29','1365454556','萨达是11','2017-06-22'),('10','29','1365454556','萨达是11','2017-06-23'),('10','29','1365454556','萨达是11','2017-06-24'),('10','29','1365454556','萨达是11','2017-06-25'),('10','29','1365454556','萨达是11','2017-06-26'),('10','29','1365454556','萨达是11','2017-06-27'),('10','29','1365454556','萨达是11','2017-06-28'),('10','29','1365454556','萨达是11','2017-06-29'),('10','29','1365454556','萨达是11','2017-06-30'),('10','29','13213123123','测试4','2017-06-1'),('10','29','13213123123','测试4','2017-06-2'),('10','29','13213123123','测试4','2017-06-3'),('10','29','13213123123','测试4','2017-06-4'),('10','29','13213123123','测试4','2017-06-5'),('10','29','13213123123','测试4','2017-06-6'),('10','29','13213123123','测试4','2017-06-7'),('10','29','13213123123','测试4','2017-06-8'),('10','29','13213123123','测试4','2017-06-9'),('10','29','13213123123','测试4','2017-06-10'),('10','29','13213123123','测试4','2017-06-11'),('10','29','13213123123','测试4','2017-06-12'),('10','29','13213123123','测试4','2017-06-13'),('10','29','13213123123','测试4','2017-06-14'),('10','29','13213123123','测试4','2017-06-15'),('10','29','13213123123','测试4','2017-06-16'),('10','29','13213123123','测试4','2017-06-17'),('10','29','13213123123','测试4','2017-06-18'),('10','29','13213123123','测试4','2017-06-19'),('10','29','13213123123','测试4','2017-06-20'),('10','29','13213123123','测试4','2017-06-21'),('10','29','13213123123','测试4','2017-06-22'),('10','29','13213123123','测试4','2017-06-23'),('10','29','13213123123','测试4','2017-06-24'),('10','29','13213123123','测试4','2017-06-25'),('10','29','13213123123','测试4','2017-06-26'),('10','29','13213123123','测试4','2017-06-27'),('10','29','13213123123','测试4','2017-06-28'),('10','29','13213123123','测试4','2017-06-29'),('10','29','13213123123','测试4','2017-06-30'),('10','29','13256456446','测试5','2017-06-1'),('10','29','13256456446','测试5','2017-06-2'),('10','29','13256456446','测试5','2017-06-3'),('10','29','13256456446','测试5','2017-06-4'),('10','29','13256456446','测试5','2017-06-5'),('10','29','13256456446','测试5','2017-06-6'),('10','29','13256456446','测试5','2017-06-7'),('10','29','13256456446','测试5','2017-06-8'),('10','29','13256456446','测试5','2017-06-9'),('10','29','13256456446','测试5','2017-06-10'),('10','29','13256456446','测试5','2017-06-11'),('10','29','13256456446','测试5','2017-06-12'),('10','29','13256456446','测试5','2017-06-13'),('10','29','13256456446','测试5','2017-06-14'),('10','29','13256456446','测试5','2017-06-15'),('10','29','13256456446','测试5','2017-06-16'),('10','29','13256456446','测试5','2017-06-17'),('10','29','13256456446','测试5','2017-06-18'),('10','29','13256456446','测试5','2017-06-19'),('10','29','13256456446','测试5','2017-06-20'),('10','29','13256456446','测试5','2017-06-21'),('10','29','13256456446','测试5','2017-06-22'),('10','29','13256456446','测试5','2017-06-23'),('10','29','13256456446','测试5','2017-06-24'),('10','29','13256456446','测试5','2017-06-25'),('10','29','13256456446','测试5','2017-06-26'),('10','29','13256456446','测试5','2017-06-27'),('10','29','13256456446','测试5','2017-06-28'),('10','29','13256456446','测试5','2017-06-29'),('10','29','13256456446','测试5','2017-06-30'),('10','29','21321231312','萨达是啊','2017-06-1'),('10','29','21321231312','萨达是啊','2017-06-2'),('10','29','21321231312','萨达是啊','2017-06-3'),('10','29','21321231312','萨达是啊','2017-06-4'),('10','29','21321231312','萨达是啊','2017-06-5'),('10','29','21321231312','萨达是啊','2017-06-6'),('10','29','21321231312','萨达是啊','2017-06-7'),('10','29','21321231312','萨达是啊','2017-06-8'),('10','29','21321231312','萨达是啊','2017-06-9'),('10','29','21321231312','萨达是啊','2017-06-10'),('10','29','21321231312','萨达是啊','2017-06-11'),('10','29','21321231312','萨达是啊','2017-06-12'),('10','29','21321231312','萨达是啊','2017-06-13'),('10','29','21321231312','萨达是啊','2017-06-14'),('10','29','21321231312','萨达是啊','2017-06-15'),('10','29','21321231312','萨达是啊','2017-06-16'),('10','29','21321231312','萨达是啊','2017-06-17'),('10','29','21321231312','萨达是啊','2017-06-18'),('10','29','21321231312','萨达是啊','2017-06-19'),('10','29','21321231312','萨达是啊','2017-06-20'),('10','29','21321231312','萨达是啊','2017-06-21'),('10','29','21321231312','萨达是啊','2017-06-22'),('10','29','21321231312','萨达是啊','2017-06-23'),('10','29','21321231312','萨达是啊','2017-06-24'),('10','29','21321231312','萨达是啊','2017-06-25'),('10','29','21321231312','萨达是啊','2017-06-26'),('10','29','21321231312','萨达是啊','2017-06-27'),('10','29','21321231312','萨达是啊','2017-06-28'),('10','29','21321231312','萨达是啊','2017-06-29'),('10','29','21321231312','萨达是啊','2017-06-30'),('10','29','12345678977','萨达是','2017-06-1'),('10','29','12345678977','萨达是','2017-06-2'),('10','29','12345678977','萨达是','2017-06-3'),('10','29','12345678977','萨达是','2017-06-4'),('10','29','12345678977','萨达是','2017-06-5'),('10','29','12345678977','萨达是','2017-06-6'),('10','29','12345678977','萨达是','2017-06-7'),('10','29','12345678977','萨达是','2017-06-8'),('10','29','12345678977','萨达是','2017-06-9'),('10','29','12345678977','萨达是','2017-06-10'),('10','29','12345678977','萨达是','2017-06-11'),('10','29','12345678977','萨达是','2017-06-12'),('10','29','12345678977','萨达是','2017-06-13'),('10','29','12345678977','萨达是','2017-06-14'),('10','29','12345678977','萨达是','2017-06-15'),('10','29','12345678977','萨达是','2017-06-16'),('10','29','12345678977','萨达是','2017-06-17'),('10','29','12345678977','萨达是','2017-06-18'),('10','29','12345678977','萨达是','2017-06-19'),('10','29','12345678977','萨达是','2017-06-20'),('10','29','12345678977','萨达是','2017-06-21'),('10','29','12345678977','萨达是','2017-06-22'),('10','29','12345678977','萨达是','2017-06-23'),('10','29','12345678977','萨达是','2017-06-24'),('10','29','12345678977','萨达是','2017-06-25'),('10','29','12345678977','萨达是','2017-06-26'),('10','29','12345678977','萨达是','2017-06-27'),('10','29','12345678977','萨达是','2017-06-28'),('10','29','12345678977','萨达是','2017-06-29'),('10','29','12345678977','萨达是','2017-06-30'),('10','29','13454657897','sadasd','2017-06-1'),('10','29','13454657897','sadasd','2017-06-2'),('10','29','13454657897','sadasd','2017-06-3'),('10','29','13454657897','sadasd','2017-06-4'),('10','29','13454657897','sadasd','2017-06-5'),('10','29','13454657897','sadasd','2017-06-6'),('10','29','13454657897','sadasd','2017-06-7'),('10','29','13454657897','sadasd','2017-06-8'),('10','29','13454657897','sadasd','2017-06-9'),('10','29','13454657897','sadasd','2017-06-10'),('10','29','13454657897','sadasd','2017-06-11'),('10','29','13454657897','sadasd','2017-06-12'),('10','29','13454657897','sadasd','2017-06-13'),('10','29','13454657897','sadasd','2017-06-14'),('10','29','13454657897','sadasd','2017-06-15'),('10','29','13454657897','sadasd','2017-06-16'),('10','29','13454657897','sadasd','2017-06-17'),('10','29','13454657897','sadasd','2017-06-18'),('10','29','13454657897','sadasd','2017-06-19'),('10','29','13454657897','sadasd','2017-06-20'),('10','29','13454657897','sadasd','2017-06-21'),('10','29','13454657897','sadasd','2017-06-22'),('10','29','13454657897','sadasd','2017-06-23'),('10','29','13454657897','sadasd','2017-06-24'),('10','29','13454657897','sadasd','2017-06-25'),('10','29','13454657897','sadasd','2017-06-26'),('10','29','13454657897','sadasd','2017-06-27'),('10','29','13454657897','sadasd','2017-06-28'),('10','29','13454657897','sadasd','2017-06-29'),('10','29','13454657897','sadasd','2017-06-30'),('10','29','13456465645','萨达是','2017-06-1'),('10','29','13456465645','萨达是','2017-06-2'),('10','29','13456465645','萨达是','2017-06-3'),('10','29','13456465645','萨达是','2017-06-4'),('10','29','13456465645','萨达是','2017-06-5'),('10','29','13456465645','萨达是','2017-06-6'),('10','29','13456465645','萨达是','2017-06-7'),('10','29','13456465645','萨达是','2017-06-8'),('10','29','13456465645','萨达是','2017-06-9'),('10','29','13456465645','萨达是','2017-06-10'),('10','29','13456465645','萨达是','2017-06-11'),('10','29','13456465645','萨达是','2017-06-12'),('10','29','13456465645','萨达是','2017-06-13'),('10','29','13456465645','萨达是','2017-06-14'),('10','29','13456465645','萨达是','2017-06-15'),('10','29','13456465645','萨达是','2017-06-16'),('10','29','13456465645','萨达是','2017-06-17'),('10','29','13456465645','萨达是','2017-06-18'),('10','29','13456465645','萨达是','2017-06-19'),('10','29','13456465645','萨达是','2017-06-20'),('10','29','13456465645','萨达是','2017-06-21'),('10','29','13456465645','萨达是','2017-06-22'),('10','29','13456465645','萨达是','2017-06-23'),('10','29','13456465645','萨达是','2017-06-24'),('10','29','13456465645','萨达是','2017-06-25'),('10','29','13456465645','萨达是','2017-06-26'),('10','29','13456465645','萨达是','2017-06-27'),('10','29','13456465645','萨达是','2017-06-28'),('10','29','13456465645','萨达是','2017-06-29'),('10','29','13456465645','萨达是','2017-06-30'),('10','29','31326545645','测试351','2017-06-1'),('10','29','31326545645','测试351','2017-06-2'),('10','29','31326545645','测试351','2017-06-3'),('10','29','31326545645','测试351','2017-06-4'),('10','29','31326545645','测试351','2017-06-5'),('10','29','31326545645','测试351','2017-06-6'),('10','29','31326545645','测试351','2017-06-7'),('10','29','31326545645','测试351','2017-06-8'),('10','29','31326545645','测试351','2017-06-9'),('10','29','31326545645','测试351','2017-06-10'),('10','29','31326545645','测试351','2017-06-11'),('10','29','31326545645','测试351','2017-06-12'),('10','29','31326545645','测试351','2017-06-13'),('10','29','31326545645','测试351','2017-06-14'),('10','29','31326545645','测试351','2017-06-15'),('10','29','31326545645','测试351','2017-06-16'),('10','29','31326545645','测试351','2017-06-17'),('10','29','31326545645','测试351','2017-06-18'),('10','29','31326545645','测试351','2017-06-19'),('10','29','31326545645','测试351','2017-06-20'),('10','29','31326545645','测试351','2017-06-21'),('10','29','31326545645','测试351','2017-06-22'),('10','29','31326545645','测试351','2017-06-23'),('10','29','31326545645','测试351','2017-06-24'),('10','29','31326545645','测试351','2017-06-25'),('10','29','31326545645','测试351','2017-06-26'),('10','29','31326545645','测试351','2017-06-27'),('10','29','31326545645','测试351','2017-06-28'),('10','29','31326545645','测试351','2017-06-29'),('10','29','31326545645','测试351','2017-06-30'),('10','29','13212345789','这些','2017-06-1'),('10','29','13212345789','这些','2017-06-2'),('10','29','13212345789','这些','2017-06-3'),('10','29','13212345789','这些','2017-06-4'),('10','29','13212345789','这些','2017-06-5'),('10','29','13212345789','这些','2017-06-6'),('10','29','13212345789','这些','2017-06-7'),('10','29','13212345789','这些','2017-06-8'),('10','29','13212345789','这些','2017-06-9'),('10','29','13212345789','这些','2017-06-10'),('10','29','13212345789','这些','2017-06-11'),('10','29','13212345789','这些','2017-06-12'),('10','29','13212345789','这些','2017-06-13'),('10','29','13212345789','这些','2017-06-14'),('10','29','13212345789','这些','2017-06-15'),('10','29','13212345789','这些','2017-06-16'),('10','29','13212345789','这些','2017-06-17'),('10','29','13212345789','这些','2017-06-18'),('10','29','13212345789','这些','2017-06-19'),('10','29','13212345789','这些','2017-06-20'),('10','29','13212345789','这些','2017-06-21'),('10','29','13212345789','这些','2017-06-22'),('10','29','13212345789','这些','2017-06-23'),('10','29','13212345789','这些','2017-06-24'),('10','29','13212345789','这些','2017-06-25'),('10','29','13212345789','这些','2017-06-26'),('10','29','13212345789','这些','2017-06-27'),('10','29','13212345789','这些','2017-06-28'),('10','29','13212345789','这些','2017-06-29'),('10','29','13212345789','这些','2017-06-30'),('10','29','15631569789','sdzx11','2017-06-1'),('10','29','15631569789','sdzx11','2017-06-2'),('10','29','15631569789','sdzx11','2017-06-3'),('10','29','15631569789','sdzx11','2017-06-4'),('10','29','15631569789','sdzx11','2017-06-5'),('10','29','15631569789','sdzx11','2017-06-6'),('10','29','15631569789','sdzx11','2017-06-7'),('10','29','15631569789','sdzx11','2017-06-8'),('10','29','15631569789','sdzx11','2017-06-9'),('10','29','15631569789','sdzx11','2017-06-10'),('10','29','15631569789','sdzx11','2017-06-11'),('10','29','15631569789','sdzx11','2017-06-12'),('10','29','15631569789','sdzx11','2017-06-13'),('10','29','15631569789','sdzx11','2017-06-14'),('10','29','15631569789','sdzx11','2017-06-15'),('10','29','15631569789','sdzx11','2017-06-16'),('10','29','15631569789','sdzx11','2017-06-17'),('10','29','15631569789','sdzx11','2017-06-18'),('10','29','15631569789','sdzx11','2017-06-19'),('10','29','15631569789','sdzx11','2017-06-20'),('10','29','15631569789','sdzx11','2017-06-21'),('10','29','15631569789','sdzx11','2017-06-22'),('10','29','15631569789','sdzx11','2017-06-23'),('10','29','15631569789','sdzx11','2017-06-24'),('10','29','15631569789','sdzx11','2017-06-25'),('10','29','15631569789','sdzx11','2017-06-26'),('10','29','15631569789','sdzx11','2017-06-27'),('10','29','15631569789','sdzx11','2017-06-28'),('10','29','15631569789','sdzx11','2017-06-29'),('10','29','15631569789','sdzx11','2017-06-30'),('10','29','36598797879','zccvbb2','2017-06-1'),('10','29','36598797879','zccvbb2','2017-06-2'),('10','29','36598797879','zccvbb2','2017-06-3'),('10','29','36598797879','zccvbb2','2017-06-4'),('10','29','36598797879','zccvbb2','2017-06-5'),('10','29','36598797879','zccvbb2','2017-06-6'),('10','29','36598797879','zccvbb2','2017-06-7'),('10','29','36598797879','zccvbb2','2017-06-8'),('10','29','36598797879','zccvbb2','2017-06-9'),('10','29','36598797879','zccvbb2','2017-06-10'),('10','29','36598797879','zccvbb2','2017-06-11'),('10','29','36598797879','zccvbb2','2017-06-12'),('10','29','36598797879','zccvbb2','2017-06-13'),('10','29','36598797879','zccvbb2','2017-06-14'),('10','29','36598797879','zccvbb2','2017-06-15'),('10','29','36598797879','zccvbb2','2017-06-16'),('10','29','36598797879','zccvbb2','2017-06-17'),('10','29','36598797879','zccvbb2','2017-06-18'),('10','29','36598797879','zccvbb2','2017-06-19'),('10','29','36598797879','zccvbb2','2017-06-20'),('10','29','36598797879','zccvbb2','2017-06-21'),('10','29','36598797879','zccvbb2','2017-06-22'),('10','29','36598797879','zccvbb2','2017-06-23'),('10','29','36598797879','zccvbb2','2017-06-24'),('10','29','36598797879','zccvbb2','2017-06-25'),('10','29','36598797879','zccvbb2','2017-06-26'),('10','29','36598797879','zccvbb2','2017-06-27'),('10','29','36598797879','zccvbb2','2017-06-28'),('10','29','36598797879','zccvbb2','2017-06-29'),('10','29','36598797879','zccvbb2','2017-06-30'),('10','29','12333234564','李代堂','2017-06-1'),('10','29','12333234564','李代堂','2017-06-2'),('10','29','12333234564','李代堂','2017-06-3'),('10','29','12333234564','李代堂','2017-06-4'),('10','29','12333234564','李代堂','2017-06-5'),('10','29','12333234564','李代堂','2017-06-6'),('10','29','12333234564','李代堂','2017-06-7'),('10','29','12333234564','李代堂','2017-06-8'),('10','29','12333234564','李代堂','2017-06-9'),('10','29','12333234564','李代堂','2017-06-10'),('10','29','12333234564','李代堂','2017-06-11'),('10','29','12333234564','李代堂','2017-06-12'),('10','29','12333234564','李代堂','2017-06-13'),('10','29','12333234564','李代堂','2017-06-14'),('10','29','12333234564','李代堂','2017-06-15'),('10','29','12333234564','李代堂','2017-06-16'),('10','29','12333234564','李代堂','2017-06-17'),('10','29','12333234564','李代堂','2017-06-18'),('10','29','12333234564','李代堂','2017-06-19'),('10','29','12333234564','李代堂','2017-06-20'),('10','29','12333234564','李代堂','2017-06-21'),('10','29','12333234564','李代堂','2017-06-22'),('10','29','12333234564','李代堂','2017-06-23'),('10','29','12333234564','李代堂','2017-06-24'),('10','29','12333234564','李代堂','2017-06-25'),('10','29','12333234564','李代堂','2017-06-26'),('10','29','12333234564','李代堂','2017-06-27'),('10','29','12333234564','李代堂','2017-06-28'),('10','29','12333234564','李代堂','2017-06-29'),('10','29','12333234564','李代堂','2017-06-30') [ RunTime:0.1406s ]
INFO: [ view_parse ] --START--
INFO: [ template_filter ] --START--
INFO: Run Behavior\ContentReplaceBehavior [ RunTime:0.000000s ]
INFO: [ template_filter ] --END-- [ RunTime:0.000000s ]
INFO: Run Behavior\ParseTemplateBehavior [ RunTime:0.015625s ]
INFO: [ view_parse ] --END-- [ RunTime:0.015625s ]
INFO: [ view_filter ] --START--
INFO: Run Behavior\WriteHtmlCacheBehavior [ RunTime:0.000000s ]
INFO: [ view_filter ] --END-- [ RunTime:0.000000s ]
INFO: [ app_end ] --START--
INFO: Run Behavior\ShowPageTraceBehavior [ RunTime:0.000000s ]
INFO: [ app_end ] --END-- [ RunTime:0.000000s ]

[ 2017-05-04T09:40:49+08:00 ] 110.184.60.88 /Home/Index/index
INFO: [ app_init ] --START--
INFO: Run Behavior\BuildLiteBehavior [ RunTime:0.000000s ]
INFO: [ app_init ] --END-- [ RunTime:0.000000s ]
INFO: [ app_begin ] --START--
INFO: Run Behavior\ReadHtmlCacheBehavior [ RunTime:0.000000s ]
INFO: [ app_begin ] --END-- [ RunTime:0.000000s ]
SQL: SHOW COLUMNS FROM `hospital` [ RunTime:0.0000s ]
SQL: SHOW COLUMNS FROM `spending` [ RunTime:0.0000s ]
SQL: SHOW COLUMNS FROM `proportion` [ RunTime:0.0000s ]
SQL: SHOW COLUMNS FROM `rechange` [ RunTime:0.0000s ]
SQL: SELECT sum(money) as sum FROM `rechange` WHERE `hospital_id` = 10 LIMIT 1   [ RunTime:0.0000s ]
SQL: select p.percent,p.is_use,p.id,sum(s.cost_money) as cost_sum from proportion p join spending s on p.id=s.percentId where p.hospital_id=10 group by p.id; [ RunTime:0.0000s ]
SQL: SELECT * FROM `hospital` WHERE `id` = 10 LIMIT 1   [ RunTime:0.0000s ]
NOTIC: [8] Undefined variable: sum D:\wwwroot\sfwhlryy\wwwroot\Application\Home\Controller\IndexController.class.php 第 24 行.
SQL: SELECT * FROM `spending` WHERE `hospital_id` = '10' AND `spending_date` BETWEEN '2017-05-01' AND '2017-05-31'  [ RunTime:0.0156s ]
NOTIC: [8] Undefined variable: res D:\wwwroot\sfwhlryy\wwwroot\Application\Home\Controller\IndexController.class.php 第 52 行.
INFO: [ view_parse ] --START--
INFO: [ template_filter ] --START--
INFO: Run Behavior\ContentReplaceBehavior [ RunTime:0.000000s ]
INFO: [ template_filter ] --END-- [ RunTime:0.000000s ]
INFO: Run Behavior\ParseTemplateBehavior [ RunTime:0.015625s ]
INFO: [ view_parse ] --END-- [ RunTime:0.015625s ]
INFO: [ view_filter ] --START--
INFO: Run Behavior\WriteHtmlCacheBehavior [ RunTime:0.000000s ]
INFO: [ view_filter ] --END-- [ RunTime:0.000000s ]
INFO: [ app_end ] --START--
INFO: Run Behavior\ShowPageTraceBehavior [ RunTime:0.000000s ]
INFO: [ app_end ] --END-- [ RunTime:0.000000s ]

[ 2017-05-04T09:40:52+08:00 ] 110.184.60.88 /Home/Doctor/index
INFO: [ app_init ] --START--
INFO: Run Behavior\BuildLiteBehavior [ RunTime:0.000000s ]
INFO: [ app_init ] --END-- [ RunTime:0.000000s ]
INFO: [ app_begin ] --START--
INFO: Run Behavior\ReadHtmlCacheBehavior [ RunTime:0.000000s ]
INFO: [ app_begin ] --END-- [ RunTime:0.000000s ]
INFO: [ view_parse ] --START--
INFO: [ template_filter ] --START--
INFO: Run Behavior\ContentReplaceBehavior [ RunTime:0.000000s ]
INFO: [ template_filter ] --END-- [ RunTime:0.000000s ]
INFO: Run Behavior\ParseTemplateBehavior [ RunTime:0.015625s ]
INFO: [ view_parse ] --END-- [ RunTime:0.015625s ]
INFO: [ view_filter ] --START--
INFO: Run Behavior\WriteHtmlCacheBehavior [ RunTime:0.000000s ]
INFO: [ view_filter ] --END-- [ RunTime:0.000000s ]
INFO: [ app_end ] --START--
INFO: Run Behavior\ShowPageTraceBehavior [ RunTime:0.000000s ]
INFO: [ app_end ] --END-- [ RunTime:0.000000s ]

[ 2017-05-04T09:40:53+08:00 ] 110.184.60.88 /Home/Hospital/illness
INFO: [ app_init ] --START--
INFO: Run Behavior\BuildLiteBehavior [ RunTime:0.000000s ]
INFO: [ app_init ] --END-- [ RunTime:0.000000s ]
INFO: [ app_begin ] --START--
INFO: Run Behavior\ReadHtmlCacheBehavior [ RunTime:0.000000s ]
INFO: [ app_begin ] --END-- [ RunTime:0.000000s ]
INFO: [ view_parse ] --START--
INFO: [ template_filter ] --START--
INFO: Run Behavior\ContentReplaceBehavior [ RunTime:0.000000s ]
INFO: [ template_filter ] --END-- [ RunTime:0.000000s ]
INFO: Run Behavior\ParseTemplateBehavior [ RunTime:0.046875s ]
INFO: [ view_parse ] --END-- [ RunTime:0.046875s ]
INFO: [ view_filter ] --START--
INFO: Run Behavior\WriteHtmlCacheBehavior [ RunTime:0.000000s ]
INFO: [ view_filter ] --END-- [ RunTime:0.000000s ]
INFO: [ app_end ] --START--
INFO: Run Behavior\ShowPageTraceBehavior [ RunTime:0.000000s ]
INFO: [ app_end ] --END-- [ RunTime:0.000000s ]

[ 2017-05-04T09:40:54+08:00 ] 110.184.60.88 /Home/Admin/index
INFO: [ app_init ] --START--
INFO: Run Behavior\BuildLiteBehavior [ RunTime:0.000000s ]
INFO: [ app_init ] --END-- [ RunTime:0.000000s ]
INFO: [ app_begin ] --START--
INFO: Run Behavior\ReadHtmlCacheBehavior [ RunTime:0.000000s ]
INFO: [ app_begin ] --END-- [ RunTime:0.000000s ]
INFO: [ view_parse ] --START--
INFO: [ template_filter ] --START--
INFO: Run Behavior\ContentReplaceBehavior [ RunTime:0.000000s ]
INFO: [ template_filter ] --END-- [ RunTime:0.000000s ]
INFO: Run Behavior\ParseTemplateBehavior [ RunTime:0.218750s ]
INFO: [ view_parse ] --END-- [ RunTime:0.218750s ]
INFO: [ view_filter ] --START--
INFO: Run Behavior\WriteHtmlCacheBehavior [ RunTime:0.015625s ]
INFO: [ view_filter ] --END-- [ RunTime:0.015625s ]
INFO: [ app_end ] --START--
INFO: Run Behavior\ShowPageTraceBehavior [ RunTime:0.000000s ]
INFO: [ app_end ] --END-- [ RunTime:0.000000s ]

[ 2017-05-04T09:40:56+08:00 ] 110.184.60.88 /Home/Admin/adminList
INFO: [ app_init ] --START--
INFO: Run Behavior\BuildLiteBehavior [ RunTime:0.000000s ]
INFO: [ app_init ] --END-- [ RunTime:0.000000s ]
INFO: [ app_begin ] --START--
INFO: Run Behavior\ReadHtmlCacheBehavior [ RunTime:0.000000s ]
INFO: [ app_begin ] --END-- [ RunTime:0.000000s ]
SQL: SHOW COLUMNS FROM `hospital_admin` [ RunTime:0.0000s ]
SQL: SELECT * FROM `hospital_admin` WHERE `hospital_id` = 10  [ RunTime:0.0000s ]
INFO: [ view_parse ] --START--
INFO: [ template_filter ] --START--
INFO: Run Behavior\ContentReplaceBehavior [ RunTime:0.015625s ]
INFO: [ template_filter ] --END-- [ RunTime:0.015625s ]
NOTIC: [8] Undefined variable: admin_status D:\wwwroot\sfwhlryy\wwwroot\Application\Runtime\Cache\Home\835f2d9ec7e0f7c6f5834c9e78e41a2f.php 第 84 行.
NOTIC: [8] Undefined variable: admin_status D:\wwwroot\sfwhlryy\wwwroot\Application\Runtime\Cache\Home\835f2d9ec7e0f7c6f5834c9e78e41a2f.php 第 84 行.
NOTIC: [8] Undefined variable: admin_status D:\wwwroot\sfwhlryy\wwwroot\Application\Runtime\Cache\Home\835f2d9ec7e0f7c6f5834c9e78e41a2f.php 第 84 行.
NOTIC: [8] Undefined variable: admin_status D:\wwwroot\sfwhlryy\wwwroot\Application\Runtime\Cache\Home\835f2d9ec7e0f7c6f5834c9e78e41a2f.php 第 84 行.
INFO: Run Behavior\ParseTemplateBehavior [ RunTime:0.046875s ]
INFO: [ view_parse ] --END-- [ RunTime:0.046875s ]
INFO: [ view_filter ] --START--
INFO: Run Behavior\WriteHtmlCacheBehavior [ RunTime:0.000000s ]
INFO: [ view_filter ] --END-- [ RunTime:0.000000s ]
INFO: [ app_end ] --START--
INFO: Run Behavior\ShowPageTraceBehavior [ RunTime:0.015625s ]
INFO: [ app_end ] --END-- [ RunTime:0.015625s ]

[ 2017-05-04T09:41:00+08:00 ] 110.184.60.88 /Home/Index/index
INFO: [ app_init ] --START--
INFO: Run Behavior\BuildLiteBehavior [ RunTime:0.000000s ]
INFO: [ app_init ] --END-- [ RunTime:0.000000s ]
INFO: [ app_begin ] --START--
INFO: Run Behavior\ReadHtmlCacheBehavior [ RunTime:0.000000s ]
INFO: [ app_begin ] --END-- [ RunTime:0.000000s ]
SQL: SHOW COLUMNS FROM `hospital` [ RunTime:0.0000s ]
SQL: SHOW COLUMNS FROM `spending` [ RunTime:0.0000s ]
SQL: SHOW COLUMNS FROM `proportion` [ RunTime:0.0000s ]
SQL: SHOW COLUMNS FROM `rechange` [ RunTime:0.0000s ]
SQL: SELECT sum(money) as sum FROM `rechange` WHERE `hospital_id` = 10 LIMIT 1   [ RunTime:0.0000s ]
SQL: select p.percent,p.is_use,p.id,sum(s.cost_money) as cost_sum from proportion p join spending s on p.id=s.percentId where p.hospital_id=10 group by p.id; [ RunTime:0.0156s ]
SQL: SELECT * FROM `hospital` WHERE `id` = 10 LIMIT 1   [ RunTime:0.0000s ]
NOTIC: [8] Undefined variable: sum D:\wwwroot\sfwhlryy\wwwroot\Application\Home\Controller\IndexController.class.php 第 24 行.
SQL: SELECT * FROM `spending` WHERE `hospital_id` = '10' AND `spending_date` BETWEEN '2017-05-01' AND '2017-05-31'  [ RunTime:0.0000s ]
NOTIC: [8] Undefined variable: res D:\wwwroot\sfwhlryy\wwwroot\Application\Home\Controller\IndexController.class.php 第 52 行.
INFO: [ view_parse ] --START--
INFO: [ template_filter ] --START--
INFO: Run Behavior\ContentReplaceBehavior [ RunTime:0.000000s ]
INFO: [ template_filter ] --END-- [ RunTime:0.000000s ]
INFO: Run Behavior\ParseTemplateBehavior [ RunTime:0.015625s ]
INFO: [ view_parse ] --END-- [ RunTime:0.015625s ]
INFO: [ view_filter ] --START--
INFO: Run Behavior\WriteHtmlCacheBehavior [ RunTime:0.000000s ]
INFO: [ view_filter ] --END-- [ RunTime:0.000000s ]
INFO: [ app_end ] --START--
INFO: Run Behavior\ShowPageTraceBehavior [ RunTime:0.000000s ]
INFO: [ app_end ] --END-- [ RunTime:0.000000s ]

[ 2017-05-04T09:43:51+08:00 ] 110.184.60.88 /Home/Index/index
INFO: [ app_init ] --START--
INFO: Run Behavior\BuildLiteBehavior [ RunTime:0.000000s ]
INFO: [ app_init ] --END-- [ RunTime:0.000000s ]
INFO: [ app_begin ] --START--
INFO: Run Behavior\ReadHtmlCacheBehavior [ RunTime:0.000000s ]
INFO: [ app_begin ] --END-- [ RunTime:0.000000s ]
SQL: SHOW COLUMNS FROM `hospital` [ RunTime:0.0156s ]
SQL: SHOW COLUMNS FROM `spending` [ RunTime:0.0000s ]
SQL: SHOW COLUMNS FROM `proportion` [ RunTime:0.0000s ]
SQL: SHOW COLUMNS FROM `rechange` [ RunTime:0.0000s ]
SQL: SELECT sum(money) as sum FROM `rechange` WHERE `hospital_id` = 10 LIMIT 1   [ RunTime:0.0000s ]
SQL: select p.percent,p.is_use,p.id,sum(s.cost_money) as cost_sum from proportion p join spending s on p.id=s.percentId where p.hospital_id=10 group by p.id; [ RunTime:0.0000s ]
SQL: SELECT * FROM `hospital` WHERE `id` = 10 LIMIT 1   [ RunTime:0.0000s ]
NOTIC: [8] Undefined variable: sum D:\wwwroot\sfwhlryy\wwwroot\Application\Home\Controller\IndexController.class.php 第 24 行.
SQL: SELECT * FROM `spending` WHERE `hospital_id` = '10' AND `spending_date` BETWEEN '2017-05-01' AND '2017-05-31'  [ RunTime:0.0000s ]
NOTIC: [8] Undefined variable: res D:\wwwroot\sfwhlryy\wwwroot\Application\Home\Controller\IndexController.class.php 第 52 行.
INFO: [ view_parse ] --START--
INFO: [ template_filter ] --START--
INFO: Run Behavior\ContentReplaceBehavior [ RunTime:0.000000s ]
INFO: [ template_filter ] --END-- [ RunTime:0.000000s ]
INFO: Run Behavior\ParseTemplateBehavior [ RunTime:0.015625s ]
INFO: [ view_parse ] --END-- [ RunTime:0.015625s ]
INFO: [ view_filter ] --START--
INFO: Run Behavior\WriteHtmlCacheBehavior [ RunTime:0.000000s ]
INFO: [ view_filter ] --END-- [ RunTime:0.000000s ]
INFO: [ app_end ] --START--
INFO: Run Behavior\ShowPageTraceBehavior [ RunTime:0.000000s ]
INFO: [ app_end ] --END-- [ RunTime:0.000000s ]

[ 2017-05-04T09:43:51+08:00 ] 110.184.60.88 /Home/Patient/index
INFO: [ app_init ] --START--
INFO: Run Behavior\BuildLiteBehavior [ RunTime:0.000000s ]
INFO: [ app_init ] --END-- [ RunTime:0.000000s ]
INFO: [ app_begin ] --START--
INFO: Run Behavior\ReadHtmlCacheBehavior [ RunTime:0.000000s ]
INFO: [ app_begin ] --END-- [ RunTime:0.000000s ]
SQL: SHOW COLUMNS FROM `doctor` [ RunTime:0.0313s ]
SQL: SHOW COLUMNS FROM `illness` [ RunTime:0.0156s ]
SQL: SELECT * FROM `doctor` WHERE `hospital_id` = 10  [ RunTime:0.0000s ]
SQL: SELECT * FROM `illness` WHERE `hospital_id` = 10  [ RunTime:0.0000s ]
INFO: [ view_parse ] --START--
INFO: [ template_filter ] --START--
INFO: Run Behavior\ContentReplaceBehavior [ RunTime:0.000000s ]
INFO: [ template_filter ] --END-- [ RunTime:0.000000s ]
INFO: Run Behavior\ParseTemplateBehavior [ RunTime:0.031250s ]
INFO: [ view_parse ] --END-- [ RunTime:0.031250s ]
INFO: [ view_filter ] --START--
INFO: Run Behavior\WriteHtmlCacheBehavior [ RunTime:0.000000s ]
INFO: [ view_filter ] --END-- [ RunTime:0.000000s ]
INFO: [ app_end ] --START--
INFO: Run Behavior\ShowPageTraceBehavior [ RunTime:0.000000s ]
INFO: [ app_end ] --END-- [ RunTime:0.000000s ]

[ 2017-05-04T09:43:52+08:00 ] 110.184.60.88 /Home/Index/index
INFO: [ app_init ] --START--
INFO: Run Behavior\BuildLiteBehavior [ RunTime:0.000000s ]
INFO: [ app_init ] --END-- [ RunTime:0.000000s ]
INFO: [ app_begin ] --START--
INFO: Run Behavior\ReadHtmlCacheBehavior [ RunTime:0.000000s ]
INFO: [ app_begin ] --END-- [ RunTime:0.000000s ]
SQL: SHOW COLUMNS FROM `hospital` [ RunTime:0.0000s ]
SQL: SHOW COLUMNS FROM `spending` [ RunTime:0.0000s ]
SQL: SHOW COLUMNS FROM `proportion` [ RunTime:0.0000s ]
SQL: SHOW COLUMNS FROM `rechange` [ RunTime:0.0000s ]
SQL: SELECT sum(money) as sum FROM `rechange` WHERE `hospital_id` = 10 LIMIT 1   [ RunTime:0.0156s ]
SQL: select p.percent,p.is_use,p.id,sum(s.cost_money) as cost_sum from proportion p join spending s on p.id=s.percentId where p.hospital_id=10 group by p.id; [ RunTime:0.0000s ]
SQL: SELECT * FROM `hospital` WHERE `id` = 10 LIMIT 1   [ RunTime:0.0000s ]
NOTIC: [8] Undefined variable: sum D:\wwwroot\sfwhlryy\wwwroot\Application\Home\Controller\IndexController.class.php 第 24 行.
SQL: SELECT * FROM `spending` WHERE `hospital_id` = '10' AND `spending_date` BETWEEN '2017-05-01' AND '2017-05-31'  [ RunTime:0.0000s ]
NOTIC: [8] Undefined variable: res D:\wwwroot\sfwhlryy\wwwroot\Application\Home\Controller\IndexController.class.php 第 52 行.
INFO: [ view_parse ] --START--
INFO: [ template_filter ] --START--
INFO: Run Behavior\ContentReplaceBehavior [ RunTime:0.000000s ]
INFO: [ template_filter ] --END-- [ RunTime:0.000000s ]
INFO: Run Behavior\ParseTemplateBehavior [ RunTime:0.015625s ]
INFO: [ view_parse ] --END-- [ RunTime:0.015625s ]
INFO: [ view_filter ] --START--
INFO: Run Behavior\WriteHtmlCacheBehavior [ RunTime:0.000000s ]
INFO: [ view_filter ] --END-- [ RunTime:0.000000s ]
INFO: [ app_end ] --START--
INFO: Run Behavior\ShowPageTraceBehavior [ RunTime:0.000000s ]
INFO: [ app_end ] --END-- [ RunTime:0.000000s ]

[ 2017-05-04T09:43:53+08:00 ] 110.184.60.88 /Home/Patient/index
INFO: [ app_init ] --START--
INFO: Run Behavior\BuildLiteBehavior [ RunTime:0.000000s ]
INFO: [ app_init ] --END-- [ RunTime:0.000000s ]
INFO: [ app_begin ] --START--
INFO: Run Behavior\ReadHtmlCacheBehavior [ RunTime:0.000000s ]
INFO: [ app_begin ] --END-- [ RunTime:0.000000s ]
SQL: SHOW COLUMNS FROM `doctor` [ RunTime:0.0000s ]
SQL: SHOW COLUMNS FROM `illness` [ RunTime:0.0000s ]
SQL: SELECT * FROM `doctor` WHERE `hospital_id` = 10  [ RunTime:0.0000s ]
SQL: SELECT * FROM `illness` WHERE `hospital_id` = 10  [ RunTime:0.0000s ]
INFO: [ view_parse ] --START--
INFO: [ template_filter ] --START--
INFO: Run Behavior\ContentReplaceBehavior [ RunTime:0.000000s ]
INFO: [ template_filter ] --END-- [ RunTime:0.000000s ]
INFO: Run Behavior\ParseTemplateBehavior [ RunTime:0.015625s ]
INFO: [ view_parse ] --END-- [ RunTime:0.015625s ]
INFO: [ view_filter ] --START--
INFO: Run Behavior\WriteHtmlCacheBehavior [ RunTime:0.000000s ]
INFO: [ view_filter ] --END-- [ RunTime:0.000000s ]
INFO: [ app_end ] --START--
INFO: Run Behavior\ShowPageTraceBehavior [ RunTime:0.000000s ]
INFO: [ app_end ] --END-- [ RunTime:0.000000s ]

[ 2017-05-04T09:43:56+08:00 ] 110.184.60.88 /Home/Doctor/index
INFO: [ app_init ] --START--
INFO: Run Behavior\BuildLiteBehavior [ RunTime:0.000000s ]
INFO: [ app_init ] --END-- [ RunTime:0.000000s ]
INFO: [ app_begin ] --START--
INFO: Run Behavior\ReadHtmlCacheBehavior [ RunTime:0.000000s ]
INFO: [ app_begin ] --END-- [ RunTime:0.000000s ]
INFO: [ view_parse ] --START--
INFO: [ template_filter ] --START--
INFO: Run Behavior\ContentReplaceBehavior [ RunTime:0.000000s ]
INFO: [ template_filter ] --END-- [ RunTime:0.000000s ]
INFO: Run Behavior\ParseTemplateBehavior [ RunTime:0.015625s ]
INFO: [ view_parse ] --END-- [ RunTime:0.015625s ]
INFO: [ view_filter ] --START--
INFO: Run Behavior\WriteHtmlCacheBehavior [ RunTime:0.000000s ]
INFO: [ view_filter ] --END-- [ RunTime:0.000000s ]
INFO: [ app_end ] --START--
INFO: Run Behavior\ShowPageTraceBehavior [ RunTime:0.000000s ]
INFO: [ app_end ] --END-- [ RunTime:0.000000s ]

[ 2017-05-04T09:43:56+08:00 ] 110.184.60.88 /Home/Hospital/illness
INFO: [ app_init ] --START--
INFO: Run Behavior\BuildLiteBehavior [ RunTime:0.000000s ]
INFO: [ app_init ] --END-- [ RunTime:0.000000s ]
INFO: [ app_begin ] --START--
INFO: Run Behavior\ReadHtmlCacheBehavior [ RunTime:0.000000s ]
INFO: [ app_begin ] --END-- [ RunTime:0.000000s ]
INFO: [ view_parse ] --START--
INFO: [ template_filter ] --START--
INFO: Run Behavior\ContentReplaceBehavior [ RunTime:0.000000s ]
INFO: [ template_filter ] --END-- [ RunTime:0.000000s ]
INFO: Run Behavior\ParseTemplateBehavior [ RunTime:0.015625s ]
INFO: [ view_parse ] --END-- [ RunTime:0.015625s ]
INFO: [ view_filter ] --START--
INFO: Run Behavior\WriteHtmlCacheBehavior [ RunTime:0.000000s ]
INFO: [ view_filter ] --END-- [ RunTime:0.000000s ]
INFO: [ app_end ] --START--
INFO: Run Behavior\ShowPageTraceBehavior [ RunTime:0.000000s ]
INFO: [ app_end ] --END-- [ RunTime:0.000000s ]

[ 2017-05-04T09:43:57+08:00 ] 110.184.60.88 /Home/Admin/adminList
INFO: [ app_init ] --START--
INFO: Run Behavior\BuildLiteBehavior [ RunTime:0.000000s ]
INFO: [ app_init ] --END-- [ RunTime:0.000000s ]
INFO: [ app_begin ] --START--
INFO: Run Behavior\ReadHtmlCacheBehavior [ RunTime:0.000000s ]
INFO: [ app_begin ] --END-- [ RunTime:0.000000s ]
SQL: SHOW COLUMNS FROM `hospital_admin` [ RunTime:0.0000s ]
SQL: SELECT * FROM `hospital_admin` WHERE `hospital_id` = 10  [ RunTime:0.0000s ]
INFO: [ view_parse ] --START--
INFO: [ template_filter ] --START--
INFO: Run Behavior\ContentReplaceBehavior [ RunTime:0.000000s ]
INFO: [ template_filter ] --END-- [ RunTime:0.000000s ]
NOTIC: [8] Undefined variable: admin_status D:\wwwroot\sfwhlryy\wwwroot\Application\Runtime\Cache\Home\835f2d9ec7e0f7c6f5834c9e78e41a2f.php 第 84 行.
NOTIC: [8] Undefined variable: admin_status D:\wwwroot\sfwhlryy\wwwroot\Application\Runtime\Cache\Home\835f2d9ec7e0f7c6f5834c9e78e41a2f.php 第 84 行.
NOTIC: [8] Undefined variable: admin_status D:\wwwroot\sfwhlryy\wwwroot\Application\Runtime\Cache\Home\835f2d9ec7e0f7c6f5834c9e78e41a2f.php 第 84 行.
NOTIC: [8] Undefined variable: admin_status D:\wwwroot\sfwhlryy\wwwroot\Application\Runtime\Cache\Home\835f2d9ec7e0f7c6f5834c9e78e41a2f.php 第 84 行.
INFO: Run Behavior\ParseTemplateBehavior [ RunTime:0.015625s ]
INFO: [ view_parse ] --END-- [ RunTime:0.015625s ]
INFO: [ view_filter ] --START--
INFO: Run Behavior\WriteHtmlCacheBehavior [ RunTime:0.000000s ]
INFO: [ view_filter ] --END-- [ RunTime:0.000000s ]
INFO: [ app_end ] --START--
INFO: Run Behavior\ShowPageTraceBehavior [ RunTime:0.000000s ]
INFO: [ app_end ] --END-- [ RunTime:0.000000s ]

[ 2017-05-04T09:44:00+08:00 ] 110.184.60.88 /Home/Admin/index
INFO: [ app_init ] --START--
INFO: Run Behavior\BuildLiteBehavior [ RunTime:0.000000s ]
INFO: [ app_init ] --END-- [ RunTime:0.000000s ]
INFO: [ app_begin ] --START--
INFO: Run Behavior\ReadHtmlCacheBehavior [ RunTime:0.000000s ]
INFO: [ app_begin ] --END-- [ RunTime:0.000000s ]
INFO: [ view_parse ] --START--
INFO: [ template_filter ] --START--
INFO: Run Behavior\ContentReplaceBehavior [ RunTime:0.000000s ]
INFO: [ template_filter ] --END-- [ RunTime:0.000000s ]
INFO: Run Behavior\ParseTemplateBehavior [ RunTime:0.015625s ]
INFO: [ view_parse ] --END-- [ RunTime:0.015625s ]
INFO: [ view_filter ] --START--
INFO: Run Behavior\WriteHtmlCacheBehavior [ RunTime:0.000000s ]
INFO: [ view_filter ] --END-- [ RunTime:0.000000s ]
INFO: [ app_end ] --START--
INFO: Run Behavior\ShowPageTraceBehavior [ RunTime:0.000000s ]
INFO: [ app_end ] --END-- [ RunTime:0.000000s ]

