[ 2017-01-21T09:15:59+08:00 ] 127.0.0.1 /
INFO: [ app_init ] --START--
INFO: Run Behavior\BuildLiteBehavior [ RunTime:0.000024s ]
INFO: [ app_init ] --END-- [ RunTime:0.115138s ]
INFO: [ app_begin ] --START--
INFO: Run Behavior\ReadHtmlCacheBehavior [ RunTime:0.091782s ]
INFO: [ app_begin ] --END-- [ RunTime:0.091849s ]

[ 2017-01-21T09:15:59+08:00 ] 127.0.0.1 /Home/Login/index
INFO: [ app_init ] --START--
INFO: Run Behavior\BuildLiteBehavior [ RunTime:0.000013s ]
INFO: [ app_init ] --END-- [ RunTime:0.000348s ]
INFO: [ app_begin ] --START--
INFO: Run Behavior\ReadHtmlCacheBehavior [ RunTime:0.000498s ]
INFO: [ app_begin ] --END-- [ RunTime:0.000548s ]
INFO: [ view_parse ] --START--
INFO: [ template_filter ] --START--
INFO: Run Behavior\ContentReplaceBehavior [ RunTime:0.037712s ]
INFO: [ template_filter ] --END-- [ RunTime:0.037796s ]
INFO: Run Behavior\ParseTemplateBehavior [ RunTime:0.223804s ]
INFO: [ view_parse ] --END-- [ RunTime:0.223871s ]
INFO: [ view_filter ] --START--
INFO: Run Behavior\WriteHtmlCacheBehavior [ RunTime:0.018793s ]
INFO: [ view_filter ] --END-- [ RunTime:0.018848s ]
INFO: [ app_end ] --START--
INFO: Run Behavior\ShowPageTraceBehavior [ RunTime:0.019271s ]
INFO: [ app_end ] --END-- [ RunTime:0.019329s ]

[ 2017-01-21T09:16:08+08:00 ] 127.0.0.1 /index.php/Home/Login/checkUser.html
INFO: [ app_init ] --START--
INFO: Run Behavior\BuildLiteBehavior [ RunTime:0.000018s ]
INFO: [ app_init ] --END-- [ RunTime:0.000588s ]
INFO: [ app_begin ] --START--
INFO: Run Behavior\ReadHtmlCacheBehavior [ RunTime:0.000716s ]
INFO: [ app_begin ] --END-- [ RunTime:0.000777s ]
SQL: SHOW COLUMNS FROM `hospital_admin` [ RunTime:0.0845s ]
NOTIC: [8] Use of undefined constant tel - assumed 'tel' D:\phpStudy\WWW\tp\Application\Home\Controller\LoginController.class.php 第 56 行.
SQL: SELECT * FROM `hospital_admin` WHERE `tel` = '13228595558' LIMIT 1   [ RunTime:0.0238s ]
NOTIC: [8] Undefined variable: errMsg D:\phpStudy\WWW\tp\Application\Home\Controller\LoginController.class.php 第 62 行.

[ 2017-01-21T09:16:12+08:00 ] 127.0.0.1 /index.php/Home/Login/sendVerify.html
INFO: [ app_init ] --START--
INFO: Run Behavior\BuildLiteBehavior [ RunTime:0.000013s ]
INFO: [ app_init ] --END-- [ RunTime:0.000299s ]
INFO: [ app_begin ] --START--
INFO: Run Behavior\ReadHtmlCacheBehavior [ RunTime:0.000424s ]
INFO: [ app_begin ] --END-- [ RunTime:0.000459s ]
SQL: SHOW COLUMNS FROM `hospital_admin` [ RunTime:0.0115s ]
SQL: SHOW COLUMNS FROM `verify_record` [ RunTime:0.0550s ]
SQL: SELECT * FROM `hospital_admin` LIMIT 1   [ RunTime:0.0002s ]
SQL: INSERT INTO `verify_record` (`name`,`hospital_id`,`login_ip`) VALUES ('张三','10','127.0.0.1') [ RunTime:0.0483s ]

[ 2017-01-21T09:16:16+08:00 ] 127.0.0.1 /index.php/Home/Login/login.html
INFO: [ app_init ] --START--
INFO: Run Behavior\BuildLiteBehavior [ RunTime:0.000024s ]
INFO: [ app_init ] --END-- [ RunTime:0.000560s ]
INFO: [ app_begin ] --START--
INFO: Run Behavior\ReadHtmlCacheBehavior [ RunTime:0.000510s ]
INFO: [ app_begin ] --END-- [ RunTime:0.000564s ]
SQL: SHOW COLUMNS FROM `hospital_admin` [ RunTime:0.0110s ]
SQL: SELECT * FROM `hospital_admin` WHERE `tel` = '13228595558' LIMIT 1   [ RunTime:0.0003s ]
INFO: [ view_parse ] --START--
INFO: [ template_filter ] --START--
INFO: Run Behavior\ContentReplaceBehavior [ RunTime:0.000037s ]
INFO: [ template_filter ] --END-- [ RunTime:0.000086s ]
INFO: Run Behavior\ParseTemplateBehavior [ RunTime:0.074760s ]
INFO: [ view_parse ] --END-- [ RunTime:0.074847s ]
INFO: [ view_filter ] --START--
INFO: Run Behavior\WriteHtmlCacheBehavior [ RunTime:0.000645s ]
INFO: [ view_filter ] --END-- [ RunTime:0.000723s ]
INFO: [ app_end ] --START--
INFO: Run Behavior\ShowPageTraceBehavior [ RunTime:0.000655s ]
INFO: [ app_end ] --END-- [ RunTime:0.000705s ]

[ 2017-01-21T09:16:17+08:00 ] 127.0.0.1 /Home/Index/index
INFO: [ app_init ] --START--
INFO: Run Behavior\BuildLiteBehavior [ RunTime:0.000025s ]
INFO: [ app_init ] --END-- [ RunTime:0.000548s ]
INFO: [ app_begin ] --START--
INFO: Run Behavior\ReadHtmlCacheBehavior [ RunTime:0.000902s ]
INFO: [ app_begin ] --END-- [ RunTime:0.001013s ]
SQL: SHOW COLUMNS FROM `hospital` [ RunTime:0.0398s ]
SQL: SHOW COLUMNS FROM `spending` [ RunTime:0.0496s ]
SQL: SHOW COLUMNS FROM `proportion` [ RunTime:0.0788s ]
SQL: SHOW COLUMNS FROM `rechange` [ RunTime:0.0212s ]
SQL: SELECT sum(money) as sum FROM `rechange` WHERE `hospital_id` = 10 LIMIT 1   [ RunTime:0.0177s ]
SQL: select p.percent,p.is_use,p.id,sum(s.cost_money) as cost_sum from proportion p join spending s on p.id=s.percentId where p.hospital_id=10 group by p.id; [ RunTime:0.0017s ]
SQL: SELECT * FROM `hospital` WHERE `id` = 10 LIMIT 1   [ RunTime:0.0004s ]
NOTIC: [8] Undefined variable: sum D:\phpStudy\WWW\tp\Application\Home\Controller\IndexController.class.php 第 24 行.
SQL: SELECT * FROM `spending` WHERE `hospital_id` = '10' AND `spending_date` BETWEEN '2017-01-01' AND '2017-01-31'  [ RunTime:0.0009s ]
NOTIC: [8] Undefined index: sum_money D:\phpStudy\WWW\tp\Application\Home\Controller\IndexController.class.php 第 40 行.
INFO: [ view_parse ] --START--
INFO: [ template_filter ] --START--
INFO: Run Behavior\ContentReplaceBehavior [ RunTime:0.000063s ]
INFO: [ template_filter ] --END-- [ RunTime:0.000116s ]
INFO: Run Behavior\ParseTemplateBehavior [ RunTime:0.160426s ]
INFO: [ view_parse ] --END-- [ RunTime:0.160486s ]
INFO: [ view_filter ] --START--
INFO: Run Behavior\WriteHtmlCacheBehavior [ RunTime:0.000277s ]
INFO: [ view_filter ] --END-- [ RunTime:0.000314s ]
INFO: [ app_end ] --START--
INFO: Run Behavior\ShowPageTraceBehavior [ RunTime:0.000480s ]
INFO: [ app_end ] --END-- [ RunTime:0.000515s ]

[ 2017-01-21T09:16:20+08:00 ] 127.0.0.1 /Home/Spending/addNext
INFO: [ app_init ] --START--
INFO: Run Behavior\BuildLiteBehavior [ RunTime:0.000024s ]
INFO: [ app_init ] --END-- [ RunTime:0.000441s ]
INFO: [ app_begin ] --START--
INFO: Run Behavior\ReadHtmlCacheBehavior [ RunTime:0.000435s ]
INFO: [ app_begin ] --END-- [ RunTime:0.000479s ]
SQL: SHOW COLUMNS FROM `patient` [ RunTime:0.0487s ]
SQL: SHOW COLUMNS FROM `spending` [ RunTime:0.0064s ]
SQL: SHOW COLUMNS FROM `proportion` [ RunTime:0.0063s ]
SQL: SELECT `id` FROM `proportion` WHERE `hospital_id` = 10 AND `is_use` = 1 LIMIT 1   [ RunTime:0.0003s ]
SQL: SELECT * FROM `spending` WHERE `hospital_id` = 10 AND `spending_date` BETWEEN '2017-02-01' AND '2017-02-28'  [ RunTime:0.0007s ]
INFO: [ view_parse ] --START--
INFO: [ template_filter ] --START--
INFO: Run Behavior\ContentReplaceBehavior [ RunTime:0.000034s ]
INFO: [ template_filter ] --END-- [ RunTime:0.000078s ]
INFO: Run Behavior\ParseTemplateBehavior [ RunTime:0.005071s ]
INFO: [ view_parse ] --END-- [ RunTime:0.005122s ]
INFO: [ view_filter ] --START--
INFO: Run Behavior\WriteHtmlCacheBehavior [ RunTime:0.000210s ]
INFO: [ view_filter ] --END-- [ RunTime:0.000245s ]

[ 2017-01-21T09:16:23+08:00 ] 127.0.0.1 /Home/Patient/index
INFO: [ app_init ] --START--
INFO: Run Behavior\BuildLiteBehavior [ RunTime:0.000038s ]
INFO: [ app_init ] --END-- [ RunTime:0.000697s ]
INFO: [ app_begin ] --START--
INFO: Run Behavior\ReadHtmlCacheBehavior [ RunTime:0.000670s ]
INFO: [ app_begin ] --END-- [ RunTime:0.000741s ]
SQL: SHOW COLUMNS FROM `doctor` [ RunTime:0.0358s ]
SQL: SELECT * FROM `doctor` WHERE `hospital_id` = 10  [ RunTime:0.0003s ]
INFO: [ view_parse ] --START--
INFO: [ template_filter ] --START--
INFO: Run Behavior\ContentReplaceBehavior [ RunTime:0.000058s ]
INFO: [ template_filter ] --END-- [ RunTime:0.000103s ]
INFO: Run Behavior\ParseTemplateBehavior [ RunTime:0.065844s ]
INFO: [ view_parse ] --END-- [ RunTime:0.065912s ]
INFO: [ view_filter ] --START--
INFO: Run Behavior\WriteHtmlCacheBehavior [ RunTime:0.000231s ]
INFO: [ view_filter ] --END-- [ RunTime:0.000267s ]
INFO: [ app_end ] --START--
INFO: Run Behavior\ShowPageTraceBehavior [ RunTime:0.000443s ]
INFO: [ app_end ] --END-- [ RunTime:0.000477s ]

[ 2017-01-21T09:16:24+08:00 ] 127.0.0.1 /Home/Index/index
INFO: [ app_init ] --START--
INFO: Run Behavior\BuildLiteBehavior [ RunTime:0.000014s ]
INFO: [ app_init ] --END-- [ RunTime:0.000320s ]
INFO: [ app_begin ] --START--
INFO: Run Behavior\ReadHtmlCacheBehavior [ RunTime:0.000445s ]
INFO: [ app_begin ] --END-- [ RunTime:0.000489s ]
SQL: SHOW COLUMNS FROM `hospital` [ RunTime:0.0147s ]
SQL: SHOW COLUMNS FROM `spending` [ RunTime:0.0074s ]
SQL: SHOW COLUMNS FROM `proportion` [ RunTime:0.0064s ]
SQL: SHOW COLUMNS FROM `rechange` [ RunTime:0.0060s ]
SQL: SELECT sum(money) as sum FROM `rechange` WHERE `hospital_id` = 10 LIMIT 1   [ RunTime:0.0003s ]
SQL: select p.percent,p.is_use,p.id,sum(s.cost_money) as cost_sum from proportion p join spending s on p.id=s.percentId where p.hospital_id=10 group by p.id; [ RunTime:0.0003s ]
SQL: SELECT * FROM `hospital` WHERE `id` = 10 LIMIT 1   [ RunTime:0.0002s ]
NOTIC: [8] Undefined variable: sum D:\phpStudy\WWW\tp\Application\Home\Controller\IndexController.class.php 第 24 行.
SQL: SELECT * FROM `spending` WHERE `hospital_id` = '10' AND `spending_date` BETWEEN '2017-01-01' AND '2017-01-31'  [ RunTime:0.0004s ]
NOTIC: [8] Undefined index: sum_money D:\phpStudy\WWW\tp\Application\Home\Controller\IndexController.class.php 第 40 行.
INFO: [ view_parse ] --START--
INFO: [ template_filter ] --START--
INFO: Run Behavior\ContentReplaceBehavior [ RunTime:0.000058s ]
INFO: [ template_filter ] --END-- [ RunTime:0.000101s ]
INFO: Run Behavior\ParseTemplateBehavior [ RunTime:0.009379s ]
INFO: [ view_parse ] --END-- [ RunTime:0.009429s ]
INFO: [ view_filter ] --START--
INFO: Run Behavior\WriteHtmlCacheBehavior [ RunTime:0.000205s ]
INFO: [ view_filter ] --END-- [ RunTime:0.000239s ]
INFO: [ app_end ] --START--
INFO: Run Behavior\ShowPageTraceBehavior [ RunTime:0.000420s ]
INFO: [ app_end ] --END-- [ RunTime:0.000454s ]

[ 2017-01-21T09:16:25+08:00 ] 127.0.0.1 /Home/Index/index
INFO: [ app_init ] --START--
INFO: Run Behavior\BuildLiteBehavior [ RunTime:0.000014s ]
INFO: [ app_init ] --END-- [ RunTime:0.000496s ]
INFO: [ app_begin ] --START--
INFO: Run Behavior\ReadHtmlCacheBehavior [ RunTime:0.000428s ]
INFO: [ app_begin ] --END-- [ RunTime:0.000468s ]
SQL: SHOW COLUMNS FROM `hospital` [ RunTime:0.0108s ]
SQL: SHOW COLUMNS FROM `spending` [ RunTime:0.0070s ]
SQL: SHOW COLUMNS FROM `proportion` [ RunTime:0.0062s ]
SQL: SHOW COLUMNS FROM `rechange` [ RunTime:0.0063s ]
SQL: SELECT sum(money) as sum FROM `rechange` WHERE `hospital_id` = 10 LIMIT 1   [ RunTime:0.0003s ]
SQL: select p.percent,p.is_use,p.id,sum(s.cost_money) as cost_sum from proportion p join spending s on p.id=s.percentId where p.hospital_id=10 group by p.id; [ RunTime:0.0006s ]
SQL: SELECT * FROM `hospital` WHERE `id` = 10 LIMIT 1   [ RunTime:0.0002s ]
NOTIC: [8] Undefined variable: sum D:\phpStudy\WWW\tp\Application\Home\Controller\IndexController.class.php 第 24 行.
SQL: SELECT * FROM `spending` WHERE `hospital_id` = '10' AND `spending_date` BETWEEN '2017-01-01' AND '2017-01-31'  [ RunTime:0.0004s ]
NOTIC: [8] Undefined index: sum_money D:\phpStudy\WWW\tp\Application\Home\Controller\IndexController.class.php 第 40 行.
INFO: [ view_parse ] --START--
INFO: [ template_filter ] --START--
INFO: Run Behavior\ContentReplaceBehavior [ RunTime:0.000070s ]
INFO: [ template_filter ] --END-- [ RunTime:0.000115s ]
INFO: Run Behavior\ParseTemplateBehavior [ RunTime:0.009403s ]
INFO: [ view_parse ] --END-- [ RunTime:0.009455s ]
INFO: [ view_filter ] --START--
INFO: Run Behavior\WriteHtmlCacheBehavior [ RunTime:0.000207s ]
INFO: [ view_filter ] --END-- [ RunTime:0.000246s ]
INFO: [ app_end ] --START--
INFO: Run Behavior\ShowPageTraceBehavior [ RunTime:0.000428s ]
INFO: [ app_end ] --END-- [ RunTime:0.000464s ]

[ 2017-01-21T09:16:27+08:00 ] 127.0.0.1 /Home/Patient/index
INFO: [ app_init ] --START--
INFO: Run Behavior\BuildLiteBehavior [ RunTime:0.000023s ]
INFO: [ app_init ] --END-- [ RunTime:0.000414s ]
INFO: [ app_begin ] --START--
INFO: Run Behavior\ReadHtmlCacheBehavior [ RunTime:0.000449s ]
INFO: [ app_begin ] --END-- [ RunTime:0.000496s ]
SQL: SHOW COLUMNS FROM `doctor` [ RunTime:0.0106s ]
SQL: SELECT * FROM `doctor` WHERE `hospital_id` = 10  [ RunTime:0.0003s ]
INFO: [ view_parse ] --START--
INFO: [ template_filter ] --START--
INFO: Run Behavior\ContentReplaceBehavior [ RunTime:0.000058s ]
INFO: [ template_filter ] --END-- [ RunTime:0.000101s ]
INFO: Run Behavior\ParseTemplateBehavior [ RunTime:0.008342s ]
INFO: [ view_parse ] --END-- [ RunTime:0.008402s ]
INFO: [ view_filter ] --START--
INFO: Run Behavior\WriteHtmlCacheBehavior [ RunTime:0.000202s ]
INFO: [ view_filter ] --END-- [ RunTime:0.000236s ]
INFO: [ app_end ] --START--
INFO: Run Behavior\ShowPageTraceBehavior [ RunTime:0.000475s ]
INFO: [ app_end ] --END-- [ RunTime:0.000509s ]

[ 2017-01-21T09:16:29+08:00 ] 127.0.0.1 /Home/Doctor/index
INFO: [ app_init ] --START--
INFO: Run Behavior\BuildLiteBehavior [ RunTime:0.000016s ]
INFO: [ app_init ] --END-- [ RunTime:0.000414s ]
INFO: [ app_begin ] --START--
INFO: Run Behavior\ReadHtmlCacheBehavior [ RunTime:0.000558s ]
INFO: [ app_begin ] --END-- [ RunTime:0.000627s ]
INFO: [ view_parse ] --START--
INFO: [ template_filter ] --START--
INFO: Run Behavior\ContentReplaceBehavior [ RunTime:0.000056s ]
INFO: [ template_filter ] --END-- [ RunTime:0.000106s ]
INFO: Run Behavior\ParseTemplateBehavior [ RunTime:0.047379s ]
INFO: [ view_parse ] --END-- [ RunTime:0.047439s ]
INFO: [ view_filter ] --START--
INFO: Run Behavior\WriteHtmlCacheBehavior [ RunTime:0.000226s ]
INFO: [ view_filter ] --END-- [ RunTime:0.000257s ]
INFO: [ app_end ] --START--
INFO: Run Behavior\ShowPageTraceBehavior [ RunTime:0.000427s ]
INFO: [ app_end ] --END-- [ RunTime:0.000462s ]

[ 2017-01-21T09:16:31+08:00 ] 127.0.0.1 /Home/Index/index
INFO: [ app_init ] --START--
INFO: Run Behavior\BuildLiteBehavior [ RunTime:0.000014s ]
INFO: [ app_init ] --END-- [ RunTime:0.000299s ]
INFO: [ app_begin ] --START--
INFO: Run Behavior\ReadHtmlCacheBehavior [ RunTime:0.000425s ]
INFO: [ app_begin ] --END-- [ RunTime:0.000463s ]
SQL: SHOW COLUMNS FROM `hospital` [ RunTime:0.0136s ]
SQL: SHOW COLUMNS FROM `spending` [ RunTime:0.0070s ]
SQL: SHOW COLUMNS FROM `proportion` [ RunTime:0.0072s ]
SQL: SHOW COLUMNS FROM `rechange` [ RunTime:0.0065s ]
SQL: SELECT sum(money) as sum FROM `rechange` WHERE `hospital_id` = 10 LIMIT 1   [ RunTime:0.0003s ]
SQL: select p.percent,p.is_use,p.id,sum(s.cost_money) as cost_sum from proportion p join spending s on p.id=s.percentId where p.hospital_id=10 group by p.id; [ RunTime:0.0004s ]
SQL: SELECT * FROM `hospital` WHERE `id` = 10 LIMIT 1   [ RunTime:0.0002s ]
NOTIC: [8] Undefined variable: sum D:\phpStudy\WWW\tp\Application\Home\Controller\IndexController.class.php 第 24 行.
SQL: SELECT * FROM `spending` WHERE `hospital_id` = '10' AND `spending_date` BETWEEN '2017-01-01' AND '2017-01-31'  [ RunTime:0.0005s ]
NOTIC: [8] Undefined index: sum_money D:\phpStudy\WWW\tp\Application\Home\Controller\IndexController.class.php 第 40 行.
INFO: [ view_parse ] --START--
INFO: [ template_filter ] --START--
INFO: Run Behavior\ContentReplaceBehavior [ RunTime:0.000101s ]
INFO: [ template_filter ] --END-- [ RunTime:0.000149s ]
INFO: Run Behavior\ParseTemplateBehavior [ RunTime:0.010418s ]
INFO: [ view_parse ] --END-- [ RunTime:0.010472s ]
INFO: [ view_filter ] --START--
INFO: Run Behavior\WriteHtmlCacheBehavior [ RunTime:0.000208s ]
INFO: [ view_filter ] --END-- [ RunTime:0.000244s ]
INFO: [ app_end ] --START--
INFO: Run Behavior\ShowPageTraceBehavior [ RunTime:0.000425s ]
INFO: [ app_end ] --END-- [ RunTime:0.000460s ]

[ 2017-01-21T09:16:32+08:00 ] 127.0.0.1 /Home/Patient/info/tel/14566897987
INFO: [ app_init ] --START--
INFO: Run Behavior\BuildLiteBehavior [ RunTime:0.000015s ]
INFO: [ app_init ] --END-- [ RunTime:0.000310s ]
INFO: [ app_begin ] --START--
INFO: Run Behavior\ReadHtmlCacheBehavior [ RunTime:0.000422s ]
INFO: [ app_begin ] --END-- [ RunTime:0.000461s ]
SQL: SHOW COLUMNS FROM `patient` [ RunTime:0.0112s ]
SQL: SHOW COLUMNS FROM `spending` [ RunTime:0.0065s ]
SQL: SHOW COLUMNS FROM `doctor` [ RunTime:0.0085s ]
SQL: SELECT * FROM `spending` WHERE `patient_tel` = '14566897987' AND `spending_date` BETWEEN '2017-01-01' AND '2017-01-31'  [ RunTime:0.0006s ]
SQL: SELECT * FROM `patient` WHERE `tel` = '14566897987' LIMIT 1   [ RunTime:0.0002s ]
SQL: SELECT `id`,`name` FROM `doctor` WHERE `hospital_id` = 10  [ RunTime:0.0002s ]
SQL: SELECT sum(cost_money) FROM `spending` WHERE `patient_tel` = '14566897987' LIMIT 1   [ RunTime:0.0003s ]
INFO: [ view_parse ] --START--
INFO: [ template_filter ] --START--
INFO: Run Behavior\ContentReplaceBehavior [ RunTime:0.000070s ]
INFO: [ template_filter ] --END-- [ RunTime:0.000122s ]
INFO: Run Behavior\ParseTemplateBehavior [ RunTime:0.133160s ]
INFO: [ view_parse ] --END-- [ RunTime:0.133232s ]
INFO: [ view_filter ] --START--
INFO: Run Behavior\WriteHtmlCacheBehavior [ RunTime:0.000360s ]
INFO: [ view_filter ] --END-- [ RunTime:0.000418s ]
INFO: [ app_end ] --START--
INFO: Run Behavior\ShowPageTraceBehavior [ RunTime:0.001335s ]
INFO: [ app_end ] --END-- [ RunTime:0.001824s ]

[ 2017-01-21T09:16:44+08:00 ] 127.0.0.1 /Home/Patient/searchOne
INFO: [ app_init ] --START--
INFO: Run Behavior\BuildLiteBehavior [ RunTime:0.000016s ]
INFO: [ app_init ] --END-- [ RunTime:0.000375s ]
INFO: [ app_begin ] --START--
INFO: Run Behavior\ReadHtmlCacheBehavior [ RunTime:0.000480s ]
INFO: [ app_begin ] --END-- [ RunTime:0.000525s ]
SQL: SHOW COLUMNS FROM `spending` [ RunTime:0.0175s ]
NOTIC: [2] addslashes() expects parameter 1 to be string, array given D:\phpStudy\WWW\tp\ThinkPHP\Library\Think\Db\Driver.class.php 第 1031 行.
SQL: SELECT * FROM `spending` WHERE `hospital_id` = 10 AND `patient_tel` = '' AND `spending_date` BETWEEN '2017-02-01' AND '2017-02-28'  [ RunTime:0.0008s ]

[ 2017-01-21T09:16:47+08:00 ] 127.0.0.1 /Home/Patient/searchOne
INFO: [ app_init ] --START--
INFO: Run Behavior\BuildLiteBehavior [ RunTime:0.000015s ]
INFO: [ app_init ] --END-- [ RunTime:0.000299s ]
INFO: [ app_begin ] --START--
INFO: Run Behavior\ReadHtmlCacheBehavior [ RunTime:0.000457s ]
INFO: [ app_begin ] --END-- [ RunTime:0.000493s ]
SQL: SHOW COLUMNS FROM `spending` [ RunTime:0.0151s ]
NOTIC: [2] addslashes() expects parameter 1 to be string, array given D:\phpStudy\WWW\tp\ThinkPHP\Library\Think\Db\Driver.class.php 第 1031 行.
SQL: SELECT * FROM `spending` WHERE `hospital_id` = 10 AND `patient_tel` = '' AND `spending_date` BETWEEN '2016-12-01' AND '2016-12-31'  [ RunTime:0.0006s ]

[ 2017-01-21T09:16:48+08:00 ] 127.0.0.1 /Home/Patient/searchOne
INFO: [ app_init ] --START--
INFO: Run Behavior\BuildLiteBehavior [ RunTime:0.000021s ]
INFO: [ app_init ] --END-- [ RunTime:0.000320s ]
INFO: [ app_begin ] --START--
INFO: Run Behavior\ReadHtmlCacheBehavior [ RunTime:0.000466s ]
INFO: [ app_begin ] --END-- [ RunTime:0.000504s ]
SQL: SHOW COLUMNS FROM `spending` [ RunTime:0.0085s ]
NOTIC: [2] addslashes() expects parameter 1 to be string, array given D:\phpStudy\WWW\tp\ThinkPHP\Library\Think\Db\Driver.class.php 第 1031 行.
SQL: SELECT * FROM `spending` WHERE `hospital_id` = 10 AND `patient_tel` = '' AND `spending_date` BETWEEN '2017-01-01' AND '2017-01-31'  [ RunTime:0.0007s ]

