[ 2017-05-24T09:14:58+08:00 ] 110.184.57.244 /
INFO: [ app_init ] --START--
INFO: Run Behavior\BuildLiteBehavior [ RunTime:0.000000s ]
INFO: [ app_init ] --END-- [ RunTime:0.000000s ]
INFO: [ app_begin ] --START--
INFO: Run Behavior\ReadHtmlCacheBehavior [ RunTime:0.000000s ]
INFO: [ app_begin ] --END-- [ RunTime:0.000000s ]

[ 2017-05-24T09:14:58+08:00 ] 110.184.57.244 /Home/Login/index
INFO: [ app_init ] --START--
INFO: Run Behavior\BuildLiteBehavior [ RunTime:0.000000s ]
INFO: [ app_init ] --END-- [ RunTime:0.000000s ]
INFO: [ app_begin ] --START--
INFO: Run Behavior\ReadHtmlCacheBehavior [ RunTime:0.000000s ]
INFO: [ app_begin ] --END-- [ RunTime:0.000000s ]
INFO: [ view_parse ] --START--
INFO: [ template_filter ] --START--
INFO: Run Behavior\ContentReplaceBehavior [ RunTime:0.000000s ]
INFO: [ template_filter ] --END-- [ RunTime:0.000000s ]
INFO: Run Behavior\ParseTemplateBehavior [ RunTime:0.015625s ]
INFO: [ view_parse ] --END-- [ RunTime:0.015625s ]
INFO: [ view_filter ] --START--
INFO: Run Behavior\WriteHtmlCacheBehavior [ RunTime:0.000000s ]
INFO: [ view_filter ] --END-- [ RunTime:0.000000s ]
INFO: [ app_end ] --START--
INFO: Run Behavior\ShowPageTraceBehavior [ RunTime:0.000000s ]
INFO: [ app_end ] --END-- [ RunTime:0.000000s ]

[ 2017-05-24T15:12:26+08:00 ] 118.116.83.42 /
INFO: [ app_init ] --START--
INFO: Run Behavior\BuildLiteBehavior [ RunTime:0.000000s ]
INFO: [ app_init ] --END-- [ RunTime:0.000000s ]
INFO: [ app_begin ] --START--
INFO: Run Behavior\ReadHtmlCacheBehavior [ RunTime:0.000000s ]
INFO: [ app_begin ] --END-- [ RunTime:0.000000s ]

[ 2017-05-24T17:15:39+08:00 ] 118.116.83.42 /
INFO: [ app_init ] --START--
INFO: Run Behavior\BuildLiteBehavior [ RunTime:0.000000s ]
INFO: [ app_init ] --END-- [ RunTime:0.015625s ]
INFO: [ app_begin ] --START--
INFO: Run Behavior\ReadHtmlCacheBehavior [ RunTime:0.000000s ]
INFO: [ app_begin ] --END-- [ RunTime:0.000000s ]

[ 2017-05-24T18:59:47+08:00 ] 182.148.16.254 /
INFO: [ app_init ] --START--
INFO: Run Behavior\BuildLiteBehavior [ RunTime:0.000000s ]
INFO: [ app_init ] --END-- [ RunTime:0.000000s ]
INFO: [ app_begin ] --START--
INFO: Run Behavior\ReadHtmlCacheBehavior [ RunTime:0.000000s ]
INFO: [ app_begin ] --END-- [ RunTime:0.015625s ]

[ 2017-05-24T18:59:47+08:00 ] 182.148.16.254 /Home/Login/index
INFO: [ app_init ] --START--
INFO: Run Behavior\BuildLiteBehavior [ RunTime:0.000000s ]
INFO: [ app_init ] --END-- [ RunTime:0.000000s ]
INFO: [ app_begin ] --START--
INFO: Run Behavior\ReadHtmlCacheBehavior [ RunTime:0.015625s ]
INFO: [ app_begin ] --END-- [ RunTime:0.015625s ]
INFO: [ view_parse ] --START--
INFO: [ template_filter ] --START--
INFO: Run Behavior\ContentReplaceBehavior [ RunTime:0.000000s ]
INFO: [ template_filter ] --END-- [ RunTime:0.000000s ]
INFO: Run Behavior\ParseTemplateBehavior [ RunTime:0.015625s ]
INFO: [ view_parse ] --END-- [ RunTime:0.015625s ]
INFO: [ view_filter ] --START--
INFO: Run Behavior\WriteHtmlCacheBehavior [ RunTime:0.000000s ]
INFO: [ view_filter ] --END-- [ RunTime:0.000000s ]
INFO: [ app_end ] --START--
INFO: Run Behavior\ShowPageTraceBehavior [ RunTime:0.000000s ]
INFO: [ app_end ] --END-- [ RunTime:0.000000s ]

[ 2017-05-24T18:59:47+08:00 ] 182.148.16.254 /
INFO: [ app_init ] --START--
INFO: Run Behavior\BuildLiteBehavior [ RunTime:0.000000s ]
INFO: [ app_init ] --END-- [ RunTime:0.000000s ]
INFO: [ app_begin ] --START--
INFO: Run Behavior\ReadHtmlCacheBehavior [ RunTime:0.000000s ]
INFO: [ app_begin ] --END-- [ RunTime:0.000000s ]

[ 2017-05-24T18:59:47+08:00 ] 182.148.16.254 /Home/Login/index
INFO: [ app_init ] --START--
INFO: Run Behavior\BuildLiteBehavior [ RunTime:0.000000s ]
INFO: [ app_init ] --END-- [ RunTime:0.000000s ]
INFO: [ app_begin ] --START--
INFO: Run Behavior\ReadHtmlCacheBehavior [ RunTime:0.000000s ]
INFO: [ app_begin ] --END-- [ RunTime:0.000000s ]
INFO: [ view_parse ] --START--
INFO: [ template_filter ] --START--
INFO: Run Behavior\ContentReplaceBehavior [ RunTime:0.000000s ]
INFO: [ template_filter ] --END-- [ RunTime:0.000000s ]
INFO: Run Behavior\ParseTemplateBehavior [ RunTime:0.000000s ]
INFO: [ view_parse ] --END-- [ RunTime:0.000000s ]
INFO: [ view_filter ] --START--
INFO: Run Behavior\WriteHtmlCacheBehavior [ RunTime:0.000000s ]
INFO: [ view_filter ] --END-- [ RunTime:0.000000s ]
INFO: [ app_end ] --START--
INFO: Run Behavior\ShowPageTraceBehavior [ RunTime:0.000000s ]
INFO: [ app_end ] --END-- [ RunTime:0.000000s ]

[ 2017-05-24T18:59:47+08:00 ] 182.148.16.254 /Home/Login/index
INFO: [ app_init ] --START--
INFO: Run Behavior\BuildLiteBehavior [ RunTime:0.000000s ]
INFO: [ app_init ] --END-- [ RunTime:0.000000s ]
INFO: [ app_begin ] --START--
INFO: Run Behavior\ReadHtmlCacheBehavior [ RunTime:0.000000s ]
INFO: [ app_begin ] --END-- [ RunTime:0.000000s ]
INFO: [ view_parse ] --START--
INFO: [ template_filter ] --START--
INFO: Run Behavior\ContentReplaceBehavior [ RunTime:0.000000s ]
INFO: [ template_filter ] --END-- [ RunTime:0.000000s ]
INFO: Run Behavior\ParseTemplateBehavior [ RunTime:0.015625s ]
INFO: [ view_parse ] --END-- [ RunTime:0.015625s ]
INFO: [ view_filter ] --START--
INFO: Run Behavior\WriteHtmlCacheBehavior [ RunTime:0.000000s ]
INFO: [ view_filter ] --END-- [ RunTime:0.000000s ]
INFO: [ app_end ] --START--
INFO: Run Behavior\ShowPageTraceBehavior [ RunTime:0.000000s ]
INFO: [ app_end ] --END-- [ RunTime:0.000000s ]

[ 2017-05-24T18:59:47+08:00 ] 182.148.16.254 /Home/Login/index
INFO: [ app_init ] --START--
INFO: Run Behavior\BuildLiteBehavior [ RunTime:0.000000s ]
INFO: [ app_init ] --END-- [ RunTime:0.000000s ]
INFO: [ app_begin ] --START--
INFO: Run Behavior\ReadHtmlCacheBehavior [ RunTime:0.000000s ]
INFO: [ app_begin ] --END-- [ RunTime:0.000000s ]
INFO: [ view_parse ] --START--
INFO: [ template_filter ] --START--
INFO: Run Behavior\ContentReplaceBehavior [ RunTime:0.000000s ]
INFO: [ template_filter ] --END-- [ RunTime:0.000000s ]
INFO: Run Behavior\ParseTemplateBehavior [ RunTime:0.000000s ]
INFO: [ view_parse ] --END-- [ RunTime:0.000000s ]
INFO: [ view_filter ] --START--
INFO: Run Behavior\WriteHtmlCacheBehavior [ RunTime:0.000000s ]
INFO: [ view_filter ] --END-- [ RunTime:0.000000s ]
INFO: [ app_end ] --START--
INFO: Run Behavior\ShowPageTraceBehavior [ RunTime:0.000000s ]
INFO: [ app_end ] --END-- [ RunTime:0.000000s ]

[ 2017-05-24T18:59:48+08:00 ] 182.148.16.254 /Home/Login/index
INFO: [ app_init ] --START--
INFO: Run Behavior\BuildLiteBehavior [ RunTime:0.000000s ]
INFO: [ app_init ] --END-- [ RunTime:0.000000s ]
INFO: [ app_begin ] --START--
INFO: Run Behavior\ReadHtmlCacheBehavior [ RunTime:0.000000s ]
INFO: [ app_begin ] --END-- [ RunTime:0.000000s ]
INFO: [ view_parse ] --START--
INFO: [ template_filter ] --START--
INFO: Run Behavior\ContentReplaceBehavior [ RunTime:0.000000s ]
INFO: [ template_filter ] --END-- [ RunTime:0.000000s ]
INFO: Run Behavior\ParseTemplateBehavior [ RunTime:0.000000s ]
INFO: [ view_parse ] --END-- [ RunTime:0.000000s ]
INFO: [ view_filter ] --START--
INFO: Run Behavior\WriteHtmlCacheBehavior [ RunTime:0.000000s ]
INFO: [ view_filter ] --END-- [ RunTime:0.000000s ]
INFO: [ app_end ] --START--
INFO: Run Behavior\ShowPageTraceBehavior [ RunTime:0.000000s ]
INFO: [ app_end ] --END-- [ RunTime:0.000000s ]

[ 2017-05-24T18:59:48+08:00 ] 182.148.16.254 /Home/Login/index
INFO: [ app_init ] --START--
INFO: Run Behavior\BuildLiteBehavior [ RunTime:0.000000s ]
INFO: [ app_init ] --END-- [ RunTime:0.000000s ]
INFO: [ app_begin ] --START--
INFO: Run Behavior\ReadHtmlCacheBehavior [ RunTime:0.000000s ]
INFO: [ app_begin ] --END-- [ RunTime:0.000000s ]
INFO: [ view_parse ] --START--
INFO: [ template_filter ] --START--
INFO: Run Behavior\ContentReplaceBehavior [ RunTime:0.000000s ]
INFO: [ template_filter ] --END-- [ RunTime:0.000000s ]
INFO: Run Behavior\ParseTemplateBehavior [ RunTime:0.015625s ]
INFO: [ view_parse ] --END-- [ RunTime:0.015625s ]
INFO: [ view_filter ] --START--
INFO: Run Behavior\WriteHtmlCacheBehavior [ RunTime:0.000000s ]
INFO: [ view_filter ] --END-- [ RunTime:0.000000s ]
INFO: [ app_end ] --START--
INFO: Run Behavior\ShowPageTraceBehavior [ RunTime:0.000000s ]
INFO: [ app_end ] --END-- [ RunTime:0.000000s ]

[ 2017-05-24T19:12:22+08:00 ] 182.148.16.254 /Home/Login/index
INFO: [ app_init ] --START--
INFO: Run Behavior\BuildLiteBehavior [ RunTime:0.000000s ]
INFO: [ app_init ] --END-- [ RunTime:0.000000s ]
INFO: [ app_begin ] --START--
INFO: Run Behavior\ReadHtmlCacheBehavior [ RunTime:0.000000s ]
INFO: [ app_begin ] --END-- [ RunTime:0.000000s ]
INFO: [ view_parse ] --START--
INFO: [ template_filter ] --START--
INFO: Run Behavior\ContentReplaceBehavior [ RunTime:0.000000s ]
INFO: [ template_filter ] --END-- [ RunTime:0.000000s ]
INFO: Run Behavior\ParseTemplateBehavior [ RunTime:0.015625s ]
INFO: [ view_parse ] --END-- [ RunTime:0.015625s ]
INFO: [ view_filter ] --START--
INFO: Run Behavior\WriteHtmlCacheBehavior [ RunTime:0.000000s ]
INFO: [ view_filter ] --END-- [ RunTime:0.000000s ]
INFO: [ app_end ] --START--
INFO: Run Behavior\ShowPageTraceBehavior [ RunTime:0.000000s ]
INFO: [ app_end ] --END-- [ RunTime:0.000000s ]

[ 2017-05-24T19:12:25+08:00 ] 182.148.16.254 /index.php/Home/Login/checkUser.html
INFO: [ app_init ] --START--
INFO: Run Behavior\BuildLiteBehavior [ RunTime:0.000000s ]
INFO: [ app_init ] --END-- [ RunTime:0.000000s ]
INFO: [ app_begin ] --START--
INFO: Run Behavior\ReadHtmlCacheBehavior [ RunTime:0.015625s ]
INFO: [ app_begin ] --END-- [ RunTime:0.015625s ]
SQL: SHOW COLUMNS FROM `hospital_admin` [ RunTime:0.0000s ]
NOTIC: [8] Use of undefined constant tel - assumed 'tel' D:\wwwroot\sfwhlryy\wwwroot\Application\Home\Controller\LoginController.class.php 第 60 行.
SQL: SELECT * FROM `hospital_admin` WHERE `tel` = '13228595558' LIMIT 1   [ RunTime:0.0000s ]
NOTIC: [8] Undefined variable: errMsg D:\wwwroot\sfwhlryy\wwwroot\Application\Home\Controller\LoginController.class.php 第 70 行.

[ 2017-05-24T19:12:27+08:00 ] 182.148.16.254 /index.php/Home/Login/sendVerify.html
INFO: [ app_init ] --START--
INFO: Run Behavior\BuildLiteBehavior [ RunTime:0.000000s ]
INFO: [ app_init ] --END-- [ RunTime:0.000000s ]
INFO: [ app_begin ] --START--
INFO: Run Behavior\ReadHtmlCacheBehavior [ RunTime:0.000000s ]
INFO: [ app_begin ] --END-- [ RunTime:0.000000s ]
SQL: SHOW COLUMNS FROM `hospital_admin` [ RunTime:0.0000s ]
SQL: SHOW COLUMNS FROM `verify_record` [ RunTime:0.0000s ]
SQL: SELECT * FROM `hospital_admin` LIMIT 1   [ RunTime:0.0000s ]
SQL: INSERT INTO `verify_record` (`name`,`hospital_id`,`login_ip`) VALUES ('张三','10','182.148.16.254') [ RunTime:0.1250s ]

[ 2017-05-24T19:12:32+08:00 ] 182.148.16.254 /index.php/Home/Login/login.html
INFO: [ app_init ] --START--
INFO: Run Behavior\BuildLiteBehavior [ RunTime:0.000000s ]
INFO: [ app_init ] --END-- [ RunTime:0.000000s ]
INFO: [ app_begin ] --START--
INFO: Run Behavior\ReadHtmlCacheBehavior [ RunTime:0.000000s ]
INFO: [ app_begin ] --END-- [ RunTime:0.000000s ]
SQL: SHOW COLUMNS FROM `hospital_admin` [ RunTime:0.0000s ]
SQL: SELECT * FROM `hospital_admin` WHERE `tel` = '13228595558' LIMIT 1   [ RunTime:0.0156s ]
SQL: UPDATE `hospital_admin` SET `last_login_ip`='182.148.16.254',`last_login_date`='1495624352' WHERE `id` = 1 [ RunTime:0.0000s ]
INFO: [ view_parse ] --START--
INFO: [ template_filter ] --START--
INFO: Run Behavior\ContentReplaceBehavior [ RunTime:0.000000s ]
INFO: [ template_filter ] --END-- [ RunTime:0.000000s ]
INFO: Run Behavior\ParseTemplateBehavior [ RunTime:0.015625s ]
INFO: [ view_parse ] --END-- [ RunTime:0.015625s ]
INFO: [ view_filter ] --START--
INFO: Run Behavior\WriteHtmlCacheBehavior [ RunTime:0.000000s ]
INFO: [ view_filter ] --END-- [ RunTime:0.000000s ]
INFO: [ app_end ] --START--
INFO: Run Behavior\ShowPageTraceBehavior [ RunTime:0.000000s ]
INFO: [ app_end ] --END-- [ RunTime:0.000000s ]

[ 2017-05-24T19:12:33+08:00 ] 182.148.16.254 /Home/Index/index
INFO: [ app_init ] --START--
INFO: Run Behavior\BuildLiteBehavior [ RunTime:0.000000s ]
INFO: [ app_init ] --END-- [ RunTime:0.000000s ]
INFO: [ app_begin ] --START--
INFO: Run Behavior\ReadHtmlCacheBehavior [ RunTime:0.000000s ]
INFO: [ app_begin ] --END-- [ RunTime:0.000000s ]
SQL: SHOW COLUMNS FROM `hospital` [ RunTime:0.0000s ]
SQL: SHOW COLUMNS FROM `spending` [ RunTime:0.0000s ]
SQL: SHOW COLUMNS FROM `proportion` [ RunTime:0.0000s ]
SQL: SHOW COLUMNS FROM `rechange` [ RunTime:0.0000s ]
SQL: SELECT sum(money) as sum FROM `rechange` WHERE `hospital_id` = 10 LIMIT 1   [ RunTime:0.0000s ]
SQL: select p.percent,p.is_use,p.id,sum(s.cost_money) as cost_sum from proportion p join spending s on p.id=s.percentId where p.hospital_id=10 group by p.id; [ RunTime:0.0000s ]
SQL: SELECT * FROM `hospital` WHERE `id` = 10 LIMIT 1   [ RunTime:0.0156s ]
NOTIC: [8] Undefined variable: sum D:\wwwroot\sfwhlryy\wwwroot\Application\Home\Controller\IndexController.class.php 第 24 行.
SQL: SELECT * FROM `spending` WHERE `hospital_id` = '10' AND `spending_date` BETWEEN '2017-05-01' AND '2017-05-31'  [ RunTime:0.0156s ]
NOTIC: [8] Undefined index: sum_money D:\wwwroot\sfwhlryy\wwwroot\Application\Home\Controller\IndexController.class.php 第 40 行.
NOTIC: [8] Undefined index: sum_money D:\wwwroot\sfwhlryy\wwwroot\Application\Home\Controller\IndexController.class.php 第 40 行.
NOTIC: [8] Undefined index: sum_money D:\wwwroot\sfwhlryy\wwwroot\Application\Home\Controller\IndexController.class.php 第 40 行.
NOTIC: [8] Undefined index: sum_money D:\wwwroot\sfwhlryy\wwwroot\Application\Home\Controller\IndexController.class.php 第 40 行.
NOTIC: [8] Undefined index: sum_money D:\wwwroot\sfwhlryy\wwwroot\Application\Home\Controller\IndexController.class.php 第 40 行.
NOTIC: [8] Undefined index: sum_money D:\wwwroot\sfwhlryy\wwwroot\Application\Home\Controller\IndexController.class.php 第 40 行.
NOTIC: [8] Undefined index: sum_money D:\wwwroot\sfwhlryy\wwwroot\Application\Home\Controller\IndexController.class.php 第 40 行.
NOTIC: [8] Undefined index: sum_money D:\wwwroot\sfwhlryy\wwwroot\Application\Home\Controller\IndexController.class.php 第 40 行.
NOTIC: [8] Undefined index: sum_money D:\wwwroot\sfwhlryy\wwwroot\Application\Home\Controller\IndexController.class.php 第 40 行.
NOTIC: [8] Undefined index: sum_money D:\wwwroot\sfwhlryy\wwwroot\Application\Home\Controller\IndexController.class.php 第 40 行.
NOTIC: [8] Undefined index: sum_money D:\wwwroot\sfwhlryy\wwwroot\Application\Home\Controller\IndexController.class.php 第 40 行.
NOTIC: [8] Undefined index: sum_money D:\wwwroot\sfwhlryy\wwwroot\Application\Home\Controller\IndexController.class.php 第 40 行.
NOTIC: [8] Undefined index: sum_money D:\wwwroot\sfwhlryy\wwwroot\Application\Home\Controller\IndexController.class.php 第 40 行.
NOTIC: [8] Undefined index: sum_money D:\wwwroot\sfwhlryy\wwwroot\Application\Home\Controller\IndexController.class.php 第 40 行.
NOTIC: [8] Undefined index: sum_money D:\wwwroot\sfwhlryy\wwwroot\Application\Home\Controller\IndexController.class.php 第 40 行.
INFO: [ view_parse ] --START--
INFO: [ template_filter ] --START--
INFO: Run Behavior\ContentReplaceBehavior [ RunTime:0.000000s ]
INFO: [ template_filter ] --END-- [ RunTime:0.000000s ]
INFO: Run Behavior\ParseTemplateBehavior [ RunTime:0.015625s ]
INFO: [ view_parse ] --END-- [ RunTime:0.015625s ]
INFO: [ view_filter ] --START--
INFO: Run Behavior\WriteHtmlCacheBehavior [ RunTime:0.000000s ]
INFO: [ view_filter ] --END-- [ RunTime:0.000000s ]
INFO: [ app_end ] --START--
INFO: Run Behavior\ShowPageTraceBehavior [ RunTime:0.000000s ]
INFO: [ app_end ] --END-- [ RunTime:0.000000s ]

[ 2017-05-24T19:12:34+08:00 ] 182.148.16.254 /Home/Index/index
INFO: [ app_init ] --START--
INFO: Run Behavior\BuildLiteBehavior [ RunTime:0.000000s ]
INFO: [ app_init ] --END-- [ RunTime:0.000000s ]
INFO: [ app_begin ] --START--
INFO: Run Behavior\ReadHtmlCacheBehavior [ RunTime:0.000000s ]
INFO: [ app_begin ] --END-- [ RunTime:0.000000s ]
SQL: SHOW COLUMNS FROM `hospital` [ RunTime:0.0000s ]
SQL: SHOW COLUMNS FROM `spending` [ RunTime:0.0000s ]
SQL: SHOW COLUMNS FROM `proportion` [ RunTime:0.0156s ]
SQL: SHOW COLUMNS FROM `rechange` [ RunTime:0.0000s ]
SQL: SELECT sum(money) as sum FROM `rechange` WHERE `hospital_id` = 10 LIMIT 1   [ RunTime:0.0000s ]
SQL: select p.percent,p.is_use,p.id,sum(s.cost_money) as cost_sum from proportion p join spending s on p.id=s.percentId where p.hospital_id=10 group by p.id; [ RunTime:0.0000s ]
SQL: SELECT * FROM `hospital` WHERE `id` = 10 LIMIT 1   [ RunTime:0.0000s ]
NOTIC: [8] Undefined variable: sum D:\wwwroot\sfwhlryy\wwwroot\Application\Home\Controller\IndexController.class.php 第 24 行.
SQL: SELECT * FROM `spending` WHERE `hospital_id` = '10' AND `spending_date` BETWEEN '2017-05-01' AND '2017-05-31'  [ RunTime:0.0156s ]
NOTIC: [8] Undefined index: sum_money D:\wwwroot\sfwhlryy\wwwroot\Application\Home\Controller\IndexController.class.php 第 40 行.
NOTIC: [8] Undefined index: sum_money D:\wwwroot\sfwhlryy\wwwroot\Application\Home\Controller\IndexController.class.php 第 40 行.
NOTIC: [8] Undefined index: sum_money D:\wwwroot\sfwhlryy\wwwroot\Application\Home\Controller\IndexController.class.php 第 40 行.
NOTIC: [8] Undefined index: sum_money D:\wwwroot\sfwhlryy\wwwroot\Application\Home\Controller\IndexController.class.php 第 40 行.
NOTIC: [8] Undefined index: sum_money D:\wwwroot\sfwhlryy\wwwroot\Application\Home\Controller\IndexController.class.php 第 40 行.
NOTIC: [8] Undefined index: sum_money D:\wwwroot\sfwhlryy\wwwroot\Application\Home\Controller\IndexController.class.php 第 40 行.
NOTIC: [8] Undefined index: sum_money D:\wwwroot\sfwhlryy\wwwroot\Application\Home\Controller\IndexController.class.php 第 40 行.
NOTIC: [8] Undefined index: sum_money D:\wwwroot\sfwhlryy\wwwroot\Application\Home\Controller\IndexController.class.php 第 40 行.
NOTIC: [8] Undefined index: sum_money D:\wwwroot\sfwhlryy\wwwroot\Application\Home\Controller\IndexController.class.php 第 40 行.
NOTIC: [8] Undefined index: sum_money D:\wwwroot\sfwhlryy\wwwroot\Application\Home\Controller\IndexController.class.php 第 40 行.
NOTIC: [8] Undefined index: sum_money D:\wwwroot\sfwhlryy\wwwroot\Application\Home\Controller\IndexController.class.php 第 40 行.
NOTIC: [8] Undefined index: sum_money D:\wwwroot\sfwhlryy\wwwroot\Application\Home\Controller\IndexController.class.php 第 40 行.
NOTIC: [8] Undefined index: sum_money D:\wwwroot\sfwhlryy\wwwroot\Application\Home\Controller\IndexController.class.php 第 40 行.
NOTIC: [8] Undefined index: sum_money D:\wwwroot\sfwhlryy\wwwroot\Application\Home\Controller\IndexController.class.php 第 40 行.
NOTIC: [8] Undefined index: sum_money D:\wwwroot\sfwhlryy\wwwroot\Application\Home\Controller\IndexController.class.php 第 40 行.
INFO: [ view_parse ] --START--
INFO: [ template_filter ] --START--
INFO: Run Behavior\ContentReplaceBehavior [ RunTime:0.000000s ]
INFO: [ template_filter ] --END-- [ RunTime:0.000000s ]
INFO: Run Behavior\ParseTemplateBehavior [ RunTime:0.031250s ]
INFO: [ view_parse ] --END-- [ RunTime:0.031250s ]
INFO: [ view_filter ] --START--
INFO: Run Behavior\WriteHtmlCacheBehavior [ RunTime:0.000000s ]
INFO: [ view_filter ] --END-- [ RunTime:0.000000s ]
INFO: [ app_end ] --START--
INFO: Run Behavior\ShowPageTraceBehavior [ RunTime:0.000000s ]
INFO: [ app_end ] --END-- [ RunTime:0.000000s ]

[ 2017-05-24T19:13:05+08:00 ] 182.148.16.254 /Home/Index/index
INFO: [ app_init ] --START--
INFO: Run Behavior\BuildLiteBehavior [ RunTime:0.000000s ]
INFO: [ app_init ] --END-- [ RunTime:0.000000s ]
INFO: [ app_begin ] --START--
INFO: Run Behavior\ReadHtmlCacheBehavior [ RunTime:0.015625s ]
INFO: [ app_begin ] --END-- [ RunTime:0.015625s ]
SQL: SHOW COLUMNS FROM `hospital` [ RunTime:0.0000s ]
SQL: SHOW COLUMNS FROM `spending` [ RunTime:0.0000s ]
SQL: SHOW COLUMNS FROM `proportion` [ RunTime:0.0000s ]
SQL: SHOW COLUMNS FROM `rechange` [ RunTime:0.0000s ]
SQL: SELECT sum(money) as sum FROM `rechange` WHERE `hospital_id` = 10 LIMIT 1   [ RunTime:0.0000s ]
SQL: select p.percent,p.is_use,p.id,sum(s.cost_money) as cost_sum from proportion p join spending s on p.id=s.percentId where p.hospital_id=10 group by p.id; [ RunTime:0.0156s ]
SQL: SELECT * FROM `hospital` WHERE `id` = 10 LIMIT 1   [ RunTime:0.0000s ]
NOTIC: [8] Undefined variable: sum D:\wwwroot\sfwhlryy\wwwroot\Application\Home\Controller\IndexController.class.php 第 24 行.
SQL: SELECT * FROM `spending` WHERE `hospital_id` = '10' AND `spending_date` BETWEEN '2017-05-01' AND '2017-05-31'  [ RunTime:0.0156s ]
NOTIC: [8] Undefined index: sum_money D:\wwwroot\sfwhlryy\wwwroot\Application\Home\Controller\IndexController.class.php 第 40 行.
NOTIC: [8] Undefined index: sum_money D:\wwwroot\sfwhlryy\wwwroot\Application\Home\Controller\IndexController.class.php 第 40 行.
NOTIC: [8] Undefined index: sum_money D:\wwwroot\sfwhlryy\wwwroot\Application\Home\Controller\IndexController.class.php 第 40 行.
NOTIC: [8] Undefined index: sum_money D:\wwwroot\sfwhlryy\wwwroot\Application\Home\Controller\IndexController.class.php 第 40 行.
NOTIC: [8] Undefined index: sum_money D:\wwwroot\sfwhlryy\wwwroot\Application\Home\Controller\IndexController.class.php 第 40 行.
NOTIC: [8] Undefined index: sum_money D:\wwwroot\sfwhlryy\wwwroot\Application\Home\Controller\IndexController.class.php 第 40 行.
NOTIC: [8] Undefined index: sum_money D:\wwwroot\sfwhlryy\wwwroot\Application\Home\Controller\IndexController.class.php 第 40 行.
NOTIC: [8] Undefined index: sum_money D:\wwwroot\sfwhlryy\wwwroot\Application\Home\Controller\IndexController.class.php 第 40 行.
NOTIC: [8] Undefined index: sum_money D:\wwwroot\sfwhlryy\wwwroot\Application\Home\Controller\IndexController.class.php 第 40 行.
NOTIC: [8] Undefined index: sum_money D:\wwwroot\sfwhlryy\wwwroot\Application\Home\Controller\IndexController.class.php 第 40 行.
NOTIC: [8] Undefined index: sum_money D:\wwwroot\sfwhlryy\wwwroot\Application\Home\Controller\IndexController.class.php 第 40 行.
NOTIC: [8] Undefined index: sum_money D:\wwwroot\sfwhlryy\wwwroot\Application\Home\Controller\IndexController.class.php 第 40 行.
NOTIC: [8] Undefined index: sum_money D:\wwwroot\sfwhlryy\wwwroot\Application\Home\Controller\IndexController.class.php 第 40 行.
NOTIC: [8] Undefined index: sum_money D:\wwwroot\sfwhlryy\wwwroot\Application\Home\Controller\IndexController.class.php 第 40 行.
NOTIC: [8] Undefined index: sum_money D:\wwwroot\sfwhlryy\wwwroot\Application\Home\Controller\IndexController.class.php 第 40 行.
INFO: [ view_parse ] --START--
INFO: [ template_filter ] --START--
INFO: Run Behavior\ContentReplaceBehavior [ RunTime:0.000000s ]
INFO: [ template_filter ] --END-- [ RunTime:0.000000s ]
INFO: Run Behavior\ParseTemplateBehavior [ RunTime:0.015625s ]
INFO: [ view_parse ] --END-- [ RunTime:0.015625s ]
INFO: [ view_filter ] --START--
INFO: Run Behavior\WriteHtmlCacheBehavior [ RunTime:0.000000s ]
INFO: [ view_filter ] --END-- [ RunTime:0.000000s ]
INFO: [ app_end ] --START--
INFO: Run Behavior\ShowPageTraceBehavior [ RunTime:0.000000s ]
INFO: [ app_end ] --END-- [ RunTime:0.000000s ]

[ 2017-05-24T19:13:07+08:00 ] 182.148.16.254 /Home/Spending/totalMonth
INFO: [ app_init ] --START--
INFO: Run Behavior\BuildLiteBehavior [ RunTime:0.000000s ]
INFO: [ app_init ] --END-- [ RunTime:0.000000s ]
INFO: [ app_begin ] --START--
INFO: Run Behavior\ReadHtmlCacheBehavior [ RunTime:0.000000s ]
INFO: [ app_begin ] --END-- [ RunTime:0.000000s ]
SQL: SHOW COLUMNS FROM `spending` [ RunTime:0.0000s ]
SQL: SELECT * FROM `spending` INNER JOIN patient ON patient_tel = patient.tel  WHERE patient.hospital_id = '10' AND `spending_date` BETWEEN '2017-05-01' AND '2017-05-31'  [ RunTime:0.0156s ]
NOTIC: [8] Undefined index: 总额 D:\wwwroot\sfwhlryy\wwwroot\Application\Home\Controller\SpendingController.class.php 第 291 行.
NOTIC: [8] Undefined index: 消费总额 D:\wwwroot\sfwhlryy\wwwroot\Application\Home\Controller\SpendingController.class.php 第 291 行.
NOTIC: [8] Undefined index: money D:\wwwroot\sfwhlryy\wwwroot\Application\Home\Controller\SpendingController.class.php 第 291 行.
NOTIC: [8] Undefined index: 日期 D:\wwwroot\sfwhlryy\wwwroot\Application\Home\Controller\SpendingController.class.php 第 292 行.
NOTIC: [8] Undefined index: 2017-05-01 D:\wwwroot\sfwhlryy\wwwroot\Application\Home\Controller\SpendingController.class.php 第 292 行.
NOTIC: [8] Undefined index: money D:\wwwroot\sfwhlryy\wwwroot\Application\Home\Controller\SpendingController.class.php 第 292 行.
NOTIC: [8] Undefined index: 病种 D:\wwwroot\sfwhlryy\wwwroot\Application\Home\Controller\SpendingController.class.php 第 293 行.
NOTIC: [8] Undefined index: 萨达是 D:\wwwroot\sfwhlryy\wwwroot\Application\Home\Controller\SpendingController.class.php 第 293 行.
NOTIC: [8] Undefined index: money D:\wwwroot\sfwhlryy\wwwroot\Application\Home\Controller\SpendingController.class.php 第 293 行.
NOTIC: [8] Undefined index: 2017-05-02 D:\wwwroot\sfwhlryy\wwwroot\Application\Home\Controller\SpendingController.class.php 第 292 行.
NOTIC: [8] Undefined index: money D:\wwwroot\sfwhlryy\wwwroot\Application\Home\Controller\SpendingController.class.php 第 292 行.
NOTIC: [8] Undefined index: 2017-05-03 D:\wwwroot\sfwhlryy\wwwroot\Application\Home\Controller\SpendingController.class.php 第 292 行.
NOTIC: [8] Undefined index: money D:\wwwroot\sfwhlryy\wwwroot\Application\Home\Controller\SpendingController.class.php 第 292 行.
NOTIC: [8] Undefined index: 2017-05-04 D:\wwwroot\sfwhlryy\wwwroot\Application\Home\Controller\SpendingController.class.php 第 292 行.
NOTIC: [8] Undefined index: money D:\wwwroot\sfwhlryy\wwwroot\Application\Home\Controller\SpendingController.class.php 第 292 行.
NOTIC: [8] Undefined index: 2017-05-05 D:\wwwroot\sfwhlryy\wwwroot\Application\Home\Controller\SpendingController.class.php 第 292 行.
NOTIC: [8] Undefined index: money D:\wwwroot\sfwhlryy\wwwroot\Application\Home\Controller\SpendingController.class.php 第 292 行.
NOTIC: [8] Undefined index: 2017-05-06 D:\wwwroot\sfwhlryy\wwwroot\Application\Home\Controller\SpendingController.class.php 第 292 行.
NOTIC: [8] Undefined index: money D:\wwwroot\sfwhlryy\wwwroot\Application\Home\Controller\SpendingController.class.php 第 292 行.
NOTIC: [8] Undefined index: 2017-05-07 D:\wwwroot\sfwhlryy\wwwroot\Application\Home\Controller\SpendingController.class.php 第 292 行.
NOTIC: [8] Undefined index: money D:\wwwroot\sfwhlryy\wwwroot\Application\Home\Controller\SpendingController.class.php 第 292 行.
NOTIC: [8] Undefined index: 2017-05-08 D:\wwwroot\sfwhlryy\wwwroot\Application\Home\Controller\SpendingController.class.php 第 292 行.
NOTIC: [8] Undefined index: money D:\wwwroot\sfwhlryy\wwwroot\Application\Home\Controller\SpendingController.class.php 第 292 行.
NOTIC: [8] Undefined index: 2017-05-09 D:\wwwroot\sfwhlryy\wwwroot\Application\Home\Controller\SpendingController.class.php 第 292 行.
NOTIC: [8] Undefined index: money D:\wwwroot\sfwhlryy\wwwroot\Application\Home\Controller\SpendingController.class.php 第 292 行.
NOTIC: [8] Undefined index: 2017-05-10 D:\wwwroot\sfwhlryy\wwwroot\Application\Home\Controller\SpendingController.class.php 第 292 行.
NOTIC: [8] Undefined index: money D:\wwwroot\sfwhlryy\wwwroot\Application\Home\Controller\SpendingController.class.php 第 292 行.
NOTIC: [8] Undefined index: 2017-05-11 D:\wwwroot\sfwhlryy\wwwroot\Application\Home\Controller\SpendingController.class.php 第 292 行.
NOTIC: [8] Undefined index: money D:\wwwroot\sfwhlryy\wwwroot\Application\Home\Controller\SpendingController.class.php 第 292 行.
NOTIC: [8] Undefined index: 2017-05-12 D:\wwwroot\sfwhlryy\wwwroot\Application\Home\Controller\SpendingController.class.php 第 292 行.
NOTIC: [8] Undefined index: money D:\wwwroot\sfwhlryy\wwwroot\Application\Home\Controller\SpendingController.class.php 第 292 行.
NOTIC: [8] Undefined index: 2017-05-13 D:\wwwroot\sfwhlryy\wwwroot\Application\Home\Controller\SpendingController.class.php 第 292 行.
NOTIC: [8] Undefined index: money D:\wwwroot\sfwhlryy\wwwroot\Application\Home\Controller\SpendingController.class.php 第 292 行.
NOTIC: [8] Undefined index: 2017-05-14 D:\wwwroot\sfwhlryy\wwwroot\Application\Home\Controller\SpendingController.class.php 第 292 行.
NOTIC: [8] Undefined index: money D:\wwwroot\sfwhlryy\wwwroot\Application\Home\Controller\SpendingController.class.php 第 292 行.
NOTIC: [8] Undefined index: 2017-05-15 D:\wwwroot\sfwhlryy\wwwroot\Application\Home\Controller\SpendingController.class.php 第 292 行.
NOTIC: [8] Undefined index: money D:\wwwroot\sfwhlryy\wwwroot\Application\Home\Controller\SpendingController.class.php 第 292 行.
NOTIC: [8] Undefined index: 2017-05-16 D:\wwwroot\sfwhlryy\wwwroot\Application\Home\Controller\SpendingController.class.php 第 292 行.
NOTIC: [8] Undefined index: money D:\wwwroot\sfwhlryy\wwwroot\Application\Home\Controller\SpendingController.class.php 第 292 行.
NOTIC: [8] Undefined index: 2017-05-17 D:\wwwroot\sfwhlryy\wwwroot\Application\Home\Controller\SpendingController.class.php 第 292 行.
NOTIC: [8] Undefined index: money D:\wwwroot\sfwhlryy\wwwroot\Application\Home\Controller\SpendingController.class.php 第 292 行.
NOTIC: [8] Undefined index: 2017-05-18 D:\wwwroot\sfwhlryy\wwwroot\Application\Home\Controller\SpendingController.class.php 第 292 行.
NOTIC: [8] Undefined index: money D:\wwwroot\sfwhlryy\wwwroot\Application\Home\Controller\SpendingController.class.php 第 292 行.
NOTIC: [8] Undefined index: 2017-05-19 D:\wwwroot\sfwhlryy\wwwroot\Application\Home\Controller\SpendingController.class.php 第 292 行.
NOTIC: [8] Undefined index: money D:\wwwroot\sfwhlryy\wwwroot\Application\Home\Controller\SpendingController.class.php 第 292 行.
NOTIC: [8] Undefined index: 2017-05-20 D:\wwwroot\sfwhlryy\wwwroot\Application\Home\Controller\SpendingController.class.php 第 292 行.
NOTIC: [8] Undefined index: money D:\wwwroot\sfwhlryy\wwwroot\Application\Home\Controller\SpendingController.class.php 第 292 行.
NOTIC: [8] Undefined index: 2017-05-21 D:\wwwroot\sfwhlryy\wwwroot\Application\Home\Controller\SpendingController.class.php 第 292 行.
NOTIC: [8] Undefined index: money D:\wwwroot\sfwhlryy\wwwroot\Application\Home\Controller\SpendingController.class.php 第 292 行.
NOTIC: [8] Undefined index: 2017-05-22 D:\wwwroot\sfwhlryy\wwwroot\Application\Home\Controller\SpendingController.class.php 第 292 行.
NOTIC: [8] Undefined index: money D:\wwwroot\sfwhlryy\wwwroot\Application\Home\Controller\SpendingController.class.php 第 292 行.
NOTIC: [8] Undefined index: 2017-05-23 D:\wwwroot\sfwhlryy\wwwroot\Application\Home\Controller\SpendingController.class.php 第 292 行.
NOTIC: [8] Undefined index: money D:\wwwroot\sfwhlryy\wwwroot\Application\Home\Controller\SpendingController.class.php 第 292 行.
NOTIC: [8] Undefined index: 2017-05-24 D:\wwwroot\sfwhlryy\wwwroot\Application\Home\Controller\SpendingController.class.php 第 292 行.
NOTIC: [8] Undefined index: money D:\wwwroot\sfwhlryy\wwwroot\Application\Home\Controller\SpendingController.class.php 第 292 行.
NOTIC: [8] Undefined index: 2017-05-25 D:\wwwroot\sfwhlryy\wwwroot\Application\Home\Controller\SpendingController.class.php 第 292 行.
NOTIC: [8] Undefined index: money D:\wwwroot\sfwhlryy\wwwroot\Application\Home\Controller\SpendingController.class.php 第 292 行.
NOTIC: [8] Undefined index: 2017-05-26 D:\wwwroot\sfwhlryy\wwwroot\Application\Home\Controller\SpendingController.class.php 第 292 行.
NOTIC: [8] Undefined index: money D:\wwwroot\sfwhlryy\wwwroot\Application\Home\Controller\SpendingController.class.php 第 292 行.
NOTIC: [8] Undefined index: 2017-05-27 D:\wwwroot\sfwhlryy\wwwroot\Application\Home\Controller\SpendingController.class.php 第 292 行.
NOTIC: [8] Undefined index: money D:\wwwroot\sfwhlryy\wwwroot\Application\Home\Controller\SpendingController.class.php 第 292 行.
NOTIC: [8] Undefined index: 2017-05-28 D:\wwwroot\sfwhlryy\wwwroot\Application\Home\Controller\SpendingController.class.php 第 292 行.
NOTIC: [8] Undefined index: money D:\wwwroot\sfwhlryy\wwwroot\Application\Home\Controller\SpendingController.class.php 第 292 行.
NOTIC: [8] Undefined index: 2017-05-29 D:\wwwroot\sfwhlryy\wwwroot\Application\Home\Controller\SpendingController.class.php 第 292 行.
NOTIC: [8] Undefined index: money D:\wwwroot\sfwhlryy\wwwroot\Application\Home\Controller\SpendingController.class.php 第 292 行.
NOTIC: [8] Undefined index: 2017-05-30 D:\wwwroot\sfwhlryy\wwwroot\Application\Home\Controller\SpendingController.class.php 第 292 行.
NOTIC: [8] Undefined index: money D:\wwwroot\sfwhlryy\wwwroot\Application\Home\Controller\SpendingController.class.php 第 292 行.
NOTIC: [8] Undefined index: 2017-05-31 D:\wwwroot\sfwhlryy\wwwroot\Application\Home\Controller\SpendingController.class.php 第 292 行.
NOTIC: [8] Undefined index: money D:\wwwroot\sfwhlryy\wwwroot\Application\Home\Controller\SpendingController.class.php 第 292 行.
NOTIC: [8] Undefined index: 测试1 D:\wwwroot\sfwhlryy\wwwroot\Application\Home\Controller\SpendingController.class.php 第 293 行.
NOTIC: [8] Undefined index: money D:\wwwroot\sfwhlryy\wwwroot\Application\Home\Controller\SpendingController.class.php 第 293 行.
NOTIC: [8] Undefined index: 撒打开好几款 D:\wwwroot\sfwhlryy\wwwroot\Application\Home\Controller\SpendingController.class.php 第 293 行.
NOTIC: [8] Undefined index: money D:\wwwroot\sfwhlryy\wwwroot\Application\Home\Controller\SpendingController.class.php 第 293 行.
NOTIC: [8] Undefined index:  D:\wwwroot\sfwhlryy\wwwroot\Application\Home\Controller\SpendingController.class.php 第 293 行.
NOTIC: [8] Undefined index: money D:\wwwroot\sfwhlryy\wwwroot\Application\Home\Controller\SpendingController.class.php 第 293 行.
NOTIC: [8] Undefined index: 啊实打实 D:\wwwroot\sfwhlryy\wwwroot\Application\Home\Controller\SpendingController.class.php 第 293 行.
NOTIC: [8] Undefined index: money D:\wwwroot\sfwhlryy\wwwroot\Application\Home\Controller\SpendingController.class.php 第 293 行.
NOTIC: [8] Undefined index: asdasasd D:\wwwroot\sfwhlryy\wwwroot\Application\Home\Controller\SpendingController.class.php 第 293 行.
NOTIC: [8] Undefined index: money D:\wwwroot\sfwhlryy\wwwroot\Application\Home\Controller\SpendingController.class.php 第 293 行.
NOTIC: [8] Undefined index: 傻傻的萨打死 D:\wwwroot\sfwhlryy\wwwroot\Application\Home\Controller\SpendingController.class.php 第 293 行.
NOTIC: [8] Undefined index: money D:\wwwroot\sfwhlryy\wwwroot\Application\Home\Controller\SpendingController.class.php 第 293 行.
NOTIC: [8] Undefined index: 脑萎缩 D:\wwwroot\sfwhlryy\wwwroot\Application\Home\Controller\SpendingController.class.php 第 293 行.
NOTIC: [8] Undefined index: money D:\wwwroot\sfwhlryy\wwwroot\Application\Home\Controller\SpendingController.class.php 第 293 行.
INFO: [ view_parse ] --START--
INFO: [ template_filter ] --START--
INFO: Run Behavior\ContentReplaceBehavior [ RunTime:0.000000s ]
INFO: [ template_filter ] --END-- [ RunTime:0.000000s ]
NOTIC: [2] Division by zero D:\wwwroot\sfwhlryy\wwwroot\Application\Runtime\Cache\Home\aaad9bdae453e486c54fd3edd97a79c0.php 第 80 行.
NOTIC: [2] Division by zero D:\wwwroot\sfwhlryy\wwwroot\Application\Runtime\Cache\Home\aaad9bdae453e486c54fd3edd97a79c0.php 第 80 行.
NOTIC: [8] Undefined index: count D:\wwwroot\sfwhlryy\wwwroot\Application\Runtime\Cache\Home\aaad9bdae453e486c54fd3edd97a79c0.php 第 83 行.
NOTIC: [2] Division by zero D:\wwwroot\sfwhlryy\wwwroot\Application\Runtime\Cache\Home\aaad9bdae453e486c54fd3edd97a79c0.php 第 80 行.
NOTIC: [8] Undefined index: count D:\wwwroot\sfwhlryy\wwwroot\Application\Runtime\Cache\Home\aaad9bdae453e486c54fd3edd97a79c0.php 第 83 行.
NOTIC: [2] Division by zero D:\wwwroot\sfwhlryy\wwwroot\Application\Runtime\Cache\Home\aaad9bdae453e486c54fd3edd97a79c0.php 第 80 行.
NOTIC: [8] Undefined index: count D:\wwwroot\sfwhlryy\wwwroot\Application\Runtime\Cache\Home\aaad9bdae453e486c54fd3edd97a79c0.php 第 83 行.
NOTIC: [2] Division by zero D:\wwwroot\sfwhlryy\wwwroot\Application\Runtime\Cache\Home\aaad9bdae453e486c54fd3edd97a79c0.php 第 80 行.
NOTIC: [8] Undefined index: count D:\wwwroot\sfwhlryy\wwwroot\Application\Runtime\Cache\Home\aaad9bdae453e486c54fd3edd97a79c0.php 第 83 行.
NOTIC: [2] Division by zero D:\wwwroot\sfwhlryy\wwwroot\Application\Runtime\Cache\Home\aaad9bdae453e486c54fd3edd97a79c0.php 第 80 行.
NOTIC: [8] Undefined index: count D:\wwwroot\sfwhlryy\wwwroot\Application\Runtime\Cache\Home\aaad9bdae453e486c54fd3edd97a79c0.php 第 83 行.
NOTIC: [2] Division by zero D:\wwwroot\sfwhlryy\wwwroot\Application\Runtime\Cache\Home\aaad9bdae453e486c54fd3edd97a79c0.php 第 80 行.
NOTIC: [8] Undefined index: count D:\wwwroot\sfwhlryy\wwwroot\Application\Runtime\Cache\Home\aaad9bdae453e486c54fd3edd97a79c0.php 第 83 行.
NOTIC: [2] Division by zero D:\wwwroot\sfwhlryy\wwwroot\Application\Runtime\Cache\Home\aaad9bdae453e486c54fd3edd97a79c0.php 第 80 行.
NOTIC: [8] Undefined index: count D:\wwwroot\sfwhlryy\wwwroot\Application\Runtime\Cache\Home\aaad9bdae453e486c54fd3edd97a79c0.php 第 83 行.
NOTIC: [2] Division by zero D:\wwwroot\sfwhlryy\wwwroot\Application\Runtime\Cache\Home\aaad9bdae453e486c54fd3edd97a79c0.php 第 80 行.
NOTIC: [8] Undefined index: count D:\wwwroot\sfwhlryy\wwwroot\Application\Runtime\Cache\Home\aaad9bdae453e486c54fd3edd97a79c0.php 第 83 行.
NOTIC: [2] Division by zero D:\wwwroot\sfwhlryy\wwwroot\Application\Runtime\Cache\Home\aaad9bdae453e486c54fd3edd97a79c0.php 第 80 行.
NOTIC: [8] Undefined index: count D:\wwwroot\sfwhlryy\wwwroot\Application\Runtime\Cache\Home\aaad9bdae453e486c54fd3edd97a79c0.php 第 83 行.
NOTIC: [2] Division by zero D:\wwwroot\sfwhlryy\wwwroot\Application\Runtime\Cache\Home\aaad9bdae453e486c54fd3edd97a79c0.php 第 80 行.
NOTIC: [8] Undefined index: count D:\wwwroot\sfwhlryy\wwwroot\Application\Runtime\Cache\Home\aaad9bdae453e486c54fd3edd97a79c0.php 第 83 行.
NOTIC: [2] Division by zero D:\wwwroot\sfwhlryy\wwwroot\Application\Runtime\Cache\Home\aaad9bdae453e486c54fd3edd97a79c0.php 第 80 行.
NOTIC: [8] Undefined index: count D:\wwwroot\sfwhlryy\wwwroot\Application\Runtime\Cache\Home\aaad9bdae453e486c54fd3edd97a79c0.php 第 83 行.
NOTIC: [2] Division by zero D:\wwwroot\sfwhlryy\wwwroot\Application\Runtime\Cache\Home\aaad9bdae453e486c54fd3edd97a79c0.php 第 80 行.
NOTIC: [8] Undefined index: count D:\wwwroot\sfwhlryy\wwwroot\Application\Runtime\Cache\Home\aaad9bdae453e486c54fd3edd97a79c0.php 第 83 行.
NOTIC: [2] Division by zero D:\wwwroot\sfwhlryy\wwwroot\Application\Runtime\Cache\Home\aaad9bdae453e486c54fd3edd97a79c0.php 第 80 行.
NOTIC: [8] Undefined index: count D:\wwwroot\sfwhlryy\wwwroot\Application\Runtime\Cache\Home\aaad9bdae453e486c54fd3edd97a79c0.php 第 83 行.
NOTIC: [2] Division by zero D:\wwwroot\sfwhlryy\wwwroot\Application\Runtime\Cache\Home\aaad9bdae453e486c54fd3edd97a79c0.php 第 80 行.
NOTIC: [8] Undefined index: count D:\wwwroot\sfwhlryy\wwwroot\Application\Runtime\Cache\Home\aaad9bdae453e486c54fd3edd97a79c0.php 第 83 行.
NOTIC: [2] Division by zero D:\wwwroot\sfwhlryy\wwwroot\Application\Runtime\Cache\Home\aaad9bdae453e486c54fd3edd97a79c0.php 第 80 行.
NOTIC: [8] Undefined index: count D:\wwwroot\sfwhlryy\wwwroot\Application\Runtime\Cache\Home\aaad9bdae453e486c54fd3edd97a79c0.php 第 83 行.
NOTIC: [2] Division by zero D:\wwwroot\sfwhlryy\wwwroot\Application\Runtime\Cache\Home\aaad9bdae453e486c54fd3edd97a79c0.php 第 80 行.
NOTIC: [8] Undefined index: count D:\wwwroot\sfwhlryy\wwwroot\Application\Runtime\Cache\Home\aaad9bdae453e486c54fd3edd97a79c0.php 第 83 行.
NOTIC: [2] Division by zero D:\wwwroot\sfwhlryy\wwwroot\Application\Runtime\Cache\Home\aaad9bdae453e486c54fd3edd97a79c0.php 第 80 行.
NOTIC: [8] Undefined index: count D:\wwwroot\sfwhlryy\wwwroot\Application\Runtime\Cache\Home\aaad9bdae453e486c54fd3edd97a79c0.php 第 83 行.
NOTIC: [2] Division by zero D:\wwwroot\sfwhlryy\wwwroot\Application\Runtime\Cache\Home\aaad9bdae453e486c54fd3edd97a79c0.php 第 80 行.
NOTIC: [8] Undefined index: count D:\wwwroot\sfwhlryy\wwwroot\Application\Runtime\Cache\Home\aaad9bdae453e486c54fd3edd97a79c0.php 第 83 行.
NOTIC: [2] Division by zero D:\wwwroot\sfwhlryy\wwwroot\Application\Runtime\Cache\Home\aaad9bdae453e486c54fd3edd97a79c0.php 第 80 行.
NOTIC: [8] Undefined index: count D:\wwwroot\sfwhlryy\wwwroot\Application\Runtime\Cache\Home\aaad9bdae453e486c54fd3edd97a79c0.php 第 83 行.
NOTIC: [2] Division by zero D:\wwwroot\sfwhlryy\wwwroot\Application\Runtime\Cache\Home\aaad9bdae453e486c54fd3edd97a79c0.php 第 80 行.
NOTIC: [8] Undefined index: count D:\wwwroot\sfwhlryy\wwwroot\Application\Runtime\Cache\Home\aaad9bdae453e486c54fd3edd97a79c0.php 第 83 行.
NOTIC: [2] Division by zero D:\wwwroot\sfwhlryy\wwwroot\Application\Runtime\Cache\Home\aaad9bdae453e486c54fd3edd97a79c0.php 第 80 行.
NOTIC: [8] Undefined index: count D:\wwwroot\sfwhlryy\wwwroot\Application\Runtime\Cache\Home\aaad9bdae453e486c54fd3edd97a79c0.php 第 83 行.
NOTIC: [2] Division by zero D:\wwwroot\sfwhlryy\wwwroot\Application\Runtime\Cache\Home\aaad9bdae453e486c54fd3edd97a79c0.php 第 80 行.
NOTIC: [8] Undefined index: count D:\wwwroot\sfwhlryy\wwwroot\Application\Runtime\Cache\Home\aaad9bdae453e486c54fd3edd97a79c0.php 第 83 行.
NOTIC: [2] Division by zero D:\wwwroot\sfwhlryy\wwwroot\Application\Runtime\Cache\Home\aaad9bdae453e486c54fd3edd97a79c0.php 第 80 行.
NOTIC: [8] Undefined index: count D:\wwwroot\sfwhlryy\wwwroot\Application\Runtime\Cache\Home\aaad9bdae453e486c54fd3edd97a79c0.php 第 83 行.
NOTIC: [2] Division by zero D:\wwwroot\sfwhlryy\wwwroot\Application\Runtime\Cache\Home\aaad9bdae453e486c54fd3edd97a79c0.php 第 80 行.
NOTIC: [8] Undefined index: count D:\wwwroot\sfwhlryy\wwwroot\Application\Runtime\Cache\Home\aaad9bdae453e486c54fd3edd97a79c0.php 第 83 行.
NOTIC: [2] Division by zero D:\wwwroot\sfwhlryy\wwwroot\Application\Runtime\Cache\Home\aaad9bdae453e486c54fd3edd97a79c0.php 第 80 行.
NOTIC: [8] Undefined index: count D:\wwwroot\sfwhlryy\wwwroot\Application\Runtime\Cache\Home\aaad9bdae453e486c54fd3edd97a79c0.php 第 83 行.
NOTIC: [2] Division by zero D:\wwwroot\sfwhlryy\wwwroot\Application\Runtime\Cache\Home\aaad9bdae453e486c54fd3edd97a79c0.php 第 80 行.
NOTIC: [8] Undefined index: count D:\wwwroot\sfwhlryy\wwwroot\Application\Runtime\Cache\Home\aaad9bdae453e486c54fd3edd97a79c0.php 第 83 行.
NOTIC: [2] Division by zero D:\wwwroot\sfwhlryy\wwwroot\Application\Runtime\Cache\Home\aaad9bdae453e486c54fd3edd97a79c0.php 第 80 行.
NOTIC: [8] Undefined index: count D:\wwwroot\sfwhlryy\wwwroot\Application\Runtime\Cache\Home\aaad9bdae453e486c54fd3edd97a79c0.php 第 83 行.
NOTIC: [2] Division by zero D:\wwwroot\sfwhlryy\wwwroot\Application\Runtime\Cache\Home\aaad9bdae453e486c54fd3edd97a79c0.php 第 80 行.
NOTIC: [8] Undefined index: count D:\wwwroot\sfwhlryy\wwwroot\Application\Runtime\Cache\Home\aaad9bdae453e486c54fd3edd97a79c0.php 第 83 行.
NOTIC: [2] Division by zero D:\wwwroot\sfwhlryy\wwwroot\Application\Runtime\Cache\Home\aaad9bdae453e486c54fd3edd97a79c0.php 第 80 行.
NOTIC: [8] Undefined index: count D:\wwwroot\sfwhlryy\wwwroot\Application\Runtime\Cache\Home\aaad9bdae453e486c54fd3edd97a79c0.php 第 83 行.
NOTIC: [2] Division by zero D:\wwwroot\sfwhlryy\wwwroot\Application\Runtime\Cache\Home\aaad9bdae453e486c54fd3edd97a79c0.php 第 80 行.
NOTIC: [8] Undefined index: count D:\wwwroot\sfwhlryy\wwwroot\Application\Runtime\Cache\Home\aaad9bdae453e486c54fd3edd97a79c0.php 第 83 行.
NOTIC: [2] Division by zero D:\wwwroot\sfwhlryy\wwwroot\Application\Runtime\Cache\Home\aaad9bdae453e486c54fd3edd97a79c0.php 第 80 行.
NOTIC: [8] Undefined index: count D:\wwwroot\sfwhlryy\wwwroot\Application\Runtime\Cache\Home\aaad9bdae453e486c54fd3edd97a79c0.php 第 83 行.
NOTIC: [2] Division by zero D:\wwwroot\sfwhlryy\wwwroot\Application\Runtime\Cache\Home\aaad9bdae453e486c54fd3edd97a79c0.php 第 80 行.
NOTIC: [8] Undefined index: count D:\wwwroot\sfwhlryy\wwwroot\Application\Runtime\Cache\Home\aaad9bdae453e486c54fd3edd97a79c0.php 第 83 行.
NOTIC: [2] Division by zero D:\wwwroot\sfwhlryy\wwwroot\Application\Runtime\Cache\Home\aaad9bdae453e486c54fd3edd97a79c0.php 第 80 行.
NOTIC: [8] Undefined index: count D:\wwwroot\sfwhlryy\wwwroot\Application\Runtime\Cache\Home\aaad9bdae453e486c54fd3edd97a79c0.php 第 83 行.
NOTIC: [2] Division by zero D:\wwwroot\sfwhlryy\wwwroot\Application\Runtime\Cache\Home\aaad9bdae453e486c54fd3edd97a79c0.php 第 80 行.
NOTIC: [8] Undefined index: count D:\wwwroot\sfwhlryy\wwwroot\Application\Runtime\Cache\Home\aaad9bdae453e486c54fd3edd97a79c0.php 第 83 行.
NOTIC: [2] Division by zero D:\wwwroot\sfwhlryy\wwwroot\Application\Runtime\Cache\Home\aaad9bdae453e486c54fd3edd97a79c0.php 第 80 行.
NOTIC: [8] Undefined index: count D:\wwwroot\sfwhlryy\wwwroot\Application\Runtime\Cache\Home\aaad9bdae453e486c54fd3edd97a79c0.php 第 83 行.
NOTIC: [2] Division by zero D:\wwwroot\sfwhlryy\wwwroot\Application\Runtime\Cache\Home\aaad9bdae453e486c54fd3edd97a79c0.php 第 80 行.
NOTIC: [8] Undefined index: count D:\wwwroot\sfwhlryy\wwwroot\Application\Runtime\Cache\Home\aaad9bdae453e486c54fd3edd97a79c0.php 第 83 行.
NOTIC: [2] Division by zero D:\wwwroot\sfwhlryy\wwwroot\Application\Runtime\Cache\Home\aaad9bdae453e486c54fd3edd97a79c0.php 第 80 行.
NOTIC: [8] Undefined index: count D:\wwwroot\sfwhlryy\wwwroot\Application\Runtime\Cache\Home\aaad9bdae453e486c54fd3edd97a79c0.php 第 83 行.
NOTIC: [2] Division by zero D:\wwwroot\sfwhlryy\wwwroot\Application\Runtime\Cache\Home\aaad9bdae453e486c54fd3edd97a79c0.php 第 80 行.
NOTIC: [8] Undefined index: count D:\wwwroot\sfwhlryy\wwwroot\Application\Runtime\Cache\Home\aaad9bdae453e486c54fd3edd97a79c0.php 第 83 行.
NOTIC: [2] Division by zero D:\wwwroot\sfwhlryy\wwwroot\Application\Runtime\Cache\Home\aaad9bdae453e486c54fd3edd97a79c0.php 第 80 行.
NOTIC: [8] Undefined index: count D:\wwwroot\sfwhlryy\wwwroot\Application\Runtime\Cache\Home\aaad9bdae453e486c54fd3edd97a79c0.php 第 83 行.
INFO: Run Behavior\ParseTemplateBehavior [ RunTime:0.015625s ]
INFO: [ view_parse ] --END-- [ RunTime:0.015625s ]
INFO: [ view_filter ] --START--
INFO: Run Behavior\WriteHtmlCacheBehavior [ RunTime:0.000000s ]
INFO: [ view_filter ] --END-- [ RunTime:0.000000s ]
INFO: [ app_end ] --START--
INFO: Run Behavior\ShowPageTraceBehavior [ RunTime:0.000000s ]
INFO: [ app_end ] --END-- [ RunTime:0.000000s ]

[ 2017-05-24T19:13:15+08:00 ] 182.148.16.254 /Home/Spending/addCurrent
INFO: [ app_init ] --START--
INFO: Run Behavior\BuildLiteBehavior [ RunTime:0.000000s ]
INFO: [ app_init ] --END-- [ RunTime:0.000000s ]
INFO: [ app_begin ] --START--
INFO: Run Behavior\ReadHtmlCacheBehavior [ RunTime:0.000000s ]
INFO: [ app_begin ] --END-- [ RunTime:0.000000s ]
SQL: SHOW COLUMNS FROM `patient` [ RunTime:0.0000s ]
SQL: SHOW COLUMNS FROM `spending` [ RunTime:0.0000s ]
SQL: SHOW COLUMNS FROM `proportion` [ RunTime:0.0000s ]
SQL: SELECT `id` FROM `proportion` WHERE `hospital_id` = 10 AND `is_use` = 1 LIMIT 1   [ RunTime:0.0000s ]
SQL: SELECT * FROM `spending` WHERE `hospital_id` = 10 AND `spending_date` BETWEEN '2017-05-01' AND '2017-05-31'  [ RunTime:0.0156s ]
INFO: [ view_parse ] --START--
INFO: [ template_filter ] --START--
INFO: Run Behavior\ContentReplaceBehavior [ RunTime:0.000000s ]
INFO: [ template_filter ] --END-- [ RunTime:0.000000s ]
INFO: Run Behavior\ParseTemplateBehavior [ RunTime:0.015625s ]
INFO: [ view_parse ] --END-- [ RunTime:0.015625s ]
INFO: [ view_filter ] --START--
INFO: Run Behavior\WriteHtmlCacheBehavior [ RunTime:0.000000s ]
INFO: [ view_filter ] --END-- [ RunTime:0.000000s ]

[ 2017-05-24T19:13:17+08:00 ] 182.148.16.254 /Home/Doctor/index
INFO: [ app_init ] --START--
INFO: Run Behavior\BuildLiteBehavior [ RunTime:0.000000s ]
INFO: [ app_init ] --END-- [ RunTime:0.000000s ]
INFO: [ app_begin ] --START--
INFO: Run Behavior\ReadHtmlCacheBehavior [ RunTime:0.000000s ]
INFO: [ app_begin ] --END-- [ RunTime:0.000000s ]
INFO: [ view_parse ] --START--
INFO: [ template_filter ] --START--
INFO: Run Behavior\ContentReplaceBehavior [ RunTime:0.000000s ]
INFO: [ template_filter ] --END-- [ RunTime:0.000000s ]
INFO: Run Behavior\ParseTemplateBehavior [ RunTime:0.000000s ]
INFO: [ view_parse ] --END-- [ RunTime:0.000000s ]
INFO: [ view_filter ] --START--
INFO: Run Behavior\WriteHtmlCacheBehavior [ RunTime:0.000000s ]
INFO: [ view_filter ] --END-- [ RunTime:0.000000s ]
INFO: [ app_end ] --START--
INFO: Run Behavior\ShowPageTraceBehavior [ RunTime:0.015625s ]
INFO: [ app_end ] --END-- [ RunTime:0.015625s ]

[ 2017-05-24T19:13:18+08:00 ] 182.148.16.254 /Home/Hospital/illness
INFO: [ app_init ] --START--
INFO: Run Behavior\BuildLiteBehavior [ RunTime:0.000000s ]
INFO: [ app_init ] --END-- [ RunTime:0.000000s ]
INFO: [ app_begin ] --START--
INFO: Run Behavior\ReadHtmlCacheBehavior [ RunTime:0.000000s ]
INFO: [ app_begin ] --END-- [ RunTime:0.000000s ]
INFO: [ view_parse ] --START--
INFO: [ template_filter ] --START--
INFO: Run Behavior\ContentReplaceBehavior [ RunTime:0.000000s ]
INFO: [ template_filter ] --END-- [ RunTime:0.000000s ]
INFO: Run Behavior\ParseTemplateBehavior [ RunTime:0.015625s ]
INFO: [ view_parse ] --END-- [ RunTime:0.015625s ]
INFO: [ view_filter ] --START--
INFO: Run Behavior\WriteHtmlCacheBehavior [ RunTime:0.000000s ]
INFO: [ view_filter ] --END-- [ RunTime:0.000000s ]
INFO: [ app_end ] --START--
INFO: Run Behavior\ShowPageTraceBehavior [ RunTime:0.000000s ]
INFO: [ app_end ] --END-- [ RunTime:0.015625s ]

[ 2017-05-24T19:13:19+08:00 ] 182.148.16.254 /Home/Admin/adminList
INFO: [ app_init ] --START--
INFO: Run Behavior\BuildLiteBehavior [ RunTime:0.000000s ]
INFO: [ app_init ] --END-- [ RunTime:0.000000s ]
INFO: [ app_begin ] --START--
INFO: Run Behavior\ReadHtmlCacheBehavior [ RunTime:0.000000s ]
INFO: [ app_begin ] --END-- [ RunTime:0.000000s ]
SQL: SHOW COLUMNS FROM `hospital_admin` [ RunTime:0.0000s ]
SQL: SELECT * FROM `hospital_admin` WHERE `hospital_id` = 10  [ RunTime:0.0000s ]
INFO: [ view_parse ] --START--
INFO: [ template_filter ] --START--
INFO: Run Behavior\ContentReplaceBehavior [ RunTime:0.000000s ]
INFO: [ template_filter ] --END-- [ RunTime:0.000000s ]
NOTIC: [8] Undefined variable: admin_status D:\wwwroot\sfwhlryy\wwwroot\Application\Runtime\Cache\Home\835f2d9ec7e0f7c6f5834c9e78e41a2f.php 第 84 行.
NOTIC: [8] Undefined variable: admin_status D:\wwwroot\sfwhlryy\wwwroot\Application\Runtime\Cache\Home\835f2d9ec7e0f7c6f5834c9e78e41a2f.php 第 84 行.
NOTIC: [8] Undefined variable: admin_status D:\wwwroot\sfwhlryy\wwwroot\Application\Runtime\Cache\Home\835f2d9ec7e0f7c6f5834c9e78e41a2f.php 第 84 行.
NOTIC: [8] Undefined variable: admin_status D:\wwwroot\sfwhlryy\wwwroot\Application\Runtime\Cache\Home\835f2d9ec7e0f7c6f5834c9e78e41a2f.php 第 84 行.
NOTIC: [8] Undefined variable: admin_status D:\wwwroot\sfwhlryy\wwwroot\Application\Runtime\Cache\Home\835f2d9ec7e0f7c6f5834c9e78e41a2f.php 第 84 行.
INFO: Run Behavior\ParseTemplateBehavior [ RunTime:0.015625s ]
INFO: [ view_parse ] --END-- [ RunTime:0.015625s ]
INFO: [ view_filter ] --START--
INFO: Run Behavior\WriteHtmlCacheBehavior [ RunTime:0.000000s ]
INFO: [ view_filter ] --END-- [ RunTime:0.000000s ]
INFO: [ app_end ] --START--
INFO: Run Behavior\ShowPageTraceBehavior [ RunTime:0.000000s ]
INFO: [ app_end ] --END-- [ RunTime:0.000000s ]

[ 2017-05-24T19:15:16+08:00 ] 182.148.16.254 /Home/Admin/adminList
INFO: [ app_init ] --START--
INFO: Run Behavior\BuildLiteBehavior [ RunTime:0.000000s ]
INFO: [ app_init ] --END-- [ RunTime:0.000000s ]
INFO: [ app_begin ] --START--
INFO: Run Behavior\ReadHtmlCacheBehavior [ RunTime:0.000000s ]
INFO: [ app_begin ] --END-- [ RunTime:0.000000s ]
NOTIC: [8] Undefined index: aprt_id D:\wwwroot\sfwhlryy\wwwroot\Application\Home\Controller\CommonController.class.php 第 23 行.
SQL: SHOW COLUMNS FROM `hospital_admin` [ RunTime:0.0000s ]
SQL: SELECT * FROM `hospital_admin` WHERE `hospital_id` = 10  [ RunTime:0.0000s ]
INFO: [ view_parse ] --START--
INFO: [ template_filter ] --START--
INFO: Run Behavior\ContentReplaceBehavior [ RunTime:0.000000s ]
INFO: [ template_filter ] --END-- [ RunTime:0.000000s ]
NOTIC: [8] Undefined variable: admin_status D:\wwwroot\sfwhlryy\wwwroot\Application\Runtime\Cache\Home\835f2d9ec7e0f7c6f5834c9e78e41a2f.php 第 84 行.
NOTIC: [8] Undefined variable: admin_status D:\wwwroot\sfwhlryy\wwwroot\Application\Runtime\Cache\Home\835f2d9ec7e0f7c6f5834c9e78e41a2f.php 第 84 行.
NOTIC: [8] Undefined variable: admin_status D:\wwwroot\sfwhlryy\wwwroot\Application\Runtime\Cache\Home\835f2d9ec7e0f7c6f5834c9e78e41a2f.php 第 84 行.
NOTIC: [8] Undefined variable: admin_status D:\wwwroot\sfwhlryy\wwwroot\Application\Runtime\Cache\Home\835f2d9ec7e0f7c6f5834c9e78e41a2f.php 第 84 行.
NOTIC: [8] Undefined variable: admin_status D:\wwwroot\sfwhlryy\wwwroot\Application\Runtime\Cache\Home\835f2d9ec7e0f7c6f5834c9e78e41a2f.php 第 84 行.
INFO: Run Behavior\ParseTemplateBehavior [ RunTime:0.015625s ]
INFO: [ view_parse ] --END-- [ RunTime:0.015625s ]
INFO: [ view_filter ] --START--
INFO: Run Behavior\WriteHtmlCacheBehavior [ RunTime:0.000000s ]
INFO: [ view_filter ] --END-- [ RunTime:0.000000s ]
INFO: [ app_end ] --START--
INFO: Run Behavior\ShowPageTraceBehavior [ RunTime:0.015625s ]
INFO: [ app_end ] --END-- [ RunTime:0.015625s ]

[ 2017-05-24T19:15:17+08:00 ] 182.148.16.254 /Home/Admin/adminList
INFO: [ app_init ] --START--
INFO: Run Behavior\BuildLiteBehavior [ RunTime:0.000000s ]
INFO: [ app_init ] --END-- [ RunTime:0.000000s ]
INFO: [ app_begin ] --START--
INFO: Run Behavior\ReadHtmlCacheBehavior [ RunTime:0.000000s ]
INFO: [ app_begin ] --END-- [ RunTime:0.000000s ]
NOTIC: [8] Undefined index: aprt_id D:\wwwroot\sfwhlryy\wwwroot\Application\Home\Controller\CommonController.class.php 第 23 行.
SQL: SHOW COLUMNS FROM `hospital_admin` [ RunTime:0.0000s ]
SQL: SELECT * FROM `hospital_admin` WHERE `hospital_id` = 10  [ RunTime:0.0000s ]
INFO: [ view_parse ] --START--
INFO: [ template_filter ] --START--
INFO: Run Behavior\ContentReplaceBehavior [ RunTime:0.000000s ]
INFO: [ template_filter ] --END-- [ RunTime:0.000000s ]
NOTIC: [8] Undefined variable: admin_status D:\wwwroot\sfwhlryy\wwwroot\Application\Runtime\Cache\Home\835f2d9ec7e0f7c6f5834c9e78e41a2f.php 第 84 行.
NOTIC: [8] Undefined variable: admin_status D:\wwwroot\sfwhlryy\wwwroot\Application\Runtime\Cache\Home\835f2d9ec7e0f7c6f5834c9e78e41a2f.php 第 84 行.
NOTIC: [8] Undefined variable: admin_status D:\wwwroot\sfwhlryy\wwwroot\Application\Runtime\Cache\Home\835f2d9ec7e0f7c6f5834c9e78e41a2f.php 第 84 行.
NOTIC: [8] Undefined variable: admin_status D:\wwwroot\sfwhlryy\wwwroot\Application\Runtime\Cache\Home\835f2d9ec7e0f7c6f5834c9e78e41a2f.php 第 84 行.
NOTIC: [8] Undefined variable: admin_status D:\wwwroot\sfwhlryy\wwwroot\Application\Runtime\Cache\Home\835f2d9ec7e0f7c6f5834c9e78e41a2f.php 第 84 行.
INFO: Run Behavior\ParseTemplateBehavior [ RunTime:0.031250s ]
INFO: [ view_parse ] --END-- [ RunTime:0.031250s ]
INFO: [ view_filter ] --START--
INFO: Run Behavior\WriteHtmlCacheBehavior [ RunTime:0.000000s ]
INFO: [ view_filter ] --END-- [ RunTime:0.000000s ]
INFO: [ app_end ] --START--
INFO: Run Behavior\ShowPageTraceBehavior [ RunTime:0.000000s ]
INFO: [ app_end ] --END-- [ RunTime:0.000000s ]

[ 2017-05-24T19:15:17+08:00 ] 182.148.16.254 /Home/Admin/adminList
INFO: [ app_init ] --START--
INFO: Run Behavior\BuildLiteBehavior [ RunTime:0.000000s ]
INFO: [ app_init ] --END-- [ RunTime:0.000000s ]
INFO: [ app_begin ] --START--
INFO: Run Behavior\ReadHtmlCacheBehavior [ RunTime:0.000000s ]
INFO: [ app_begin ] --END-- [ RunTime:0.000000s ]
NOTIC: [8] Undefined index: aprt_id D:\wwwroot\sfwhlryy\wwwroot\Application\Home\Controller\CommonController.class.php 第 23 行.
SQL: SHOW COLUMNS FROM `hospital_admin` [ RunTime:0.0000s ]
SQL: SELECT * FROM `hospital_admin` WHERE `hospital_id` = 10  [ RunTime:0.0000s ]
INFO: [ view_parse ] --START--
INFO: [ template_filter ] --START--
INFO: Run Behavior\ContentReplaceBehavior [ RunTime:0.000000s ]
INFO: [ template_filter ] --END-- [ RunTime:0.000000s ]
NOTIC: [8] Undefined variable: admin_status D:\wwwroot\sfwhlryy\wwwroot\Application\Runtime\Cache\Home\835f2d9ec7e0f7c6f5834c9e78e41a2f.php 第 84 行.
NOTIC: [8] Undefined variable: admin_status D:\wwwroot\sfwhlryy\wwwroot\Application\Runtime\Cache\Home\835f2d9ec7e0f7c6f5834c9e78e41a2f.php 第 84 行.
NOTIC: [8] Undefined variable: admin_status D:\wwwroot\sfwhlryy\wwwroot\Application\Runtime\Cache\Home\835f2d9ec7e0f7c6f5834c9e78e41a2f.php 第 84 行.
NOTIC: [8] Undefined variable: admin_status D:\wwwroot\sfwhlryy\wwwroot\Application\Runtime\Cache\Home\835f2d9ec7e0f7c6f5834c9e78e41a2f.php 第 84 行.
NOTIC: [8] Undefined variable: admin_status D:\wwwroot\sfwhlryy\wwwroot\Application\Runtime\Cache\Home\835f2d9ec7e0f7c6f5834c9e78e41a2f.php 第 84 行.
INFO: Run Behavior\ParseTemplateBehavior [ RunTime:0.015625s ]
INFO: [ view_parse ] --END-- [ RunTime:0.015625s ]
INFO: [ view_filter ] --START--
INFO: Run Behavior\WriteHtmlCacheBehavior [ RunTime:0.000000s ]
INFO: [ view_filter ] --END-- [ RunTime:0.000000s ]
INFO: [ app_end ] --START--
INFO: Run Behavior\ShowPageTraceBehavior [ RunTime:0.000000s ]
INFO: [ app_end ] --END-- [ RunTime:0.000000s ]

[ 2017-05-24T19:15:18+08:00 ] 182.148.16.254 /Home/Admin/adminList
INFO: [ app_init ] --START--
INFO: Run Behavior\BuildLiteBehavior [ RunTime:0.000000s ]
INFO: [ app_init ] --END-- [ RunTime:0.000000s ]
INFO: [ app_begin ] --START--
INFO: Run Behavior\ReadHtmlCacheBehavior [ RunTime:0.000000s ]
INFO: [ app_begin ] --END-- [ RunTime:0.000000s ]
NOTIC: [8] Undefined index: aprt_id D:\wwwroot\sfwhlryy\wwwroot\Application\Home\Controller\CommonController.class.php 第 23 行.
SQL: SHOW COLUMNS FROM `hospital_admin` [ RunTime:0.0000s ]
SQL: SELECT * FROM `hospital_admin` WHERE `hospital_id` = 10  [ RunTime:0.0000s ]
INFO: [ view_parse ] --START--
INFO: [ template_filter ] --START--
INFO: Run Behavior\ContentReplaceBehavior [ RunTime:0.000000s ]
INFO: [ template_filter ] --END-- [ RunTime:0.000000s ]
NOTIC: [8] Undefined variable: admin_status D:\wwwroot\sfwhlryy\wwwroot\Application\Runtime\Cache\Home\835f2d9ec7e0f7c6f5834c9e78e41a2f.php 第 84 行.
NOTIC: [8] Undefined variable: admin_status D:\wwwroot\sfwhlryy\wwwroot\Application\Runtime\Cache\Home\835f2d9ec7e0f7c6f5834c9e78e41a2f.php 第 84 行.
NOTIC: [8] Undefined variable: admin_status D:\wwwroot\sfwhlryy\wwwroot\Application\Runtime\Cache\Home\835f2d9ec7e0f7c6f5834c9e78e41a2f.php 第 84 行.
NOTIC: [8] Undefined variable: admin_status D:\wwwroot\sfwhlryy\wwwroot\Application\Runtime\Cache\Home\835f2d9ec7e0f7c6f5834c9e78e41a2f.php 第 84 行.
NOTIC: [8] Undefined variable: admin_status D:\wwwroot\sfwhlryy\wwwroot\Application\Runtime\Cache\Home\835f2d9ec7e0f7c6f5834c9e78e41a2f.php 第 84 行.
INFO: Run Behavior\ParseTemplateBehavior [ RunTime:0.015625s ]
INFO: [ view_parse ] --END-- [ RunTime:0.015625s ]
INFO: [ view_filter ] --START--
INFO: Run Behavior\WriteHtmlCacheBehavior [ RunTime:0.000000s ]
INFO: [ view_filter ] --END-- [ RunTime:0.000000s ]
INFO: [ app_end ] --START--
INFO: Run Behavior\ShowPageTraceBehavior [ RunTime:0.000000s ]
INFO: [ app_end ] --END-- [ RunTime:0.000000s ]

[ 2017-05-24T19:15:22+08:00 ] 182.148.16.254 /Home/Login
INFO: [ app_init ] --START--
INFO: Run Behavior\BuildLiteBehavior [ RunTime:0.000000s ]
INFO: [ app_init ] --END-- [ RunTime:0.000000s ]
INFO: [ app_begin ] --START--
INFO: Run Behavior\ReadHtmlCacheBehavior [ RunTime:0.000000s ]
INFO: [ app_begin ] --END-- [ RunTime:0.000000s ]
INFO: [ view_parse ] --START--
INFO: [ template_filter ] --START--
INFO: Run Behavior\ContentReplaceBehavior [ RunTime:0.000000s ]
INFO: [ template_filter ] --END-- [ RunTime:0.000000s ]
INFO: Run Behavior\ParseTemplateBehavior [ RunTime:0.015625s ]
INFO: [ view_parse ] --END-- [ RunTime:0.015625s ]
INFO: [ view_filter ] --START--
INFO: Run Behavior\WriteHtmlCacheBehavior [ RunTime:0.000000s ]
INFO: [ view_filter ] --END-- [ RunTime:0.000000s ]
INFO: [ app_end ] --START--
INFO: Run Behavior\ShowPageTraceBehavior [ RunTime:0.000000s ]
INFO: [ app_end ] --END-- [ RunTime:0.000000s ]

[ 2017-05-24T19:15:29+08:00 ] 182.148.16.254 /index.php/Home/Login/checkUser.html
INFO: [ app_init ] --START--
INFO: Run Behavior\BuildLiteBehavior [ RunTime:0.000000s ]
INFO: [ app_init ] --END-- [ RunTime:0.000000s ]
INFO: [ app_begin ] --START--
INFO: Run Behavior\ReadHtmlCacheBehavior [ RunTime:0.000000s ]
INFO: [ app_begin ] --END-- [ RunTime:0.000000s ]
SQL: SHOW COLUMNS FROM `hospital_admin` [ RunTime:0.0000s ]
NOTIC: [8] Use of undefined constant tel - assumed 'tel' D:\wwwroot\sfwhlryy\wwwroot\Application\Home\Controller\LoginController.class.php 第 61 行.
SQL: SELECT * FROM `hospital_admin` WHERE `tel` = '13228595558' LIMIT 1   [ RunTime:0.0000s ]
NOTIC: [8] Undefined variable: errMsg D:\wwwroot\sfwhlryy\wwwroot\Application\Home\Controller\LoginController.class.php 第 71 行.

[ 2017-05-24T19:15:31+08:00 ] 182.148.16.254 /index.php/Home/Login/sendVerify.html
INFO: [ app_init ] --START--
INFO: Run Behavior\BuildLiteBehavior [ RunTime:0.000000s ]
INFO: [ app_init ] --END-- [ RunTime:0.000000s ]
INFO: [ app_begin ] --START--
INFO: Run Behavior\ReadHtmlCacheBehavior [ RunTime:0.000000s ]
INFO: [ app_begin ] --END-- [ RunTime:0.000000s ]
SQL: SHOW COLUMNS FROM `hospital_admin` [ RunTime:0.0156s ]
SQL: SHOW COLUMNS FROM `verify_record` [ RunTime:0.0000s ]
SQL: SELECT * FROM `hospital_admin` LIMIT 1   [ RunTime:0.0000s ]
SQL: INSERT INTO `verify_record` (`name`,`hospital_id`,`login_ip`) VALUES ('张三','10','182.148.16.254') [ RunTime:0.0156s ]

[ 2017-05-24T19:15:35+08:00 ] 182.148.16.254 /index.php/Home/Login/login.html
INFO: [ app_init ] --START--
INFO: Run Behavior\BuildLiteBehavior [ RunTime:0.000000s ]
INFO: [ app_init ] --END-- [ RunTime:0.000000s ]
INFO: [ app_begin ] --START--
INFO: Run Behavior\ReadHtmlCacheBehavior [ RunTime:0.000000s ]
INFO: [ app_begin ] --END-- [ RunTime:0.000000s ]
SQL: SHOW COLUMNS FROM `hospital_admin` [ RunTime:0.0156s ]
SQL: SELECT * FROM `hospital_admin` WHERE `tel` = '13228595558' LIMIT 1   [ RunTime:0.0000s ]
SQL: UPDATE `hospital_admin` SET `last_login_ip`='182.148.16.254',`last_login_date`='1495624535' WHERE `id` = 1 [ RunTime:0.0000s ]
INFO: [ view_parse ] --START--
INFO: [ template_filter ] --START--
INFO: Run Behavior\ContentReplaceBehavior [ RunTime:0.000000s ]
INFO: [ template_filter ] --END-- [ RunTime:0.000000s ]
INFO: Run Behavior\ParseTemplateBehavior [ RunTime:0.015625s ]
INFO: [ view_parse ] --END-- [ RunTime:0.015625s ]
INFO: [ view_filter ] --START--
INFO: Run Behavior\WriteHtmlCacheBehavior [ RunTime:0.000000s ]
INFO: [ view_filter ] --END-- [ RunTime:0.000000s ]
INFO: [ app_end ] --START--
INFO: Run Behavior\ShowPageTraceBehavior [ RunTime:0.000000s ]
INFO: [ app_end ] --END-- [ RunTime:0.000000s ]

[ 2017-05-24T19:15:36+08:00 ] 182.148.16.254 /Home/Index/index
INFO: [ app_init ] --START--
INFO: Run Behavior\BuildLiteBehavior [ RunTime:0.000000s ]
INFO: [ app_init ] --END-- [ RunTime:0.000000s ]
INFO: [ app_begin ] --START--
INFO: Run Behavior\ReadHtmlCacheBehavior [ RunTime:0.000000s ]
INFO: [ app_begin ] --END-- [ RunTime:0.000000s ]
SQL: SHOW COLUMNS FROM `hospital` [ RunTime:0.0000s ]
SQL: SHOW COLUMNS FROM `spending` [ RunTime:0.0000s ]
SQL: SHOW COLUMNS FROM `proportion` [ RunTime:0.0000s ]
SQL: SHOW COLUMNS FROM `rechange` [ RunTime:0.0000s ]
SQL: SELECT sum(money) as sum FROM `rechange` WHERE `hospital_id` = 10 LIMIT 1   [ RunTime:0.0000s ]
SQL: select p.percent,p.is_use,p.id,sum(s.cost_money) as cost_sum from proportion p join spending s on p.id=s.percentId where p.hospital_id=10 group by p.id; [ RunTime:0.0156s ]
SQL: SELECT * FROM `hospital` WHERE `id` = 10 LIMIT 1   [ RunTime:0.0000s ]
NOTIC: [8] Undefined variable: sum D:\wwwroot\sfwhlryy\wwwroot\Application\Home\Controller\IndexController.class.php 第 24 行.
SQL: SELECT * FROM `spending` WHERE `hospital_id` = '10' AND `spending_date` BETWEEN '2017-05-01' AND '2017-05-31'  [ RunTime:0.0000s ]
NOTIC: [8] Undefined index: sum_money D:\wwwroot\sfwhlryy\wwwroot\Application\Home\Controller\IndexController.class.php 第 40 行.
NOTIC: [8] Undefined index: sum_money D:\wwwroot\sfwhlryy\wwwroot\Application\Home\Controller\IndexController.class.php 第 40 行.
NOTIC: [8] Undefined index: sum_money D:\wwwroot\sfwhlryy\wwwroot\Application\Home\Controller\IndexController.class.php 第 40 行.
NOTIC: [8] Undefined index: sum_money D:\wwwroot\sfwhlryy\wwwroot\Application\Home\Controller\IndexController.class.php 第 40 行.
NOTIC: [8] Undefined index: sum_money D:\wwwroot\sfwhlryy\wwwroot\Application\Home\Controller\IndexController.class.php 第 40 行.
NOTIC: [8] Undefined index: sum_money D:\wwwroot\sfwhlryy\wwwroot\Application\Home\Controller\IndexController.class.php 第 40 行.
NOTIC: [8] Undefined index: sum_money D:\wwwroot\sfwhlryy\wwwroot\Application\Home\Controller\IndexController.class.php 第 40 行.
NOTIC: [8] Undefined index: sum_money D:\wwwroot\sfwhlryy\wwwroot\Application\Home\Controller\IndexController.class.php 第 40 行.
NOTIC: [8] Undefined index: sum_money D:\wwwroot\sfwhlryy\wwwroot\Application\Home\Controller\IndexController.class.php 第 40 行.
NOTIC: [8] Undefined index: sum_money D:\wwwroot\sfwhlryy\wwwroot\Application\Home\Controller\IndexController.class.php 第 40 行.
NOTIC: [8] Undefined index: sum_money D:\wwwroot\sfwhlryy\wwwroot\Application\Home\Controller\IndexController.class.php 第 40 行.
NOTIC: [8] Undefined index: sum_money D:\wwwroot\sfwhlryy\wwwroot\Application\Home\Controller\IndexController.class.php 第 40 行.
NOTIC: [8] Undefined index: sum_money D:\wwwroot\sfwhlryy\wwwroot\Application\Home\Controller\IndexController.class.php 第 40 行.
NOTIC: [8] Undefined index: sum_money D:\wwwroot\sfwhlryy\wwwroot\Application\Home\Controller\IndexController.class.php 第 40 行.
NOTIC: [8] Undefined index: sum_money D:\wwwroot\sfwhlryy\wwwroot\Application\Home\Controller\IndexController.class.php 第 40 行.
INFO: [ view_parse ] --START--
INFO: [ template_filter ] --START--
INFO: Run Behavior\ContentReplaceBehavior [ RunTime:0.000000s ]
INFO: [ template_filter ] --END-- [ RunTime:0.000000s ]
INFO: Run Behavior\ParseTemplateBehavior [ RunTime:0.015625s ]
INFO: [ view_parse ] --END-- [ RunTime:0.015625s ]
INFO: [ view_filter ] --START--
INFO: Run Behavior\WriteHtmlCacheBehavior [ RunTime:0.000000s ]
INFO: [ view_filter ] --END-- [ RunTime:0.000000s ]
INFO: [ app_end ] --START--
INFO: Run Behavior\ShowPageTraceBehavior [ RunTime:0.000000s ]
INFO: [ app_end ] --END-- [ RunTime:0.000000s ]

[ 2017-05-24T19:15:38+08:00 ] 182.148.16.254 /Home/Index/index
INFO: [ app_init ] --START--
INFO: Run Behavior\BuildLiteBehavior [ RunTime:0.000000s ]
INFO: [ app_init ] --END-- [ RunTime:0.000000s ]
INFO: [ app_begin ] --START--
INFO: Run Behavior\ReadHtmlCacheBehavior [ RunTime:0.000000s ]
INFO: [ app_begin ] --END-- [ RunTime:0.000000s ]
SQL: SHOW COLUMNS FROM `hospital` [ RunTime:0.0156s ]
SQL: SHOW COLUMNS FROM `spending` [ RunTime:0.0156s ]
SQL: SHOW COLUMNS FROM `proportion` [ RunTime:0.0156s ]
SQL: SHOW COLUMNS FROM `rechange` [ RunTime:0.0313s ]
SQL: SELECT sum(money) as sum FROM `rechange` WHERE `hospital_id` = 10 LIMIT 1   [ RunTime:0.0000s ]
SQL: select p.percent,p.is_use,p.id,sum(s.cost_money) as cost_sum from proportion p join spending s on p.id=s.percentId where p.hospital_id=10 group by p.id; [ RunTime:0.0469s ]
SQL: SELECT * FROM `hospital` WHERE `id` = 10 LIMIT 1   [ RunTime:0.0000s ]
NOTIC: [8] Undefined variable: sum D:\wwwroot\sfwhlryy\wwwroot\Application\Home\Controller\IndexController.class.php 第 24 行.
SQL: SELECT * FROM `spending` WHERE `hospital_id` = '10' AND `spending_date` BETWEEN '2017-05-01' AND '2017-05-31'  [ RunTime:0.0156s ]
NOTIC: [8] Undefined index: sum_money D:\wwwroot\sfwhlryy\wwwroot\Application\Home\Controller\IndexController.class.php 第 40 行.
NOTIC: [8] Undefined index: sum_money D:\wwwroot\sfwhlryy\wwwroot\Application\Home\Controller\IndexController.class.php 第 40 行.
NOTIC: [8] Undefined index: sum_money D:\wwwroot\sfwhlryy\wwwroot\Application\Home\Controller\IndexController.class.php 第 40 行.
NOTIC: [8] Undefined index: sum_money D:\wwwroot\sfwhlryy\wwwroot\Application\Home\Controller\IndexController.class.php 第 40 行.
NOTIC: [8] Undefined index: sum_money D:\wwwroot\sfwhlryy\wwwroot\Application\Home\Controller\IndexController.class.php 第 40 行.
NOTIC: [8] Undefined index: sum_money D:\wwwroot\sfwhlryy\wwwroot\Application\Home\Controller\IndexController.class.php 第 40 行.
NOTIC: [8] Undefined index: sum_money D:\wwwroot\sfwhlryy\wwwroot\Application\Home\Controller\IndexController.class.php 第 40 行.
NOTIC: [8] Undefined index: sum_money D:\wwwroot\sfwhlryy\wwwroot\Application\Home\Controller\IndexController.class.php 第 40 行.
NOTIC: [8] Undefined index: sum_money D:\wwwroot\sfwhlryy\wwwroot\Application\Home\Controller\IndexController.class.php 第 40 行.
NOTIC: [8] Undefined index: sum_money D:\wwwroot\sfwhlryy\wwwroot\Application\Home\Controller\IndexController.class.php 第 40 行.
NOTIC: [8] Undefined index: sum_money D:\wwwroot\sfwhlryy\wwwroot\Application\Home\Controller\IndexController.class.php 第 40 行.
NOTIC: [8] Undefined index: sum_money D:\wwwroot\sfwhlryy\wwwroot\Application\Home\Controller\IndexController.class.php 第 40 行.
NOTIC: [8] Undefined index: sum_money D:\wwwroot\sfwhlryy\wwwroot\Application\Home\Controller\IndexController.class.php 第 40 行.
NOTIC: [8] Undefined index: sum_money D:\wwwroot\sfwhlryy\wwwroot\Application\Home\Controller\IndexController.class.php 第 40 行.
NOTIC: [8] Undefined index: sum_money D:\wwwroot\sfwhlryy\wwwroot\Application\Home\Controller\IndexController.class.php 第 40 行.
INFO: [ view_parse ] --START--
INFO: [ template_filter ] --START--
INFO: Run Behavior\ContentReplaceBehavior [ RunTime:0.000000s ]
INFO: [ template_filter ] --END-- [ RunTime:0.000000s ]
INFO: Run Behavior\ParseTemplateBehavior [ RunTime:0.046875s ]
INFO: [ view_parse ] --END-- [ RunTime:0.046875s ]
INFO: [ view_filter ] --START--
INFO: Run Behavior\WriteHtmlCacheBehavior [ RunTime:0.000000s ]
INFO: [ view_filter ] --END-- [ RunTime:0.000000s ]
INFO: [ app_end ] --START--
INFO: Run Behavior\ShowPageTraceBehavior [ RunTime:0.000000s ]
INFO: [ app_end ] --END-- [ RunTime:0.000000s ]

[ 2017-05-24T19:15:39+08:00 ] 182.148.16.254 /Home/Spending/addCurrent
INFO: [ app_init ] --START--
INFO: Run Behavior\BuildLiteBehavior [ RunTime:0.000000s ]
INFO: [ app_init ] --END-- [ RunTime:0.000000s ]
INFO: [ app_begin ] --START--
INFO: Run Behavior\ReadHtmlCacheBehavior [ RunTime:0.000000s ]
INFO: [ app_begin ] --END-- [ RunTime:0.000000s ]
SQL: SHOW COLUMNS FROM `patient` [ RunTime:0.0000s ]
SQL: SHOW COLUMNS FROM `spending` [ RunTime:0.0000s ]
SQL: SHOW COLUMNS FROM `proportion` [ RunTime:0.0000s ]
SQL: SELECT `id` FROM `proportion` WHERE `hospital_id` = 10 AND `is_use` = 1 LIMIT 1   [ RunTime:0.0313s ]
SQL: SELECT * FROM `spending` WHERE `hospital_id` = 10 AND `spending_date` BETWEEN '2017-05-01' AND '2017-05-31'  [ RunTime:0.0000s ]
INFO: [ view_parse ] --START--
INFO: [ template_filter ] --START--
INFO: Run Behavior\ContentReplaceBehavior [ RunTime:0.000000s ]
INFO: [ template_filter ] --END-- [ RunTime:0.000000s ]
INFO: Run Behavior\ParseTemplateBehavior [ RunTime:0.015625s ]
INFO: [ view_parse ] --END-- [ RunTime:0.015625s ]
INFO: [ view_filter ] --START--
INFO: Run Behavior\WriteHtmlCacheBehavior [ RunTime:0.000000s ]
INFO: [ view_filter ] --END-- [ RunTime:0.000000s ]

[ 2017-05-24T19:15:42+08:00 ] 182.148.16.254 /Home/Spending/totalDay
INFO: [ app_init ] --START--
INFO: Run Behavior\BuildLiteBehavior [ RunTime:0.000000s ]
INFO: [ app_init ] --END-- [ RunTime:0.000000s ]
INFO: [ app_begin ] --START--
INFO: Run Behavior\ReadHtmlCacheBehavior [ RunTime:0.000000s ]
INFO: [ app_begin ] --END-- [ RunTime:0.000000s ]
SQL: SHOW COLUMNS FROM `spending` [ RunTime:0.0000s ]
SQL: SELECT * FROM `spending` INNER JOIN patient ON patient.tel = patient_tel  WHERE patient.hospital_id = '10' AND `spending_date` = '2017-05-24'  [ RunTime:0.0000s ]
NOTIC: [8] Undefined index: 总额 D:\wwwroot\sfwhlryy\wwwroot\Application\Home\Controller\SpendingController.class.php 第 248 行.
NOTIC: [8] Undefined index: 消费总额 D:\wwwroot\sfwhlryy\wwwroot\Application\Home\Controller\SpendingController.class.php 第 248 行.
NOTIC: [8] Undefined index: money D:\wwwroot\sfwhlryy\wwwroot\Application\Home\Controller\SpendingController.class.php 第 248 行.
NOTIC: [8] Undefined variable: cost D:\wwwroot\sfwhlryy\wwwroot\Application\Home\Controller\SpendingController.class.php 第 257 行.
NOTIC: [2] max(): When only one parameter is given, it must be an array D:\wwwroot\sfwhlryy\wwwroot\Application\Home\Controller\SpendingController.class.php 第 257 行.
NOTIC: [8] Undefined variable: cost D:\wwwroot\sfwhlryy\wwwroot\Application\Home\Controller\SpendingController.class.php 第 258 行.
NOTIC: [2] min(): When only one parameter is given, it must be an array D:\wwwroot\sfwhlryy\wwwroot\Application\Home\Controller\SpendingController.class.php 第 258 行.
INFO: [ view_parse ] --START--
INFO: [ template_filter ] --START--
INFO: Run Behavior\ContentReplaceBehavior [ RunTime:0.000000s ]
INFO: [ template_filter ] --END-- [ RunTime:0.000000s ]
NOTIC: [2] Division by zero D:\wwwroot\sfwhlryy\wwwroot\Application\Runtime\Cache\Home\faffcf93552ce242854947e113baf87b.php 第 82 行.
NOTIC: [8] Undefined index: count D:\wwwroot\sfwhlryy\wwwroot\Application\Runtime\Cache\Home\faffcf93552ce242854947e113baf87b.php 第 85 行.
NOTIC: [2] Division by zero D:\wwwroot\sfwhlryy\wwwroot\Application\Runtime\Cache\Home\faffcf93552ce242854947e113baf87b.php 第 82 行.
NOTIC: [8] Undefined index: count D:\wwwroot\sfwhlryy\wwwroot\Application\Runtime\Cache\Home\faffcf93552ce242854947e113baf87b.php 第 85 行.
NOTIC: [2] Division by zero D:\wwwroot\sfwhlryy\wwwroot\Application\Runtime\Cache\Home\faffcf93552ce242854947e113baf87b.php 第 82 行.
NOTIC: [8] Undefined index: count D:\wwwroot\sfwhlryy\wwwroot\Application\Runtime\Cache\Home\faffcf93552ce242854947e113baf87b.php 第 85 行.
INFO: Run Behavior\ParseTemplateBehavior [ RunTime:0.015625s ]
INFO: [ view_parse ] --END-- [ RunTime:0.015625s ]
INFO: [ view_filter ] --START--
INFO: Run Behavior\WriteHtmlCacheBehavior [ RunTime:0.000000s ]
INFO: [ view_filter ] --END-- [ RunTime:0.000000s ]
INFO: [ app_end ] --START--
INFO: Run Behavior\ShowPageTraceBehavior [ RunTime:0.000000s ]
INFO: [ app_end ] --END-- [ RunTime:0.000000s ]

[ 2017-05-24T19:15:43+08:00 ] 182.148.16.254 /Home/Spending/totalYear
INFO: [ app_init ] --START--
INFO: Run Behavior\BuildLiteBehavior [ RunTime:0.000000s ]
INFO: [ app_init ] --END-- [ RunTime:0.000000s ]
INFO: [ app_begin ] --START--
INFO: Run Behavior\ReadHtmlCacheBehavior [ RunTime:0.000000s ]
INFO: [ app_begin ] --END-- [ RunTime:0.000000s ]
SQL: SHOW COLUMNS FROM `spending` [ RunTime:0.0000s ]
SQL: SELECT * FROM `spending` WHERE `hospital_id` = 10 AND `spending_date` BETWEEN '2017-01-01' AND '2017-12-31'  [ RunTime:0.0156s ]
NOTIC: [8] Undefined index: 总额 D:\wwwroot\sfwhlryy\wwwroot\Application\Home\Controller\SpendingController.class.php 第 214 行.
NOTIC: [8] Undefined index: 消费总额 D:\wwwroot\sfwhlryy\wwwroot\Application\Home\Controller\SpendingController.class.php 第 214 行.
NOTIC: [8] Undefined index: money D:\wwwroot\sfwhlryy\wwwroot\Application\Home\Controller\SpendingController.class.php 第 214 行.
NOTIC: [8] Undefined index: 月份 D:\wwwroot\sfwhlryy\wwwroot\Application\Home\Controller\SpendingController.class.php 第 215 行.
NOTIC: [8] Undefined index: 2017-01 D:\wwwroot\sfwhlryy\wwwroot\Application\Home\Controller\SpendingController.class.php 第 215 行.
NOTIC: [8] Undefined index: money D:\wwwroot\sfwhlryy\wwwroot\Application\Home\Controller\SpendingController.class.php 第 215 行.
NOTIC: [8] Undefined index: 2017-02 D:\wwwroot\sfwhlryy\wwwroot\Application\Home\Controller\SpendingController.class.php 第 215 行.
NOTIC: [8] Undefined index: money D:\wwwroot\sfwhlryy\wwwroot\Application\Home\Controller\SpendingController.class.php 第 215 行.
NOTIC: [8] Undefined index: 2017-03 D:\wwwroot\sfwhlryy\wwwroot\Application\Home\Controller\SpendingController.class.php 第 215 行.
NOTIC: [8] Undefined index: money D:\wwwroot\sfwhlryy\wwwroot\Application\Home\Controller\SpendingController.class.php 第 215 行.
NOTIC: [8] Undefined index: 2017-04 D:\wwwroot\sfwhlryy\wwwroot\Application\Home\Controller\SpendingController.class.php 第 215 行.
NOTIC: [8] Undefined index: money D:\wwwroot\sfwhlryy\wwwroot\Application\Home\Controller\SpendingController.class.php 第 215 行.
NOTIC: [8] Undefined index: 2017-06 D:\wwwroot\sfwhlryy\wwwroot\Application\Home\Controller\SpendingController.class.php 第 215 行.
NOTIC: [8] Undefined index: money D:\wwwroot\sfwhlryy\wwwroot\Application\Home\Controller\SpendingController.class.php 第 215 行.
NOTIC: [8] Undefined index: 2017-05 D:\wwwroot\sfwhlryy\wwwroot\Application\Home\Controller\SpendingController.class.php 第 215 行.
NOTIC: [8] Undefined index: money D:\wwwroot\sfwhlryy\wwwroot\Application\Home\Controller\SpendingController.class.php 第 215 行.
NOTIC: [8] Undefined index: count D:\wwwroot\sfwhlryy\wwwroot\Application\Home\Controller\SpendingController.class.php 第 221 行.
NOTIC: [8] Undefined index: count D:\wwwroot\sfwhlryy\wwwroot\Application\Home\Controller\SpendingController.class.php 第 221 行.
NOTIC: [8] Undefined index: count D:\wwwroot\sfwhlryy\wwwroot\Application\Home\Controller\SpendingController.class.php 第 221 行.
INFO: [ view_parse ] --START--
INFO: [ template_filter ] --START--
INFO: Run Behavior\ContentReplaceBehavior [ RunTime:0.000000s ]
INFO: [ template_filter ] --END-- [ RunTime:0.000000s ]
NOTIC: [8] Undefined index: count D:\wwwroot\sfwhlryy\wwwroot\Application\Runtime\Cache\Home\4f7ab238199761c07c95f62d45284cca.php 第 84 行.
NOTIC: [8] Undefined index: count D:\wwwroot\sfwhlryy\wwwroot\Application\Runtime\Cache\Home\4f7ab238199761c07c95f62d45284cca.php 第 84 行.
NOTIC: [8] Undefined index: count D:\wwwroot\sfwhlryy\wwwroot\Application\Runtime\Cache\Home\4f7ab238199761c07c95f62d45284cca.php 第 84 行.
INFO: Run Behavior\ParseTemplateBehavior [ RunTime:0.015625s ]
INFO: [ view_parse ] --END-- [ RunTime:0.015625s ]
INFO: [ view_filter ] --START--
INFO: Run Behavior\WriteHtmlCacheBehavior [ RunTime:0.000000s ]
INFO: [ view_filter ] --END-- [ RunTime:0.000000s ]
INFO: [ app_end ] --START--
INFO: Run Behavior\ShowPageTraceBehavior [ RunTime:0.000000s ]
INFO: [ app_end ] --END-- [ RunTime:0.000000s ]

[ 2017-05-24T21:36:12+08:00 ] 118.116.83.42 /
INFO: [ app_init ] --START--
INFO: Run Behavior\BuildLiteBehavior [ RunTime:0.000000s ]
INFO: [ app_init ] --END-- [ RunTime:0.000000s ]
INFO: [ app_begin ] --START--
INFO: Run Behavior\ReadHtmlCacheBehavior [ RunTime:0.000000s ]
INFO: [ app_begin ] --END-- [ RunTime:0.000000s ]

[ 2017-05-24T21:37:21+08:00 ] 118.116.83.42 /
INFO: [ app_init ] --START--
INFO: Run Behavior\BuildLiteBehavior [ RunTime:0.000000s ]
INFO: [ app_init ] --END-- [ RunTime:0.000000s ]
INFO: [ app_begin ] --START--
INFO: Run Behavior\ReadHtmlCacheBehavior [ RunTime:0.000000s ]
INFO: [ app_begin ] --END-- [ RunTime:0.000000s ]

