[ 2017-02-07T10:03:55+08:00 ] 127.0.0.1 /
INFO: [ app_init ] --START--
INFO: Run Behavior\BuildLiteBehavior [ RunTime:0.000015s ]
INFO: [ app_init ] --END-- [ RunTime:0.000472s ]
INFO: [ app_begin ] --START--
INFO: Run Behavior\ReadHtmlCacheBehavior [ RunTime:0.044910s ]
INFO: [ app_begin ] --END-- [ RunTime:0.044997s ]

[ 2017-02-07T10:03:55+08:00 ] 127.0.0.1 /Home/Login/index
INFO: [ app_init ] --START--
INFO: Run Behavior\BuildLiteBehavior [ RunTime:0.000013s ]
INFO: [ app_init ] --END-- [ RunTime:0.000293s ]
INFO: [ app_begin ] --START--
INFO: Run Behavior\ReadHtmlCacheBehavior [ RunTime:0.000629s ]
INFO: [ app_begin ] --END-- [ RunTime:0.000689s ]
INFO: [ view_parse ] --START--
INFO: [ template_filter ] --START--
INFO: Run Behavior\ContentReplaceBehavior [ RunTime:0.001049s ]
INFO: [ template_filter ] --END-- [ RunTime:0.001110s ]
INFO: Run Behavior\ParseTemplateBehavior [ RunTime:0.147757s ]
INFO: [ view_parse ] --END-- [ RunTime:0.147836s ]
INFO: [ view_filter ] --START--
INFO: Run Behavior\WriteHtmlCacheBehavior [ RunTime:0.025932s ]
INFO: [ view_filter ] --END-- [ RunTime:0.025990s ]
INFO: [ app_end ] --START--
INFO: Run Behavior\ShowPageTraceBehavior [ RunTime:0.018641s ]
INFO: [ app_end ] --END-- [ RunTime:0.018714s ]

[ 2017-02-07T10:04:03+08:00 ] 127.0.0.1 /index.php/Home/Login/checkUser.html
INFO: [ app_init ] --START--
INFO: Run Behavior\BuildLiteBehavior [ RunTime:0.000013s ]
INFO: [ app_init ] --END-- [ RunTime:0.000308s ]
INFO: [ app_begin ] --START--
INFO: Run Behavior\ReadHtmlCacheBehavior [ RunTime:0.000424s ]
INFO: [ app_begin ] --END-- [ RunTime:0.000460s ]
SQL: SHOW COLUMNS FROM `hospital_admin` [ RunTime:0.0842s ]
NOTIC: [8] Use of undefined constant tel - assumed 'tel' D:\phpStudy\WWW\tp\Application\Home\Controller\LoginController.class.php 第 56 行.
SQL: SELECT * FROM `hospital_admin` WHERE `tel` = '13228595558' LIMIT 1   [ RunTime:0.0209s ]
NOTIC: [8] Undefined variable: errMsg D:\phpStudy\WWW\tp\Application\Home\Controller\LoginController.class.php 第 62 行.

[ 2017-02-07T10:04:04+08:00 ] 127.0.0.1 /index.php/Home/Login/sendVerify.html
INFO: [ app_init ] --START--
INFO: Run Behavior\BuildLiteBehavior [ RunTime:0.000013s ]
INFO: [ app_init ] --END-- [ RunTime:0.000336s ]
INFO: [ app_begin ] --START--
INFO: Run Behavior\ReadHtmlCacheBehavior [ RunTime:0.000701s ]
INFO: [ app_begin ] --END-- [ RunTime:0.000769s ]
SQL: SHOW COLUMNS FROM `hospital_admin` [ RunTime:0.0116s ]
SQL: SHOW COLUMNS FROM `verify_record` [ RunTime:0.0376s ]
SQL: SELECT * FROM `hospital_admin` LIMIT 1   [ RunTime:0.0002s ]
SQL: INSERT INTO `verify_record` (`name`,`hospital_id`,`login_ip`) VALUES ('张三','10','127.0.0.1') [ RunTime:0.0651s ]

[ 2017-02-07T10:04:08+08:00 ] 127.0.0.1 /index.php/Home/Login/login.html
INFO: [ app_init ] --START--
INFO: Run Behavior\BuildLiteBehavior [ RunTime:0.000023s ]
INFO: [ app_init ] --END-- [ RunTime:0.000511s ]
INFO: [ app_begin ] --START--
INFO: Run Behavior\ReadHtmlCacheBehavior [ RunTime:0.000472s ]
INFO: [ app_begin ] --END-- [ RunTime:0.000517s ]
SQL: SHOW COLUMNS FROM `hospital_admin` [ RunTime:0.0114s ]
SQL: SELECT * FROM `hospital_admin` WHERE `tel` = '13228595558' LIMIT 1   [ RunTime:0.0003s ]
INFO: [ view_parse ] --START--
INFO: [ template_filter ] --START--
INFO: Run Behavior\ContentReplaceBehavior [ RunTime:0.000036s ]
INFO: [ template_filter ] --END-- [ RunTime:0.000085s ]
INFO: Run Behavior\ParseTemplateBehavior [ RunTime:0.087161s ]
INFO: [ view_parse ] --END-- [ RunTime:0.087227s ]
INFO: [ view_filter ] --START--
INFO: Run Behavior\WriteHtmlCacheBehavior [ RunTime:0.000211s ]
INFO: [ view_filter ] --END-- [ RunTime:0.000245s ]
INFO: [ app_end ] --START--
INFO: Run Behavior\ShowPageTraceBehavior [ RunTime:0.000441s ]
INFO: [ app_end ] --END-- [ RunTime:0.000474s ]

[ 2017-02-07T10:04:10+08:00 ] 127.0.0.1 /Home/Index/index
INFO: [ app_init ] --START--
INFO: Run Behavior\BuildLiteBehavior [ RunTime:0.000014s ]
INFO: [ app_init ] --END-- [ RunTime:0.000342s ]
INFO: [ app_begin ] --START--
INFO: Run Behavior\ReadHtmlCacheBehavior [ RunTime:0.000521s ]
INFO: [ app_begin ] --END-- [ RunTime:0.000569s ]
SQL: SHOW COLUMNS FROM `hospital` [ RunTime:0.0259s ]
SQL: SHOW COLUMNS FROM `spending` [ RunTime:0.0466s ]
SQL: SHOW COLUMNS FROM `proportion` [ RunTime:0.0281s ]
SQL: SHOW COLUMNS FROM `rechange` [ RunTime:0.0156s ]
SQL: SELECT sum(money) as sum FROM `rechange` WHERE `hospital_id` = 10 LIMIT 1   [ RunTime:0.0198s ]
SQL: select p.percent,p.is_use,p.id,sum(s.cost_money) as cost_sum from proportion p join spending s on p.id=s.percentId where p.hospital_id=10 group by p.id; [ RunTime:0.0036s ]
SQL: SELECT * FROM `hospital` WHERE `id` = 10 LIMIT 1   [ RunTime:0.0004s ]
NOTIC: [8] Undefined variable: sum D:\phpStudy\WWW\tp\Application\Home\Controller\IndexController.class.php 第 24 行.
SQL: SELECT * FROM `spending` WHERE `hospital_id` = '10' AND `spending_date` BETWEEN '2017-02-01' AND '2017-02-28'  [ RunTime:0.0038s ]
NOTIC: [8] Undefined index: sum_money D:\phpStudy\WWW\tp\Application\Home\Controller\IndexController.class.php 第 40 行.
NOTIC: [8] Undefined index: sum_money D:\phpStudy\WWW\tp\Application\Home\Controller\IndexController.class.php 第 40 行.
NOTIC: [8] Undefined index: sum_money D:\phpStudy\WWW\tp\Application\Home\Controller\IndexController.class.php 第 40 行.
NOTIC: [8] Undefined index: sum_money D:\phpStudy\WWW\tp\Application\Home\Controller\IndexController.class.php 第 40 行.
NOTIC: [8] Undefined index: sum_money D:\phpStudy\WWW\tp\Application\Home\Controller\IndexController.class.php 第 40 行.
NOTIC: [8] Undefined index: sum_money D:\phpStudy\WWW\tp\Application\Home\Controller\IndexController.class.php 第 40 行.
NOTIC: [8] Undefined index: sum_money D:\phpStudy\WWW\tp\Application\Home\Controller\IndexController.class.php 第 40 行.
NOTIC: [8] Undefined index: sum_money D:\phpStudy\WWW\tp\Application\Home\Controller\IndexController.class.php 第 40 行.
NOTIC: [8] Undefined index: sum_money D:\phpStudy\WWW\tp\Application\Home\Controller\IndexController.class.php 第 40 行.
NOTIC: [8] Undefined index: sum_money D:\phpStudy\WWW\tp\Application\Home\Controller\IndexController.class.php 第 40 行.
NOTIC: [8] Undefined index: sum_money D:\phpStudy\WWW\tp\Application\Home\Controller\IndexController.class.php 第 40 行.
INFO: [ view_parse ] --START--
INFO: [ template_filter ] --START--
INFO: Run Behavior\ContentReplaceBehavior [ RunTime:0.000074s ]
INFO: [ template_filter ] --END-- [ RunTime:0.000122s ]
INFO: Run Behavior\ParseTemplateBehavior [ RunTime:0.081591s ]
INFO: [ view_parse ] --END-- [ RunTime:0.081666s ]
INFO: [ view_filter ] --START--
INFO: Run Behavior\WriteHtmlCacheBehavior [ RunTime:0.000281s ]
INFO: [ view_filter ] --END-- [ RunTime:0.000322s ]
INFO: [ app_end ] --START--
INFO: Run Behavior\ShowPageTraceBehavior [ RunTime:0.000643s ]
INFO: [ app_end ] --END-- [ RunTime:0.000705s ]

[ 2017-02-07T10:05:24+08:00 ] 127.0.0.1 /Home/Index/index
INFO: [ app_init ] --START--
INFO: Run Behavior\BuildLiteBehavior [ RunTime:0.000029s ]
INFO: [ app_init ] --END-- [ RunTime:0.000610s ]
INFO: [ app_begin ] --START--
INFO: Run Behavior\ReadHtmlCacheBehavior [ RunTime:0.000802s ]
INFO: [ app_begin ] --END-- [ RunTime:0.000895s ]
SQL: SHOW COLUMNS FROM `hospital` [ RunTime:0.0114s ]
SQL: SHOW COLUMNS FROM `spending` [ RunTime:0.0085s ]
SQL: SHOW COLUMNS FROM `proportion` [ RunTime:0.0061s ]
SQL: SHOW COLUMNS FROM `rechange` [ RunTime:0.0066s ]
SQL: SELECT sum(money) as sum FROM `rechange` WHERE `hospital_id` = 10 LIMIT 1   [ RunTime:0.0002s ]
SQL: select p.percent,p.is_use,p.id,sum(s.cost_money) as cost_sum from proportion p join spending s on p.id=s.percentId where p.hospital_id=10 group by p.id; [ RunTime:0.0011s ]
SQL: SELECT * FROM `hospital` WHERE `id` = 10 LIMIT 1   [ RunTime:0.0001s ]
NOTIC: [8] Undefined variable: sum D:\phpStudy\WWW\tp\Application\Home\Controller\IndexController.class.php 第 24 行.
SQL: SELECT * FROM `spending` WHERE `hospital_id` = '10' AND `spending_date` BETWEEN '2017-02-01' AND '2017-02-28'  [ RunTime:0.0020s ]
NOTIC: [8] Undefined index: sum_money D:\phpStudy\WWW\tp\Application\Home\Controller\IndexController.class.php 第 40 行.
NOTIC: [8] Undefined index: sum_money D:\phpStudy\WWW\tp\Application\Home\Controller\IndexController.class.php 第 40 行.
NOTIC: [8] Undefined index: sum_money D:\phpStudy\WWW\tp\Application\Home\Controller\IndexController.class.php 第 40 行.
NOTIC: [8] Undefined index: sum_money D:\phpStudy\WWW\tp\Application\Home\Controller\IndexController.class.php 第 40 行.
NOTIC: [8] Undefined index: sum_money D:\phpStudy\WWW\tp\Application\Home\Controller\IndexController.class.php 第 40 行.
NOTIC: [8] Undefined index: sum_money D:\phpStudy\WWW\tp\Application\Home\Controller\IndexController.class.php 第 40 行.
NOTIC: [8] Undefined index: sum_money D:\phpStudy\WWW\tp\Application\Home\Controller\IndexController.class.php 第 40 行.
NOTIC: [8] Undefined index: sum_money D:\phpStudy\WWW\tp\Application\Home\Controller\IndexController.class.php 第 40 行.
NOTIC: [8] Undefined index: sum_money D:\phpStudy\WWW\tp\Application\Home\Controller\IndexController.class.php 第 40 行.
NOTIC: [8] Undefined index: sum_money D:\phpStudy\WWW\tp\Application\Home\Controller\IndexController.class.php 第 40 行.
NOTIC: [8] Undefined index: sum_money D:\phpStudy\WWW\tp\Application\Home\Controller\IndexController.class.php 第 40 行.
INFO: [ view_parse ] --START--
INFO: [ template_filter ] --START--
INFO: Run Behavior\ContentReplaceBehavior [ RunTime:0.000061s ]
INFO: [ template_filter ] --END-- [ RunTime:0.000105s ]
INFO: Run Behavior\ParseTemplateBehavior [ RunTime:0.009875s ]
INFO: [ view_parse ] --END-- [ RunTime:0.009929s ]
INFO: [ view_filter ] --START--
INFO: Run Behavior\WriteHtmlCacheBehavior [ RunTime:0.000206s ]
INFO: [ view_filter ] --END-- [ RunTime:0.000240s ]
INFO: [ app_end ] --START--
INFO: Run Behavior\ShowPageTraceBehavior [ RunTime:0.000802s ]
INFO: [ app_end ] --END-- [ RunTime:0.000886s ]

[ 2017-02-07T10:06:24+08:00 ] 127.0.0.1 /Home/Admin/index
INFO: [ app_init ] --START--
INFO: Run Behavior\BuildLiteBehavior [ RunTime:0.000014s ]
INFO: [ app_init ] --END-- [ RunTime:0.000336s ]
INFO: [ app_begin ] --START--
INFO: Run Behavior\ReadHtmlCacheBehavior [ RunTime:0.000520s ]
INFO: [ app_begin ] --END-- [ RunTime:0.000563s ]
INFO: [ view_parse ] --START--
INFO: [ template_filter ] --START--
INFO: Run Behavior\ContentReplaceBehavior [ RunTime:0.000052s ]
INFO: [ template_filter ] --END-- [ RunTime:0.000098s ]
NOTIC: [8] Undefined variable: add_form_unique D:\phpStudy\WWW\tp\Application\Runtime\Cache\Home\c506a66e5fd5c20a850e05056283aa1e.php 第 71 行.
INFO: Run Behavior\ParseTemplateBehavior [ RunTime:0.036215s ]
INFO: [ view_parse ] --END-- [ RunTime:0.036267s ]
INFO: [ view_filter ] --START--
INFO: Run Behavior\WriteHtmlCacheBehavior [ RunTime:0.000300s ]
INFO: [ view_filter ] --END-- [ RunTime:0.000333s ]
INFO: [ app_end ] --START--
INFO: Run Behavior\ShowPageTraceBehavior [ RunTime:0.000505s ]
INFO: [ app_end ] --END-- [ RunTime:0.000541s ]

[ 2017-02-07T10:09:49+08:00 ] 127.0.0.1 /Home/Admin/index
INFO: [ app_init ] --START--
INFO: Run Behavior\BuildLiteBehavior [ RunTime:0.000013s ]
INFO: [ app_init ] --END-- [ RunTime:0.000343s ]
INFO: [ app_begin ] --START--
INFO: Run Behavior\ReadHtmlCacheBehavior [ RunTime:0.000580s ]
INFO: [ app_begin ] --END-- [ RunTime:0.000629s ]
INFO: [ view_parse ] --START--
INFO: [ template_filter ] --START--
INFO: Run Behavior\ContentReplaceBehavior [ RunTime:0.000053s ]
INFO: [ template_filter ] --END-- [ RunTime:0.000100s ]
NOTIC: [8] Undefined variable: add_form_unique D:\phpStudy\WWW\tp\Application\Runtime\Cache\Home\c506a66e5fd5c20a850e05056283aa1e.php 第 71 行.
INFO: Run Behavior\ParseTemplateBehavior [ RunTime:0.008004s ]
INFO: [ view_parse ] --END-- [ RunTime:0.008046s ]
INFO: [ view_filter ] --START--
INFO: Run Behavior\WriteHtmlCacheBehavior [ RunTime:0.000288s ]
INFO: [ view_filter ] --END-- [ RunTime:0.000320s ]
INFO: [ app_end ] --START--
INFO: Run Behavior\ShowPageTraceBehavior [ RunTime:0.000501s ]
INFO: [ app_end ] --END-- [ RunTime:0.000536s ]

[ 2017-02-07T10:29:59+08:00 ] 127.0.0.1 /
INFO: [ app_init ] --START--
INFO: Run Behavior\BuildLiteBehavior [ RunTime:0.000024s ]
INFO: [ app_init ] --END-- [ RunTime:0.000401s ]
INFO: [ app_begin ] --START--
INFO: Run Behavior\ReadHtmlCacheBehavior [ RunTime:0.000544s ]
INFO: [ app_begin ] --END-- [ RunTime:0.000585s ]

[ 2017-02-07T10:29:59+08:00 ] 127.0.0.1 /Home/Login/index
INFO: [ app_init ] --START--
INFO: Run Behavior\BuildLiteBehavior [ RunTime:0.000013s ]
INFO: [ app_init ] --END-- [ RunTime:0.000300s ]
INFO: [ app_begin ] --START--
INFO: Run Behavior\ReadHtmlCacheBehavior [ RunTime:0.000937s ]
INFO: [ app_begin ] --END-- [ RunTime:0.000992s ]
INFO: [ view_parse ] --START--
INFO: [ template_filter ] --START--
INFO: Run Behavior\ContentReplaceBehavior [ RunTime:0.000065s ]
INFO: [ template_filter ] --END-- [ RunTime:0.000138s ]
INFO: Run Behavior\ParseTemplateBehavior [ RunTime:0.007980s ]
INFO: [ view_parse ] --END-- [ RunTime:0.008050s ]
INFO: [ view_filter ] --START--
INFO: Run Behavior\WriteHtmlCacheBehavior [ RunTime:0.000392s ]
INFO: [ view_filter ] --END-- [ RunTime:0.000430s ]
INFO: [ app_end ] --START--
INFO: Run Behavior\ShowPageTraceBehavior [ RunTime:0.000525s ]
INFO: [ app_end ] --END-- [ RunTime:0.000563s ]

[ 2017-02-07T10:30:06+08:00 ] 127.0.0.1 /index.php
INFO: [ app_init ] --START--
INFO: Run Behavior\BuildLiteBehavior [ RunTime:0.000015s ]
INFO: [ app_init ] --END-- [ RunTime:0.000485s ]
INFO: [ app_begin ] --START--
INFO: Run Behavior\ReadHtmlCacheBehavior [ RunTime:0.000535s ]
INFO: [ app_begin ] --END-- [ RunTime:0.000575s ]

[ 2017-02-07T10:32:17+08:00 ] 127.0.0.1 /index.php/Home/Login/checkUser.html
INFO: [ app_init ] --START--
INFO: Run Behavior\BuildLiteBehavior [ RunTime:0.000015s ]
INFO: [ app_init ] --END-- [ RunTime:0.000375s ]
INFO: [ app_begin ] --START--
INFO: Run Behavior\ReadHtmlCacheBehavior [ RunTime:0.000881s ]
INFO: [ app_begin ] --END-- [ RunTime:0.000975s ]
SQL: SHOW COLUMNS FROM `hospital_admin` [ RunTime:0.0128s ]
NOTIC: [8] Use of undefined constant tel - assumed 'tel' D:\phpStudy\WWW\tp\Application\Home\Controller\LoginController.class.php 第 56 行.
SQL: SELECT * FROM `hospital_admin` WHERE `tel` = '13228595558' LIMIT 1   [ RunTime:0.0004s ]
NOTIC: [8] Undefined variable: errMsg D:\phpStudy\WWW\tp\Application\Home\Controller\LoginController.class.php 第 62 行.

[ 2017-02-07T10:32:17+08:00 ] 127.0.0.1 /index.php/Home/Login/sendVerify.html
INFO: [ app_init ] --START--
INFO: Run Behavior\BuildLiteBehavior [ RunTime:0.000021s ]
INFO: [ app_init ] --END-- [ RunTime:0.000487s ]
INFO: [ app_begin ] --START--
INFO: Run Behavior\ReadHtmlCacheBehavior [ RunTime:0.000815s ]
INFO: [ app_begin ] --END-- [ RunTime:0.000911s ]
SQL: SHOW COLUMNS FROM `hospital_admin` [ RunTime:0.0068s ]
SQL: SHOW COLUMNS FROM `verify_record` [ RunTime:0.0067s ]
SQL: SELECT * FROM `hospital_admin` LIMIT 1   [ RunTime:0.0002s ]
SQL: INSERT INTO `verify_record` (`name`,`hospital_id`,`login_ip`) VALUES ('张三','10','127.0.0.1') [ RunTime:0.0255s ]

[ 2017-02-07T10:32:24+08:00 ] 127.0.0.1 /index.php/Home/Login/login.html
INFO: [ app_init ] --START--
INFO: Run Behavior\BuildLiteBehavior [ RunTime:0.000026s ]
INFO: [ app_init ] --END-- [ RunTime:0.000613s ]
INFO: [ app_begin ] --START--
INFO: Run Behavior\ReadHtmlCacheBehavior [ RunTime:0.000590s ]
INFO: [ app_begin ] --END-- [ RunTime:0.000667s ]
SQL: SHOW COLUMNS FROM `hospital_admin` [ RunTime:0.0108s ]
SQL: SELECT * FROM `hospital_admin` WHERE `tel` = '13228595558' LIMIT 1   [ RunTime:0.0003s ]
INFO: [ view_parse ] --START--
INFO: [ template_filter ] --START--
INFO: Run Behavior\ContentReplaceBehavior [ RunTime:0.000037s ]
INFO: [ template_filter ] --END-- [ RunTime:0.000087s ]
INFO: Run Behavior\ParseTemplateBehavior [ RunTime:0.006632s ]
INFO: [ view_parse ] --END-- [ RunTime:0.006690s ]
INFO: [ view_filter ] --START--
INFO: Run Behavior\WriteHtmlCacheBehavior [ RunTime:0.000273s ]
INFO: [ view_filter ] --END-- [ RunTime:0.000305s ]
INFO: [ app_end ] --START--
INFO: Run Behavior\ShowPageTraceBehavior [ RunTime:0.000510s ]
INFO: [ app_end ] --END-- [ RunTime:0.000542s ]

[ 2017-02-07T10:32:25+08:00 ] 127.0.0.1 /Home/Index/index
INFO: [ app_init ] --START--
INFO: Run Behavior\BuildLiteBehavior [ RunTime:0.000023s ]
INFO: [ app_init ] --END-- [ RunTime:0.000367s ]
INFO: [ app_begin ] --START--
INFO: Run Behavior\ReadHtmlCacheBehavior [ RunTime:0.000636s ]
INFO: [ app_begin ] --END-- [ RunTime:0.000711s ]
SQL: SHOW COLUMNS FROM `hospital` [ RunTime:0.0135s ]
SQL: SHOW COLUMNS FROM `spending` [ RunTime:0.0067s ]
SQL: SHOW COLUMNS FROM `proportion` [ RunTime:0.0065s ]
SQL: SHOW COLUMNS FROM `rechange` [ RunTime:0.0061s ]
SQL: SELECT sum(money) as sum FROM `rechange` WHERE `hospital_id` = 10 LIMIT 1   [ RunTime:0.0003s ]
SQL: select p.percent,p.is_use,p.id,sum(s.cost_money) as cost_sum from proportion p join spending s on p.id=s.percentId where p.hospital_id=10 group by p.id; [ RunTime:0.0020s ]
SQL: SELECT * FROM `hospital` WHERE `id` = 10 LIMIT 1   [ RunTime:0.0002s ]
NOTIC: [8] Undefined variable: sum D:\phpStudy\WWW\tp\Application\Home\Controller\IndexController.class.php 第 24 行.
SQL: SELECT * FROM `spending` WHERE `hospital_id` = '10' AND `spending_date` BETWEEN '2017-02-01' AND '2017-02-28'  [ RunTime:0.0021s ]
NOTIC: [8] Undefined index: sum_money D:\phpStudy\WWW\tp\Application\Home\Controller\IndexController.class.php 第 40 行.
NOTIC: [8] Undefined index: sum_money D:\phpStudy\WWW\tp\Application\Home\Controller\IndexController.class.php 第 40 行.
NOTIC: [8] Undefined index: sum_money D:\phpStudy\WWW\tp\Application\Home\Controller\IndexController.class.php 第 40 行.
NOTIC: [8] Undefined index: sum_money D:\phpStudy\WWW\tp\Application\Home\Controller\IndexController.class.php 第 40 行.
NOTIC: [8] Undefined index: sum_money D:\phpStudy\WWW\tp\Application\Home\Controller\IndexController.class.php 第 40 行.
NOTIC: [8] Undefined index: sum_money D:\phpStudy\WWW\tp\Application\Home\Controller\IndexController.class.php 第 40 行.
NOTIC: [8] Undefined index: sum_money D:\phpStudy\WWW\tp\Application\Home\Controller\IndexController.class.php 第 40 行.
NOTIC: [8] Undefined index: sum_money D:\phpStudy\WWW\tp\Application\Home\Controller\IndexController.class.php 第 40 行.
NOTIC: [8] Undefined index: sum_money D:\phpStudy\WWW\tp\Application\Home\Controller\IndexController.class.php 第 40 行.
NOTIC: [8] Undefined index: sum_money D:\phpStudy\WWW\tp\Application\Home\Controller\IndexController.class.php 第 40 行.
NOTIC: [8] Undefined index: sum_money D:\phpStudy\WWW\tp\Application\Home\Controller\IndexController.class.php 第 40 行.
INFO: [ view_parse ] --START--
INFO: [ template_filter ] --START--
INFO: Run Behavior\ContentReplaceBehavior [ RunTime:0.000060s ]
INFO: [ template_filter ] --END-- [ RunTime:0.000105s ]
INFO: Run Behavior\ParseTemplateBehavior [ RunTime:0.073797s ]
INFO: [ view_parse ] --END-- [ RunTime:0.073854s ]
INFO: [ view_filter ] --START--
INFO: Run Behavior\WriteHtmlCacheBehavior [ RunTime:0.000205s ]
INFO: [ view_filter ] --END-- [ RunTime:0.000239s ]
INFO: [ app_end ] --START--
INFO: Run Behavior\ShowPageTraceBehavior [ RunTime:0.000791s ]
INFO: [ app_end ] --END-- [ RunTime:0.000886s ]

[ 2017-02-07T10:32:27+08:00 ] 127.0.0.1 /Home/Admin/index
INFO: [ app_init ] --START--
INFO: Run Behavior\BuildLiteBehavior [ RunTime:0.000024s ]
INFO: [ app_init ] --END-- [ RunTime:0.000506s ]
INFO: [ app_begin ] --START--
INFO: Run Behavior\ReadHtmlCacheBehavior [ RunTime:0.000758s ]
INFO: [ app_begin ] --END-- [ RunTime:0.000849s ]
INFO: [ view_parse ] --START--
INFO: [ template_filter ] --START--
INFO: Run Behavior\ContentReplaceBehavior [ RunTime:0.000056s ]
INFO: [ template_filter ] --END-- [ RunTime:0.000104s ]
NOTIC: [8] Undefined variable: add_form_unique D:\phpStudy\WWW\tp\Application\Runtime\Cache\Home\c506a66e5fd5c20a850e05056283aa1e.php 第 71 行.
INFO: Run Behavior\ParseTemplateBehavior [ RunTime:0.010827s ]
INFO: [ view_parse ] --END-- [ RunTime:0.010917s ]
INFO: [ view_filter ] --START--
INFO: Run Behavior\WriteHtmlCacheBehavior [ RunTime:0.000257s ]
INFO: [ view_filter ] --END-- [ RunTime:0.000307s ]
INFO: [ app_end ] --START--
INFO: Run Behavior\ShowPageTraceBehavior [ RunTime:0.000685s ]
INFO: [ app_end ] --END-- [ RunTime:0.000744s ]

[ 2017-02-07T10:32:48+08:00 ] 127.0.0.1 /Home/Admin/index
INFO: [ app_init ] --START--
INFO: Run Behavior\BuildLiteBehavior [ RunTime:0.000016s ]
INFO: [ app_init ] --END-- [ RunTime:0.000372s ]
INFO: [ app_begin ] --START--
INFO: Run Behavior\ReadHtmlCacheBehavior [ RunTime:0.000433s ]
INFO: [ app_begin ] --END-- [ RunTime:0.000474s ]
INFO: [ view_parse ] --START--
INFO: [ template_filter ] --START--
INFO: Run Behavior\ContentReplaceBehavior [ RunTime:0.000056s ]
INFO: [ template_filter ] --END-- [ RunTime:0.000107s ]
NOTIC: [8] Undefined variable: add_form_unique D:\phpStudy\WWW\tp\Application\Runtime\Cache\Home\c506a66e5fd5c20a850e05056283aa1e.php 第 71 行.
INFO: Run Behavior\ParseTemplateBehavior [ RunTime:0.008152s ]
INFO: [ view_parse ] --END-- [ RunTime:0.008198s ]
INFO: [ view_filter ] --START--
INFO: Run Behavior\WriteHtmlCacheBehavior [ RunTime:0.000225s ]
INFO: [ view_filter ] --END-- [ RunTime:0.000259s ]
INFO: [ app_end ] --START--
INFO: Run Behavior\ShowPageTraceBehavior [ RunTime:0.000433s ]
INFO: [ app_end ] --END-- [ RunTime:0.000468s ]

[ 2017-02-07T10:32:56+08:00 ] 127.0.0.1 /Home/Admin/Home/Admin/addAdmin
INFO: [ app_init ] --START--
INFO: Run Behavior\BuildLiteBehavior [ RunTime:0.000013s ]
INFO: [ app_init ] --END-- [ RunTime:0.000342s ]
INFO: [ app_begin ] --START--
INFO: Run Behavior\ReadHtmlCacheBehavior [ RunTime:0.000724s ]
INFO: [ app_begin ] --END-- [ RunTime:0.000776s ]
ERR: 非法操作:Home

[ 2017-02-07T10:33:33+08:00 ] 127.0.0.1 /Home/Admin/index
INFO: [ app_init ] --START--
INFO: Run Behavior\BuildLiteBehavior [ RunTime:0.000022s ]
INFO: [ app_init ] --END-- [ RunTime:0.000497s ]
INFO: [ app_begin ] --START--
INFO: Run Behavior\ReadHtmlCacheBehavior [ RunTime:0.000655s ]
INFO: [ app_begin ] --END-- [ RunTime:0.000740s ]
INFO: [ view_parse ] --START--
INFO: [ template_filter ] --START--
INFO: Run Behavior\ContentReplaceBehavior [ RunTime:0.000054s ]
INFO: [ template_filter ] --END-- [ RunTime:0.000103s ]
NOTIC: [8] Undefined variable: add_form_unique D:\phpStudy\WWW\tp\Application\Runtime\Cache\Home\c506a66e5fd5c20a850e05056283aa1e.php 第 71 行.
INFO: Run Behavior\ParseTemplateBehavior [ RunTime:0.010412s ]
INFO: [ view_parse ] --END-- [ RunTime:0.010459s ]
INFO: [ view_filter ] --START--
INFO: Run Behavior\WriteHtmlCacheBehavior [ RunTime:0.000305s ]
INFO: [ view_filter ] --END-- [ RunTime:0.000338s ]
INFO: [ app_end ] --START--
INFO: Run Behavior\ShowPageTraceBehavior [ RunTime:0.000511s ]
INFO: [ app_end ] --END-- [ RunTime:0.000546s ]

[ 2017-02-07T10:33:39+08:00 ] 127.0.0.1 /Home/Admin/addAdmin
INFO: [ app_init ] --START--
INFO: Run Behavior\BuildLiteBehavior [ RunTime:0.000016s ]
INFO: [ app_init ] --END-- [ RunTime:0.000364s ]
INFO: [ app_begin ] --START--
INFO: Run Behavior\ReadHtmlCacheBehavior [ RunTime:0.000650s ]
INFO: [ app_begin ] --END-- [ RunTime:0.000700s ]
INFO: [ app_end ] --START--
INFO: Run Behavior\ShowPageTraceBehavior [ RunTime:0.000885s ]
INFO: [ app_end ] --END-- [ RunTime:0.000983s ]

[ 2017-02-07T10:36:56+08:00 ] 127.0.0.1 /Home/Admin/index
INFO: [ app_init ] --START--
INFO: Run Behavior\BuildLiteBehavior [ RunTime:0.000025s ]
INFO: [ app_init ] --END-- [ RunTime:0.000681s ]
INFO: [ app_begin ] --START--
INFO: Run Behavior\ReadHtmlCacheBehavior [ RunTime:0.000826s ]
INFO: [ app_begin ] --END-- [ RunTime:0.000911s ]
INFO: [ view_parse ] --START--
INFO: [ template_filter ] --START--
INFO: Run Behavior\ContentReplaceBehavior [ RunTime:0.000088s ]
INFO: [ template_filter ] --END-- [ RunTime:0.000163s ]
NOTIC: [8] Undefined variable: add_form_unique D:\phpStudy\WWW\tp\Application\Runtime\Cache\Home\c506a66e5fd5c20a850e05056283aa1e.php 第 71 行.
INFO: Run Behavior\ParseTemplateBehavior [ RunTime:0.054947s ]
INFO: [ view_parse ] --END-- [ RunTime:0.055012s ]
INFO: [ view_filter ] --START--
INFO: Run Behavior\WriteHtmlCacheBehavior [ RunTime:0.000312s ]
INFO: [ view_filter ] --END-- [ RunTime:0.000347s ]
INFO: [ app_end ] --START--
INFO: Run Behavior\ShowPageTraceBehavior [ RunTime:0.000521s ]
INFO: [ app_end ] --END-- [ RunTime:0.000558s ]

[ 2017-02-07T10:37:01+08:00 ] 127.0.0.1 /Home/Admin/addAdmin
INFO: [ app_init ] --START--
INFO: Run Behavior\BuildLiteBehavior [ RunTime:0.000014s ]
INFO: [ app_init ] --END-- [ RunTime:0.000355s ]
INFO: [ app_begin ] --START--
INFO: Run Behavior\ReadHtmlCacheBehavior [ RunTime:0.000557s ]
INFO: [ app_begin ] --END-- [ RunTime:0.000598s ]
INFO: [ app_end ] --START--
INFO: Run Behavior\ShowPageTraceBehavior [ RunTime:0.000503s ]
INFO: [ app_end ] --END-- [ RunTime:0.000542s ]

[ 2017-02-07T12:53:34+08:00 ] 127.0.0.1 /Home/Doctor/index
INFO: [ app_init ] --START--
INFO: Run Behavior\BuildLiteBehavior [ RunTime:0.000026s ]
INFO: [ app_init ] --END-- [ RunTime:0.012363s ]
INFO: [ app_begin ] --START--
INFO: Run Behavior\ReadHtmlCacheBehavior [ RunTime:0.011938s ]
INFO: [ app_begin ] --END-- [ RunTime:0.012004s ]
INFO: [ view_parse ] --START--
INFO: [ template_filter ] --START--
INFO: Run Behavior\ContentReplaceBehavior [ RunTime:0.000092s ]
INFO: [ template_filter ] --END-- [ RunTime:0.000146s ]
INFO: Run Behavior\ParseTemplateBehavior [ RunTime:0.126505s ]
INFO: [ view_parse ] --END-- [ RunTime:0.126568s ]
INFO: [ view_filter ] --START--
INFO: Run Behavior\WriteHtmlCacheBehavior [ RunTime:0.007568s ]
INFO: [ view_filter ] --END-- [ RunTime:0.007619s ]
INFO: [ app_end ] --START--
INFO: Run Behavior\ShowPageTraceBehavior [ RunTime:0.006981s ]
INFO: [ app_end ] --END-- [ RunTime:0.007036s ]

[ 2017-02-07T12:53:35+08:00 ] 127.0.0.1 /Home/Admin/index
INFO: [ app_init ] --START--
INFO: Run Behavior\BuildLiteBehavior [ RunTime:0.000014s ]
INFO: [ app_init ] --END-- [ RunTime:0.000302s ]
INFO: [ app_begin ] --START--
INFO: Run Behavior\ReadHtmlCacheBehavior [ RunTime:0.000425s ]
INFO: [ app_begin ] --END-- [ RunTime:0.000466s ]
INFO: [ view_parse ] --START--
INFO: [ template_filter ] --START--
INFO: Run Behavior\ContentReplaceBehavior [ RunTime:0.000074s ]
INFO: [ template_filter ] --END-- [ RunTime:0.000151s ]
NOTIC: [8] Undefined variable: add_form_unique D:\phpStudy\WWW\tp\Application\Runtime\Cache\Home\c506a66e5fd5c20a850e05056283aa1e.php 第 71 行.
INFO: Run Behavior\ParseTemplateBehavior [ RunTime:0.039918s ]
INFO: [ view_parse ] --END-- [ RunTime:0.039966s ]
INFO: [ view_filter ] --START--
INFO: Run Behavior\WriteHtmlCacheBehavior [ RunTime:0.000209s ]
INFO: [ view_filter ] --END-- [ RunTime:0.000242s ]
INFO: [ app_end ] --START--
INFO: Run Behavior\ShowPageTraceBehavior [ RunTime:0.000426s ]
INFO: [ app_end ] --END-- [ RunTime:0.000461s ]

[ 2017-02-07T13:00:30+08:00 ] 127.0.0.1 /Home/Admin/addAdmin
INFO: [ app_init ] --START--
INFO: Run Behavior\BuildLiteBehavior [ RunTime:0.000014s ]
INFO: [ app_init ] --END-- [ RunTime:0.000343s ]
INFO: [ app_begin ] --START--
INFO: Run Behavior\ReadHtmlCacheBehavior [ RunTime:0.000833s ]
INFO: [ app_begin ] --END-- [ RunTime:0.000906s ]

[ 2017-02-07T13:00:43+08:00 ] 127.0.0.1 /Home/Admin/index
INFO: [ app_init ] --START--
INFO: Run Behavior\BuildLiteBehavior [ RunTime:0.000028s ]
INFO: [ app_init ] --END-- [ RunTime:0.000507s ]
INFO: [ app_begin ] --START--
INFO: Run Behavior\ReadHtmlCacheBehavior [ RunTime:0.000829s ]
INFO: [ app_begin ] --END-- [ RunTime:0.001100s ]
INFO: [ view_parse ] --START--
INFO: [ template_filter ] --START--
INFO: Run Behavior\ContentReplaceBehavior [ RunTime:0.000056s ]
INFO: [ template_filter ] --END-- [ RunTime:0.000107s ]
NOTIC: [8] Undefined variable: add_form_unique D:\phpStudy\WWW\tp\Application\Runtime\Cache\Home\c506a66e5fd5c20a850e05056283aa1e.php 第 71 行.
INFO: Run Behavior\ParseTemplateBehavior [ RunTime:0.009228s ]
INFO: [ view_parse ] --END-- [ RunTime:0.009278s ]
INFO: [ view_filter ] --START--
INFO: Run Behavior\WriteHtmlCacheBehavior [ RunTime:0.000392s ]
INFO: [ view_filter ] --END-- [ RunTime:0.000438s ]
INFO: [ app_end ] --START--
INFO: Run Behavior\ShowPageTraceBehavior [ RunTime:0.001470s ]
INFO: [ app_end ] --END-- [ RunTime:0.001537s ]

[ 2017-02-07T13:01:04+08:00 ] 127.0.0.1 /Home/Admin/addAdmin
INFO: [ app_init ] --START--
INFO: Run Behavior\BuildLiteBehavior [ RunTime:0.000014s ]
INFO: [ app_init ] --END-- [ RunTime:0.000400s ]
INFO: [ app_begin ] --START--
INFO: Run Behavior\ReadHtmlCacheBehavior [ RunTime:0.000540s ]
INFO: [ app_begin ] --END-- [ RunTime:0.000578s ]
INFO: [ app_end ] --START--
INFO: Run Behavior\ShowPageTraceBehavior [ RunTime:0.000494s ]
INFO: [ app_end ] --END-- [ RunTime:0.000532s ]

[ 2017-02-07T13:01:21+08:00 ] 127.0.0.1 /Home/Admin/index
INFO: [ app_init ] --START--
INFO: Run Behavior\BuildLiteBehavior [ RunTime:0.000014s ]
INFO: [ app_init ] --END-- [ RunTime:0.000319s ]
INFO: [ app_begin ] --START--
INFO: Run Behavior\ReadHtmlCacheBehavior [ RunTime:0.000575s ]
INFO: [ app_begin ] --END-- [ RunTime:0.000654s ]
INFO: [ view_parse ] --START--
INFO: [ template_filter ] --START--
INFO: Run Behavior\ContentReplaceBehavior [ RunTime:0.000055s ]
INFO: [ template_filter ] --END-- [ RunTime:0.000106s ]
NOTIC: [8] Undefined variable: add_form_unique D:\phpStudy\WWW\tp\Application\Runtime\Cache\Home\c506a66e5fd5c20a850e05056283aa1e.php 第 71 行.
INFO: Run Behavior\ParseTemplateBehavior [ RunTime:0.009520s ]
INFO: [ view_parse ] --END-- [ RunTime:0.009564s ]
INFO: [ view_filter ] --START--
INFO: Run Behavior\WriteHtmlCacheBehavior [ RunTime:0.000208s ]
INFO: [ view_filter ] --END-- [ RunTime:0.000240s ]
INFO: [ app_end ] --START--
INFO: Run Behavior\ShowPageTraceBehavior [ RunTime:0.000433s ]
INFO: [ app_end ] --END-- [ RunTime:0.000467s ]

[ 2017-02-07T13:01:31+08:00 ] 127.0.0.1 /Home/Admin/addAdmin
INFO: [ app_init ] --START--
INFO: Run Behavior\BuildLiteBehavior [ RunTime:0.000022s ]
INFO: [ app_init ] --END-- [ RunTime:0.000984s ]
INFO: [ app_begin ] --START--
INFO: Run Behavior\ReadHtmlCacheBehavior [ RunTime:0.000777s ]
INFO: [ app_begin ] --END-- [ RunTime:0.000840s ]
INFO: [ app_end ] --START--
INFO: Run Behavior\ShowPageTraceBehavior [ RunTime:0.000870s ]
INFO: [ app_end ] --END-- [ RunTime:0.000947s ]

[ 2017-02-07T13:02:02+08:00 ] 127.0.0.1 /Home/Admin/addAdmin
INFO: [ app_init ] --START--
INFO: Run Behavior\BuildLiteBehavior [ RunTime:0.000013s ]
INFO: [ app_init ] --END-- [ RunTime:0.000297s ]
INFO: [ app_begin ] --START--
INFO: Run Behavior\ReadHtmlCacheBehavior [ RunTime:0.000418s ]
INFO: [ app_begin ] --END-- [ RunTime:0.000453s ]

[ 2017-02-07T13:03:59+08:00 ] 127.0.0.1 /Home/Admin/index
INFO: [ app_init ] --START--
INFO: Run Behavior\BuildLiteBehavior [ RunTime:0.000024s ]
INFO: [ app_init ] --END-- [ RunTime:0.000642s ]
INFO: [ app_begin ] --START--
INFO: Run Behavior\ReadHtmlCacheBehavior [ RunTime:0.000955s ]
INFO: [ app_begin ] --END-- [ RunTime:0.001358s ]
INFO: [ view_parse ] --START--
INFO: [ template_filter ] --START--
INFO: Run Behavior\ContentReplaceBehavior [ RunTime:0.000055s ]
INFO: [ template_filter ] --END-- [ RunTime:0.000104s ]
INFO: Run Behavior\ParseTemplateBehavior [ RunTime:0.008458s ]
INFO: [ view_parse ] --END-- [ RunTime:0.008514s ]
INFO: [ view_filter ] --START--
INFO: Run Behavior\WriteHtmlCacheBehavior [ RunTime:0.000368s ]
INFO: [ view_filter ] --END-- [ RunTime:0.000414s ]
INFO: [ app_end ] --START--
INFO: Run Behavior\ShowPageTraceBehavior [ RunTime:0.000686s ]
INFO: [ app_end ] --END-- [ RunTime:0.000734s ]

[ 2017-02-07T13:04:08+08:00 ] 127.0.0.1 /Home/Admin/addAdmin
INFO: [ app_init ] --START--
INFO: Run Behavior\BuildLiteBehavior [ RunTime:0.000020s ]
INFO: [ app_init ] --END-- [ RunTime:0.000506s ]
INFO: [ app_begin ] --START--
INFO: Run Behavior\ReadHtmlCacheBehavior [ RunTime:0.000854s ]
INFO: [ app_begin ] --END-- [ RunTime:0.000938s ]
INFO: [ app_end ] --START--
INFO: Run Behavior\ShowPageTraceBehavior [ RunTime:0.000885s ]
INFO: [ app_end ] --END-- [ RunTime:0.001024s ]

[ 2017-02-07T13:06:56+08:00 ] 127.0.0.1 /Home/Admin/addAdmin
INFO: [ app_init ] --START--
INFO: Run Behavior\BuildLiteBehavior [ RunTime:0.000022s ]
INFO: [ app_init ] --END-- [ RunTime:0.000606s ]
INFO: [ app_begin ] --START--
INFO: Run Behavior\ReadHtmlCacheBehavior [ RunTime:0.000743s ]
INFO: [ app_begin ] --END-- [ RunTime:0.000804s ]
SQL: SHOW COLUMNS FROM `hospital_admin` [ RunTime:0.0134s ]
SQL: SELECT * FROM `hospital_admin`  [ RunTime:0.0004s ]
INFO: [ app_end ] --START--
INFO: Run Behavior\ShowPageTraceBehavior [ RunTime:0.000645s ]
INFO: [ app_end ] --END-- [ RunTime:0.000681s ]

[ 2017-02-07T13:22:03+08:00 ] 127.0.0.1 /Home/Admin/addAdmin
INFO: [ app_init ] --START--
INFO: Run Behavior\BuildLiteBehavior [ RunTime:0.000025s ]
INFO: [ app_init ] --END-- [ RunTime:0.000473s ]
INFO: [ app_begin ] --START--
INFO: Run Behavior\ReadHtmlCacheBehavior [ RunTime:0.000950s ]
INFO: [ app_begin ] --END-- [ RunTime:0.001049s ]
SQL: SHOW COLUMNS FROM `hospital_admin` [ RunTime:0.0143s ]
ERR: 1452:Cannot add or update a child row: a foreign key constraint fails (`cost`.`hospital_admin`, CONSTRAINT `hospital_admin_ibfk_1` FOREIGN KEY (`hospital_id`) REFERENCES `hospital` (`id`) ON DELETE NO ACTION ON UPDATE CASCADE)
 [ SQL语句 ] : INSERT INTO `hospital_admin` (`tel`,`name`,`hospital_id`) VALUES (':tel',':name','0')
ERR: 1452:Cannot add or update a child row: a foreign key constraint fails (`cost`.`hospital_admin`, CONSTRAINT `hospital_admin_ibfk_1` FOREIGN KEY (`hospital_id`) REFERENCES `hospital` (`id`) ON DELETE NO ACTION ON UPDATE CASCADE)
 [ SQL语句 ] : INSERT INTO `hospital_admin` (`tel`,`name`,`hospital_id`) VALUES (':tel',':name','0')

[ 2017-02-07T13:22:53+08:00 ] 127.0.0.1 /Home/Admin/addAdmin
INFO: [ app_init ] --START--
INFO: Run Behavior\BuildLiteBehavior [ RunTime:0.000077s ]
INFO: [ app_init ] --END-- [ RunTime:0.000762s ]
INFO: [ app_begin ] --START--
INFO: Run Behavior\ReadHtmlCacheBehavior [ RunTime:0.000499s ]
INFO: [ app_begin ] --END-- [ RunTime:0.000545s ]
SQL: SHOW COLUMNS FROM `hospital_admin` [ RunTime:0.0119s ]
NOTIC: [2] addslashes() expects parameter 1 to be string, array given D:\phpStudy\WWW\tp\ThinkPHP\Library\Think\Db\Driver.class.php 第 1031 行.
NOTIC: [2] addslashes() expects parameter 1 to be string, array given D:\phpStudy\WWW\tp\ThinkPHP\Library\Think\Db\Driver.class.php 第 1031 行.
NOTIC: [2] addslashes() expects parameter 1 to be string, array given D:\phpStudy\WWW\tp\ThinkPHP\Library\Think\Db\Driver.class.php 第 1031 行.
ERR: :
 [ SQL语句 ] : INSERT INTO `hospital_admin` (`tel`,`name`,`hospital_id`) VALUES ('','','0')
ERR: :
 [ SQL语句 ] : INSERT INTO `hospital_admin` (`tel`,`name`,`hospital_id`) VALUES ('','','0')

[ 2017-02-07T13:24:43+08:00 ] 127.0.0.1 /Home/Admin/addAdmin
INFO: [ app_init ] --START--
INFO: Run Behavior\BuildLiteBehavior [ RunTime:0.000045s ]
INFO: [ app_init ] --END-- [ RunTime:0.000368s ]
INFO: [ app_begin ] --START--
INFO: Run Behavior\ReadHtmlCacheBehavior [ RunTime:0.000529s ]
INFO: [ app_begin ] --END-- [ RunTime:0.000566s ]
SQL: SHOW COLUMNS FROM `hospital_admin` [ RunTime:0.0138s ]

[ 2017-02-07T13:26:33+08:00 ] 127.0.0.1 /Home/Admin/addAdmin
INFO: [ app_init ] --START--
INFO: Run Behavior\BuildLiteBehavior [ RunTime:0.000013s ]
INFO: [ app_init ] --END-- [ RunTime:0.000292s ]
INFO: [ app_begin ] --START--
INFO: Run Behavior\ReadHtmlCacheBehavior [ RunTime:0.000417s ]
INFO: [ app_begin ] --END-- [ RunTime:0.000459s ]
SQL: SHOW COLUMNS FROM `hospital_admin` [ RunTime:0.0113s ]
SQL: INSERT INTO `hospital_admin` (`tel`,`name`,`hospital_id`) VALUES ('43645645645','创造性安全而我却','10') [ RunTime:0.0241s ]

[ 2017-02-07T13:28:46+08:00 ] 127.0.0.1 /Home/Admin/index
INFO: [ app_init ] --START--
INFO: Run Behavior\BuildLiteBehavior [ RunTime:0.000016s ]
INFO: [ app_init ] --END-- [ RunTime:0.000569s ]
INFO: [ app_begin ] --START--
INFO: Run Behavior\ReadHtmlCacheBehavior [ RunTime:0.001017s ]
INFO: [ app_begin ] --END-- [ RunTime:0.001119s ]
INFO: [ view_parse ] --START--
INFO: [ template_filter ] --START--
INFO: Run Behavior\ContentReplaceBehavior [ RunTime:0.000074s ]
INFO: [ template_filter ] --END-- [ RunTime:0.000122s ]
INFO: Run Behavior\ParseTemplateBehavior [ RunTime:0.009223s ]
INFO: [ view_parse ] --END-- [ RunTime:0.009442s ]
INFO: [ view_filter ] --START--
INFO: Run Behavior\WriteHtmlCacheBehavior [ RunTime:0.000486s ]
INFO: [ view_filter ] --END-- [ RunTime:0.000536s ]
INFO: [ app_end ] --START--
INFO: Run Behavior\ShowPageTraceBehavior [ RunTime:0.000541s ]
INFO: [ app_end ] --END-- [ RunTime:0.000579s ]

[ 2017-02-07T13:28:52+08:00 ] 127.0.0.1 /Home/Admin/addAdmin
INFO: [ app_init ] --START--
INFO: Run Behavior\BuildLiteBehavior [ RunTime:0.000012s ]
INFO: [ app_init ] --END-- [ RunTime:0.000293s ]
INFO: [ app_begin ] --START--
INFO: Run Behavior\ReadHtmlCacheBehavior [ RunTime:0.000423s ]
INFO: [ app_begin ] --END-- [ RunTime:0.000461s ]
SQL: SHOW COLUMNS FROM `hospital_admin` [ RunTime:0.0153s ]
ERR: 1062:Duplicate entry '张三' for key 'name'
 [ SQL语句 ] : INSERT INTO `hospital_admin` (`tel`,`name`,`hospital_id`) VALUES ('13564564566','张三','10')
ERR: 1062:Duplicate entry '张三' for key 'name'
 [ SQL语句 ] : INSERT INTO `hospital_admin` (`tel`,`name`,`hospital_id`) VALUES ('13564564566','张三','10')

[ 2017-02-07T13:30:58+08:00 ] 127.0.0.1 /Home/Admin/addAdmin
INFO: [ app_init ] --START--
INFO: Run Behavior\BuildLiteBehavior [ RunTime:0.000015s ]
INFO: [ app_init ] --END-- [ RunTime:0.000413s ]
INFO: [ app_begin ] --START--
INFO: Run Behavior\ReadHtmlCacheBehavior [ RunTime:0.000574s ]
INFO: [ app_begin ] --END-- [ RunTime:0.000617s ]
SQL: SHOW COLUMNS FROM `hospital_admin` [ RunTime:0.0151s ]
ERR: 1062:Duplicate entry '张三' for key 'name'
 [ SQL语句 ] : INSERT INTO `hospital_admin` (`tel`,`name`,`hospital_id`) VALUES ('13564564566','张三','10')
ERR: 1062:Duplicate entry '张三' for key 'name'
 [ SQL语句 ] : INSERT INTO `hospital_admin` (`tel`,`name`,`hospital_id`) VALUES ('13564564566','张三','10')

[ 2017-02-07T13:31:29+08:00 ] 127.0.0.1 /Home/Admin/addAdmin
INFO: [ app_init ] --START--
INFO: Run Behavior\BuildLiteBehavior [ RunTime:0.000015s ]
INFO: [ app_init ] --END-- [ RunTime:0.000345s ]
INFO: [ app_begin ] --START--
INFO: Run Behavior\ReadHtmlCacheBehavior [ RunTime:0.000459s ]
INFO: [ app_begin ] --END-- [ RunTime:0.000499s ]
SQL: SHOW COLUMNS FROM `hospital_admin` [ RunTime:0.0151s ]
SQL: INSERT INTO `hospital_admin` (`tel`,`name`,`hospital_id`) VALUES ('13564564566','李四','10') [ RunTime:0.0231s ]

[ 2017-02-07T13:31:32+08:00 ] 127.0.0.1 /Home/Admin/index
INFO: [ app_init ] --START--
INFO: Run Behavior\BuildLiteBehavior [ RunTime:0.000016s ]
INFO: [ app_init ] --END-- [ RunTime:0.000447s ]
INFO: [ app_begin ] --START--
INFO: Run Behavior\ReadHtmlCacheBehavior [ RunTime:0.000647s ]
INFO: [ app_begin ] --END-- [ RunTime:0.000717s ]
INFO: [ view_parse ] --START--
INFO: [ template_filter ] --START--
INFO: Run Behavior\ContentReplaceBehavior [ RunTime:0.000056s ]
INFO: [ template_filter ] --END-- [ RunTime:0.000103s ]
INFO: Run Behavior\ParseTemplateBehavior [ RunTime:0.008323s ]
INFO: [ view_parse ] --END-- [ RunTime:0.008393s ]
INFO: [ view_filter ] --START--
INFO: Run Behavior\WriteHtmlCacheBehavior [ RunTime:0.000407s ]
INFO: [ view_filter ] --END-- [ RunTime:0.000459s ]
INFO: [ app_end ] --START--
INFO: Run Behavior\ShowPageTraceBehavior [ RunTime:0.000551s ]
INFO: [ app_end ] --END-- [ RunTime:0.000596s ]

[ 2017-02-07T13:31:34+08:00 ] 127.0.0.1 /Home/Doctor/index
INFO: [ app_init ] --START--
INFO: Run Behavior\BuildLiteBehavior [ RunTime:0.000025s ]
INFO: [ app_init ] --END-- [ RunTime:0.000646s ]
INFO: [ app_begin ] --START--
INFO: Run Behavior\ReadHtmlCacheBehavior [ RunTime:0.000866s ]
INFO: [ app_begin ] --END-- [ RunTime:0.000948s ]
INFO: [ view_parse ] --START--
INFO: [ template_filter ] --START--
INFO: Run Behavior\ContentReplaceBehavior [ RunTime:0.000059s ]
INFO: [ template_filter ] --END-- [ RunTime:0.000110s ]
INFO: Run Behavior\ParseTemplateBehavior [ RunTime:0.010900s ]
INFO: [ view_parse ] --END-- [ RunTime:0.010954s ]
INFO: [ view_filter ] --START--
INFO: Run Behavior\WriteHtmlCacheBehavior [ RunTime:0.000300s ]
INFO: [ view_filter ] --END-- [ RunTime:0.000333s ]
INFO: [ app_end ] --START--
INFO: Run Behavior\ShowPageTraceBehavior [ RunTime:0.000529s ]
INFO: [ app_end ] --END-- [ RunTime:0.000576s ]

[ 2017-02-07T13:31:36+08:00 ] 127.0.0.1 /Home/Spending/totalDay
INFO: [ app_init ] --START--
INFO: Run Behavior\BuildLiteBehavior [ RunTime:0.000023s ]
INFO: [ app_init ] --END-- [ RunTime:0.000522s ]
INFO: [ app_begin ] --START--
INFO: Run Behavior\ReadHtmlCacheBehavior [ RunTime:0.000821s ]
INFO: [ app_begin ] --END-- [ RunTime:0.000912s ]
INFO: [ view_parse ] --START--
INFO: [ template_filter ] --START--
INFO: Run Behavior\ContentReplaceBehavior [ RunTime:0.000049s ]
INFO: [ template_filter ] --END-- [ RunTime:0.000100s ]
INFO: Run Behavior\ParseTemplateBehavior [ RunTime:0.049777s ]
INFO: [ view_parse ] --END-- [ RunTime:0.049848s ]
INFO: [ view_filter ] --START--
INFO: Run Behavior\WriteHtmlCacheBehavior [ RunTime:0.000221s ]
INFO: [ view_filter ] --END-- [ RunTime:0.000254s ]
INFO: [ app_end ] --START--
INFO: Run Behavior\ShowPageTraceBehavior [ RunTime:0.000467s ]
INFO: [ app_end ] --END-- [ RunTime:0.000506s ]

[ 2017-02-07T13:31:37+08:00 ] 127.0.0.1 /index.php/Home/Spending/totalDayImg.html
INFO: [ app_init ] --START--
INFO: Run Behavior\BuildLiteBehavior [ RunTime:0.000026s ]
INFO: [ app_init ] --END-- [ RunTime:0.000470s ]
INFO: [ app_begin ] --START--
INFO: Run Behavior\ReadHtmlCacheBehavior [ RunTime:0.000691s ]
INFO: [ app_begin ] --END-- [ RunTime:0.000768s ]
SQL: SHOW COLUMNS FROM `spending` [ RunTime:0.0238s ]
SQL: SELECT sum(cost_money) as money,DATE_FORMAT(spending_date,"%m%d") FROM `spending` WHERE `hospital_id` = 10 AND `spending_date` BETWEEN '2017-02-01' AND '2017-02-28' GROUP BY spending_date  [ RunTime:0.0354s ]
NOTIC: [8] Undefined index: spending_date D:\phpStudy\WWW\tp\Application\Home\Controller\SpendingController.class.php 第 246 行.
NOTIC: [8] Undefined index: spending_date D:\phpStudy\WWW\tp\Application\Home\Controller\SpendingController.class.php 第 246 行.
NOTIC: [8] Undefined index: spending_date D:\phpStudy\WWW\tp\Application\Home\Controller\SpendingController.class.php 第 246 行.
NOTIC: [8] Undefined index: spending_date D:\phpStudy\WWW\tp\Application\Home\Controller\SpendingController.class.php 第 246 行.
NOTIC: [8] Undefined index: spending_date D:\phpStudy\WWW\tp\Application\Home\Controller\SpendingController.class.php 第 246 行.
NOTIC: [8] Undefined index: spending_date D:\phpStudy\WWW\tp\Application\Home\Controller\SpendingController.class.php 第 246 行.
NOTIC: [8] Undefined index: spending_date D:\phpStudy\WWW\tp\Application\Home\Controller\SpendingController.class.php 第 246 行.
NOTIC: [8] Undefined index: spending_date D:\phpStudy\WWW\tp\Application\Home\Controller\SpendingController.class.php 第 246 行.
NOTIC: [8] Undefined index: spending_date D:\phpStudy\WWW\tp\Application\Home\Controller\SpendingController.class.php 第 246 行.
NOTIC: [8] Undefined index: spending_date D:\phpStudy\WWW\tp\Application\Home\Controller\SpendingController.class.php 第 246 行.
NOTIC: [8] Undefined index: spending_date D:\phpStudy\WWW\tp\Application\Home\Controller\SpendingController.class.php 第 246 行.
NOTIC: [8] Undefined index: spending_date D:\phpStudy\WWW\tp\Application\Home\Controller\SpendingController.class.php 第 246 行.
NOTIC: [8] Undefined index: spending_date D:\phpStudy\WWW\tp\Application\Home\Controller\SpendingController.class.php 第 246 行.
NOTIC: [8] Undefined index: spending_date D:\phpStudy\WWW\tp\Application\Home\Controller\SpendingController.class.php 第 246 行.
NOTIC: [8] Undefined index: spending_date D:\phpStudy\WWW\tp\Application\Home\Controller\SpendingController.class.php 第 246 行.
NOTIC: [8] Undefined index: spending_date D:\phpStudy\WWW\tp\Application\Home\Controller\SpendingController.class.php 第 246 行.
NOTIC: [8] Undefined index: spending_date D:\phpStudy\WWW\tp\Application\Home\Controller\SpendingController.class.php 第 246 行.
NOTIC: [8] Undefined index: spending_date D:\phpStudy\WWW\tp\Application\Home\Controller\SpendingController.class.php 第 246 行.
NOTIC: [8] Undefined index: spending_date D:\phpStudy\WWW\tp\Application\Home\Controller\SpendingController.class.php 第 246 行.
NOTIC: [8] Undefined index: spending_date D:\phpStudy\WWW\tp\Application\Home\Controller\SpendingController.class.php 第 246 行.
NOTIC: [8] Undefined index: spending_date D:\phpStudy\WWW\tp\Application\Home\Controller\SpendingController.class.php 第 246 行.
NOTIC: [8] Undefined index: spending_date D:\phpStudy\WWW\tp\Application\Home\Controller\SpendingController.class.php 第 246 行.
NOTIC: [8] Undefined index: spending_date D:\phpStudy\WWW\tp\Application\Home\Controller\SpendingController.class.php 第 246 行.
NOTIC: [8] Undefined index: spending_date D:\phpStudy\WWW\tp\Application\Home\Controller\SpendingController.class.php 第 246 行.
NOTIC: [8] Undefined index: spending_date D:\phpStudy\WWW\tp\Application\Home\Controller\SpendingController.class.php 第 246 行.
NOTIC: [8] Undefined index: spending_date D:\phpStudy\WWW\tp\Application\Home\Controller\SpendingController.class.php 第 246 行.
NOTIC: [8] Undefined index: spending_date D:\phpStudy\WWW\tp\Application\Home\Controller\SpendingController.class.php 第 246 行.
NOTIC: [8] Undefined index: spending_date D:\phpStudy\WWW\tp\Application\Home\Controller\SpendingController.class.php 第 246 行.
INFO: [ app_end ] --START--
INFO: Run Behavior\ShowPageTraceBehavior [ RunTime:0.003186s ]
INFO: [ app_end ] --END-- [ RunTime:0.003310s ]

[ 2017-02-07T13:33:09+08:00 ] 127.0.0.1 /Home/Spending/addNext
INFO: [ app_init ] --START--
INFO: Run Behavior\BuildLiteBehavior [ RunTime:0.000015s ]
INFO: [ app_init ] --END-- [ RunTime:0.000468s ]
INFO: [ app_begin ] --START--
INFO: Run Behavior\ReadHtmlCacheBehavior [ RunTime:0.000935s ]
INFO: [ app_begin ] --END-- [ RunTime:0.000993s ]
SQL: SHOW COLUMNS FROM `patient` [ RunTime:0.0315s ]
SQL: SHOW COLUMNS FROM `spending` [ RunTime:0.0091s ]
SQL: SHOW COLUMNS FROM `proportion` [ RunTime:0.0102s ]
SQL: SELECT `id` FROM `proportion` WHERE `hospital_id` = 10 AND `is_use` = 1 LIMIT 1   [ RunTime:0.0006s ]
SQL: SELECT * FROM `spending` WHERE `hospital_id` = 10 AND `spending_date` BETWEEN '2017-03-01' AND '2017-03-31'  [ RunTime:0.0026s ]
INFO: [ view_parse ] --START--
INFO: [ template_filter ] --START--
INFO: Run Behavior\ContentReplaceBehavior [ RunTime:0.000038s ]
INFO: [ template_filter ] --END-- [ RunTime:0.000090s ]
INFO: Run Behavior\ParseTemplateBehavior [ RunTime:0.036358s ]
INFO: [ view_parse ] --END-- [ RunTime:0.036418s ]
INFO: [ view_filter ] --START--
INFO: Run Behavior\WriteHtmlCacheBehavior [ RunTime:0.000678s ]
INFO: [ view_filter ] --END-- [ RunTime:0.000712s ]

[ 2017-02-07T13:33:13+08:00 ] 127.0.0.1 /Home/Doctor/index
INFO: [ app_init ] --START--
INFO: Run Behavior\BuildLiteBehavior [ RunTime:0.000017s ]
INFO: [ app_init ] --END-- [ RunTime:0.000523s ]
INFO: [ app_begin ] --START--
INFO: Run Behavior\ReadHtmlCacheBehavior [ RunTime:0.000873s ]
INFO: [ app_begin ] --END-- [ RunTime:0.000927s ]
INFO: [ view_parse ] --START--
INFO: [ template_filter ] --START--
INFO: Run Behavior\ContentReplaceBehavior [ RunTime:0.000061s ]
INFO: [ template_filter ] --END-- [ RunTime:0.000120s ]
INFO: Run Behavior\ParseTemplateBehavior [ RunTime:0.010802s ]
INFO: [ view_parse ] --END-- [ RunTime:0.010855s ]
INFO: [ view_filter ] --START--
INFO: Run Behavior\WriteHtmlCacheBehavior [ RunTime:0.000607s ]
INFO: [ view_filter ] --END-- [ RunTime:0.000642s ]
INFO: [ app_end ] --START--
INFO: Run Behavior\ShowPageTraceBehavior [ RunTime:0.000860s ]
INFO: [ app_end ] --END-- [ RunTime:0.000899s ]

[ 2017-02-07T13:33:14+08:00 ] 127.0.0.1 /Home/Admin/index
INFO: [ app_init ] --START--
INFO: Run Behavior\BuildLiteBehavior [ RunTime:0.000015s ]
INFO: [ app_init ] --END-- [ RunTime:0.000438s ]
INFO: [ app_begin ] --START--
INFO: Run Behavior\ReadHtmlCacheBehavior [ RunTime:0.000861s ]
INFO: [ app_begin ] --END-- [ RunTime:0.000908s ]
INFO: [ view_parse ] --START--
INFO: [ template_filter ] --START--
INFO: Run Behavior\ContentReplaceBehavior [ RunTime:0.000054s ]
INFO: [ template_filter ] --END-- [ RunTime:0.000105s ]
INFO: Run Behavior\ParseTemplateBehavior [ RunTime:0.011129s ]
INFO: [ view_parse ] --END-- [ RunTime:0.011199s ]
INFO: [ view_filter ] --START--
INFO: Run Behavior\WriteHtmlCacheBehavior [ RunTime:0.000615s ]
INFO: [ view_filter ] --END-- [ RunTime:0.000651s ]
INFO: [ app_end ] --START--
INFO: Run Behavior\ShowPageTraceBehavior [ RunTime:0.000843s ]
INFO: [ app_end ] --END-- [ RunTime:0.000881s ]

[ 2017-02-07T13:40:40+08:00 ] 127.0.0.1 /Home/Admin/index
INFO: [ app_init ] --START--
INFO: Run Behavior\BuildLiteBehavior [ RunTime:0.000022s ]
INFO: [ app_init ] --END-- [ RunTime:0.000496s ]
INFO: [ app_begin ] --START--
INFO: Run Behavior\ReadHtmlCacheBehavior [ RunTime:0.000597s ]
INFO: [ app_begin ] --END-- [ RunTime:0.000659s ]
INFO: [ view_parse ] --START--
INFO: [ template_filter ] --START--
INFO: Run Behavior\ContentReplaceBehavior [ RunTime:0.000088s ]
INFO: [ template_filter ] --END-- [ RunTime:0.000174s ]
INFO: Run Behavior\ParseTemplateBehavior [ RunTime:0.043406s ]
INFO: [ view_parse ] --END-- [ RunTime:0.043476s ]
INFO: [ view_filter ] --START--
INFO: Run Behavior\WriteHtmlCacheBehavior [ RunTime:0.000317s ]
INFO: [ view_filter ] --END-- [ RunTime:0.000353s ]
INFO: [ app_end ] --START--
INFO: Run Behavior\ShowPageTraceBehavior [ RunTime:0.000975s ]
INFO: [ app_end ] --END-- [ RunTime:0.001023s ]

[ 2017-02-07T13:40:46+08:00 ] 127.0.0.1 /Home/Admin/addAdmin
INFO: [ app_init ] --START--
INFO: Run Behavior\BuildLiteBehavior [ RunTime:0.000015s ]
INFO: [ app_init ] --END-- [ RunTime:0.000396s ]
INFO: [ app_begin ] --START--
INFO: Run Behavior\ReadHtmlCacheBehavior [ RunTime:0.000788s ]
INFO: [ app_begin ] --END-- [ RunTime:0.000855s ]
SQL: SHOW COLUMNS FROM `hospital_admin` [ RunTime:0.0136s ]
SQL: INSERT INTO `hospital_admin` (`tel`,`name`,`permission`,`hospital_id`) VALUES ('13564878978','萨达是','2','10') [ RunTime:0.0336s ]

[ 2017-02-07T13:41:51+08:00 ] 127.0.0.1 /Home/Patient/index
INFO: [ app_init ] --START--
INFO: Run Behavior\BuildLiteBehavior [ RunTime:0.000016s ]
INFO: [ app_init ] --END-- [ RunTime:0.000359s ]
INFO: [ app_begin ] --START--
INFO: Run Behavior\ReadHtmlCacheBehavior [ RunTime:0.000928s ]
INFO: [ app_begin ] --END-- [ RunTime:0.001069s ]
SQL: SHOW COLUMNS FROM `doctor` [ RunTime:0.0402s ]
SQL: SHOW COLUMNS FROM `illness` [ RunTime:0.0546s ]
SQL: SELECT * FROM `doctor` WHERE `hospital_id` = 10  [ RunTime:0.0003s ]
SQL: SELECT * FROM `illness` WHERE `hospital_id` = 10  [ RunTime:0.0132s ]
INFO: [ view_parse ] --START--
INFO: [ template_filter ] --START--
INFO: Run Behavior\ContentReplaceBehavior [ RunTime:0.000065s ]
INFO: [ template_filter ] --END-- [ RunTime:0.000118s ]
INFO: Run Behavior\ParseTemplateBehavior [ RunTime:0.083230s ]
INFO: [ view_parse ] --END-- [ RunTime:0.083300s ]
INFO: [ view_filter ] --START--
INFO: Run Behavior\WriteHtmlCacheBehavior [ RunTime:0.000380s ]
INFO: [ view_filter ] --END-- [ RunTime:0.000424s ]
INFO: [ app_end ] --START--
INFO: Run Behavior\ShowPageTraceBehavior [ RunTime:0.000592s ]
INFO: [ app_end ] --END-- [ RunTime:0.000626s ]

[ 2017-02-07T14:53:04+08:00 ] 127.0.0.1 /
INFO: [ app_init ] --START--
INFO: Run Behavior\BuildLiteBehavior [ RunTime:0.000020s ]
INFO: [ app_init ] --END-- [ RunTime:0.025455s ]
INFO: [ app_begin ] --START--
INFO: Run Behavior\ReadHtmlCacheBehavior [ RunTime:0.012382s ]
INFO: [ app_begin ] --END-- [ RunTime:0.012455s ]

[ 2017-02-07T14:53:04+08:00 ] 127.0.0.1 /Home/Login/index
INFO: [ app_init ] --START--
INFO: Run Behavior\BuildLiteBehavior [ RunTime:0.000014s ]
INFO: [ app_init ] --END-- [ RunTime:0.000375s ]
INFO: [ app_begin ] --START--
INFO: Run Behavior\ReadHtmlCacheBehavior [ RunTime:0.000558s ]
INFO: [ app_begin ] --END-- [ RunTime:0.000612s ]
INFO: [ view_parse ] --START--
INFO: [ template_filter ] --START--
INFO: Run Behavior\ContentReplaceBehavior [ RunTime:0.000069s ]
INFO: [ template_filter ] --END-- [ RunTime:0.000194s ]
INFO: Run Behavior\ParseTemplateBehavior [ RunTime:0.115616s ]
INFO: [ view_parse ] --END-- [ RunTime:0.115686s ]
INFO: [ view_filter ] --START--
INFO: Run Behavior\WriteHtmlCacheBehavior [ RunTime:0.013833s ]
INFO: [ view_filter ] --END-- [ RunTime:0.013905s ]
INFO: [ app_end ] --START--
INFO: Run Behavior\ShowPageTraceBehavior [ RunTime:0.022082s ]
INFO: [ app_end ] --END-- [ RunTime:0.022168s ]

[ 2017-02-07T15:24:46+08:00 ] 118.114.226.50 /
INFO: [ app_init ] --START--
INFO: Run Behavior\BuildLiteBehavior [ RunTime:0.000000s ]
INFO: [ app_init ] --END-- [ RunTime:0.015625s ]
INFO: [ app_begin ] --START--
INFO: Run Behavior\ReadHtmlCacheBehavior [ RunTime:0.000000s ]
INFO: [ app_begin ] --END-- [ RunTime:0.000000s ]

[ 2017-02-07T15:24:46+08:00 ] 118.114.226.50 /Home/Login/index
INFO: [ app_init ] --START--
INFO: Run Behavior\BuildLiteBehavior [ RunTime:0.000000s ]
INFO: [ app_init ] --END-- [ RunTime:0.000000s ]
INFO: [ app_begin ] --START--
INFO: Run Behavior\ReadHtmlCacheBehavior [ RunTime:0.000000s ]
INFO: [ app_begin ] --END-- [ RunTime:0.000000s ]
INFO: [ view_parse ] --START--
INFO: [ template_filter ] --START--
INFO: Run Behavior\ContentReplaceBehavior [ RunTime:0.000000s ]
INFO: [ template_filter ] --END-- [ RunTime:0.000000s ]
INFO: Run Behavior\ParseTemplateBehavior [ RunTime:0.015625s ]
INFO: [ view_parse ] --END-- [ RunTime:0.015625s ]
INFO: [ view_filter ] --START--
INFO: Run Behavior\WriteHtmlCacheBehavior [ RunTime:0.000000s ]
INFO: [ view_filter ] --END-- [ RunTime:0.000000s ]
INFO: [ app_end ] --START--
INFO: Run Behavior\ShowPageTraceBehavior [ RunTime:0.000000s ]
INFO: [ app_end ] --END-- [ RunTime:0.000000s ]

[ 2017-02-07T15:26:30+08:00 ] 118.114.226.50 /
INFO: [ app_init ] --START--
INFO: Run Behavior\BuildLiteBehavior [ RunTime:0.000000s ]
INFO: [ app_init ] --END-- [ RunTime:0.000000s ]
INFO: [ app_begin ] --START--
INFO: Run Behavior\ReadHtmlCacheBehavior [ RunTime:0.000000s ]
INFO: [ app_begin ] --END-- [ RunTime:0.000000s ]

[ 2017-02-07T15:26:30+08:00 ] 118.114.226.50 /Home/Login/index
INFO: [ app_init ] --START--
INFO: Run Behavior\BuildLiteBehavior [ RunTime:0.000000s ]
INFO: [ app_init ] --END-- [ RunTime:0.000000s ]
INFO: [ app_begin ] --START--
INFO: Run Behavior\ReadHtmlCacheBehavior [ RunTime:0.000000s ]
INFO: [ app_begin ] --END-- [ RunTime:0.000000s ]
INFO: [ view_parse ] --START--
INFO: [ template_filter ] --START--
INFO: Run Behavior\ContentReplaceBehavior [ RunTime:0.000000s ]
INFO: [ template_filter ] --END-- [ RunTime:0.000000s ]
INFO: Run Behavior\ParseTemplateBehavior [ RunTime:0.000000s ]
INFO: [ view_parse ] --END-- [ RunTime:0.000000s ]
INFO: [ view_filter ] --START--
INFO: Run Behavior\WriteHtmlCacheBehavior [ RunTime:0.000000s ]
INFO: [ view_filter ] --END-- [ RunTime:0.000000s ]
INFO: [ app_end ] --START--
INFO: Run Behavior\ShowPageTraceBehavior [ RunTime:0.000000s ]
INFO: [ app_end ] --END-- [ RunTime:0.000000s ]

