[ 2016-12-24T17:27:52+08:00 ] 127.0.0.1 /Master/Admin/adminUpdate
INFO: [ app_begin ] --START--
INFO: Run Behavior\ReadHtmlCacheBehavior [ RunTime:0.000000s ]
INFO: [ app_begin ] --END-- [ RunTime:0.000000s ]
ERR: 非法操作:adminUpdate

[ 2016-12-24T17:28:42+08:00 ] 127.0.0.1 /Master/Admin/adminUpdate
INFO: [ app_begin ] --START--
INFO: Run Behavior\ReadHtmlCacheBehavior [ RunTime:0.001000s ]
INFO: [ app_begin ] --END-- [ RunTime:0.001000s ]
ERR: 非法操作:adminUpdate

[ 2016-12-24T17:29:35+08:00 ] 127.0.0.1 /Master/Admin/updateHandle
INFO: [ app_begin ] --START--
INFO: Run Behavior\ReadHtmlCacheBehavior [ RunTime:0.000000s ]
INFO: [ app_begin ] --END-- [ RunTime:0.000000s ]

[ 2016-12-24T17:31:11+08:00 ] 127.0.0.1 /Master/Admin/updateHandle
INFO: [ app_begin ] --START--
INFO: Run Behavior\ReadHtmlCacheBehavior [ RunTime:0.001000s ]
INFO: [ app_begin ] --END-- [ RunTime:0.001000s ]

[ 2016-12-24T17:31:47+08:00 ] 127.0.0.1 /Master/Admin/updateHandle
INFO: [ app_begin ] --START--
INFO: Run Behavior\ReadHtmlCacheBehavior [ RunTime:0.000000s ]
INFO: [ app_begin ] --END-- [ RunTime:0.002000s ]

[ 2016-12-24T17:32:13+08:00 ] 127.0.0.1 /Master/Admin/updateHandle
INFO: [ app_begin ] --START--
INFO: Run Behavior\ReadHtmlCacheBehavior [ RunTime:0.000000s ]
INFO: [ app_begin ] --END-- [ RunTime:0.001000s ]

[ 2016-12-24T17:32:21+08:00 ] 127.0.0.1 /Master/Admin/updateHandle
INFO: [ app_begin ] --START--
INFO: Run Behavior\ReadHtmlCacheBehavior [ RunTime:0.000000s ]
INFO: [ app_begin ] --END-- [ RunTime:0.001000s ]
SQL: SHOW COLUMNS FROM `admin` [ RunTime:0.0020s ]
SQL: SELECT * FROM `admin` WHERE `id` = 1 LIMIT 1   [ RunTime:0.0000s ]

[ 2016-12-24T17:33:11+08:00 ] 127.0.0.1 /Master/Admin/updateHandle
INFO: [ app_begin ] --START--
INFO: Run Behavior\ReadHtmlCacheBehavior [ RunTime:0.000000s ]
INFO: [ app_begin ] --END-- [ RunTime:0.000000s ]
SQL: SHOW COLUMNS FROM `admin` [ RunTime:0.0020s ]
SQL: SELECT * FROM `admin` WHERE `id` = 1 LIMIT 1   [ RunTime:0.0010s ]

[ 2016-12-24T17:33:23+08:00 ] 127.0.0.1 /Master/Admin/updateHandle
INFO: [ app_begin ] --START--
INFO: Run Behavior\ReadHtmlCacheBehavior [ RunTime:0.000000s ]
INFO: [ app_begin ] --END-- [ RunTime:0.001000s ]

[ 2016-12-24T17:34:41+08:00 ] 127.0.0.1 /Master/Admin/updateHandle
INFO: [ app_begin ] --START--
INFO: Run Behavior\ReadHtmlCacheBehavior [ RunTime:0.000000s ]
INFO: [ app_begin ] --END-- [ RunTime:0.001000s ]

[ 2016-12-24T17:35:26+08:00 ] 127.0.0.1 /Master/Admin/updateHandle
INFO: [ app_begin ] --START--
INFO: Run Behavior\ReadHtmlCacheBehavior [ RunTime:0.000000s ]
INFO: [ app_begin ] --END-- [ RunTime:0.000000s ]

[ 2016-12-24T17:35:32+08:00 ] 127.0.0.1 /Master/Admin/updateHandle
INFO: [ app_begin ] --START--
INFO: Run Behavior\ReadHtmlCacheBehavior [ RunTime:0.001000s ]
INFO: [ app_begin ] --END-- [ RunTime:0.001000s ]
SQL: SHOW COLUMNS FROM `admin` [ RunTime:0.0010s ]
SQL: SELECT * FROM `admin` WHERE `id` = 1 LIMIT 1   [ RunTime:0.0010s ]

[ 2016-12-24T17:35:38+08:00 ] 127.0.0.1 /Master/Admin/updateHandle
INFO: [ app_begin ] --START--
INFO: Run Behavior\ReadHtmlCacheBehavior [ RunTime:0.001000s ]
INFO: [ app_begin ] --END-- [ RunTime:0.001000s ]
SQL: SHOW COLUMNS FROM `admin` [ RunTime:0.0010s ]
SQL: SELECT * FROM `admin` WHERE `id` = 1 LIMIT 1   [ RunTime:0.0000s ]

[ 2016-12-24T17:35:44+08:00 ] 127.0.0.1 /Master/Admin/updateHandle
INFO: [ app_begin ] --START--
INFO: Run Behavior\ReadHtmlCacheBehavior [ RunTime:0.001000s ]
INFO: [ app_begin ] --END-- [ RunTime:0.001000s ]

[ 2016-12-24T17:36:44+08:00 ] 127.0.0.1 /Master/Admin/updateHandle
INFO: [ app_begin ] --START--
INFO: Run Behavior\ReadHtmlCacheBehavior [ RunTime:0.001000s ]
INFO: [ app_begin ] --END-- [ RunTime:0.001000s ]

[ 2016-12-24T17:37:01+08:00 ] 127.0.0.1 /Master/Admin/updateHandle
INFO: [ app_begin ] --START--
INFO: Run Behavior\ReadHtmlCacheBehavior [ RunTime:0.000000s ]
INFO: [ app_begin ] --END-- [ RunTime:0.001000s ]
SQL: SHOW COLUMNS FROM `admin` [ RunTime:0.0030s ]
SQL: SELECT * FROM `admin` WHERE `id` = 1 LIMIT 1   [ RunTime:0.0010s ]

[ 2016-12-24T17:38:13+08:00 ] 127.0.0.1 /Master/Admin/updateHandle
INFO: [ app_begin ] --START--
INFO: Run Behavior\ReadHtmlCacheBehavior [ RunTime:0.000000s ]
INFO: [ app_begin ] --END-- [ RunTime:0.000000s ]
SQL: SHOW COLUMNS FROM `admin` [ RunTime:0.0020s ]
SQL: SELECT * FROM `admin` WHERE `id` = 1 LIMIT 1   [ RunTime:0.0010s ]

[ 2016-12-24T17:40:26+08:00 ] 127.0.0.1 /Master/Admin/updateHandle
INFO: [ app_begin ] --START--
INFO: Run Behavior\ReadHtmlCacheBehavior [ RunTime:0.000000s ]
INFO: [ app_begin ] --END-- [ RunTime:0.001001s ]
SQL: SHOW COLUMNS FROM `admin` [ RunTime:0.0020s ]
SQL: SELECT * FROM `admin` WHERE `id` = 1 LIMIT 1   [ RunTime:0.0000s ]

[ 2016-12-24T17:40:43+08:00 ] 127.0.0.1 /Master/Admin/updateHandle
INFO: [ app_begin ] --START--
INFO: Run Behavior\ReadHtmlCacheBehavior [ RunTime:0.001000s ]
INFO: [ app_begin ] --END-- [ RunTime:0.001000s ]
SQL: SHOW COLUMNS FROM `admin` [ RunTime:0.0080s ]
SQL: SELECT * FROM `admin` WHERE `id` = 1 LIMIT 1   [ RunTime:0.0010s ]

[ 2016-12-24T17:42:03+08:00 ] 127.0.0.1 /Master/Admin/updateHandle
INFO: [ app_begin ] --START--
INFO: Run Behavior\ReadHtmlCacheBehavior [ RunTime:0.000000s ]
INFO: [ app_begin ] --END-- [ RunTime:0.001000s ]
SQL: SHOW COLUMNS FROM `admin` [ RunTime:0.0020s ]
SQL: SELECT * FROM `admin` WHERE `id` = 1 LIMIT 1   [ RunTime:0.0000s ]
SQL: UPDATE `admin` SET `username`='123456',`password`='',`name`='孙熙',`tel`='13228595558',`last_login_ip`='127.0.0.1',`last_login_time`='2016-12-24 13:44:26',`admin_part`='2',`is_use`='1' WHERE `id` = 1 [ RunTime:0.0310s ]

[ 2016-12-24T17:44:54+08:00 ] 127.0.0.1 /Master/Admin/updateHandle
INFO: [ app_begin ] --START--
INFO: Run Behavior\ReadHtmlCacheBehavior [ RunTime:0.001000s ]
INFO: [ app_begin ] --END-- [ RunTime:0.001000s ]
SQL: SHOW COLUMNS FROM `admin` [ RunTime:0.0010s ]
SQL: SELECT * FROM `admin` WHERE `id` = 1 LIMIT 1   [ RunTime:0.0000s ]
SQL: UPDATE `admin` SET `username`='123456',`password`='834f52d61fd0b70332fc',`name`='孙熙',`tel`='13228595558',`last_login_ip`='127.0.0.1',`last_login_time`='2016-12-24 17:44:39',`admin_part`='2',`is_use`='1' WHERE `id` = 1 [ RunTime:0.0260s ]

[ 2016-12-24T17:47:26+08:00 ] 127.0.0.1 /Master/Admin/updateHandle
INFO: [ app_begin ] --START--
INFO: Run Behavior\ReadHtmlCacheBehavior [ RunTime:0.000000s ]
INFO: [ app_begin ] --END-- [ RunTime:0.000000s ]
SQL: SHOW COLUMNS FROM `admin` [ RunTime:0.0020s ]
SQL: SELECT * FROM `admin` WHERE `id` = 1 LIMIT 1   [ RunTime:0.0000s ]
SQL: UPDATE `admin` SET `username`='123456',`password`='68d3f1ce3d391ca881d6',`name`='孙熙',`tel`='13228595558',`last_login_ip`='127.0.0.1',`last_login_time`='2016-12-24 17:45:39',`admin_part`='2',`is_use`='1' WHERE `id` = 1 [ RunTime:0.0320s ]

[ 2016-12-24T17:48:51+08:00 ] 127.0.0.1 /Master/Admin/updateHandle
INFO: [ app_begin ] --START--
INFO: Run Behavior\ReadHtmlCacheBehavior [ RunTime:0.000000s ]
INFO: [ app_begin ] --END-- [ RunTime:0.000000s ]
SQL: SHOW COLUMNS FROM `admin` [ RunTime:0.0010s ]
SQL: SELECT * FROM `admin` WHERE `id` = 1 LIMIT 1   [ RunTime:0.0010s ]

[ 2016-12-24T17:51:05+08:00 ] 127.0.0.1 /index.php/Master/Login/checkUser.html
INFO: [ app_begin ] --START--
INFO: Run Behavior\ReadHtmlCacheBehavior [ RunTime:0.001000s ]
INFO: [ app_begin ] --END-- [ RunTime:0.001000s ]
SQL: SHOW COLUMNS FROM `admin` [ RunTime:0.0080s ]
NOTIC: [8] Use of undefined constant tel - assumed 'tel' D:\phpStudy\WWW\tp\Application\Master\Controller\LoginController.class.php 第 61 行.
SQL: SELECT * FROM `admin` WHERE `tel` = '13228595555' LIMIT 1   [ RunTime:0.0000s ]
NOTIC: [8] Undefined variable: errMsg D:\phpStudy\WWW\tp\Application\Master\Controller\LoginController.class.php 第 67 行.

[ 2016-12-24T17:51:09+08:00 ] 127.0.0.1 /index.php/Master/Login/sendVerify.html
INFO: [ app_begin ] --START--
INFO: Run Behavior\ReadHtmlCacheBehavior [ RunTime:0.000000s ]
INFO: [ app_begin ] --END-- [ RunTime:0.000000s ]

[ 2016-12-24T17:53:15+08:00 ] 127.0.0.1 /Master/Admin/updateHandle
INFO: [ app_begin ] --START--
INFO: Run Behavior\ReadHtmlCacheBehavior [ RunTime:0.001000s ]
INFO: [ app_begin ] --END-- [ RunTime:0.001000s ]
SQL: SHOW COLUMNS FROM `admin` [ RunTime:0.0010s ]
SQL: SELECT * FROM `admin` WHERE `id` = 2 LIMIT 1   [ RunTime:0.0010s ]

[ 2016-12-24T17:55:55+08:00 ] 127.0.0.1 /Master/Admin/updateHandle
INFO: [ app_begin ] --START--
INFO: Run Behavior\ReadHtmlCacheBehavior [ RunTime:0.000000s ]
INFO: [ app_begin ] --END-- [ RunTime:0.001000s ]
SQL: SHOW COLUMNS FROM `admin` [ RunTime:0.0020s ]
SQL: SELECT * FROM `admin` WHERE `id` = 2 LIMIT 1   [ RunTime:0.0000s ]

[ 2016-12-24T17:56:34+08:00 ] 127.0.0.1 /Master/Admin/updateHandle
INFO: [ app_begin ] --START--
INFO: Run Behavior\ReadHtmlCacheBehavior [ RunTime:0.001000s ]
INFO: [ app_begin ] --END-- [ RunTime:0.002000s ]

[ 2016-12-24T18:07:48+08:00 ] 127.0.0.1 /Master/Admin/updateHandle
INFO: [ app_begin ] --START--
INFO: Run Behavior\ReadHtmlCacheBehavior [ RunTime:0.000000s ]
INFO: [ app_begin ] --END-- [ RunTime:0.001000s ]

[ 2016-12-24T18:13:00+08:00 ] 127.0.0.1 /Master/Admin/updateHandle
INFO: [ app_begin ] --START--
INFO: Run Behavior\ReadHtmlCacheBehavior [ RunTime:0.001000s ]
INFO: [ app_begin ] --END-- [ RunTime:0.001000s ]

[ 2016-12-24T18:13:18+08:00 ] 127.0.0.1 /Master/Admin/updateHandle
INFO: [ app_begin ] --START--
INFO: Run Behavior\ReadHtmlCacheBehavior [ RunTime:0.001000s ]
INFO: [ app_begin ] --END-- [ RunTime:0.001000s ]
SQL: SHOW COLUMNS FROM `admin` [ RunTime:0.0010s ]
SQL: SELECT * FROM `admin` WHERE `id` = 1 LIMIT 1   [ RunTime:0.0010s ]

[ 2016-12-24T18:13:58+08:00 ] 127.0.0.1 /Master/Admin/updateHandle
INFO: [ app_begin ] --START--
INFO: Run Behavior\ReadHtmlCacheBehavior [ RunTime:0.001000s ]
INFO: [ app_begin ] --END-- [ RunTime:0.001000s ]
SQL: SHOW COLUMNS FROM `admin` [ RunTime:0.0010s ]
SQL: SELECT * FROM `admin` WHERE `id` = 1 LIMIT 1   [ RunTime:0.0010s ]

[ 2016-12-24T18:14:02+08:00 ] 127.0.0.1 /Master/Admin/updateHandle
INFO: [ app_begin ] --START--
INFO: Run Behavior\ReadHtmlCacheBehavior [ RunTime:0.002001s ]
INFO: [ app_begin ] --END-- [ RunTime:0.002001s ]
SQL: SHOW COLUMNS FROM `admin` [ RunTime:0.0030s ]
SQL: SELECT * FROM `admin` WHERE `id` = 1 LIMIT 1   [ RunTime:0.0000s ]

[ 2016-12-24T18:14:32+08:00 ] 127.0.0.1 /Master/Admin/updateHandle
INFO: [ app_begin ] --START--
INFO: Run Behavior\ReadHtmlCacheBehavior [ RunTime:0.001000s ]
INFO: [ app_begin ] --END-- [ RunTime:0.001000s ]
SQL: SHOW COLUMNS FROM `admin` [ RunTime:0.0020s ]
SQL: SELECT * FROM `admin` WHERE `id` = 1 LIMIT 1   [ RunTime:0.0000s ]

[ 2016-12-24T18:14:39+08:00 ] 127.0.0.1 /Master/Admin/updateHandle
INFO: [ app_begin ] --START--
INFO: Run Behavior\ReadHtmlCacheBehavior [ RunTime:0.001000s ]
INFO: [ app_begin ] --END-- [ RunTime:0.001000s ]
SQL: SHOW COLUMNS FROM `admin` [ RunTime:0.0020s ]
SQL: SELECT * FROM `admin` WHERE `id` = 1 LIMIT 1   [ RunTime:0.0010s ]

[ 2016-12-24T18:14:51+08:00 ] 127.0.0.1 /Master/Admin/updateHandle
INFO: [ app_begin ] --START--
INFO: Run Behavior\ReadHtmlCacheBehavior [ RunTime:0.001000s ]
INFO: [ app_begin ] --END-- [ RunTime:0.001000s ]
SQL: SHOW COLUMNS FROM `admin` [ RunTime:0.0020s ]
SQL: SELECT * FROM `admin` WHERE `id` = 1 LIMIT 1   [ RunTime:0.0010s ]
SQL: UPDATE `admin` SET `username`='123456',`password`='834f52d61fd0b70332fc',`name`='孙熙',`tel`='13228595558',`last_login_ip`='127.0.0.1',`last_login_time`='2016-12-24 17:48:20',`admin_part`='2',`is_use`='1' WHERE `id` = 1 [ RunTime:0.0260s ]

[ 2016-12-24T18:15:10+08:00 ] 127.0.0.1 /Master/Admin/updateHandle
INFO: [ app_begin ] --START--
INFO: Run Behavior\ReadHtmlCacheBehavior [ RunTime:0.000000s ]
INFO: [ app_begin ] --END-- [ RunTime:0.001000s ]
SQL: SHOW COLUMNS FROM `admin` [ RunTime:0.0060s ]
SQL: SELECT * FROM `admin` WHERE `id` = 2 LIMIT 1   [ RunTime:0.0010s ]

[ 2016-12-24T18:15:29+08:00 ] 127.0.0.1 /Master/Admin/updateHandle
INFO: [ app_begin ] --START--
INFO: Run Behavior\ReadHtmlCacheBehavior [ RunTime:0.000000s ]
INFO: [ app_begin ] --END-- [ RunTime:0.000000s ]

[ 2016-12-24T18:16:17+08:00 ] 127.0.0.1 /Master/Admin/updateHandle
INFO: [ app_begin ] --START--
INFO: Run Behavior\ReadHtmlCacheBehavior [ RunTime:0.001000s ]
INFO: [ app_begin ] --END-- [ RunTime:0.001000s ]

[ 2016-12-24T18:16:24+08:00 ] 127.0.0.1 /Master/Admin/updateHandle
INFO: [ app_begin ] --START--
INFO: Run Behavior\ReadHtmlCacheBehavior [ RunTime:0.000000s ]
INFO: [ app_begin ] --END-- [ RunTime:0.001000s ]

[ 2016-12-24T18:16:41+08:00 ] 127.0.0.1 /Master/Admin/updateHandle
INFO: [ app_begin ] --START--
INFO: Run Behavior\ReadHtmlCacheBehavior [ RunTime:0.001000s ]
INFO: [ app_begin ] --END-- [ RunTime:0.002000s ]

[ 2016-12-24T18:17:38+08:00 ] 127.0.0.1 /Master/Admin/updateHandle
INFO: [ app_begin ] --START--
INFO: Run Behavior\ReadHtmlCacheBehavior [ RunTime:0.000000s ]
INFO: [ app_begin ] --END-- [ RunTime:0.001000s ]

[ 2016-12-24T18:18:35+08:00 ] 127.0.0.1 /Master/Admin/updateHandle
INFO: [ app_begin ] --START--
INFO: Run Behavior\ReadHtmlCacheBehavior [ RunTime:0.001000s ]
INFO: [ app_begin ] --END-- [ RunTime:0.001000s ]

[ 2016-12-24T18:18:56+08:00 ] 127.0.0.1 /Master/Admin/updateHandle
INFO: [ app_begin ] --START--
INFO: Run Behavior\ReadHtmlCacheBehavior [ RunTime:0.001000s ]
INFO: [ app_begin ] --END-- [ RunTime:0.001000s ]

[ 2016-12-24T18:19:55+08:00 ] 127.0.0.1 /Master/Admin/updateHandle
INFO: [ app_begin ] --START--
INFO: Run Behavior\ReadHtmlCacheBehavior [ RunTime:0.000000s ]
INFO: [ app_begin ] --END-- [ RunTime:0.002000s ]
SQL: SHOW COLUMNS FROM `admin` [ RunTime:0.0010s ]
SQL: SELECT * FROM `admin` WHERE `id` = 2 LIMIT 1   [ RunTime:0.0000s ]

[ 2016-12-24T18:24:09+08:00 ] 127.0.0.1 /Master/Admin/updateHandle
INFO: [ app_begin ] --START--
INFO: Run Behavior\ReadHtmlCacheBehavior [ RunTime:0.001000s ]
INFO: [ app_begin ] --END-- [ RunTime:0.001000s ]
SQL: SHOW COLUMNS FROM `admin` [ RunTime:0.0020s ]
SQL: SELECT * FROM `admin` WHERE `id` = 2 LIMIT 1   [ RunTime:0.0000s ]

[ 2016-12-24T18:24:17+08:00 ] 127.0.0.1 /Master/Admin/updateHandle
INFO: [ app_begin ] --START--
INFO: Run Behavior\ReadHtmlCacheBehavior [ RunTime:0.001000s ]
INFO: [ app_begin ] --END-- [ RunTime:0.001000s ]
SQL: SHOW COLUMNS FROM `admin` [ RunTime:0.0020s ]
SQL: SELECT * FROM `admin` WHERE `id` = 2 LIMIT 1   [ RunTime:0.0000s ]
SQL: SELECT * FROM `admin` WHERE `username` = '123456' LIMIT 1   [ RunTime:0.0010s ]

[ 2016-12-24T18:24:31+08:00 ] 127.0.0.1 /Master/Admin/updateHandle
INFO: [ app_begin ] --START--
INFO: Run Behavior\ReadHtmlCacheBehavior [ RunTime:0.001000s ]
INFO: [ app_begin ] --END-- [ RunTime:0.001000s ]
SQL: SHOW COLUMNS FROM `admin` [ RunTime:0.0060s ]
SQL: SELECT * FROM `admin` WHERE `id` = 2 LIMIT 1   [ RunTime:0.0010s ]
SQL: SELECT * FROM `admin` WHERE `username` = 'admin123456' LIMIT 1   [ RunTime:0.0000s ]
SQL: UPDATE `admin` SET `username`='',`password`='bfef95601890afd80709',`name`='李四',`tel`='13228595555',`last_login_ip`='127.0.0.1',`last_login_time`='2016-12-24 17:51:15',`admin_part`='0',`is_use`='1' WHERE `id` = 2 [ RunTime:0.0310s ]

[ 2016-12-24T18:25:47+08:00 ] 127.0.0.1 /Master/Admin/updateHandle
INFO: [ app_begin ] --START--
INFO: Run Behavior\ReadHtmlCacheBehavior [ RunTime:0.001000s ]
INFO: [ app_begin ] --END-- [ RunTime:0.001000s ]
SQL: SHOW COLUMNS FROM `admin` [ RunTime:0.0090s ]
SQL: SELECT * FROM `admin` WHERE `id` = 2 LIMIT 1   [ RunTime:0.0010s ]

[ 2016-12-24T18:26:08+08:00 ] 127.0.0.1 /Master/Admin/updateHandle
INFO: [ app_begin ] --START--
INFO: Run Behavior\ReadHtmlCacheBehavior [ RunTime:0.000000s ]
INFO: [ app_begin ] --END-- [ RunTime:0.000000s ]
SQL: SHOW COLUMNS FROM `admin` [ RunTime:0.0020s ]
SQL: SELECT * FROM `admin` WHERE `id` = 2 LIMIT 1   [ RunTime:0.0000s ]

[ 2016-12-24T18:26:14+08:00 ] 127.0.0.1 /Master/Admin/updateHandle
INFO: [ app_begin ] --START--
INFO: Run Behavior\ReadHtmlCacheBehavior [ RunTime:0.001000s ]
INFO: [ app_begin ] --END-- [ RunTime:0.002000s ]
SQL: SHOW COLUMNS FROM `admin` [ RunTime:0.0020s ]
SQL: SELECT * FROM `admin` WHERE `id` = 2 LIMIT 1   [ RunTime:0.0010s ]

[ 2016-12-24T18:26:18+08:00 ] 127.0.0.1 /Master/Admin/updateHandle
INFO: [ app_begin ] --START--
INFO: Run Behavior\ReadHtmlCacheBehavior [ RunTime:0.000000s ]
INFO: [ app_begin ] --END-- [ RunTime:0.001000s ]
SQL: SHOW COLUMNS FROM `admin` [ RunTime:0.0020s ]
SQL: SELECT * FROM `admin` WHERE `id` = 2 LIMIT 1   [ RunTime:0.0000s ]

[ 2016-12-24T18:27:25+08:00 ] 127.0.0.1 /Master/Admin/updateHandle
INFO: [ app_begin ] --START--
INFO: Run Behavior\ReadHtmlCacheBehavior [ RunTime:0.000000s ]
INFO: [ app_begin ] --END-- [ RunTime:0.001000s ]
SQL: SHOW COLUMNS FROM `admin` [ RunTime:0.0020s ]
SQL: SELECT * FROM `admin` WHERE `id` = 2 LIMIT 1   [ RunTime:0.0010s ]

[ 2016-12-24T18:27:30+08:00 ] 127.0.0.1 /Master/Admin/updateHandle
INFO: [ app_begin ] --START--
INFO: Run Behavior\ReadHtmlCacheBehavior [ RunTime:0.001000s ]
INFO: [ app_begin ] --END-- [ RunTime:0.001000s ]
SQL: SHOW COLUMNS FROM `admin` [ RunTime:0.0030s ]
SQL: SELECT * FROM `admin` WHERE `id` = 2 LIMIT 1   [ RunTime:0.0000s ]

[ 2016-12-24T18:28:07+08:00 ] 127.0.0.1 /Master/Admin/updateHandle
INFO: [ app_begin ] --START--
INFO: Run Behavior\ReadHtmlCacheBehavior [ RunTime:0.001000s ]
INFO: [ app_begin ] --END-- [ RunTime:0.001000s ]
SQL: SHOW COLUMNS FROM `admin` [ RunTime:0.0020s ]
SQL: SELECT * FROM `admin` WHERE `id` = 2 LIMIT 1   [ RunTime:0.0010s ]

[ 2016-12-24T18:28:14+08:00 ] 127.0.0.1 /Master/Admin/updateHandle
INFO: [ app_begin ] --START--
INFO: Run Behavior\ReadHtmlCacheBehavior [ RunTime:0.000000s ]
INFO: [ app_begin ] --END-- [ RunTime:0.001000s ]
SQL: SHOW COLUMNS FROM `admin` [ RunTime:0.0080s ]
SQL: SELECT * FROM `admin` WHERE `id` = 2 LIMIT 1   [ RunTime:0.0010s ]

[ 2016-12-24T18:28:27+08:00 ] 127.0.0.1 /Master/Admin/updateHandle
INFO: [ app_begin ] --START--
INFO: Run Behavior\ReadHtmlCacheBehavior [ RunTime:0.000000s ]
INFO: [ app_begin ] --END-- [ RunTime:0.001000s ]
SQL: SHOW COLUMNS FROM `admin` [ RunTime:0.0020s ]
SQL: SELECT * FROM `admin` WHERE `id` = 2 LIMIT 1   [ RunTime:0.0000s ]

[ 2016-12-24T18:28:34+08:00 ] 127.0.0.1 /Master/Admin/updateHandle
INFO: [ app_begin ] --START--
INFO: Run Behavior\ReadHtmlCacheBehavior [ RunTime:0.001000s ]
INFO: [ app_begin ] --END-- [ RunTime:0.001000s ]
SQL: SHOW COLUMNS FROM `admin` [ RunTime:0.0010s ]
SQL: SELECT * FROM `admin` WHERE `id` = 2 LIMIT 1   [ RunTime:0.0010s ]

[ 2016-12-24T18:28:58+08:00 ] 127.0.0.1 /Master/Admin/updateHandle
INFO: [ app_begin ] --START--
INFO: Run Behavior\ReadHtmlCacheBehavior [ RunTime:0.001000s ]
INFO: [ app_begin ] --END-- [ RunTime:0.001000s ]
SQL: SHOW COLUMNS FROM `admin` [ RunTime:0.0030s ]
SQL: SELECT * FROM `admin` WHERE `id` = 2 LIMIT 1   [ RunTime:0.0010s ]

[ 2016-12-24T18:29:06+08:00 ] 127.0.0.1 /Master/Admin/updateHandle
INFO: [ app_begin ] --START--
INFO: Run Behavior\ReadHtmlCacheBehavior [ RunTime:0.000000s ]
INFO: [ app_begin ] --END-- [ RunTime:0.001000s ]
SQL: SHOW COLUMNS FROM `admin` [ RunTime:0.0020s ]
SQL: SELECT * FROM `admin` WHERE `id` = 2 LIMIT 1   [ RunTime:0.0000s ]
SQL: SELECT * FROM `admin` WHERE `username` = 'admin123456' LIMIT 1   [ RunTime:0.0010s ]
SQL: UPDATE `admin` SET `username`='admin123456',`password`='9520943dc26494f8941b',`name`='李四',`tel`='13228595555',`last_login_ip`='127.0.0.1',`last_login_time`='2016-12-24 17:51:15',`admin_part`='0',`is_use`='1' WHERE `id` = 2 [ RunTime:0.0400s ]

[ 2016-12-24T18:37:02+08:00 ] 127.0.0.1 /index.php/Master/Login/checkUser.html
INFO: [ app_begin ] --START--
INFO: Run Behavior\ReadHtmlCacheBehavior [ RunTime:0.001000s ]
INFO: [ app_begin ] --END-- [ RunTime:0.001000s ]
SQL: SHOW COLUMNS FROM `admin` [ RunTime:0.0000s ]
NOTIC: [8] Use of undefined constant tel - assumed 'tel' D:\phpStudy\WWW\tp\Application\Master\Controller\LoginController.class.php 第 61 行.
SQL: SELECT * FROM `admin` WHERE `tel` = '13213212312' LIMIT 1   [ RunTime:0.0000s ]
NOTIC: [8] Undefined variable: errMsg D:\phpStudy\WWW\tp\Application\Master\Controller\LoginController.class.php 第 67 行.

[ 2016-12-24T18:37:03+08:00 ] 127.0.0.1 /index.php/Master/Login/sendVerify.html
INFO: [ app_begin ] --START--
INFO: Run Behavior\ReadHtmlCacheBehavior [ RunTime:0.000000s ]
INFO: [ app_begin ] --END-- [ RunTime:0.000000s ]

[ 2016-12-24T18:37:19+08:00 ] 127.0.0.1 /index.php/Master/Login/checkUser.html
INFO: [ app_begin ] --START--
INFO: Run Behavior\ReadHtmlCacheBehavior [ RunTime:0.000000s ]
INFO: [ app_begin ] --END-- [ RunTime:0.000000s ]
SQL: SHOW COLUMNS FROM `admin` [ RunTime:0.0050s ]
NOTIC: [8] Use of undefined constant tel - assumed 'tel' D:\phpStudy\WWW\tp\Application\Master\Controller\LoginController.class.php 第 61 行.
SQL: SELECT * FROM `admin` WHERE `tel` = '13228595558' LIMIT 1   [ RunTime:0.0020s ]
NOTIC: [8] Undefined variable: errMsg D:\phpStudy\WWW\tp\Application\Master\Controller\LoginController.class.php 第 67 行.

[ 2016-12-24T18:37:20+08:00 ] 127.0.0.1 /index.php/Master/Login/sendVerify.html
INFO: [ app_begin ] --START--
INFO: Run Behavior\ReadHtmlCacheBehavior [ RunTime:0.001000s ]
INFO: [ app_begin ] --END-- [ RunTime:0.001000s ]

[ 2016-12-24T18:38:03+08:00 ] 127.0.0.1 /index.php/Master/Login/checkUser.html
INFO: [ app_begin ] --START--
INFO: Run Behavior\ReadHtmlCacheBehavior [ RunTime:0.001000s ]
INFO: [ app_begin ] --END-- [ RunTime:0.001000s ]
SQL: SHOW COLUMNS FROM `admin` [ RunTime:0.0040s ]
NOTIC: [8] Use of undefined constant tel - assumed 'tel' D:\phpStudy\WWW\tp\Application\Master\Controller\LoginController.class.php 第 61 行.
SQL: SELECT * FROM `admin` WHERE `tel` = '13213213213' LIMIT 1   [ RunTime:0.0000s ]
NOTIC: [8] Undefined variable: errMsg D:\phpStudy\WWW\tp\Application\Master\Controller\LoginController.class.php 第 67 行.

[ 2016-12-24T18:38:05+08:00 ] 127.0.0.1 /index.php/Master/Login/sendVerify.html
INFO: [ app_begin ] --START--
INFO: Run Behavior\ReadHtmlCacheBehavior [ RunTime:0.000000s ]
INFO: [ app_begin ] --END-- [ RunTime:0.001000s ]

[ 2016-12-24T18:39:59+08:00 ] 127.0.0.1 /index.php/Master/Login/checkUser.html
INFO: [ app_begin ] --START--
INFO: Run Behavior\ReadHtmlCacheBehavior [ RunTime:0.001000s ]
INFO: [ app_begin ] --END-- [ RunTime:0.001000s ]
SQL: SHOW COLUMNS FROM `admin` [ RunTime:0.0090s ]
NOTIC: [8] Use of undefined constant tel - assumed 'tel' D:\phpStudy\WWW\tp\Application\Master\Controller\LoginController.class.php 第 61 行.
SQL: SELECT * FROM `admin` WHERE `tel` = '12312313121' LIMIT 1   [ RunTime:0.0000s ]
NOTIC: [8] Undefined variable: errMsg D:\phpStudy\WWW\tp\Application\Master\Controller\LoginController.class.php 第 67 行.

[ 2016-12-24T18:40:00+08:00 ] 127.0.0.1 /index.php/Master/Login/sendVerify.html
INFO: [ app_begin ] --START--
INFO: Run Behavior\ReadHtmlCacheBehavior [ RunTime:0.002000s ]
INFO: [ app_begin ] --END-- [ RunTime:0.002000s ]

[ 2016-12-24T18:41:03+08:00 ] 127.0.0.1 /Master/Admin/updateHandle
INFO: [ app_begin ] --START--
INFO: Run Behavior\ReadHtmlCacheBehavior [ RunTime:0.001000s ]
INFO: [ app_begin ] --END-- [ RunTime:0.001000s ]
SQL: SHOW COLUMNS FROM `admin` [ RunTime:0.0020s ]
SQL: SELECT * FROM `admin` WHERE `id` = 3 LIMIT 1   [ RunTime:0.0000s ]
SQL: SELECT * FROM `admin` WHERE `username` = 'admin111' LIMIT 1   [ RunTime:0.0000s ]
SQL: UPDATE `admin` SET `username`='admin111',`password`='9520943dc26494f8941b',`name`='sadasd',`tel`='12312313121',`last_login_ip`='127.0.0.1',`last_login_time`='2016-12-24 18:40:05',`admin_part`='0',`is_use`='1' WHERE `id` = 3 [ RunTime:0.0260s ]

