[ 2016-12-22T15:30:54+08:00 ] 127.0.0.1 /Master/Hospital/info/id/10
INFO: [ app_init ] --START--
INFO: Run Behavior\BuildLiteBehavior [ RunTime:0.000000s ]
INFO: [ app_init ] --END-- [ RunTime:0.000000s ]
INFO: [ app_begin ] --START--
INFO: Run Behavior\ReadHtmlCacheBehavior [ RunTime:0.001000s ]
INFO: [ app_begin ] --END-- [ RunTime:0.001000s ]
SQL: SHOW COLUMNS FROM `hospital` [ RunTime:0.0160s ]
SQL: SHOW COLUMNS FROM `spending` [ RunTime:0.0170s ]
SQL: SHOW COLUMNS FROM `proportion` [ RunTime:0.0140s ]
SQL: SHOW COLUMNS FROM `rechange` [ RunTime:0.0180s ]
SQL: SELECT * FROM `hospital` WHERE `id` = 10 LIMIT 1   [ RunTime:0.0010s ]
SQL: SELECT sum(cost_money) as cost FROM `spending` WHERE `hospital_id` = 10 LIMIT 1   [ RunTime:0.0010s ]
SQL: SELECT `id`,`percent`,`begin_date`,`end_date`,`is_use`,`hospital_id` FROM `proportion` WHERE `hospital_id` = 10  [ RunTime:0.0000s ]
SQL: SELECT sum(money) as money FROM `rechange` WHERE `hospital_id` = 10 LIMIT 1   [ RunTime:0.0000s ]
NOTIC: [8] Undefined index: percent D:\phpStudy\WWW\tp\Application\Master\Controller\HospitalController.class.php 第 162 行.
NOTIC: [8] Undefined index: percent D:\phpStudy\WWW\tp\Application\Master\Controller\HospitalController.class.php 第 163 行.
INFO: [ view_parse ] --START--
INFO: [ template_filter ] --START--
INFO: Run Behavior\ContentReplaceBehavior [ RunTime:0.000000s ]
INFO: [ template_filter ] --END-- [ RunTime:0.000000s ]
NOTIC: [8] Undefined variable: date D:\phpStudy\WWW\tp\Application\Runtime\Cache\Master\8e8b843255a60c8290cfe71052419a23.php 第 59 行.
INFO: Run Behavior\ParseTemplateBehavior [ RunTime:0.032002s ]
INFO: [ view_parse ] --END-- [ RunTime:0.032002s ]
INFO: [ view_filter ] --START--
INFO: Run Behavior\WriteHtmlCacheBehavior [ RunTime:0.001000s ]
INFO: [ view_filter ] --END-- [ RunTime:0.002000s ]
INFO: [ app_end ] --START--
INFO: Run Behavior\ShowPageTraceBehavior [ RunTime:0.001000s ]
INFO: [ app_end ] --END-- [ RunTime:0.001000s ]

[ 2016-12-22T15:30:55+08:00 ] 127.0.0.1 /Master/Hospital/info/id/10
INFO: [ app_init ] --START--
INFO: Run Behavior\BuildLiteBehavior [ RunTime:0.001000s ]
INFO: [ app_init ] --END-- [ RunTime:0.001000s ]
INFO: [ app_begin ] --START--
INFO: Run Behavior\ReadHtmlCacheBehavior [ RunTime:0.001000s ]
INFO: [ app_begin ] --END-- [ RunTime:0.001000s ]
SQL: SHOW COLUMNS FROM `hospital` [ RunTime:0.0120s ]
SQL: SHOW COLUMNS FROM `spending` [ RunTime:0.0100s ]
SQL: SHOW COLUMNS FROM `proportion` [ RunTime:0.0080s ]
SQL: SHOW COLUMNS FROM `rechange` [ RunTime:0.0080s ]
SQL: SELECT * FROM `hospital` WHERE `id` = 10 LIMIT 1   [ RunTime:0.0000s ]
SQL: SELECT sum(cost_money) as cost FROM `spending` WHERE `hospital_id` = 10 LIMIT 1   [ RunTime:0.0000s ]
SQL: SELECT `id`,`percent`,`begin_date`,`end_date`,`is_use`,`hospital_id` FROM `proportion` WHERE `hospital_id` = 10  [ RunTime:0.0010s ]
SQL: SELECT sum(money) as money FROM `rechange` WHERE `hospital_id` = 10 LIMIT 1   [ RunTime:0.0000s ]
NOTIC: [8] Undefined index: percent D:\phpStudy\WWW\tp\Application\Master\Controller\HospitalController.class.php 第 162 行.
NOTIC: [8] Undefined index: percent D:\phpStudy\WWW\tp\Application\Master\Controller\HospitalController.class.php 第 163 行.
INFO: [ view_parse ] --START--
INFO: [ template_filter ] --START--
INFO: Run Behavior\ContentReplaceBehavior [ RunTime:0.000000s ]
INFO: [ template_filter ] --END-- [ RunTime:0.000000s ]
NOTIC: [8] Undefined variable: date D:\phpStudy\WWW\tp\Application\Runtime\Cache\Master\8e8b843255a60c8290cfe71052419a23.php 第 59 行.
INFO: Run Behavior\ParseTemplateBehavior [ RunTime:0.025001s ]
INFO: [ view_parse ] --END-- [ RunTime:0.025001s ]
INFO: [ view_filter ] --START--
INFO: Run Behavior\WriteHtmlCacheBehavior [ RunTime:0.001000s ]
INFO: [ view_filter ] --END-- [ RunTime:0.001000s ]
INFO: [ app_end ] --START--
INFO: Run Behavior\ShowPageTraceBehavior [ RunTime:0.001000s ]
INFO: [ app_end ] --END-- [ RunTime:0.001000s ]

[ 2016-12-22T15:30:55+08:00 ] 127.0.0.1 /Master/Hospital/info/id/10
INFO: [ app_init ] --START--
INFO: Run Behavior\BuildLiteBehavior [ RunTime:0.000000s ]
INFO: [ app_init ] --END-- [ RunTime:0.000000s ]
INFO: [ app_begin ] --START--
INFO: Run Behavior\ReadHtmlCacheBehavior [ RunTime:0.001000s ]
INFO: [ app_begin ] --END-- [ RunTime:0.001000s ]
SQL: SHOW COLUMNS FROM `hospital` [ RunTime:0.0090s ]
SQL: SHOW COLUMNS FROM `spending` [ RunTime:0.0100s ]
SQL: SHOW COLUMNS FROM `proportion` [ RunTime:0.0080s ]
SQL: SHOW COLUMNS FROM `rechange` [ RunTime:0.0090s ]
SQL: SELECT * FROM `hospital` WHERE `id` = 10 LIMIT 1   [ RunTime:0.0010s ]
SQL: SELECT sum(cost_money) as cost FROM `spending` WHERE `hospital_id` = 10 LIMIT 1   [ RunTime:0.0000s ]
SQL: SELECT `id`,`percent`,`begin_date`,`end_date`,`is_use`,`hospital_id` FROM `proportion` WHERE `hospital_id` = 10  [ RunTime:0.0010s ]
SQL: SELECT sum(money) as money FROM `rechange` WHERE `hospital_id` = 10 LIMIT 1   [ RunTime:0.0000s ]
NOTIC: [8] Undefined index: percent D:\phpStudy\WWW\tp\Application\Master\Controller\HospitalController.class.php 第 162 行.
NOTIC: [8] Undefined index: percent D:\phpStudy\WWW\tp\Application\Master\Controller\HospitalController.class.php 第 163 行.
INFO: [ view_parse ] --START--
INFO: [ template_filter ] --START--
INFO: Run Behavior\ContentReplaceBehavior [ RunTime:0.001000s ]
INFO: [ template_filter ] --END-- [ RunTime:0.001000s ]
NOTIC: [8] Undefined variable: date D:\phpStudy\WWW\tp\Application\Runtime\Cache\Master\8e8b843255a60c8290cfe71052419a23.php 第 59 行.
INFO: Run Behavior\ParseTemplateBehavior [ RunTime:0.021001s ]
INFO: [ view_parse ] --END-- [ RunTime:0.021001s ]
INFO: [ view_filter ] --START--
INFO: Run Behavior\WriteHtmlCacheBehavior [ RunTime:0.000000s ]
INFO: [ view_filter ] --END-- [ RunTime:0.000000s ]
INFO: [ app_end ] --START--
INFO: Run Behavior\ShowPageTraceBehavior [ RunTime:0.001000s ]
INFO: [ app_end ] --END-- [ RunTime:0.001000s ]

[ 2016-12-22T15:30:55+08:00 ] 127.0.0.1 /Master/Hospital/info/id/10
INFO: [ app_init ] --START--
INFO: Run Behavior\BuildLiteBehavior [ RunTime:0.001000s ]
INFO: [ app_init ] --END-- [ RunTime:0.002000s ]
INFO: [ app_begin ] --START--
INFO: Run Behavior\ReadHtmlCacheBehavior [ RunTime:0.001000s ]
INFO: [ app_begin ] --END-- [ RunTime:0.001000s ]
SQL: SHOW COLUMNS FROM `hospital` [ RunTime:0.0070s ]
SQL: SHOW COLUMNS FROM `spending` [ RunTime:0.0060s ]
SQL: SHOW COLUMNS FROM `proportion` [ RunTime:0.0070s ]
SQL: SHOW COLUMNS FROM `rechange` [ RunTime:0.0100s ]
SQL: SELECT * FROM `hospital` WHERE `id` = 10 LIMIT 1   [ RunTime:0.0010s ]
SQL: SELECT sum(cost_money) as cost FROM `spending` WHERE `hospital_id` = 10 LIMIT 1   [ RunTime:0.0000s ]
SQL: SELECT `id`,`percent`,`begin_date`,`end_date`,`is_use`,`hospital_id` FROM `proportion` WHERE `hospital_id` = 10  [ RunTime:0.0000s ]
SQL: SELECT sum(money) as money FROM `rechange` WHERE `hospital_id` = 10 LIMIT 1   [ RunTime:0.0000s ]
NOTIC: [8] Undefined index: percent D:\phpStudy\WWW\tp\Application\Master\Controller\HospitalController.class.php 第 162 行.
NOTIC: [8] Undefined index: percent D:\phpStudy\WWW\tp\Application\Master\Controller\HospitalController.class.php 第 163 行.
INFO: [ view_parse ] --START--
INFO: [ template_filter ] --START--
INFO: Run Behavior\ContentReplaceBehavior [ RunTime:0.000000s ]
INFO: [ template_filter ] --END-- [ RunTime:0.000000s ]
NOTIC: [8] Undefined variable: date D:\phpStudy\WWW\tp\Application\Runtime\Cache\Master\8e8b843255a60c8290cfe71052419a23.php 第 59 行.
INFO: Run Behavior\ParseTemplateBehavior [ RunTime:0.023001s ]
INFO: [ view_parse ] --END-- [ RunTime:0.024001s ]
INFO: [ view_filter ] --START--
INFO: Run Behavior\WriteHtmlCacheBehavior [ RunTime:0.001001s ]
INFO: [ view_filter ] --END-- [ RunTime:0.001001s ]
INFO: [ app_end ] --START--
INFO: Run Behavior\ShowPageTraceBehavior [ RunTime:0.001000s ]
INFO: [ app_end ] --END-- [ RunTime:0.001000s ]

[ 2016-12-22T15:30:55+08:00 ] 127.0.0.1 /Master/Hospital/info/id/10
INFO: [ app_init ] --START--
INFO: Run Behavior\BuildLiteBehavior [ RunTime:0.000000s ]
INFO: [ app_init ] --END-- [ RunTime:0.001001s ]
INFO: [ app_begin ] --START--
INFO: Run Behavior\ReadHtmlCacheBehavior [ RunTime:0.001000s ]
INFO: [ app_begin ] --END-- [ RunTime:0.001000s ]
SQL: SHOW COLUMNS FROM `hospital` [ RunTime:0.0070s ]
SQL: SHOW COLUMNS FROM `spending` [ RunTime:0.0080s ]
SQL: SHOW COLUMNS FROM `proportion` [ RunTime:0.0080s ]
SQL: SHOW COLUMNS FROM `rechange` [ RunTime:0.0090s ]
SQL: SELECT * FROM `hospital` WHERE `id` = 10 LIMIT 1   [ RunTime:0.0000s ]
SQL: SELECT sum(cost_money) as cost FROM `spending` WHERE `hospital_id` = 10 LIMIT 1   [ RunTime:0.0010s ]
SQL: SELECT `id`,`percent`,`begin_date`,`end_date`,`is_use`,`hospital_id` FROM `proportion` WHERE `hospital_id` = 10  [ RunTime:0.0000s ]
SQL: SELECT sum(money) as money FROM `rechange` WHERE `hospital_id` = 10 LIMIT 1   [ RunTime:0.0000s ]
NOTIC: [8] Undefined index: percent D:\phpStudy\WWW\tp\Application\Master\Controller\HospitalController.class.php 第 162 行.
NOTIC: [8] Undefined index: percent D:\phpStudy\WWW\tp\Application\Master\Controller\HospitalController.class.php 第 163 行.
INFO: [ view_parse ] --START--
INFO: [ template_filter ] --START--
INFO: Run Behavior\ContentReplaceBehavior [ RunTime:0.000000s ]
INFO: [ template_filter ] --END-- [ RunTime:0.000000s ]
NOTIC: [8] Undefined variable: date D:\phpStudy\WWW\tp\Application\Runtime\Cache\Master\8e8b843255a60c8290cfe71052419a23.php 第 59 行.
INFO: Run Behavior\ParseTemplateBehavior [ RunTime:0.020001s ]
INFO: [ view_parse ] --END-- [ RunTime:0.021001s ]
INFO: [ view_filter ] --START--
INFO: Run Behavior\WriteHtmlCacheBehavior [ RunTime:0.000000s ]
INFO: [ view_filter ] --END-- [ RunTime:0.000000s ]
INFO: [ app_end ] --START--
INFO: Run Behavior\ShowPageTraceBehavior [ RunTime:0.001000s ]
INFO: [ app_end ] --END-- [ RunTime:0.001000s ]

[ 2016-12-22T15:30:55+08:00 ] 127.0.0.1 /Master/Hospital/info/id/10
INFO: [ app_init ] --START--
INFO: Run Behavior\BuildLiteBehavior [ RunTime:0.000000s ]
INFO: [ app_init ] --END-- [ RunTime:0.000000s ]
INFO: [ app_begin ] --START--
INFO: Run Behavior\ReadHtmlCacheBehavior [ RunTime:0.001000s ]
INFO: [ app_begin ] --END-- [ RunTime:0.001000s ]
SQL: SHOW COLUMNS FROM `hospital` [ RunTime:0.0090s ]
SQL: SHOW COLUMNS FROM `spending` [ RunTime:0.0080s ]
SQL: SHOW COLUMNS FROM `proportion` [ RunTime:0.0100s ]
SQL: SHOW COLUMNS FROM `rechange` [ RunTime:0.0080s ]
SQL: SELECT * FROM `hospital` WHERE `id` = 10 LIMIT 1   [ RunTime:0.0010s ]
SQL: SELECT sum(cost_money) as cost FROM `spending` WHERE `hospital_id` = 10 LIMIT 1   [ RunTime:0.0010s ]
SQL: SELECT `id`,`percent`,`begin_date`,`end_date`,`is_use`,`hospital_id` FROM `proportion` WHERE `hospital_id` = 10  [ RunTime:0.0000s ]
SQL: SELECT sum(money) as money FROM `rechange` WHERE `hospital_id` = 10 LIMIT 1   [ RunTime:0.0010s ]
NOTIC: [8] Undefined index: percent D:\phpStudy\WWW\tp\Application\Master\Controller\HospitalController.class.php 第 162 行.
NOTIC: [8] Undefined index: percent D:\phpStudy\WWW\tp\Application\Master\Controller\HospitalController.class.php 第 163 行.
INFO: [ view_parse ] --START--
INFO: [ template_filter ] --START--
INFO: Run Behavior\ContentReplaceBehavior [ RunTime:0.000000s ]
INFO: [ template_filter ] --END-- [ RunTime:0.000000s ]
NOTIC: [8] Undefined variable: date D:\phpStudy\WWW\tp\Application\Runtime\Cache\Master\8e8b843255a60c8290cfe71052419a23.php 第 59 行.
INFO: Run Behavior\ParseTemplateBehavior [ RunTime:0.023002s ]
INFO: [ view_parse ] --END-- [ RunTime:0.023002s ]
INFO: [ view_filter ] --START--
INFO: Run Behavior\WriteHtmlCacheBehavior [ RunTime:0.000000s ]
INFO: [ view_filter ] --END-- [ RunTime:0.000000s ]
INFO: [ app_end ] --START--
INFO: Run Behavior\ShowPageTraceBehavior [ RunTime:0.001000s ]
INFO: [ app_end ] --END-- [ RunTime:0.001000s ]

[ 2016-12-22T15:30:55+08:00 ] 127.0.0.1 /Master/Hospital/info/id/10
INFO: [ app_init ] --START--
INFO: Run Behavior\BuildLiteBehavior [ RunTime:0.000000s ]
INFO: [ app_init ] --END-- [ RunTime:0.000000s ]
INFO: [ app_begin ] --START--
INFO: Run Behavior\ReadHtmlCacheBehavior [ RunTime:0.001000s ]
INFO: [ app_begin ] --END-- [ RunTime:0.001000s ]
SQL: SHOW COLUMNS FROM `hospital` [ RunTime:0.0090s ]
SQL: SHOW COLUMNS FROM `spending` [ RunTime:0.0100s ]
SQL: SHOW COLUMNS FROM `proportion` [ RunTime:0.0090s ]
SQL: SHOW COLUMNS FROM `rechange` [ RunTime:0.0090s ]
SQL: SELECT * FROM `hospital` WHERE `id` = 10 LIMIT 1   [ RunTime:0.0000s ]
SQL: SELECT sum(cost_money) as cost FROM `spending` WHERE `hospital_id` = 10 LIMIT 1   [ RunTime:0.0010s ]
SQL: SELECT `id`,`percent`,`begin_date`,`end_date`,`is_use`,`hospital_id` FROM `proportion` WHERE `hospital_id` = 10  [ RunTime:0.0010s ]
SQL: SELECT sum(money) as money FROM `rechange` WHERE `hospital_id` = 10 LIMIT 1   [ RunTime:0.0000s ]
NOTIC: [8] Undefined index: percent D:\phpStudy\WWW\tp\Application\Master\Controller\HospitalController.class.php 第 162 行.
NOTIC: [8] Undefined index: percent D:\phpStudy\WWW\tp\Application\Master\Controller\HospitalController.class.php 第 163 行.
INFO: [ view_parse ] --START--
INFO: [ template_filter ] --START--
INFO: Run Behavior\ContentReplaceBehavior [ RunTime:0.000000s ]
INFO: [ template_filter ] --END-- [ RunTime:0.000000s ]
NOTIC: [8] Undefined variable: date D:\phpStudy\WWW\tp\Application\Runtime\Cache\Master\8e8b843255a60c8290cfe71052419a23.php 第 59 行.
INFO: Run Behavior\ParseTemplateBehavior [ RunTime:0.023001s ]
INFO: [ view_parse ] --END-- [ RunTime:0.023001s ]
INFO: [ view_filter ] --START--
INFO: Run Behavior\WriteHtmlCacheBehavior [ RunTime:0.001000s ]
INFO: [ view_filter ] --END-- [ RunTime:0.001000s ]
INFO: [ app_end ] --START--
INFO: Run Behavior\ShowPageTraceBehavior [ RunTime:0.002000s ]
INFO: [ app_end ] --END-- [ RunTime:0.002000s ]

[ 2016-12-22T15:30:57+08:00 ] 127.0.0.1 /Master/Hospital/info/id/10
INFO: [ app_init ] --START--
INFO: Run Behavior\BuildLiteBehavior [ RunTime:0.000000s ]
INFO: [ app_init ] --END-- [ RunTime:0.001000s ]
INFO: [ app_begin ] --START--
INFO: Run Behavior\ReadHtmlCacheBehavior [ RunTime:0.001000s ]
INFO: [ app_begin ] --END-- [ RunTime:0.001000s ]
SQL: SHOW COLUMNS FROM `hospital` [ RunTime:0.0060s ]
SQL: SHOW COLUMNS FROM `spending` [ RunTime:0.0080s ]
SQL: SHOW COLUMNS FROM `proportion` [ RunTime:0.0060s ]
SQL: SHOW COLUMNS FROM `rechange` [ RunTime:0.0070s ]
SQL: SELECT * FROM `hospital` WHERE `id` = 10 LIMIT 1   [ RunTime:0.0010s ]
SQL: SELECT sum(cost_money) as cost FROM `spending` WHERE `hospital_id` = 10 LIMIT 1   [ RunTime:0.0000s ]
SQL: SELECT `id`,`percent`,`begin_date`,`end_date`,`is_use`,`hospital_id` FROM `proportion` WHERE `hospital_id` = 10  [ RunTime:0.0010s ]
SQL: SELECT sum(money) as money FROM `rechange` WHERE `hospital_id` = 10 LIMIT 1   [ RunTime:0.0000s ]
NOTIC: [8] Undefined index: percent D:\phpStudy\WWW\tp\Application\Master\Controller\HospitalController.class.php 第 162 行.
NOTIC: [8] Undefined index: percent D:\phpStudy\WWW\tp\Application\Master\Controller\HospitalController.class.php 第 163 行.
INFO: [ view_parse ] --START--
INFO: [ template_filter ] --START--
INFO: Run Behavior\ContentReplaceBehavior [ RunTime:0.000000s ]
INFO: [ template_filter ] --END-- [ RunTime:0.000000s ]
NOTIC: [8] Undefined variable: date D:\phpStudy\WWW\tp\Application\Runtime\Cache\Master\8e8b843255a60c8290cfe71052419a23.php 第 59 行.
INFO: Run Behavior\ParseTemplateBehavior [ RunTime:0.021002s ]
INFO: [ view_parse ] --END-- [ RunTime:0.021002s ]
INFO: [ view_filter ] --START--
INFO: Run Behavior\WriteHtmlCacheBehavior [ RunTime:0.000000s ]
INFO: [ view_filter ] --END-- [ RunTime:0.000000s ]
INFO: [ app_end ] --START--
INFO: Run Behavior\ShowPageTraceBehavior [ RunTime:0.001000s ]
INFO: [ app_end ] --END-- [ RunTime:0.001000s ]

[ 2016-12-22T15:31:01+08:00 ] 127.0.0.1 /Master/Hospital/updatePor
INFO: [ app_init ] --START--
INFO: Run Behavior\BuildLiteBehavior [ RunTime:0.000000s ]
INFO: [ app_init ] --END-- [ RunTime:0.000000s ]
INFO: [ app_begin ] --START--
INFO: Run Behavior\ReadHtmlCacheBehavior [ RunTime:0.001000s ]
INFO: [ app_begin ] --END-- [ RunTime:0.001000s ]
SQL: SHOW COLUMNS FROM `proportion` [ RunTime:0.0000s ]
SQL: INSERT INTO `proportion` (`begin_date`,`percent`,`hospital_id`,`add_admin`) VALUES ('2016-12-23','0.13','10','孙熙') [ RunTime:0.0300s ]
SQL: UPDATE `proportion` SET `is_use`='0',`end_date`='2016-12-22' WHERE `id` = 17 [ RunTime:0.0200s ]

[ 2016-12-22T15:31:03+08:00 ] 127.0.0.1 /Master/Hospital/info/id/10
INFO: [ app_init ] --START--
INFO: Run Behavior\BuildLiteBehavior [ RunTime:0.000000s ]
INFO: [ app_init ] --END-- [ RunTime:0.000000s ]
INFO: [ app_begin ] --START--
INFO: Run Behavior\ReadHtmlCacheBehavior [ RunTime:0.001000s ]
INFO: [ app_begin ] --END-- [ RunTime:0.001000s ]
SQL: SHOW COLUMNS FROM `hospital` [ RunTime:0.0070s ]
SQL: SHOW COLUMNS FROM `spending` [ RunTime:0.0090s ]
SQL: SHOW COLUMNS FROM `proportion` [ RunTime:0.0080s ]
SQL: SHOW COLUMNS FROM `rechange` [ RunTime:0.0080s ]
SQL: SELECT * FROM `hospital` WHERE `id` = 10 LIMIT 1   [ RunTime:0.0010s ]
SQL: SELECT sum(cost_money) as cost FROM `spending` WHERE `hospital_id` = 10 LIMIT 1   [ RunTime:0.0000s ]
SQL: SELECT `id`,`percent`,`begin_date`,`end_date`,`is_use`,`hospital_id` FROM `proportion` WHERE `hospital_id` = 10  [ RunTime:0.0000s ]
SQL: SELECT sum(money) as money FROM `rechange` WHERE `hospital_id` = 10 LIMIT 1   [ RunTime:0.0000s ]
NOTIC: [8] Undefined index: percent D:\phpStudy\WWW\tp\Application\Master\Controller\HospitalController.class.php 第 162 行.
NOTIC: [8] Undefined index: percent D:\phpStudy\WWW\tp\Application\Master\Controller\HospitalController.class.php 第 163 行.
INFO: [ view_parse ] --START--
INFO: [ template_filter ] --START--
INFO: Run Behavior\ContentReplaceBehavior [ RunTime:0.000000s ]
INFO: [ template_filter ] --END-- [ RunTime:0.000000s ]
NOTIC: [8] Undefined variable: date D:\phpStudy\WWW\tp\Application\Runtime\Cache\Master\8e8b843255a60c8290cfe71052419a23.php 第 59 行.
INFO: Run Behavior\ParseTemplateBehavior [ RunTime:0.014001s ]
INFO: [ view_parse ] --END-- [ RunTime:0.014001s ]
INFO: [ view_filter ] --START--
INFO: Run Behavior\WriteHtmlCacheBehavior [ RunTime:0.001000s ]
INFO: [ view_filter ] --END-- [ RunTime:0.001000s ]
INFO: [ app_end ] --START--
INFO: Run Behavior\ShowPageTraceBehavior [ RunTime:0.002000s ]
INFO: [ app_end ] --END-- [ RunTime:0.002000s ]

[ 2016-12-22T15:31:07+08:00 ] 127.0.0.1 /Master/Hospital/info/id/10
INFO: [ app_init ] --START--
INFO: Run Behavior\BuildLiteBehavior [ RunTime:0.000000s ]
INFO: [ app_init ] --END-- [ RunTime:0.000000s ]
INFO: [ app_begin ] --START--
INFO: Run Behavior\ReadHtmlCacheBehavior [ RunTime:0.001000s ]
INFO: [ app_begin ] --END-- [ RunTime:0.001000s ]
SQL: SHOW COLUMNS FROM `hospital` [ RunTime:0.0080s ]
SQL: SHOW COLUMNS FROM `spending` [ RunTime:0.0080s ]
SQL: SHOW COLUMNS FROM `proportion` [ RunTime:0.0080s ]
SQL: SHOW COLUMNS FROM `rechange` [ RunTime:0.0070s ]
SQL: SELECT * FROM `hospital` WHERE `id` = 10 LIMIT 1   [ RunTime:0.0000s ]
SQL: SELECT sum(cost_money) as cost FROM `spending` WHERE `hospital_id` = 10 LIMIT 1   [ RunTime:0.0000s ]
SQL: SELECT `id`,`percent`,`begin_date`,`end_date`,`is_use`,`hospital_id` FROM `proportion` WHERE `hospital_id` = 10  [ RunTime:0.0010s ]
SQL: SELECT sum(money) as money FROM `rechange` WHERE `hospital_id` = 10 LIMIT 1   [ RunTime:0.0000s ]
NOTIC: [8] Undefined index: percent D:\phpStudy\WWW\tp\Application\Master\Controller\HospitalController.class.php 第 162 行.
NOTIC: [8] Undefined index: percent D:\phpStudy\WWW\tp\Application\Master\Controller\HospitalController.class.php 第 163 行.
INFO: [ view_parse ] --START--
INFO: [ template_filter ] --START--
INFO: Run Behavior\ContentReplaceBehavior [ RunTime:0.000000s ]
INFO: [ template_filter ] --END-- [ RunTime:0.000000s ]
NOTIC: [8] Undefined variable: date D:\phpStudy\WWW\tp\Application\Runtime\Cache\Master\8e8b843255a60c8290cfe71052419a23.php 第 59 行.
INFO: Run Behavior\ParseTemplateBehavior [ RunTime:0.011001s ]
INFO: [ view_parse ] --END-- [ RunTime:0.011001s ]
INFO: [ view_filter ] --START--
INFO: Run Behavior\WriteHtmlCacheBehavior [ RunTime:0.000000s ]
INFO: [ view_filter ] --END-- [ RunTime:0.000000s ]
INFO: [ app_end ] --START--
INFO: Run Behavior\ShowPageTraceBehavior [ RunTime:0.001000s ]
INFO: [ app_end ] --END-- [ RunTime:0.001000s ]

[ 2016-12-22T15:31:09+08:00 ] 127.0.0.1 /Master/Hospital/info/id/10
INFO: [ app_init ] --START--
INFO: Run Behavior\BuildLiteBehavior [ RunTime:0.000000s ]
INFO: [ app_init ] --END-- [ RunTime:0.000000s ]
INFO: [ app_begin ] --START--
INFO: Run Behavior\ReadHtmlCacheBehavior [ RunTime:0.001000s ]
INFO: [ app_begin ] --END-- [ RunTime:0.001000s ]
SQL: SHOW COLUMNS FROM `hospital` [ RunTime:0.0140s ]
SQL: SHOW COLUMNS FROM `spending` [ RunTime:0.0120s ]
SQL: SHOW COLUMNS FROM `proportion` [ RunTime:0.0110s ]
SQL: SHOW COLUMNS FROM `rechange` [ RunTime:0.0090s ]
SQL: SELECT * FROM `hospital` WHERE `id` = 10 LIMIT 1   [ RunTime:0.0010s ]
SQL: SELECT sum(cost_money) as cost FROM `spending` WHERE `hospital_id` = 10 LIMIT 1   [ RunTime:0.0000s ]
SQL: SELECT `id`,`percent`,`begin_date`,`end_date`,`is_use`,`hospital_id` FROM `proportion` WHERE `hospital_id` = 10  [ RunTime:0.0010s ]
SQL: SELECT sum(money) as money FROM `rechange` WHERE `hospital_id` = 10 LIMIT 1   [ RunTime:0.0000s ]
NOTIC: [8] Undefined index: percent D:\phpStudy\WWW\tp\Application\Master\Controller\HospitalController.class.php 第 162 行.
NOTIC: [8] Undefined index: percent D:\phpStudy\WWW\tp\Application\Master\Controller\HospitalController.class.php 第 163 行.
INFO: [ view_parse ] --START--
INFO: [ template_filter ] --START--
INFO: Run Behavior\ContentReplaceBehavior [ RunTime:0.000000s ]
INFO: [ template_filter ] --END-- [ RunTime:0.000000s ]
NOTIC: [8] Undefined variable: date D:\phpStudy\WWW\tp\Application\Runtime\Cache\Master\8e8b843255a60c8290cfe71052419a23.php 第 59 行.
INFO: Run Behavior\ParseTemplateBehavior [ RunTime:0.012000s ]
INFO: [ view_parse ] --END-- [ RunTime:0.012000s ]
INFO: [ view_filter ] --START--
INFO: Run Behavior\WriteHtmlCacheBehavior [ RunTime:0.000000s ]
INFO: [ view_filter ] --END-- [ RunTime:0.000000s ]
INFO: [ app_end ] --START--
INFO: Run Behavior\ShowPageTraceBehavior [ RunTime:0.001001s ]
INFO: [ app_end ] --END-- [ RunTime:0.001001s ]

[ 2016-12-22T15:31:09+08:00 ] 127.0.0.1 /Master/Hospital/info/id/10
INFO: [ app_init ] --START--
INFO: Run Behavior\BuildLiteBehavior [ RunTime:0.000000s ]
INFO: [ app_init ] --END-- [ RunTime:0.000000s ]
INFO: [ app_begin ] --START--
INFO: Run Behavior\ReadHtmlCacheBehavior [ RunTime:0.000000s ]
INFO: [ app_begin ] --END-- [ RunTime:0.001000s ]
SQL: SHOW COLUMNS FROM `hospital` [ RunTime:0.0110s ]
SQL: SHOW COLUMNS FROM `spending` [ RunTime:0.0090s ]
SQL: SHOW COLUMNS FROM `proportion` [ RunTime:0.0090s ]
SQL: SHOW COLUMNS FROM `rechange` [ RunTime:0.0070s ]
SQL: SELECT * FROM `hospital` WHERE `id` = 10 LIMIT 1   [ RunTime:0.0000s ]
SQL: SELECT sum(cost_money) as cost FROM `spending` WHERE `hospital_id` = 10 LIMIT 1   [ RunTime:0.0010s ]
SQL: SELECT `id`,`percent`,`begin_date`,`end_date`,`is_use`,`hospital_id` FROM `proportion` WHERE `hospital_id` = 10  [ RunTime:0.0000s ]
SQL: SELECT sum(money) as money FROM `rechange` WHERE `hospital_id` = 10 LIMIT 1   [ RunTime:0.0000s ]
NOTIC: [8] Undefined index: percent D:\phpStudy\WWW\tp\Application\Master\Controller\HospitalController.class.php 第 162 行.
NOTIC: [8] Undefined index: percent D:\phpStudy\WWW\tp\Application\Master\Controller\HospitalController.class.php 第 163 行.
INFO: [ view_parse ] --START--
INFO: [ template_filter ] --START--
INFO: Run Behavior\ContentReplaceBehavior [ RunTime:0.000000s ]
INFO: [ template_filter ] --END-- [ RunTime:0.000000s ]
NOTIC: [8] Undefined variable: date D:\phpStudy\WWW\tp\Application\Runtime\Cache\Master\8e8b843255a60c8290cfe71052419a23.php 第 59 行.
INFO: Run Behavior\ParseTemplateBehavior [ RunTime:0.011000s ]
INFO: [ view_parse ] --END-- [ RunTime:0.011000s ]
INFO: [ view_filter ] --START--
INFO: Run Behavior\WriteHtmlCacheBehavior [ RunTime:0.001001s ]
INFO: [ view_filter ] --END-- [ RunTime:0.001001s ]
INFO: [ app_end ] --START--
INFO: Run Behavior\ShowPageTraceBehavior [ RunTime:0.000000s ]
INFO: [ app_end ] --END-- [ RunTime:0.000000s ]

[ 2016-12-22T15:31:10+08:00 ] 127.0.0.1 /Master/Hospital/info/id/10
INFO: [ app_init ] --START--
INFO: Run Behavior\BuildLiteBehavior [ RunTime:0.000000s ]
INFO: [ app_init ] --END-- [ RunTime:0.001000s ]
INFO: [ app_begin ] --START--
INFO: Run Behavior\ReadHtmlCacheBehavior [ RunTime:0.000000s ]
INFO: [ app_begin ] --END-- [ RunTime:0.000000s ]
SQL: SHOW COLUMNS FROM `hospital` [ RunTime:0.0110s ]
SQL: SHOW COLUMNS FROM `spending` [ RunTime:0.0060s ]
SQL: SHOW COLUMNS FROM `proportion` [ RunTime:0.0080s ]
SQL: SHOW COLUMNS FROM `rechange` [ RunTime:0.0090s ]
SQL: SELECT * FROM `hospital` WHERE `id` = 10 LIMIT 1   [ RunTime:0.0000s ]
SQL: SELECT sum(cost_money) as cost FROM `spending` WHERE `hospital_id` = 10 LIMIT 1   [ RunTime:0.0000s ]
SQL: SELECT `id`,`percent`,`begin_date`,`end_date`,`is_use`,`hospital_id` FROM `proportion` WHERE `hospital_id` = 10  [ RunTime:0.0010s ]
SQL: SELECT sum(money) as money FROM `rechange` WHERE `hospital_id` = 10 LIMIT 1   [ RunTime:0.0010s ]
NOTIC: [8] Undefined index: percent D:\phpStudy\WWW\tp\Application\Master\Controller\HospitalController.class.php 第 162 行.
NOTIC: [8] Undefined index: percent D:\phpStudy\WWW\tp\Application\Master\Controller\HospitalController.class.php 第 163 行.
INFO: [ view_parse ] --START--
INFO: [ template_filter ] --START--
INFO: Run Behavior\ContentReplaceBehavior [ RunTime:0.000000s ]
INFO: [ template_filter ] --END-- [ RunTime:0.000000s ]
NOTIC: [8] Undefined variable: date D:\phpStudy\WWW\tp\Application\Runtime\Cache\Master\8e8b843255a60c8290cfe71052419a23.php 第 59 行.
INFO: Run Behavior\ParseTemplateBehavior [ RunTime:0.010001s ]
INFO: [ view_parse ] --END-- [ RunTime:0.011001s ]
INFO: [ view_filter ] --START--
INFO: Run Behavior\WriteHtmlCacheBehavior [ RunTime:0.000000s ]
INFO: [ view_filter ] --END-- [ RunTime:0.000000s ]
INFO: [ app_end ] --START--
INFO: Run Behavior\ShowPageTraceBehavior [ RunTime:0.000000s ]
INFO: [ app_end ] --END-- [ RunTime:0.000000s ]

[ 2016-12-22T15:31:29+08:00 ] 127.0.0.1 /Master
INFO: [ app_init ] --START--
INFO: Run Behavior\BuildLiteBehavior [ RunTime:0.000000s ]
INFO: [ app_init ] --END-- [ RunTime:0.001001s ]
INFO: [ app_begin ] --START--
INFO: Run Behavior\ReadHtmlCacheBehavior [ RunTime:0.001000s ]
INFO: [ app_begin ] --END-- [ RunTime:0.001000s ]
SQL: SHOW COLUMNS FROM `hospital` [ RunTime:0.0100s ]
SQL: SHOW COLUMNS FROM `spending` [ RunTime:0.0090s ]
SQL: SELECT * FROM `hospital` WHERE `is_use` = 1  [ RunTime:0.0000s ]
SQL: SELECT * FROM `hospital` WHERE `id` = 11 LIMIT 1   [ RunTime:0.0000s ]
SQL: SELECT * FROM `spending` WHERE `hospital_id` = '11' AND `spending_date` BETWEEN '2016-12-01' AND '2016-12-31'  [ RunTime:0.0000s ]
SQL: select sum(cost_money) from spending where hospital_id="11" [ RunTime:0.0000s ]
NOTIC: [8] Undefined index: percent D:\phpStudy\WWW\tp\Application\Master\Controller\IndexController.class.php 第 34 行.
NOTIC: [8] Undefined index: remaining_sum D:\phpStudy\WWW\tp\Application\Master\Controller\IndexController.class.php 第 35 行.
NOTIC: [8] Undefined variable: res D:\phpStudy\WWW\tp\Application\Master\Controller\IndexController.class.php 第 42 行.
INFO: [ view_parse ] --START--
INFO: [ template_filter ] --START--
INFO: Run Behavior\ContentReplaceBehavior [ RunTime:0.000000s ]
INFO: [ template_filter ] --END-- [ RunTime:0.000000s ]
NOTIC: [8] Undefined variable: leav D:\phpStudy\WWW\tp\Application\Runtime\Cache\Master\f9884a4f00f8e32a73c2c1c824d085d3.php 第 66 行.
NOTIC: [8] Undefined variable: hospital_info D:\phpStudy\WWW\tp\Application\Runtime\Cache\Master\f9884a4f00f8e32a73c2c1c824d085d3.php 第 67 行.
INFO: Run Behavior\ParseTemplateBehavior [ RunTime:0.014001s ]
INFO: [ view_parse ] --END-- [ RunTime:0.014001s ]
INFO: [ view_filter ] --START--
INFO: Run Behavior\WriteHtmlCacheBehavior [ RunTime:0.000000s ]
INFO: [ view_filter ] --END-- [ RunTime:0.000000s ]
INFO: [ app_end ] --START--
INFO: Run Behavior\ShowPageTraceBehavior [ RunTime:0.001000s ]
INFO: [ app_end ] --END-- [ RunTime:0.001000s ]

[ 2016-12-22T15:31:32+08:00 ] 127.0.0.1 /Master/Hospital/index
INFO: [ app_init ] --START--
INFO: Run Behavior\BuildLiteBehavior [ RunTime:0.000000s ]
INFO: [ app_init ] --END-- [ RunTime:0.000000s ]
INFO: [ app_begin ] --START--
INFO: Run Behavior\ReadHtmlCacheBehavior [ RunTime:0.001000s ]
INFO: [ app_begin ] --END-- [ RunTime:0.001000s ]
SQL: SHOW COLUMNS FROM `hospital` [ RunTime:0.0070s ]
SQL: SHOW COLUMNS FROM `spending` [ RunTime:0.0080s ]
SQL: SHOW COLUMNS FROM `proportion` [ RunTime:0.0080s ]
SQL: SHOW COLUMNS FROM `rechange` [ RunTime:0.0070s ]
SQL: SELECT * FROM `hospital`  [ RunTime:0.0010s ]
SQL: SELECT `hospital_id`,`percent` FROM `proportion` WHERE `is_use` = 1  [ RunTime:0.0000s ]
SQL: SELECT sum(money) as remaining_sum,`hospital_id` FROM `rechange` GROUP BY hospital_id  [ RunTime:0.0010s ]
SQL: SELECT sum(cost_money) as money,`hospital_id` FROM `spending` GROUP BY hospital_id  [ RunTime:0.0000s ]
NOTIC: [8] Undefined index: 11 D:\phpStudy\WWW\tp\Application\Master\Controller\HospitalController.class.php 第 39 行.
INFO: [ view_parse ] --START--
INFO: [ template_filter ] --START--
INFO: Run Behavior\ContentReplaceBehavior [ RunTime:0.000000s ]
INFO: [ template_filter ] --END-- [ RunTime:0.000000s ]
NOTIC: [8] Undefined variable: add_form_unique D:\phpStudy\WWW\tp\Application\Runtime\Cache\Master\6444b16e41eda0c2fb4d1429df4ad96d.php 第 84 行.
NOTIC: [8] Undefined variable: add_form_unique D:\phpStudy\WWW\tp\Application\Runtime\Cache\Master\6444b16e41eda0c2fb4d1429df4ad96d.php 第 84 行.
NOTIC: [8] Undefined index: 11 D:\phpStudy\WWW\tp\Application\Runtime\Cache\Master\6444b16e41eda0c2fb4d1429df4ad96d.php 第 90 行.
INFO: Run Behavior\ParseTemplateBehavior [ RunTime:0.010000s ]
INFO: [ view_parse ] --END-- [ RunTime:0.010000s ]
INFO: [ view_filter ] --START--
INFO: Run Behavior\WriteHtmlCacheBehavior [ RunTime:0.000000s ]
INFO: [ view_filter ] --END-- [ RunTime:0.000000s ]
INFO: [ app_end ] --START--
INFO: Run Behavior\ShowPageTraceBehavior [ RunTime:0.001000s ]
INFO: [ app_end ] --END-- [ RunTime:0.001000s ]

[ 2016-12-22T15:31:34+08:00 ] 127.0.0.1 /Master/Hospital/info/id/11
INFO: [ app_init ] --START--
INFO: Run Behavior\BuildLiteBehavior [ RunTime:0.000000s ]
INFO: [ app_init ] --END-- [ RunTime:0.001000s ]
INFO: [ app_begin ] --START--
INFO: Run Behavior\ReadHtmlCacheBehavior [ RunTime:0.000000s ]
INFO: [ app_begin ] --END-- [ RunTime:0.000000s ]
SQL: SHOW COLUMNS FROM `hospital` [ RunTime:0.0100s ]
SQL: SHOW COLUMNS FROM `spending` [ RunTime:0.0080s ]
SQL: SHOW COLUMNS FROM `proportion` [ RunTime:0.0120s ]
SQL: SHOW COLUMNS FROM `rechange` [ RunTime:0.0100s ]
SQL: SELECT * FROM `hospital` WHERE `id` = 11 LIMIT 1   [ RunTime:0.0000s ]
SQL: SELECT sum(cost_money) as cost FROM `spending` WHERE `hospital_id` = 11 LIMIT 1   [ RunTime:0.0010s ]
SQL: SELECT `id`,`percent`,`begin_date`,`end_date`,`is_use`,`hospital_id` FROM `proportion` WHERE `hospital_id` = 11  [ RunTime:0.0000s ]
SQL: SELECT sum(money) as money FROM `rechange` WHERE `hospital_id` = 11 LIMIT 1   [ RunTime:0.0000s ]
NOTIC: [8] Undefined index: percent D:\phpStudy\WWW\tp\Application\Master\Controller\HospitalController.class.php 第 162 行.
NOTIC: [8] Undefined index: percent D:\phpStudy\WWW\tp\Application\Master\Controller\HospitalController.class.php 第 163 行.
INFO: [ view_parse ] --START--
INFO: [ template_filter ] --START--
INFO: Run Behavior\ContentReplaceBehavior [ RunTime:0.001000s ]
INFO: [ template_filter ] --END-- [ RunTime:0.001000s ]
NOTIC: [8] Undefined variable: date D:\phpStudy\WWW\tp\Application\Runtime\Cache\Master\8e8b843255a60c8290cfe71052419a23.php 第 59 行.
INFO: Run Behavior\ParseTemplateBehavior [ RunTime:0.011000s ]
INFO: [ view_parse ] --END-- [ RunTime:0.011000s ]
INFO: [ view_filter ] --START--
INFO: Run Behavior\WriteHtmlCacheBehavior [ RunTime:0.000000s ]
INFO: [ view_filter ] --END-- [ RunTime:0.000000s ]
INFO: [ app_end ] --START--
INFO: Run Behavior\ShowPageTraceBehavior [ RunTime:0.001000s ]
INFO: [ app_end ] --END-- [ RunTime:0.001000s ]

[ 2016-12-22T15:31:38+08:00 ] 127.0.0.1 /Master/Hospital/updatePor
INFO: [ app_init ] --START--
INFO: Run Behavior\BuildLiteBehavior [ RunTime:0.000000s ]
INFO: [ app_init ] --END-- [ RunTime:0.000000s ]
INFO: [ app_begin ] --START--
INFO: Run Behavior\ReadHtmlCacheBehavior [ RunTime:0.000000s ]
INFO: [ app_begin ] --END-- [ RunTime:0.000000s ]
SQL: SHOW COLUMNS FROM `proportion` [ RunTime:0.0090s ]
SQL: INSERT INTO `proportion` (`begin_date`,`percent`,`hospital_id`,`add_admin`) VALUES ('2016-12-23','0.14','11','孙熙') [ RunTime:0.0360s ]
SQL: UPDATE `proportion` SET `is_use`='0',`end_date`='2016-12-22' WHERE `id` = 16 [ RunTime:0.0200s ]

[ 2016-12-22T15:31:40+08:00 ] 127.0.0.1 /Master/Hospital/info/id/11
INFO: [ app_init ] --START--
INFO: Run Behavior\BuildLiteBehavior [ RunTime:0.000000s ]
INFO: [ app_init ] --END-- [ RunTime:0.001000s ]
INFO: [ app_begin ] --START--
INFO: Run Behavior\ReadHtmlCacheBehavior [ RunTime:0.001001s ]
INFO: [ app_begin ] --END-- [ RunTime:0.001001s ]
SQL: SHOW COLUMNS FROM `hospital` [ RunTime:0.0060s ]
SQL: SHOW COLUMNS FROM `spending` [ RunTime:0.0120s ]
SQL: SHOW COLUMNS FROM `proportion` [ RunTime:0.0080s ]
SQL: SHOW COLUMNS FROM `rechange` [ RunTime:0.0090s ]
SQL: SELECT * FROM `hospital` WHERE `id` = 11 LIMIT 1   [ RunTime:0.0010s ]
SQL: SELECT sum(cost_money) as cost FROM `spending` WHERE `hospital_id` = 11 LIMIT 1   [ RunTime:0.0000s ]
SQL: SELECT `id`,`percent`,`begin_date`,`end_date`,`is_use`,`hospital_id` FROM `proportion` WHERE `hospital_id` = 11  [ RunTime:0.0000s ]
SQL: SELECT sum(money) as money FROM `rechange` WHERE `hospital_id` = 11 LIMIT 1   [ RunTime:0.0000s ]
NOTIC: [8] Undefined index: percent D:\phpStudy\WWW\tp\Application\Master\Controller\HospitalController.class.php 第 162 行.
NOTIC: [8] Undefined index: percent D:\phpStudy\WWW\tp\Application\Master\Controller\HospitalController.class.php 第 163 行.
INFO: [ view_parse ] --START--
INFO: [ template_filter ] --START--
INFO: Run Behavior\ContentReplaceBehavior [ RunTime:0.000000s ]
INFO: [ template_filter ] --END-- [ RunTime:0.000000s ]
NOTIC: [8] Undefined variable: date D:\phpStudy\WWW\tp\Application\Runtime\Cache\Master\8e8b843255a60c8290cfe71052419a23.php 第 59 行.
INFO: Run Behavior\ParseTemplateBehavior [ RunTime:0.011001s ]
INFO: [ view_parse ] --END-- [ RunTime:0.011001s ]
INFO: [ view_filter ] --START--
INFO: Run Behavior\WriteHtmlCacheBehavior [ RunTime:0.001000s ]
INFO: [ view_filter ] --END-- [ RunTime:0.001000s ]
INFO: [ app_end ] --START--
INFO: Run Behavior\ShowPageTraceBehavior [ RunTime:0.000000s ]
INFO: [ app_end ] --END-- [ RunTime:0.000000s ]

[ 2016-12-22T11:27:32+08:00 ] 127.0.0.1 /Master/Hospital/recharge
INFO: [ app_begin ] --START--
INFO: Run Behavior\ReadHtmlCacheBehavior [ RunTime:0.001000s ]
INFO: [ app_begin ] --END-- [ RunTime:0.001000s ]

[ 2016-12-22T11:27:38+08:00 ] 127.0.0.1 /Master/Hospital/recharge
INFO: [ app_begin ] --START--
INFO: Run Behavior\ReadHtmlCacheBehavior [ RunTime:0.001000s ]
INFO: [ app_begin ] --END-- [ RunTime:0.002000s ]

[ 2016-12-22T11:28:24+08:00 ] 127.0.0.1 /Master/Hospital/recharge
INFO: [ app_begin ] --START--
INFO: Run Behavior\ReadHtmlCacheBehavior [ RunTime:0.001000s ]
INFO: [ app_begin ] --END-- [ RunTime:0.001000s ]

[ 2016-12-22T11:29:04+08:00 ] 127.0.0.1 /Master/Hospital/recharge
INFO: [ app_begin ] --START--
INFO: Run Behavior\ReadHtmlCacheBehavior [ RunTime:0.000000s ]
INFO: [ app_begin ] --END-- [ RunTime:0.000000s ]

[ 2016-12-22T11:29:13+08:00 ] 127.0.0.1 /Master/Hospital/recharge
INFO: [ app_begin ] --START--
INFO: Run Behavior\ReadHtmlCacheBehavior [ RunTime:0.000000s ]
INFO: [ app_begin ] --END-- [ RunTime:0.000000s ]

[ 2016-12-22T11:30:26+08:00 ] 127.0.0.1 /Master/Hospital/recharge
INFO: [ app_begin ] --START--
INFO: Run Behavior\ReadHtmlCacheBehavior [ RunTime:0.001000s ]
INFO: [ app_begin ] --END-- [ RunTime:0.001000s ]
SQL: SHOW COLUMNS FROM `rechange` [ RunTime:0.0050s ]
SQL: INSERT INTO `rechange` (`money`,`hospital_id`,`add_admin`) VALUES ('1000000','4','孙熙') [ RunTime:0.0960s ]

[ 2016-12-22T11:30:39+08:00 ] 127.0.0.1 /Master/Hospital/recharge
INFO: [ app_begin ] --START--
INFO: Run Behavior\ReadHtmlCacheBehavior [ RunTime:0.001000s ]
INFO: [ app_begin ] --END-- [ RunTime:0.001000s ]

[ 2016-12-22T11:30:40+08:00 ] 127.0.0.1 /Master/Hospital/recharge
INFO: [ app_begin ] --START--
INFO: Run Behavior\ReadHtmlCacheBehavior [ RunTime:0.001001s ]
INFO: [ app_begin ] --END-- [ RunTime:0.001001s ]

[ 2016-12-22T11:30:41+08:00 ] 127.0.0.1 /Master/Hospital/recharge
INFO: [ app_begin ] --START--
INFO: Run Behavior\ReadHtmlCacheBehavior [ RunTime:0.001000s ]
INFO: [ app_begin ] --END-- [ RunTime:0.001000s ]

[ 2016-12-22T11:30:41+08:00 ] 127.0.0.1 /Master/Hospital/recharge
INFO: [ app_begin ] --START--
INFO: Run Behavior\ReadHtmlCacheBehavior [ RunTime:0.001000s ]
INFO: [ app_begin ] --END-- [ RunTime:0.001000s ]

[ 2016-12-22T11:30:41+08:00 ] 127.0.0.1 /Master/Hospital/recharge
INFO: [ app_begin ] --START--
INFO: Run Behavior\ReadHtmlCacheBehavior [ RunTime:0.002000s ]
INFO: [ app_begin ] --END-- [ RunTime:0.003000s ]

[ 2016-12-22T11:30:41+08:00 ] 127.0.0.1 /Master/Hospital/recharge
INFO: [ app_begin ] --START--
INFO: Run Behavior\ReadHtmlCacheBehavior [ RunTime:0.000000s ]
INFO: [ app_begin ] --END-- [ RunTime:0.001001s ]

[ 2016-12-22T11:30:42+08:00 ] 127.0.0.1 /Master/Hospital/recharge
INFO: [ app_begin ] --START--
INFO: Run Behavior\ReadHtmlCacheBehavior [ RunTime:0.000000s ]
INFO: [ app_begin ] --END-- [ RunTime:0.001000s ]

[ 2016-12-22T11:30:42+08:00 ] 127.0.0.1 /Master/Hospital/recharge
INFO: [ app_begin ] --START--
INFO: Run Behavior\ReadHtmlCacheBehavior [ RunTime:0.000000s ]
INFO: [ app_begin ] --END-- [ RunTime:0.001001s ]

[ 2016-12-22T11:30:48+08:00 ] 127.0.0.1 /Master/Hospital/recharge
INFO: [ app_begin ] --START--
INFO: Run Behavior\ReadHtmlCacheBehavior [ RunTime:0.001000s ]
INFO: [ app_begin ] --END-- [ RunTime:0.001000s ]

[ 2016-12-22T11:30:56+08:00 ] 127.0.0.1 /Master/Hospital/recharge
INFO: [ app_begin ] --START--
INFO: Run Behavior\ReadHtmlCacheBehavior [ RunTime:0.000000s ]
INFO: [ app_begin ] --END-- [ RunTime:0.000000s ]
SQL: SHOW COLUMNS FROM `rechange` [ RunTime:0.0050s ]
SQL: INSERT INTO `rechange` (`money`,`hospital_id`,`add_admin`) VALUES ('300','4','孙熙') [ RunTime:0.0290s ]

[ 2016-12-22T11:34:55+08:00 ] 127.0.0.1 /Master/Index/changeHospital
INFO: [ app_begin ] --START--
INFO: Run Behavior\ReadHtmlCacheBehavior [ RunTime:0.001000s ]
INFO: [ app_begin ] --END-- [ RunTime:0.003000s ]
SQL: SHOW COLUMNS FROM `hospital` [ RunTime:0.0050s ]
SQL: SELECT * FROM `hospital` WHERE `id` = 5 LIMIT 1   [ RunTime:0.0000s ]

[ 2016-12-22T11:34:56+08:00 ] 127.0.0.1 /Master/Index/changeHospital
INFO: [ app_begin ] --START--
INFO: Run Behavior\ReadHtmlCacheBehavior [ RunTime:0.002000s ]
INFO: [ app_begin ] --END-- [ RunTime:0.003000s ]
SQL: SHOW COLUMNS FROM `hospital` [ RunTime:0.0040s ]
SQL: SELECT * FROM `hospital` WHERE `id` = 4 LIMIT 1   [ RunTime:0.0010s ]

[ 2016-12-22T11:50:00+08:00 ] 127.0.0.1 /Master/Hospital/updatePor
INFO: [ app_begin ] --START--
INFO: Run Behavior\ReadHtmlCacheBehavior [ RunTime:0.000000s ]
INFO: [ app_begin ] --END-- [ RunTime:0.001000s ]
SQL: SHOW COLUMNS FROM `proportion` [ RunTime:0.0050s ]
SQL: SHOW COLUMNS FROM `spending` [ RunTime:0.0050s ]
SQL: SELECT * FROM `proportion` WHERE `id` = 9 LIMIT 1   [ RunTime:0.0000s ]
SQL: INSERT INTO `proportion` (`begin_date`,`percent`,`hospital_id`,`add_admin`) VALUES ('2016-12-23','0.12','4','孙熙') [ RunTime:0.0310s ]
SQL: UPDATE `proportion` SET `is_use`='0',`end_date`='2016-12-22' WHERE `id` = 9 [ RunTime:0.0240s ]
SQL: UPDATE `spending` SET `percentId`='11' WHERE `spending_date` >= '2016-12-23' [ RunTime:0.0260s ]

[ 2016-12-22T11:53:46+08:00 ] 127.0.0.1 /Master/Hospital/recharge
INFO: [ app_begin ] --START--
INFO: Run Behavior\ReadHtmlCacheBehavior [ RunTime:0.000000s ]
INFO: [ app_begin ] --END-- [ RunTime:0.000000s ]

[ 2016-12-22T11:53:55+08:00 ] 127.0.0.1 /Master/Hospital/recharge
INFO: [ app_begin ] --START--
INFO: Run Behavior\ReadHtmlCacheBehavior [ RunTime:0.001001s ]
INFO: [ app_begin ] --END-- [ RunTime:0.001001s ]
SQL: SHOW COLUMNS FROM `rechange` [ RunTime:0.0040s ]
SQL: INSERT INTO `rechange` (`money`,`hospital_id`,`add_admin`) VALUES ('10','4','孙熙') [ RunTime:0.0270s ]

[ 2016-12-22T15:19:28+08:00 ] 127.0.0.1 /Master/Hospital/update
INFO: [ app_begin ] --START--
INFO: Run Behavior\ReadHtmlCacheBehavior [ RunTime:0.001000s ]
INFO: [ app_begin ] --END-- [ RunTime:0.001000s ]
SQL: SHOW COLUMNS FROM `hospital` [ RunTime:0.0030s ]
SQL: UPDATE `hospital` SET `name`='博爱医院sad',`intro`='撒打算碍事',`is_use`='1' WHERE `id` = 4 [ RunTime:0.0440s ]

[ 2016-12-22T15:20:15+08:00 ] 127.0.0.1 /Master/Hospital/update
INFO: [ app_begin ] --START--
INFO: Run Behavior\ReadHtmlCacheBehavior [ RunTime:0.000000s ]
INFO: [ app_begin ] --END-- [ RunTime:0.001000s ]
SQL: SHOW COLUMNS FROM `hospital` [ RunTime:0.0040s ]
SQL: UPDATE `hospital` SET `name`='博爱医院',`intro`='撒打算碍事',`is_use`='1' WHERE `id` = 4 [ RunTime:0.1110s ]

[ 2016-12-22T15:20:30+08:00 ] 127.0.0.1 /Master/Hospital/update
INFO: [ app_begin ] --START--
INFO: Run Behavior\ReadHtmlCacheBehavior [ RunTime:0.001000s ]
INFO: [ app_begin ] --END-- [ RunTime:0.001000s ]
SQL: SHOW COLUMNS FROM `hospital` [ RunTime:0.0040s ]
SQL: UPDATE `hospital` SET `name`='博爱医院ss',`intro`='撒打算碍事',`is_use`='1' WHERE `id` = 4 [ RunTime:0.0340s ]

[ 2016-12-22T15:20:41+08:00 ] 127.0.0.1 /Master/Hospital/update
INFO: [ app_begin ] --START--
INFO: Run Behavior\ReadHtmlCacheBehavior [ RunTime:0.001000s ]
INFO: [ app_begin ] --END-- [ RunTime:0.001000s ]
SQL: SHOW COLUMNS FROM `hospital` [ RunTime:0.0040s ]
SQL: UPDATE `hospital` SET `name`='博爱医院',`intro`='撒打算碍事',`is_use`='1' WHERE `id` = 4 [ RunTime:0.0280s ]

[ 2016-12-22T15:22:38+08:00 ] 127.0.0.1 /Master/Hospital/update
INFO: [ app_begin ] --START--
INFO: Run Behavior\ReadHtmlCacheBehavior [ RunTime:0.001000s ]
INFO: [ app_begin ] --END-- [ RunTime:0.001000s ]
SQL: SHOW COLUMNS FROM `hospital` [ RunTime:0.0040s ]
SQL: UPDATE `hospital` SET `name`='博爱医院s',`intro`='撒打算碍事',`is_use`='1' WHERE `id` = 4 [ RunTime:0.0270s ]

[ 2016-12-22T15:22:41+08:00 ] 127.0.0.1 /Master/Hospital/update
INFO: [ app_begin ] --START--
INFO: Run Behavior\ReadHtmlCacheBehavior [ RunTime:0.000000s ]
INFO: [ app_begin ] --END-- [ RunTime:0.000000s ]
SQL: SHOW COLUMNS FROM `hospital` [ RunTime:0.0040s ]
SQL: UPDATE `hospital` SET `name`='博爱医院',`intro`='撒打算碍事',`is_use`='1' WHERE `id` = 4 [ RunTime:0.0300s ]

