[ 2016-12-21T09:38:07+08:00 ] 127.0.0.1 /index.php/Master/Patient/addPatient.html
INFO: [ app_begin ] --START--
INFO: Run Behavior\ReadHtmlCacheBehavior [ RunTime:0.000000s ]
INFO: [ app_begin ] --END-- [ RunTime:0.001000s ]
SQL: SHOW COLUMNS FROM `patient` [ RunTime:0.0030s ]
SQL: SHOW COLUMNS FROM `spending` [ RunTime:0.0040s ]
NOTIC: [2] Invalid argument supplied for foreach() D:\phpStudy\WWW\tp\Application\Master\Controller\PatientController.class.php 第 79 行.
SQL: SELECT * FROM `patient` WHERE `tel` IN ('01132132312') LIMIT 1   [ RunTime:0.0020s ]
ERR: 1048:Column 'hospital_id' cannot be null
 [ SQL语句 ] : INSERT INTO `patient` (`hospital_date`,`hospital_id`,`name`,`age`,`sex`,`illness`,`tel`) VALUES ('2016-08-01',NULL,'13s','13','男','sadas','01132132312')
ERR: 1048:Column 'hospital_id' cannot be null
 [ SQL语句 ] : INSERT INTO `patient` (`hospital_date`,`hospital_id`,`name`,`age`,`sex`,`illness`,`tel`) VALUES ('2016-08-01',NULL,'13s','13','男','sadas','01132132312')

[ 2016-12-21T09:38:08+08:00 ] 127.0.0.1 /index.php/Master/Patient/addPatient.html
INFO: [ app_begin ] --START--
INFO: Run Behavior\ReadHtmlCacheBehavior [ RunTime:0.000000s ]
INFO: [ app_begin ] --END-- [ RunTime:0.001000s ]
SQL: SHOW COLUMNS FROM `patient` [ RunTime:0.0020s ]
SQL: SHOW COLUMNS FROM `spending` [ RunTime:0.0030s ]
NOTIC: [2] Invalid argument supplied for foreach() D:\phpStudy\WWW\tp\Application\Master\Controller\PatientController.class.php 第 79 行.
SQL: SELECT * FROM `patient` WHERE `tel` IN ('01132132312') LIMIT 1   [ RunTime:0.0000s ]
ERR: 1048:Column 'hospital_id' cannot be null
 [ SQL语句 ] : INSERT INTO `patient` (`hospital_date`,`hospital_id`,`name`,`age`,`sex`,`illness`,`tel`) VALUES ('2016-08-01',NULL,'13s','13','男','sadas','01132132312')
ERR: 1048:Column 'hospital_id' cannot be null
 [ SQL语句 ] : INSERT INTO `patient` (`hospital_date`,`hospital_id`,`name`,`age`,`sex`,`illness`,`tel`) VALUES ('2016-08-01',NULL,'13s','13','男','sadas','01132132312')

[ 2016-12-21T09:38:08+08:00 ] 127.0.0.1 /index.php/Master/Patient/addPatient.html
INFO: [ app_begin ] --START--
INFO: Run Behavior\ReadHtmlCacheBehavior [ RunTime:0.001000s ]
INFO: [ app_begin ] --END-- [ RunTime:0.002000s ]
SQL: SHOW COLUMNS FROM `patient` [ RunTime:0.0030s ]
SQL: SHOW COLUMNS FROM `spending` [ RunTime:0.0020s ]
NOTIC: [2] Invalid argument supplied for foreach() D:\phpStudy\WWW\tp\Application\Master\Controller\PatientController.class.php 第 79 行.
SQL: SELECT * FROM `patient` WHERE `tel` IN ('01132132312') LIMIT 1   [ RunTime:0.0000s ]
ERR: 1048:Column 'hospital_id' cannot be null
 [ SQL语句 ] : INSERT INTO `patient` (`hospital_date`,`hospital_id`,`name`,`age`,`sex`,`illness`,`tel`) VALUES ('2016-08-01',NULL,'13s','13','男','sadas','01132132312')
ERR: 1048:Column 'hospital_id' cannot be null
 [ SQL语句 ] : INSERT INTO `patient` (`hospital_date`,`hospital_id`,`name`,`age`,`sex`,`illness`,`tel`) VALUES ('2016-08-01',NULL,'13s','13','男','sadas','01132132312')

[ 2016-12-21T09:38:16+08:00 ] 127.0.0.1 /index.php/Master/Patient/addPatient.html
INFO: [ app_begin ] --START--
INFO: Run Behavior\ReadHtmlCacheBehavior [ RunTime:0.001000s ]
INFO: [ app_begin ] --END-- [ RunTime:0.002000s ]

[ 2016-12-21T09:38:25+08:00 ] 127.0.0.1 /index.php/Master/Patient/addPatient.html
INFO: [ app_begin ] --START--
INFO: Run Behavior\ReadHtmlCacheBehavior [ RunTime:0.000000s ]
INFO: [ app_begin ] --END-- [ RunTime:0.001000s ]

[ 2016-12-21T09:39:00+08:00 ] 127.0.0.1 /index.php/Master/Hospital/addHospital.html
INFO: [ app_begin ] --START--
INFO: Run Behavior\ReadHtmlCacheBehavior [ RunTime:0.001000s ]
INFO: [ app_begin ] --END-- [ RunTime:0.001000s ]
SQL: SHOW COLUMNS FROM `hospital` [ RunTime:0.0040s ]
SQL: SHOW COLUMNS FROM `proportion` [ RunTime:0.0020s ]
SQL: SHOW COLUMNS FROM `rechange` [ RunTime:0.0030s ]
SQL: INSERT INTO `hospital` (`name`,`intro`,`add_admin`) VALUES ('博爱医院','中国好医院','孙熙') [ RunTime:0.0370s ]
SQL: INSERT INTO `rechange` (`money`,`hospital_id`,`add_admin`) VALUES ('130000','1','孙熙') [ RunTime:0.0330s ]
SQL: INSERT INTO `proportion` (`percent`,`hospital_id`,`add_admin`,`begin_date`) VALUES ('0.12','1','孙熙','2016-12-22') [ RunTime:0.0280s ]

[ 2016-12-21T09:45:12+08:00 ] 127.0.0.1 /index.php/Master/Doctor/addDoctor.html
INFO: [ app_begin ] --START--
INFO: Run Behavior\ReadHtmlCacheBehavior [ RunTime:0.001000s ]
INFO: [ app_begin ] --END-- [ RunTime:0.001000s ]
SQL: SHOW COLUMNS FROM `doctor` [ RunTime:0.0020s ]
NOTIC: [2] Invalid argument supplied for foreach() D:\phpStudy\WWW\tp\Application\Master\Controller\DoctorController.class.php 第 30 行.
NOTIC: [2] Invalid argument supplied for foreach() D:\phpStudy\WWW\tp\Application\Master\Controller\DoctorController.class.php 第 30 行.
SQL: INSERT INTO `doctor` (`name`,`hospital_id`,`age`,`sex`,`tel`) VALUES ('张三','1','21','男','13213213132') [ RunTime:0.0910s ]

[ 2016-12-21T09:45:26+08:00 ] 127.0.0.1 /index.php/Master/Patient/addPatient.html
INFO: [ app_begin ] --START--
INFO: Run Behavior\ReadHtmlCacheBehavior [ RunTime:0.000000s ]
INFO: [ app_begin ] --END-- [ RunTime:0.001000s ]
SQL: SHOW COLUMNS FROM `patient` [ RunTime:0.0030s ]
SQL: SHOW COLUMNS FROM `spending` [ RunTime:0.0040s ]
SQL: SHOW COLUMNS FROM `proportion` [ RunTime:0.0050s ]
SQL: SELECT * FROM `proportion` WHERE `hospital_id` = 1 AND `is_use` = 1 LIMIT 1   [ RunTime:0.0010s ]

[ 2016-12-21T09:49:07+08:00 ] 127.0.0.1 /index.php/Master/Patient/addPatient.html
INFO: [ app_begin ] --START--
INFO: Run Behavior\ReadHtmlCacheBehavior [ RunTime:0.001000s ]
INFO: [ app_begin ] --END-- [ RunTime:0.002000s ]
SQL: SHOW COLUMNS FROM `patient` [ RunTime:0.0030s ]
SQL: SHOW COLUMNS FROM `spending` [ RunTime:0.0030s ]
SQL: SHOW COLUMNS FROM `proportion` [ RunTime:0.0020s ]
SQL: SELECT `id` FROM `proportion` WHERE `hospital_id` = 1 AND `is_use` = 1 LIMIT 1   [ RunTime:0.0010s ]
NOTIC: [2] Invalid argument supplied for foreach() D:\phpStudy\WWW\tp\Application\Master\Controller\PatientController.class.php 第 85 行.
SQL: SELECT * FROM `patient` WHERE `hospital_id` = 1 AND `tel` IN ('13213212313',1) LIMIT 1   [ RunTime:0.0010s ]
SQL: INSERT INTO `patient` (`hospital_date`,`hospital_id`,`name`,`age`,`sex`,`illness`,`tel`,`doctor_id`) VALUES ('2016-08-01','1','阿斯顿','13','男','撒打算打算','13213212313','1') [ RunTime:0.0290s ]
SQL: INSERT INTO `spending` (`hospital_id`,`patient_name`,`patient_tel`,`percentId`,`spending_date`) VALUES ('1','阿斯顿','13213212313','1','2016-08-1'),('1','阿斯顿','13213212313','1','2016-08-2'),('1','阿斯顿','13213212313','1','2016-08-3'),('1','阿斯顿','13213212313','1','2016-08-4'),('1','阿斯顿','13213212313','1','2016-08-5'),('1','阿斯顿','13213212313','1','2016-08-6'),('1','阿斯顿','13213212313','1','2016-08-7'),('1','阿斯顿','13213212313','1','2016-08-8'),('1','阿斯顿','13213212313','1','2016-08-9'),('1','阿斯顿','13213212313','1','2016-08-10'),('1','阿斯顿','13213212313','1','2016-08-11'),('1','阿斯顿','13213212313','1','2016-08-12'),('1','阿斯顿','13213212313','1','2016-08-13'),('1','阿斯顿','13213212313','1','2016-08-14'),('1','阿斯顿','13213212313','1','2016-08-15'),('1','阿斯顿','13213212313','1','2016-08-16'),('1','阿斯顿','13213212313','1','2016-08-17'),('1','阿斯顿','13213212313','1','2016-08-18'),('1','阿斯顿','13213212313','1','2016-08-19'),('1','阿斯顿','13213212313','1','2016-08-20'),('1','阿斯顿','13213212313','1','2016-08-21'),('1','阿斯顿','13213212313','1','2016-08-22'),('1','阿斯顿','13213212313','1','2016-08-23'),('1','阿斯顿','13213212313','1','2016-08-24'),('1','阿斯顿','13213212313','1','2016-08-25'),('1','阿斯顿','13213212313','1','2016-08-26'),('1','阿斯顿','13213212313','1','2016-08-27'),('1','阿斯顿','13213212313','1','2016-08-28'),('1','阿斯顿','13213212313','1','2016-08-29'),('1','阿斯顿','13213212313','1','2016-08-30'),('1','阿斯顿','13213212313','1','2016-08-31') [ RunTime:0.0250s ]
SQL: SELECT * FROM `spending` WHERE `hospital_id` = 1 AND `spending_date` BETWEEN '2017-01-01' AND '2017-01-31' LIMIT 1   [ RunTime:0.0000s ]

[ 2016-12-21T09:49:24+08:00 ] 127.0.0.1 /Master/Spending/select
INFO: [ app_begin ] --START--
INFO: Run Behavior\ReadHtmlCacheBehavior [ RunTime:0.001000s ]
INFO: [ app_begin ] --END-- [ RunTime:0.001000s ]
SQL: SHOW COLUMNS FROM `spending` [ RunTime:0.0020s ]
SQL: SELECT * FROM `spending` WHERE `hospital_id` = 1 AND `spending_date` BETWEEN '2016-08-01' AND '2016-08-31'  [ RunTime:0.0000s ]
NOTIC: [8] Undefined index: sum_money D:\phpStudy\WWW\tp\Application\Master\Controller\SpendingController.class.php 第 79 行.

[ 2016-12-21T09:50:47+08:00 ] 127.0.0.1 /index.php/Master/Hospital/addHospital.html
INFO: [ app_begin ] --START--
INFO: Run Behavior\ReadHtmlCacheBehavior [ RunTime:0.000000s ]
INFO: [ app_begin ] --END-- [ RunTime:0.000000s ]
SQL: SHOW COLUMNS FROM `hospital` [ RunTime:0.0030s ]
SQL: SHOW COLUMNS FROM `proportion` [ RunTime:0.0020s ]
SQL: SHOW COLUMNS FROM `rechange` [ RunTime:0.0020s ]
SQL: INSERT INTO `hospital` (`name`,`intro`,`add_admin`) VALUES ('成双医院','好医院','孙熙') [ RunTime:0.0220s ]
SQL: INSERT INTO `rechange` (`money`,`hospital_id`,`add_admin`) VALUES ('13000000','2','孙熙') [ RunTime:0.0230s ]
SQL: INSERT INTO `proportion` (`percent`,`hospital_id`,`add_admin`,`begin_date`) VALUES ('0.13','2','孙熙','2016-12-22') [ RunTime:0.0280s ]

[ 2016-12-21T09:50:54+08:00 ] 127.0.0.1 /Master/Index/changeHospital
INFO: [ app_begin ] --START--
INFO: Run Behavior\ReadHtmlCacheBehavior [ RunTime:0.001000s ]
INFO: [ app_begin ] --END-- [ RunTime:0.001000s ]
SQL: SHOW COLUMNS FROM `hospital` [ RunTime:0.0020s ]
SQL: SELECT * FROM `hospital` WHERE `id` = 2 LIMIT 1   [ RunTime:0.0010s ]

[ 2016-12-21T09:51:12+08:00 ] 127.0.0.1 /index.php/Master/Doctor/addDoctor.html
INFO: [ app_begin ] --START--
INFO: Run Behavior\ReadHtmlCacheBehavior [ RunTime:0.001000s ]
INFO: [ app_begin ] --END-- [ RunTime:0.001000s ]
SQL: SHOW COLUMNS FROM `doctor` [ RunTime:0.0030s ]
NOTIC: [2] Invalid argument supplied for foreach() D:\phpStudy\WWW\tp\Application\Master\Controller\DoctorController.class.php 第 30 行.
NOTIC: [2] Invalid argument supplied for foreach() D:\phpStudy\WWW\tp\Application\Master\Controller\DoctorController.class.php 第 30 行.
SQL: INSERT INTO `doctor` (`name`,`hospital_id`,`age`,`sex`,`tel`) VALUES ('萨达','2','13','男','13213212231') [ RunTime:0.0290s ]

[ 2016-12-21T09:51:39+08:00 ] 127.0.0.1 /index.php/Master/Patient/addPatient.html
INFO: [ app_begin ] --START--
INFO: Run Behavior\ReadHtmlCacheBehavior [ RunTime:0.001000s ]
INFO: [ app_begin ] --END-- [ RunTime:0.001000s ]
SQL: SHOW COLUMNS FROM `patient` [ RunTime:0.0030s ]
SQL: SHOW COLUMNS FROM `spending` [ RunTime:0.0020s ]
SQL: SHOW COLUMNS FROM `proportion` [ RunTime:0.0030s ]
SQL: SELECT `id` FROM `proportion` WHERE `hospital_id` = 2 AND `is_use` = 1 LIMIT 1   [ RunTime:0.0000s ]
NOTIC: [2] Invalid argument supplied for foreach() D:\phpStudy\WWW\tp\Application\Master\Controller\PatientController.class.php 第 85 行.
SQL: SELECT * FROM `patient` WHERE `hospital_id` = 2 AND `tel` IN ('13210321231',2) LIMIT 1   [ RunTime:0.0000s ]
SQL: INSERT INTO `patient` (`hospital_date`,`hospital_id`,`name`,`age`,`sex`,`illness`,`tel`,`doctor_id`) VALUES ('2016-12-01','2','啊实打实1','13','男','撒打算打算132','13210321231','2') [ RunTime:0.0210s ]
SQL: INSERT INTO `spending` (`hospital_id`,`patient_name`,`patient_tel`,`percentId`,`spending_date`) VALUES ('2','啊实打实1','13210321231','2','2016-12-1'),('2','啊实打实1','13210321231','2','2016-12-2'),('2','啊实打实1','13210321231','2','2016-12-3'),('2','啊实打实1','13210321231','2','2016-12-4'),('2','啊实打实1','13210321231','2','2016-12-5'),('2','啊实打实1','13210321231','2','2016-12-6'),('2','啊实打实1','13210321231','2','2016-12-7'),('2','啊实打实1','13210321231','2','2016-12-8'),('2','啊实打实1','13210321231','2','2016-12-9'),('2','啊实打实1','13210321231','2','2016-12-10'),('2','啊实打实1','13210321231','2','2016-12-11'),('2','啊实打实1','13210321231','2','2016-12-12'),('2','啊实打实1','13210321231','2','2016-12-13'),('2','啊实打实1','13210321231','2','2016-12-14'),('2','啊实打实1','13210321231','2','2016-12-15'),('2','啊实打实1','13210321231','2','2016-12-16'),('2','啊实打实1','13210321231','2','2016-12-17'),('2','啊实打实1','13210321231','2','2016-12-18'),('2','啊实打实1','13210321231','2','2016-12-19'),('2','啊实打实1','13210321231','2','2016-12-20'),('2','啊实打实1','13210321231','2','2016-12-21'),('2','啊实打实1','13210321231','2','2016-12-22'),('2','啊实打实1','13210321231','2','2016-12-23'),('2','啊实打实1','13210321231','2','2016-12-24'),('2','啊实打实1','13210321231','2','2016-12-25'),('2','啊实打实1','13210321231','2','2016-12-26'),('2','啊实打实1','13210321231','2','2016-12-27'),('2','啊实打实1','13210321231','2','2016-12-28'),('2','啊实打实1','13210321231','2','2016-12-29'),('2','啊实打实1','13210321231','2','2016-12-30'),('2','啊实打实1','13210321231','2','2016-12-31') [ RunTime:0.0370s ]
SQL: SELECT * FROM `spending` WHERE `hospital_id` = 2 AND `spending_date` BETWEEN '2017-01-01' AND '2017-01-31' LIMIT 1   [ RunTime:0.0010s ]

[ 2016-12-21T09:59:58+08:00 ] 127.0.0.1 /Master/Index/changeHospital
INFO: [ app_begin ] --START--
INFO: Run Behavior\ReadHtmlCacheBehavior [ RunTime:0.001000s ]
INFO: [ app_begin ] --END-- [ RunTime:0.002000s ]

[ 2016-12-21T10:00:12+08:00 ] 127.0.0.1 /Master/Index/changeHospital
INFO: [ app_begin ] --START--
INFO: Run Behavior\ReadHtmlCacheBehavior [ RunTime:0.001000s ]
INFO: [ app_begin ] --END-- [ RunTime:0.001000s ]
SQL: SHOW COLUMNS FROM `hospital` [ RunTime:0.0030s ]
SQL: SELECT * FROM `hospital` WHERE `id` = 1 LIMIT 1   [ RunTime:0.0000s ]

[ 2016-12-21T10:00:38+08:00 ] 127.0.0.1 /index.php/Master/Patient/addPatient.html
INFO: [ app_begin ] --START--
INFO: Run Behavior\ReadHtmlCacheBehavior [ RunTime:0.000000s ]
INFO: [ app_begin ] --END-- [ RunTime:0.001000s ]
SQL: SHOW COLUMNS FROM `patient` [ RunTime:0.0030s ]
SQL: SHOW COLUMNS FROM `spending` [ RunTime:0.0020s ]
SQL: SHOW COLUMNS FROM `proportion` [ RunTime:0.0030s ]
SQL: SELECT `id` FROM `proportion` WHERE `hospital_id` = 1 AND `is_use` = 1 LIMIT 1   [ RunTime:0.0000s ]
NOTIC: [2] Invalid argument supplied for foreach() D:\phpStudy\WWW\tp\Application\Master\Controller\PatientController.class.php 第 85 行.
SQL: SELECT * FROM `patient` WHERE `hospital_id` = 1 AND `tel` IN ('13210321232',1) LIMIT 1   [ RunTime:0.0000s ]
SQL: INSERT INTO `patient` (`hospital_date`,`hospital_id`,`name`,`age`,`sex`,`illness`,`tel`,`doctor_id`) VALUES ('2016-08-01','1','啊实打实','13','男','啊实打实','13210321232','1') [ RunTime:0.0200s ]
SQL: INSERT INTO `spending` (`hospital_id`,`patient_name`,`patient_tel`,`percentId`,`spending_date`) VALUES ('1','啊实打实','13210321232','1','2016-08-1'),('1','啊实打实','13210321232','1','2016-08-2'),('1','啊实打实','13210321232','1','2016-08-3'),('1','啊实打实','13210321232','1','2016-08-4'),('1','啊实打实','13210321232','1','2016-08-5'),('1','啊实打实','13210321232','1','2016-08-6'),('1','啊实打实','13210321232','1','2016-08-7'),('1','啊实打实','13210321232','1','2016-08-8'),('1','啊实打实','13210321232','1','2016-08-9'),('1','啊实打实','13210321232','1','2016-08-10'),('1','啊实打实','13210321232','1','2016-08-11'),('1','啊实打实','13210321232','1','2016-08-12'),('1','啊实打实','13210321232','1','2016-08-13'),('1','啊实打实','13210321232','1','2016-08-14'),('1','啊实打实','13210321232','1','2016-08-15'),('1','啊实打实','13210321232','1','2016-08-16'),('1','啊实打实','13210321232','1','2016-08-17'),('1','啊实打实','13210321232','1','2016-08-18'),('1','啊实打实','13210321232','1','2016-08-19'),('1','啊实打实','13210321232','1','2016-08-20'),('1','啊实打实','13210321232','1','2016-08-21'),('1','啊实打实','13210321232','1','2016-08-22'),('1','啊实打实','13210321232','1','2016-08-23'),('1','啊实打实','13210321232','1','2016-08-24'),('1','啊实打实','13210321232','1','2016-08-25'),('1','啊实打实','13210321232','1','2016-08-26'),('1','啊实打实','13210321232','1','2016-08-27'),('1','啊实打实','13210321232','1','2016-08-28'),('1','啊实打实','13210321232','1','2016-08-29'),('1','啊实打实','13210321232','1','2016-08-30'),('1','啊实打实','13210321232','1','2016-08-31') [ RunTime:0.0260s ]
SQL: SELECT * FROM `spending` WHERE `hospital_id` = 1 AND `spending_date` BETWEEN '2017-01-01' AND '2017-01-31' LIMIT 1   [ RunTime:0.0010s ]

[ 2016-12-21T10:00:49+08:00 ] 127.0.0.1 /Master/Spending/select
INFO: [ app_begin ] --START--
INFO: Run Behavior\ReadHtmlCacheBehavior [ RunTime:0.001000s ]
INFO: [ app_begin ] --END-- [ RunTime:0.001000s ]
SQL: SHOW COLUMNS FROM `spending` [ RunTime:0.0030s ]
SQL: SELECT * FROM `spending` WHERE `hospital_id` = 1 AND `spending_date` BETWEEN '2016-08-01' AND '2016-08-31'  [ RunTime:0.0010s ]
NOTIC: [8] Undefined index: sum_money D:\phpStudy\WWW\tp\Application\Master\Controller\SpendingController.class.php 第 79 行.
NOTIC: [8] Undefined index: sum_money D:\phpStudy\WWW\tp\Application\Master\Controller\SpendingController.class.php 第 79 行.

[ 2016-12-21T10:01:07+08:00 ] 127.0.0.1 /index.php/Master/Patient/addPatient.html
INFO: [ app_begin ] --START--
INFO: Run Behavior\ReadHtmlCacheBehavior [ RunTime:0.001000s ]
INFO: [ app_begin ] --END-- [ RunTime:0.001000s ]
SQL: SHOW COLUMNS FROM `patient` [ RunTime:0.0020s ]
SQL: SHOW COLUMNS FROM `spending` [ RunTime:0.0030s ]
SQL: SHOW COLUMNS FROM `proportion` [ RunTime:0.0020s ]
SQL: SELECT `id` FROM `proportion` WHERE `hospital_id` = 1 AND `is_use` = 1 LIMIT 1   [ RunTime:0.0000s ]
NOTIC: [2] Invalid argument supplied for foreach() D:\phpStudy\WWW\tp\Application\Master\Controller\PatientController.class.php 第 85 行.
SQL: SELECT * FROM `patient` WHERE `hospital_id` = 1 AND `tel` IN ('13203121231',1) LIMIT 1   [ RunTime:0.0010s ]
SQL: INSERT INTO `patient` (`hospital_date`,`hospital_id`,`name`,`age`,`sex`,`illness`,`tel`,`doctor_id`) VALUES ('2016-12-01','1','撒打算','13','男','撒打算打算13','13203121231','1') [ RunTime:0.0330s ]
SQL: INSERT INTO `spending` (`hospital_id`,`patient_name`,`patient_tel`,`percentId`,`spending_date`) VALUES ('1','撒打算','13203121231','1','2016-12-1'),('1','撒打算','13203121231','1','2016-12-2'),('1','撒打算','13203121231','1','2016-12-3'),('1','撒打算','13203121231','1','2016-12-4'),('1','撒打算','13203121231','1','2016-12-5'),('1','撒打算','13203121231','1','2016-12-6'),('1','撒打算','13203121231','1','2016-12-7'),('1','撒打算','13203121231','1','2016-12-8'),('1','撒打算','13203121231','1','2016-12-9'),('1','撒打算','13203121231','1','2016-12-10'),('1','撒打算','13203121231','1','2016-12-11'),('1','撒打算','13203121231','1','2016-12-12'),('1','撒打算','13203121231','1','2016-12-13'),('1','撒打算','13203121231','1','2016-12-14'),('1','撒打算','13203121231','1','2016-12-15'),('1','撒打算','13203121231','1','2016-12-16'),('1','撒打算','13203121231','1','2016-12-17'),('1','撒打算','13203121231','1','2016-12-18'),('1','撒打算','13203121231','1','2016-12-19'),('1','撒打算','13203121231','1','2016-12-20'),('1','撒打算','13203121231','1','2016-12-21'),('1','撒打算','13203121231','1','2016-12-22'),('1','撒打算','13203121231','1','2016-12-23'),('1','撒打算','13203121231','1','2016-12-24'),('1','撒打算','13203121231','1','2016-12-25'),('1','撒打算','13203121231','1','2016-12-26'),('1','撒打算','13203121231','1','2016-12-27'),('1','撒打算','13203121231','1','2016-12-28'),('1','撒打算','13203121231','1','2016-12-29'),('1','撒打算','13203121231','1','2016-12-30'),('1','撒打算','13203121231','1','2016-12-31') [ RunTime:0.0260s ]
SQL: SELECT * FROM `spending` WHERE `hospital_id` = 1 AND `spending_date` BETWEEN '2017-01-01' AND '2017-01-31' LIMIT 1   [ RunTime:0.0000s ]

[ 2016-12-21T10:05:35+08:00 ] 127.0.0.1 /Master/Index/changeHospital
INFO: [ app_begin ] --START--
INFO: Run Behavior\ReadHtmlCacheBehavior [ RunTime:0.001000s ]
INFO: [ app_begin ] --END-- [ RunTime:0.001000s ]
SQL: SHOW COLUMNS FROM `hospital` [ RunTime:0.0020s ]
SQL: SELECT * FROM `hospital` WHERE `id` = 2 LIMIT 1   [ RunTime:0.0000s ]

[ 2016-12-21T10:17:26+08:00 ] 127.0.0.1 /Master/Hospital/updatePor
INFO: [ app_begin ] --START--
INFO: Run Behavior\ReadHtmlCacheBehavior [ RunTime:0.000000s ]
INFO: [ app_begin ] --END-- [ RunTime:0.001000s ]
SQL: SHOW COLUMNS FROM `proportion` [ RunTime:0.0030s ]
SQL: SHOW COLUMNS FROM `spending` [ RunTime:0.0020s ]
SQL: SELECT * FROM `proportion` WHERE `id` = 1 LIMIT 1   [ RunTime:0.0010s ]
SQL: INSERT INTO `proportion` (`begin_date`,`percent`,`hospital_id`,`add_admin`) VALUES ('2016-12-22','0.11','1','孙熙') [ RunTime:0.0410s ]
SQL: UPDATE `proportion` SET `is_use`='0',`end_date`='2016-12-21' WHERE `id` = 1 [ RunTime:0.0210s ]
SQL: UPDATE `spending` SET `percentId`='3' WHERE `spending_date` >= '2016-12-22' [ RunTime:0.0390s ]

[ 2016-12-21T10:21:31+08:00 ] 127.0.0.1 /index.php/Master/Hospital/addHospital.html
INFO: [ app_begin ] --START--
INFO: Run Behavior\ReadHtmlCacheBehavior [ RunTime:0.000000s ]
INFO: [ app_begin ] --END-- [ RunTime:0.000000s ]
SQL: SHOW COLUMNS FROM `hospital` [ RunTime:0.0060s ]
SQL: SHOW COLUMNS FROM `proportion` [ RunTime:0.0030s ]
SQL: SHOW COLUMNS FROM `rechange` [ RunTime:0.0040s ]
SQL: INSERT INTO `hospital` (`name`,`intro`,`add_admin`) VALUES ('博爱医院','撒打算','孙熙') [ RunTime:0.0750s ]
SQL: INSERT INTO `rechange` (`money`,`hospital_id`,`add_admin`) VALUES ('13000000','3','孙熙') [ RunTime:0.0270s ]
SQL: INSERT INTO `proportion` (`percent`,`hospital_id`,`add_admin`,`begin_date`) VALUES ('0.13','3','孙熙','2016-12-22') [ RunTime:0.0230s ]

[ 2016-12-21T10:22:15+08:00 ] 127.0.0.1 /index.php/Master/Doctor/addDoctor.html
INFO: [ app_begin ] --START--
INFO: Run Behavior\ReadHtmlCacheBehavior [ RunTime:0.000000s ]
INFO: [ app_begin ] --END-- [ RunTime:0.000000s ]
SQL: SHOW COLUMNS FROM `doctor` [ RunTime:0.0030s ]
NOTIC: [2] Invalid argument supplied for foreach() D:\phpStudy\WWW\tp\Application\Master\Controller\DoctorController.class.php 第 30 行.
NOTIC: [2] Invalid argument supplied for foreach() D:\phpStudy\WWW\tp\Application\Master\Controller\DoctorController.class.php 第 30 行.
ERR: 1452:Cannot add or update a child row: a foreign key constraint fails (`cost`.`doctor`, CONSTRAINT `doctor_ibfk_1` FOREIGN KEY (`hospital_id`) REFERENCES `hospital` (`id`) ON DELETE NO ACTION ON UPDATE CASCADE)
 [ SQL语句 ] : INSERT INTO `doctor` (`name`,`hospital_id`,`age`,`sex`,`tel`) VALUES ('啊实打实','2','13','男','13213121321')
ERR: 1452:Cannot add or update a child row: a foreign key constraint fails (`cost`.`doctor`, CONSTRAINT `doctor_ibfk_1` FOREIGN KEY (`hospital_id`) REFERENCES `hospital` (`id`) ON DELETE NO ACTION ON UPDATE CASCADE)
 [ SQL语句 ] : INSERT INTO `doctor` (`name`,`hospital_id`,`age`,`sex`,`tel`) VALUES ('啊实打实','2','13','男','13213121321')

[ 2016-12-21T10:22:20+08:00 ] 127.0.0.1 /index.php/Master/Doctor/addDoctor.html
INFO: [ app_begin ] --START--
INFO: Run Behavior\ReadHtmlCacheBehavior [ RunTime:0.001000s ]
INFO: [ app_begin ] --END-- [ RunTime:0.002000s ]
SQL: SHOW COLUMNS FROM `doctor` [ RunTime:0.0020s ]
NOTIC: [2] Invalid argument supplied for foreach() D:\phpStudy\WWW\tp\Application\Master\Controller\DoctorController.class.php 第 30 行.
NOTIC: [2] Invalid argument supplied for foreach() D:\phpStudy\WWW\tp\Application\Master\Controller\DoctorController.class.php 第 30 行.
ERR: 1452:Cannot add or update a child row: a foreign key constraint fails (`cost`.`doctor`, CONSTRAINT `doctor_ibfk_1` FOREIGN KEY (`hospital_id`) REFERENCES `hospital` (`id`) ON DELETE NO ACTION ON UPDATE CASCADE)
 [ SQL语句 ] : INSERT INTO `doctor` (`name`,`hospital_id`,`age`,`sex`,`tel`) VALUES ('啊实打实','2','13','男','13213121321')
ERR: 1452:Cannot add or update a child row: a foreign key constraint fails (`cost`.`doctor`, CONSTRAINT `doctor_ibfk_1` FOREIGN KEY (`hospital_id`) REFERENCES `hospital` (`id`) ON DELETE NO ACTION ON UPDATE CASCADE)
 [ SQL语句 ] : INSERT INTO `doctor` (`name`,`hospital_id`,`age`,`sex`,`tel`) VALUES ('啊实打实','2','13','男','13213121321')

[ 2016-12-21T10:24:49+08:00 ] 127.0.0.1 /index.php/Master/Doctor/addDoctor.html
INFO: [ app_begin ] --START--
INFO: Run Behavior\ReadHtmlCacheBehavior [ RunTime:0.001000s ]
INFO: [ app_begin ] --END-- [ RunTime:0.001000s ]
SQL: SHOW COLUMNS FROM `doctor` [ RunTime:0.0040s ]
NOTIC: [2] Invalid argument supplied for foreach() D:\phpStudy\WWW\tp\Application\Master\Controller\DoctorController.class.php 第 30 行.
NOTIC: [2] Invalid argument supplied for foreach() D:\phpStudy\WWW\tp\Application\Master\Controller\DoctorController.class.php 第 30 行.
SQL: INSERT INTO `doctor` (`name`,`hospital_id`,`age`,`sex`,`tel`) VALUES ('苏撒','3','13','男','13213211') [ RunTime:0.0330s ]

[ 2016-12-21T10:25:06+08:00 ] 127.0.0.1 /index.php/Master/Patient/addPatient.html
INFO: [ app_begin ] --START--
INFO: Run Behavior\ReadHtmlCacheBehavior [ RunTime:0.001000s ]
INFO: [ app_begin ] --END-- [ RunTime:0.001000s ]
SQL: SHOW COLUMNS FROM `patient` [ RunTime:0.0040s ]
SQL: SHOW COLUMNS FROM `spending` [ RunTime:0.0030s ]
SQL: SHOW COLUMNS FROM `proportion` [ RunTime:0.0030s ]
SQL: SELECT `id` FROM `proportion` WHERE `hospital_id` = 3 AND `is_use` = 1 LIMIT 1   [ RunTime:0.0010s ]
NOTIC: [2] Invalid argument supplied for foreach() D:\phpStudy\WWW\tp\Application\Master\Controller\PatientController.class.php 第 85 行.
SQL: SELECT * FROM `patient` WHERE `hospital_id` = 3 AND `tel` IN ('13203212313',5) LIMIT 1   [ RunTime:0.0000s ]
SQL: INSERT INTO `patient` (`hospital_date`,`hospital_id`,`name`,`age`,`sex`,`illness`,`tel`,`doctor_id`) VALUES ('2016-12-01','3','撒打算','13','男','撒打算萨达','13203212313','5') [ RunTime:0.0160s ]
SQL: INSERT INTO `spending` (`hospital_id`,`patient_name`,`patient_tel`,`percentId`,`spending_date`) VALUES ('3','撒打算','13203212313','4','2016-12-1'),('3','撒打算','13203212313','4','2016-12-2'),('3','撒打算','13203212313','4','2016-12-3'),('3','撒打算','13203212313','4','2016-12-4'),('3','撒打算','13203212313','4','2016-12-5'),('3','撒打算','13203212313','4','2016-12-6'),('3','撒打算','13203212313','4','2016-12-7'),('3','撒打算','13203212313','4','2016-12-8'),('3','撒打算','13203212313','4','2016-12-9'),('3','撒打算','13203212313','4','2016-12-10'),('3','撒打算','13203212313','4','2016-12-11'),('3','撒打算','13203212313','4','2016-12-12'),('3','撒打算','13203212313','4','2016-12-13'),('3','撒打算','13203212313','4','2016-12-14'),('3','撒打算','13203212313','4','2016-12-15'),('3','撒打算','13203212313','4','2016-12-16'),('3','撒打算','13203212313','4','2016-12-17'),('3','撒打算','13203212313','4','2016-12-18'),('3','撒打算','13203212313','4','2016-12-19'),('3','撒打算','13203212313','4','2016-12-20'),('3','撒打算','13203212313','4','2016-12-21'),('3','撒打算','13203212313','4','2016-12-22'),('3','撒打算','13203212313','4','2016-12-23'),('3','撒打算','13203212313','4','2016-12-24'),('3','撒打算','13203212313','4','2016-12-25'),('3','撒打算','13203212313','4','2016-12-26'),('3','撒打算','13203212313','4','2016-12-27'),('3','撒打算','13203212313','4','2016-12-28'),('3','撒打算','13203212313','4','2016-12-29'),('3','撒打算','13203212313','4','2016-12-30'),('3','撒打算','13203212313','4','2016-12-31') [ RunTime:0.0260s ]
SQL: SELECT * FROM `spending` WHERE `hospital_id` = 3 AND `spending_date` BETWEEN '2017-01-01' AND '2017-01-31' LIMIT 1   [ RunTime:0.0000s ]

[ 2016-12-21T10:25:45+08:00 ] 127.0.0.1 /Master/Spending/save
INFO: [ app_begin ] --START--
INFO: Run Behavior\ReadHtmlCacheBehavior [ RunTime:0.000000s ]
INFO: [ app_begin ] --END-- [ RunTime:0.000000s ]
SQL: SHOW COLUMNS FROM `spending` [ RunTime:0.0040s ]
SQL: SELECT * FROM `spending` WHERE `id` = 511 LIMIT 1   [ RunTime:0.0010s ]
SQL: UPDATE `spending` SET `summary`='阿斯顿' WHERE `id` = 511 [ RunTime:0.0270s ]

[ 2016-12-21T10:25:48+08:00 ] 127.0.0.1 /Master/Spending/save
INFO: [ app_begin ] --START--
INFO: Run Behavior\ReadHtmlCacheBehavior [ RunTime:0.000000s ]
INFO: [ app_begin ] --END-- [ RunTime:0.001000s ]
SQL: SHOW COLUMNS FROM `spending` [ RunTime:0.0090s ]
SQL: SELECT * FROM `spending` WHERE `id` = 511 LIMIT 1   [ RunTime:0.0010s ]
SQL: UPDATE `spending` SET `cost_money`='13' WHERE `id` = 511 [ RunTime:0.0320s ]

[ 2016-12-21T10:26:47+08:00 ] 127.0.0.1 /Master/Spending/select
INFO: [ app_begin ] --START--
INFO: Run Behavior\ReadHtmlCacheBehavior [ RunTime:0.000000s ]
INFO: [ app_begin ] --END-- [ RunTime:0.001000s ]
SQL: SHOW COLUMNS FROM `spending` [ RunTime:0.0040s ]
SQL: SELECT * FROM `spending` WHERE `hospital_id` = 3 AND `spending_date` BETWEEN '2017-01-01' AND '2017-01-31'  [ RunTime:0.0000s ]
NOTIC: [8] Undefined index: sum_money D:\phpStudy\WWW\tp\Application\Master\Controller\SpendingController.class.php 第 79 行.

[ 2016-12-21T10:27:03+08:00 ] 127.0.0.1 /Master/Hospital/updatePor
INFO: [ app_begin ] --START--
INFO: Run Behavior\ReadHtmlCacheBehavior [ RunTime:0.001000s ]
INFO: [ app_begin ] --END-- [ RunTime:0.001000s ]
SQL: SHOW COLUMNS FROM `proportion` [ RunTime:0.0070s ]
SQL: SHOW COLUMNS FROM `spending` [ RunTime:0.0030s ]
SQL: SELECT * FROM `proportion` WHERE `id` = 4 LIMIT 1   [ RunTime:0.0010s ]
SQL: INSERT INTO `proportion` (`begin_date`,`percent`,`hospital_id`,`add_admin`) VALUES ('2016-12-22','0.11','3','孙熙') [ RunTime:0.0270s ]
SQL: UPDATE `proportion` SET `is_use`='0',`end_date`='2016-12-21' WHERE `id` = 4 [ RunTime:0.0230s ]
SQL: UPDATE `spending` SET `percentId`='5' WHERE `spending_date` >= '2016-12-22' [ RunTime:0.0270s ]

[ 2016-12-21T10:31:04+08:00 ] 127.0.0.1 /index.php/Master/Hospital/addHospital.html
INFO: [ app_begin ] --START--
INFO: Run Behavior\ReadHtmlCacheBehavior [ RunTime:0.000000s ]
INFO: [ app_begin ] --END-- [ RunTime:0.001000s ]
SQL: SHOW COLUMNS FROM `hospital` [ RunTime:0.0000s ]
SQL: SHOW COLUMNS FROM `proportion` [ RunTime:0.0000s ]
SQL: SHOW COLUMNS FROM `rechange` [ RunTime:0.0100s ]
SQL: INSERT INTO `hospital` (`name`,`intro`,`add_admin`) VALUES ('博爱医院','撒打算碍事','孙熙') [ RunTime:0.0200s ]
SQL: INSERT INTO `rechange` (`money`,`hospital_id`,`add_admin`) VALUES ('133013213','4','孙熙') [ RunTime:0.0400s ]
SQL: INSERT INTO `proportion` (`percent`,`hospital_id`,`add_admin`,`begin_date`) VALUES ('0.13','4','孙熙','2016-12-21') [ RunTime:0.0400s ]

[ 2016-12-21T10:31:20+08:00 ] 127.0.0.1 /index.php/Master/Doctor/addDoctor.html
INFO: [ app_begin ] --START--
INFO: Run Behavior\ReadHtmlCacheBehavior [ RunTime:0.010000s ]
INFO: [ app_begin ] --END-- [ RunTime:0.010000s ]
SQL: SHOW COLUMNS FROM `doctor` [ RunTime:0.0050s ]
NOTIC: [2] Invalid argument supplied for foreach() D:\phpStudy\WWW\tp\Application\Master\Controller\DoctorController.class.php 第 30 行.
NOTIC: [2] Invalid argument supplied for foreach() D:\phpStudy\WWW\tp\Application\Master\Controller\DoctorController.class.php 第 30 行.
SQL: INSERT INTO `doctor` (`name`,`hospital_id`,`age`,`sex`,`tel`) VALUES ('啊实打实','4','13','男','13212132131') [ RunTime:0.0270s ]

[ 2016-12-21T10:31:36+08:00 ] 127.0.0.1 /index.php/Master/Patient/addPatient.html
INFO: [ app_begin ] --START--
INFO: Run Behavior\ReadHtmlCacheBehavior [ RunTime:0.000000s ]
INFO: [ app_begin ] --END-- [ RunTime:0.000000s ]
SQL: SHOW COLUMNS FROM `patient` [ RunTime:0.0040s ]
SQL: SHOW COLUMNS FROM `spending` [ RunTime:0.0030s ]
SQL: SHOW COLUMNS FROM `proportion` [ RunTime:0.0040s ]
SQL: SELECT `id` FROM `proportion` WHERE `hospital_id` = 4 AND `is_use` = 1 LIMIT 1   [ RunTime:0.0000s ]
NOTIC: [2] Invalid argument supplied for foreach() D:\phpStudy\WWW\tp\Application\Master\Controller\PatientController.class.php 第 85 行.
SQL: SELECT * FROM `patient` WHERE `hospital_id` = 4 AND `tel` IN ('13202332123',6) LIMIT 1   [ RunTime:0.0000s ]
SQL: INSERT INTO `patient` (`hospital_date`,`hospital_id`,`name`,`age`,`sex`,`illness`,`tel`,`doctor_id`) VALUES ('2016-12-01','4','萨达是','13','男','撒打算','13202332123','6') [ RunTime:0.0210s ]
SQL: INSERT INTO `spending` (`hospital_id`,`patient_name`,`patient_tel`,`percentId`,`spending_date`) VALUES ('4','萨达是','13202332123','6','2016-12-1'),('4','萨达是','13202332123','6','2016-12-2'),('4','萨达是','13202332123','6','2016-12-3'),('4','萨达是','13202332123','6','2016-12-4'),('4','萨达是','13202332123','6','2016-12-5'),('4','萨达是','13202332123','6','2016-12-6'),('4','萨达是','13202332123','6','2016-12-7'),('4','萨达是','13202332123','6','2016-12-8'),('4','萨达是','13202332123','6','2016-12-9'),('4','萨达是','13202332123','6','2016-12-10'),('4','萨达是','13202332123','6','2016-12-11'),('4','萨达是','13202332123','6','2016-12-12'),('4','萨达是','13202332123','6','2016-12-13'),('4','萨达是','13202332123','6','2016-12-14'),('4','萨达是','13202332123','6','2016-12-15'),('4','萨达是','13202332123','6','2016-12-16'),('4','萨达是','13202332123','6','2016-12-17'),('4','萨达是','13202332123','6','2016-12-18'),('4','萨达是','13202332123','6','2016-12-19'),('4','萨达是','13202332123','6','2016-12-20'),('4','萨达是','13202332123','6','2016-12-21'),('4','萨达是','13202332123','6','2016-12-22'),('4','萨达是','13202332123','6','2016-12-23'),('4','萨达是','13202332123','6','2016-12-24'),('4','萨达是','13202332123','6','2016-12-25'),('4','萨达是','13202332123','6','2016-12-26'),('4','萨达是','13202332123','6','2016-12-27'),('4','萨达是','13202332123','6','2016-12-28'),('4','萨达是','13202332123','6','2016-12-29'),('4','萨达是','13202332123','6','2016-12-30'),('4','萨达是','13202332123','6','2016-12-31') [ RunTime:0.0300s ]
SQL: SELECT * FROM `spending` WHERE `hospital_id` = 4 AND `spending_date` BETWEEN '2017-01-01' AND '2017-01-31' LIMIT 1   [ RunTime:0.0000s ]

[ 2016-12-21T10:32:37+08:00 ] 127.0.0.1 /Master/Hospital/updatePor
INFO: [ app_begin ] --START--
INFO: Run Behavior\ReadHtmlCacheBehavior [ RunTime:0.000000s ]
INFO: [ app_begin ] --END-- [ RunTime:0.001000s ]
SQL: SHOW COLUMNS FROM `proportion` [ RunTime:0.0040s ]
SQL: SHOW COLUMNS FROM `spending` [ RunTime:0.0040s ]
SQL: SELECT * FROM `proportion` WHERE `id` = 6 LIMIT 1   [ RunTime:0.0000s ]
SQL: INSERT INTO `proportion` (`begin_date`,`percent`,`hospital_id`,`add_admin`) VALUES ('2016-12-22','0.14','4','孙熙') [ RunTime:0.0290s ]
SQL: UPDATE `proportion` SET `is_use`='0',`end_date`='2016-12-21' WHERE `id` = 6 [ RunTime:0.0240s ]
SQL: UPDATE `spending` SET `percentId`='7' WHERE `spending_date` >= '2016-12-22' [ RunTime:0.0270s ]

[ 2016-12-21T10:39:37+08:00 ] 127.0.0.1 /Master/Spending/save
INFO: [ app_begin ] --START--
INFO: Run Behavior\ReadHtmlCacheBehavior [ RunTime:0.001001s ]
INFO: [ app_begin ] --END-- [ RunTime:0.002001s ]
SQL: SHOW COLUMNS FROM `spending` [ RunTime:0.0030s ]
SQL: SELECT * FROM `spending` WHERE `id` = 569 LIMIT 1   [ RunTime:0.0010s ]
SQL: UPDATE `spending` SET `summary`='撒打算' WHERE `id` = 569 [ RunTime:0.0370s ]

[ 2016-12-21T10:39:39+08:00 ] 127.0.0.1 /Master/Spending/save
INFO: [ app_begin ] --START--
INFO: Run Behavior\ReadHtmlCacheBehavior [ RunTime:0.000000s ]
INFO: [ app_begin ] --END-- [ RunTime:0.001000s ]
SQL: SHOW COLUMNS FROM `spending` [ RunTime:0.0030s ]
SQL: SELECT * FROM `spending` WHERE `id` = 569 LIMIT 1   [ RunTime:0.0000s ]
SQL: UPDATE `spending` SET `cost_money`='3000' WHERE `id` = 569 [ RunTime:0.0310s ]

[ 2016-12-21T10:39:47+08:00 ] 127.0.0.1 /Master/Spending/save
INFO: [ app_begin ] --START--
INFO: Run Behavior\ReadHtmlCacheBehavior [ RunTime:0.000000s ]
INFO: [ app_begin ] --END-- [ RunTime:0.001000s ]
SQL: SHOW COLUMNS FROM `spending` [ RunTime:0.0090s ]
SQL: SELECT * FROM `spending` WHERE `id` = 585 LIMIT 1   [ RunTime:0.0000s ]
SQL: UPDATE `spending` SET `summary`='啊实打实' WHERE `id` = 585 [ RunTime:0.0420s ]

[ 2016-12-21T10:39:49+08:00 ] 127.0.0.1 /Master/Spending/save
INFO: [ app_begin ] --START--
INFO: Run Behavior\ReadHtmlCacheBehavior [ RunTime:0.001001s ]
INFO: [ app_begin ] --END-- [ RunTime:0.001001s ]
SQL: SHOW COLUMNS FROM `spending` [ RunTime:0.0040s ]
SQL: SELECT * FROM `spending` WHERE `id` = 585 LIMIT 1   [ RunTime:0.0010s ]
SQL: UPDATE `spending` SET `cost_money`='5000' WHERE `id` = 585 [ RunTime:0.0260s ]

[ 2016-12-21T10:39:56+08:00 ] 127.0.0.1 /Master/Spending/save
INFO: [ app_begin ] --START--
INFO: Run Behavior\ReadHtmlCacheBehavior [ RunTime:0.000000s ]
INFO: [ app_begin ] --END-- [ RunTime:0.001000s ]
SQL: SHOW COLUMNS FROM `spending` [ RunTime:0.0070s ]
SQL: SELECT * FROM `spending` WHERE `id` = 571 LIMIT 1   [ RunTime:0.0010s ]
SQL: UPDATE `spending` SET `summary`='萨达' WHERE `id` = 571 [ RunTime:0.0340s ]

[ 2016-12-21T10:39:58+08:00 ] 127.0.0.1 /Master/Spending/save
INFO: [ app_begin ] --START--
INFO: Run Behavior\ReadHtmlCacheBehavior [ RunTime:0.001000s ]
INFO: [ app_begin ] --END-- [ RunTime:0.001000s ]
SQL: SHOW COLUMNS FROM `spending` [ RunTime:0.0040s ]
SQL: SELECT * FROM `spending` WHERE `id` = 571 LIMIT 1   [ RunTime:0.0010s ]
SQL: UPDATE `spending` SET `cost_money`='200' WHERE `id` = 571 [ RunTime:0.0250s ]

[ 2016-12-21T10:42:17+08:00 ] 127.0.0.1 /Master/Spending/save
INFO: [ app_begin ] --START--
INFO: Run Behavior\ReadHtmlCacheBehavior [ RunTime:0.000000s ]
INFO: [ app_begin ] --END-- [ RunTime:0.001000s ]
SQL: SHOW COLUMNS FROM `spending` [ RunTime:0.0030s ]
SQL: SELECT * FROM `spending` WHERE `id` = 587 LIMIT 1   [ RunTime:0.0010s ]
SQL: UPDATE `spending` SET `summary`='撒打算' WHERE `id` = 587 [ RunTime:0.0390s ]

[ 2016-12-21T10:42:18+08:00 ] 127.0.0.1 /Master/Spending/save
INFO: [ app_begin ] --START--
INFO: Run Behavior\ReadHtmlCacheBehavior [ RunTime:0.001000s ]
INFO: [ app_begin ] --END-- [ RunTime:0.001000s ]
SQL: SHOW COLUMNS FROM `spending` [ RunTime:0.0030s ]
SQL: SELECT * FROM `spending` WHERE `id` = 587 LIMIT 1   [ RunTime:0.0000s ]
SQL: UPDATE `spending` SET `cost_money`='100' WHERE `id` = 587 [ RunTime:0.0310s ]

[ 2016-12-21T10:42:51+08:00 ] 127.0.0.1 /Master/Spending/save
INFO: [ app_begin ] --START--
INFO: Run Behavior\ReadHtmlCacheBehavior [ RunTime:0.001000s ]
INFO: [ app_begin ] --END-- [ RunTime:0.001000s ]
SQL: SHOW COLUMNS FROM `spending` [ RunTime:0.0040s ]
SQL: SELECT * FROM `spending` WHERE `id` = 588 LIMIT 1   [ RunTime:0.0000s ]
SQL: UPDATE `spending` SET `summary`='啊实打实' WHERE `id` = 588 [ RunTime:0.0370s ]

[ 2016-12-21T10:42:52+08:00 ] 127.0.0.1 /Master/Spending/save
INFO: [ app_begin ] --START--
INFO: Run Behavior\ReadHtmlCacheBehavior [ RunTime:0.001000s ]
INFO: [ app_begin ] --END-- [ RunTime:0.001000s ]
SQL: SHOW COLUMNS FROM `spending` [ RunTime:0.0030s ]
SQL: SELECT * FROM `spending` WHERE `id` = 588 LIMIT 1   [ RunTime:0.0010s ]
SQL: UPDATE `spending` SET `cost_money`='300' WHERE `id` = 588 [ RunTime:0.0370s ]

[ 2016-12-21T11:25:40+08:00 ] 127.0.0.1 /Master/Spending/save
INFO: [ app_begin ] --START--
INFO: Run Behavior\ReadHtmlCacheBehavior [ RunTime:0.000000s ]
INFO: [ app_begin ] --END-- [ RunTime:0.001000s ]
SQL: SHOW COLUMNS FROM `spending` [ RunTime:0.0040s ]
SQL: SELECT * FROM `spending` WHERE `id` = 589 LIMIT 1   [ RunTime:0.0000s ]
SQL: UPDATE `spending` SET `summary`='第三方多三' WHERE `id` = 589 [ RunTime:0.0410s ]

[ 2016-12-21T11:25:42+08:00 ] 127.0.0.1 /Master/Spending/save
INFO: [ app_begin ] --START--
INFO: Run Behavior\ReadHtmlCacheBehavior [ RunTime:0.000000s ]
INFO: [ app_begin ] --END-- [ RunTime:0.001000s ]
SQL: SHOW COLUMNS FROM `spending` [ RunTime:0.0030s ]
SQL: SELECT * FROM `spending` WHERE `id` = 589 LIMIT 1   [ RunTime:0.0010s ]
SQL: UPDATE `spending` SET `cost_money`='5000' WHERE `id` = 589 [ RunTime:0.0470s ]

[ 2016-12-21T11:27:47+08:00 ] 127.0.0.1 /Master/Hospital/updatePor
INFO: [ app_begin ] --START--
INFO: Run Behavior\ReadHtmlCacheBehavior [ RunTime:0.000000s ]
INFO: [ app_begin ] --END-- [ RunTime:0.001000s ]
SQL: SHOW COLUMNS FROM `proportion` [ RunTime:0.0080s ]
SQL: SHOW COLUMNS FROM `spending` [ RunTime:0.0030s ]
SQL: SELECT * FROM `proportion` WHERE `id` = 0 LIMIT 1   [ RunTime:0.0010s ]

[ 2016-12-21T11:33:28+08:00 ] 127.0.0.1 /index.php/Master/Hospital/addHospital.html
INFO: [ app_begin ] --START--
INFO: Run Behavior\ReadHtmlCacheBehavior [ RunTime:0.000000s ]
INFO: [ app_begin ] --END-- [ RunTime:0.001000s ]
SQL: SHOW COLUMNS FROM `hospital` [ RunTime:0.0020s ]
SQL: SHOW COLUMNS FROM `proportion` [ RunTime:0.0040s ]
SQL: SHOW COLUMNS FROM `rechange` [ RunTime:0.0050s ]
SQL: INSERT INTO `hospital` (`name`,`intro`,`add_admin`) VALUES ('成双医院','撒打算啊','孙熙') [ RunTime:0.0340s ]
SQL: INSERT INTO `rechange` (`money`,`hospital_id`,`add_admin`) VALUES ('133000','5','孙熙') [ RunTime:0.0270s ]
SQL: INSERT INTO `proportion` (`percent`,`hospital_id`,`add_admin`,`begin_date`) VALUES ('0.12','5','孙熙','2016-12-21') [ RunTime:0.0240s ]

[ 2016-12-21T11:33:35+08:00 ] 127.0.0.1 /Master/Index/changeHospital
INFO: [ app_begin ] --START--
INFO: Run Behavior\ReadHtmlCacheBehavior [ RunTime:0.001000s ]
INFO: [ app_begin ] --END-- [ RunTime:0.001000s ]
SQL: SHOW COLUMNS FROM `hospital` [ RunTime:0.0030s ]
SQL: SELECT * FROM `hospital` WHERE `id` = 5 LIMIT 1   [ RunTime:0.0000s ]

[ 2016-12-21T11:33:48+08:00 ] 127.0.0.1 /index.php/Master/Doctor/addDoctor.html
INFO: [ app_begin ] --START--
INFO: Run Behavior\ReadHtmlCacheBehavior [ RunTime:0.000000s ]
INFO: [ app_begin ] --END-- [ RunTime:0.001000s ]
SQL: SHOW COLUMNS FROM `doctor` [ RunTime:0.0030s ]
NOTIC: [2] Invalid argument supplied for foreach() D:\phpStudy\WWW\tp\Application\Master\Controller\DoctorController.class.php 第 30 行.
NOTIC: [2] Invalid argument supplied for foreach() D:\phpStudy\WWW\tp\Application\Master\Controller\DoctorController.class.php 第 30 行.
SQL: INSERT INTO `doctor` (`name`,`hospital_id`,`age`,`sex`,`tel`) VALUES ('阿斯顿','5','13','男','13212313131') [ RunTime:0.0360s ]

[ 2016-12-21T11:34:15+08:00 ] 127.0.0.1 /index.php/Master/Patient/addPatient.html
INFO: [ app_begin ] --START--
INFO: Run Behavior\ReadHtmlCacheBehavior [ RunTime:0.000000s ]
INFO: [ app_begin ] --END-- [ RunTime:0.001000s ]
SQL: SHOW COLUMNS FROM `patient` [ RunTime:0.0040s ]
SQL: SHOW COLUMNS FROM `spending` [ RunTime:0.0020s ]
SQL: SHOW COLUMNS FROM `proportion` [ RunTime:0.0020s ]
SQL: SELECT `id` FROM `proportion` WHERE `hospital_id` = 5 AND `is_use` = 1 LIMIT 1   [ RunTime:0.0000s ]
NOTIC: [2] Invalid argument supplied for foreach() D:\phpStudy\WWW\tp\Application\Master\Controller\PatientController.class.php 第 85 行.
SQL: SELECT * FROM `patient` WHERE `hospital_id` = 5 AND `tel` IN ('13213213212',7) LIMIT 1   [ RunTime:0.0010s ]
SQL: INSERT INTO `patient` (`hospital_date`,`hospital_id`,`name`,`age`,`sex`,`illness`,`tel`,`doctor_id`) VALUES ('2016-12-01','5','山地车三','13','男','萨达阿斯顿','13213213212','7') [ RunTime:0.0480s ]
SQL: INSERT INTO `spending` (`hospital_id`,`patient_name`,`patient_tel`,`percentId`,`spending_date`) VALUES ('5','山地车三','13213213212','10','2016-12-1'),('5','山地车三','13213213212','10','2016-12-2'),('5','山地车三','13213213212','10','2016-12-3'),('5','山地车三','13213213212','10','2016-12-4'),('5','山地车三','13213213212','10','2016-12-5'),('5','山地车三','13213213212','10','2016-12-6'),('5','山地车三','13213213212','10','2016-12-7'),('5','山地车三','13213213212','10','2016-12-8'),('5','山地车三','13213213212','10','2016-12-9'),('5','山地车三','13213213212','10','2016-12-10'),('5','山地车三','13213213212','10','2016-12-11'),('5','山地车三','13213213212','10','2016-12-12'),('5','山地车三','13213213212','10','2016-12-13'),('5','山地车三','13213213212','10','2016-12-14'),('5','山地车三','13213213212','10','2016-12-15'),('5','山地车三','13213213212','10','2016-12-16'),('5','山地车三','13213213212','10','2016-12-17'),('5','山地车三','13213213212','10','2016-12-18'),('5','山地车三','13213213212','10','2016-12-19'),('5','山地车三','13213213212','10','2016-12-20'),('5','山地车三','13213213212','10','2016-12-21'),('5','山地车三','13213213212','10','2016-12-22'),('5','山地车三','13213213212','10','2016-12-23'),('5','山地车三','13213213212','10','2016-12-24'),('5','山地车三','13213213212','10','2016-12-25'),('5','山地车三','13213213212','10','2016-12-26'),('5','山地车三','13213213212','10','2016-12-27'),('5','山地车三','13213213212','10','2016-12-28'),('5','山地车三','13213213212','10','2016-12-29'),('5','山地车三','13213213212','10','2016-12-30'),('5','山地车三','13213213212','10','2016-12-31') [ RunTime:0.0320s ]
SQL: SELECT * FROM `spending` WHERE `hospital_id` = 5 AND `spending_date` BETWEEN '2017-01-01' AND '2017-01-31' LIMIT 1   [ RunTime:0.0010s ]

[ 2016-12-21T11:49:03+08:00 ] 127.0.0.1 /Master/Hospital/index
ERR: 1064:You have an error in your SQL syntax; check the manual that corresponds to your MySQL server version for the right syntax to use near 'group by s.percentId' at line 1
 [ SQL语句 ] : select sum(s.cost_money) as cost_sum,p.* from spending s left join proportion p on s.percentId=p.id where s.hospital_id= group by s.percentId

[ 2016-12-21T11:49:04+08:00 ] 127.0.0.1 /Master/Hospital/index
ERR: 1064:You have an error in your SQL syntax; check the manual that corresponds to your MySQL server version for the right syntax to use near 'group by s.percentId' at line 1
 [ SQL语句 ] : select sum(s.cost_money) as cost_sum,p.* from spending s left join proportion p on s.percentId=p.id where s.hospital_id= group by s.percentId

[ 2016-12-21T11:49:04+08:00 ] 127.0.0.1 /Master/Hospital/index
ERR: 1064:You have an error in your SQL syntax; check the manual that corresponds to your MySQL server version for the right syntax to use near 'group by s.percentId' at line 1
 [ SQL语句 ] : select sum(s.cost_money) as cost_sum,p.* from spending s left join proportion p on s.percentId=p.id where s.hospital_id= group by s.percentId

[ 2016-12-21T11:49:04+08:00 ] 127.0.0.1 /Master/Hospital/index
ERR: 1064:You have an error in your SQL syntax; check the manual that corresponds to your MySQL server version for the right syntax to use near 'group by s.percentId' at line 1
 [ SQL语句 ] : select sum(s.cost_money) as cost_sum,p.* from spending s left join proportion p on s.percentId=p.id where s.hospital_id= group by s.percentId

[ 2016-12-21T12:06:32+08:00 ] 127.0.0.1 /Master/Spending/save
INFO: [ app_begin ] --START--
INFO: Run Behavior\ReadHtmlCacheBehavior [ RunTime:0.001000s ]
INFO: [ app_begin ] --END-- [ RunTime:0.001000s ]
SQL: SHOW COLUMNS FROM `spending` [ RunTime:0.0040s ]
SQL: SELECT * FROM `spending` WHERE `id` = 645 LIMIT 1   [ RunTime:0.0010s ]
SQL: UPDATE `spending` SET `summary`='xzcxz' WHERE `id` = 645 [ RunTime:0.0240s ]

[ 2016-12-21T12:06:37+08:00 ] 127.0.0.1 /Master/Spending/save
INFO: [ app_begin ] --START--
INFO: Run Behavior\ReadHtmlCacheBehavior [ RunTime:0.001000s ]
INFO: [ app_begin ] --END-- [ RunTime:0.001000s ]
SQL: SHOW COLUMNS FROM `spending` [ RunTime:0.0040s ]
SQL: SELECT * FROM `spending` WHERE `id` = 645 LIMIT 1   [ RunTime:0.0000s ]
SQL: UPDATE `spending` SET `cost_money`='100' WHERE `id` = 645 [ RunTime:0.0440s ]

[ 2016-12-21T19:00:44+08:00 ] 127.0.0.1 /Master/Hospital/recharge
INFO: [ app_begin ] --START--
INFO: Run Behavior\ReadHtmlCacheBehavior [ RunTime:0.001000s ]
INFO: [ app_begin ] --END-- [ RunTime:0.001000s ]
INFO: [ app_end ] --START--
INFO: Run Behavior\ShowPageTraceBehavior [ RunTime:0.000000s ]
INFO: [ app_end ] --END-- [ RunTime:0.000000s ]

[ 2016-12-21T19:01:11+08:00 ] 127.0.0.1 /Master/Hospital/recharge
INFO: [ app_begin ] --START--
INFO: Run Behavior\ReadHtmlCacheBehavior [ RunTime:0.002000s ]
INFO: [ app_begin ] --END-- [ RunTime:0.003000s ]
INFO: [ app_end ] --START--
INFO: Run Behavior\ShowPageTraceBehavior [ RunTime:0.001000s ]
INFO: [ app_end ] --END-- [ RunTime:0.001000s ]

[ 2016-12-21T19:10:51+08:00 ] 127.0.0.1 /Master/Hospital/recharge
INFO: [ app_begin ] --START--
INFO: Run Behavior\ReadHtmlCacheBehavior [ RunTime:0.000000s ]
INFO: [ app_begin ] --END-- [ RunTime:0.001000s ]
SQL: SHOW COLUMNS FROM `rechange` [ RunTime:0.0070s ]
SQL: INSERT INTO `rechange` (`money`,`hospital_id`,`add_admin`) VALUES ('100','4','孙熙') [ RunTime:0.0690s ]

[ 2016-12-21T19:11:16+08:00 ] 127.0.0.1 /Master/Hospital/recharge
INFO: [ app_begin ] --START--
INFO: Run Behavior\ReadHtmlCacheBehavior [ RunTime:0.000000s ]
INFO: [ app_begin ] --END-- [ RunTime:0.001001s ]
SQL: SHOW COLUMNS FROM `rechange` [ RunTime:0.0050s ]
SQL: INSERT INTO `rechange` (`money`,`hospital_id`,`add_admin`) VALUES ('0','4','孙熙') [ RunTime:0.0230s ]

[ 2016-12-21T19:15:49+08:00 ] 127.0.0.1 /Master/Hospital/recharge
INFO: [ app_begin ] --START--
INFO: Run Behavior\ReadHtmlCacheBehavior [ RunTime:0.001000s ]
INFO: [ app_begin ] --END-- [ RunTime:0.002000s ]
SQL: SHOW COLUMNS FROM `rechange` [ RunTime:0.0040s ]
SQL: INSERT INTO `rechange` (`money`,`hospital_id`,`add_admin`) VALUES ('1300','4','孙熙') [ RunTime:0.0340s ]

[ 2016-12-21T19:16:14+08:00 ] 127.0.0.1 /Master/Hospital/recharge
INFO: [ app_begin ] --START--
INFO: Run Behavior\ReadHtmlCacheBehavior [ RunTime:0.001000s ]
INFO: [ app_begin ] --END-- [ RunTime:0.001000s ]
SQL: SHOW COLUMNS FROM `rechange` [ RunTime:0.0040s ]
SQL: INSERT INTO `rechange` (`money`,`hospital_id`,`add_admin`) VALUES ('1','4','孙熙') [ RunTime:0.0240s ]

