[ 2017-05-31T09:05:10+08:00 ] 110.184.62.139 /Master/Login/index
INFO: [ app_init ] --START--
INFO: Run Behavior\BuildLiteBehavior [ RunTime:0.000000s ]
INFO: [ app_init ] --END-- [ RunTime:0.000000s ]
INFO: [ app_begin ] --START--
INFO: Run Behavior\ReadHtmlCacheBehavior [ RunTime:0.000000s ]
INFO: [ app_begin ] --END-- [ RunTime:0.000000s ]
INFO: [ view_parse ] --START--
INFO: [ template_filter ] --START--
INFO: Run Behavior\ContentReplaceBehavior [ RunTime:0.000000s ]
INFO: [ template_filter ] --END-- [ RunTime:0.000000s ]
INFO: Run Behavior\ParseTemplateBehavior [ RunTime:0.015625s ]
INFO: [ view_parse ] --END-- [ RunTime:0.015625s ]
INFO: [ view_filter ] --START--
INFO: Run Behavior\WriteHtmlCacheBehavior [ RunTime:0.000000s ]
INFO: [ view_filter ] --END-- [ RunTime:0.000000s ]
INFO: [ app_end ] --START--
INFO: Run Behavior\ShowPageTraceBehavior [ RunTime:0.000000s ]
INFO: [ app_end ] --END-- [ RunTime:0.000000s ]

[ 2017-05-31T09:05:10+08:00 ] 110.184.62.139 /index.php/Master/Login/verify.html
INFO: [ app_init ] --START--
INFO: Run Behavior\BuildLiteBehavior [ RunTime:0.000000s ]
INFO: [ app_init ] --END-- [ RunTime:0.000000s ]
INFO: [ app_begin ] --START--
INFO: Run Behavior\ReadHtmlCacheBehavior [ RunTime:0.000000s ]
INFO: [ app_begin ] --END-- [ RunTime:0.000000s ]
INFO: [ app_end ] --START--
INFO: Run Behavior\ShowPageTraceBehavior [ RunTime:0.000000s ]
INFO: [ app_end ] --END-- [ RunTime:0.000000s ]

[ 2017-05-31T09:05:23+08:00 ] 110.184.62.139 /index.php/Master/Login/usernameLogin.html
INFO: [ app_init ] --START--
INFO: Run Behavior\BuildLiteBehavior [ RunTime:0.000000s ]
INFO: [ app_init ] --END-- [ RunTime:0.000000s ]
INFO: [ app_begin ] --START--
INFO: Run Behavior\ReadHtmlCacheBehavior [ RunTime:0.000000s ]
INFO: [ app_begin ] --END-- [ RunTime:0.000000s ]
SQL: SHOW COLUMNS FROM `admin` [ RunTime:0.0000s ]
NOTIC: [2] addslashes() expects parameter 1 to be string, array given D:\wwwroot\sfwhlryy\wwwroot\ThinkPHP\Library\Think\Db\Driver.class.php 第 1031 行.
SQL: SELECT * FROM `admin` WHERE `username` = '' LIMIT 1   [ RunTime:0.0000s ]
SQL: UPDATE `admin` SET `last_login_ip`='110.184.62.139',`last_login_time`='2017-05-31 09:05:23' WHERE `id` = 2 [ RunTime:0.0313s ]
INFO: [ view_parse ] --START--
INFO: [ template_filter ] --START--
INFO: Run Behavior\ContentReplaceBehavior [ RunTime:0.000000s ]
INFO: [ template_filter ] --END-- [ RunTime:0.000000s ]
INFO: Run Behavior\ParseTemplateBehavior [ RunTime:0.000000s ]
INFO: [ view_parse ] --END-- [ RunTime:0.000000s ]
INFO: [ view_filter ] --START--
INFO: Run Behavior\WriteHtmlCacheBehavior [ RunTime:0.000000s ]
INFO: [ view_filter ] --END-- [ RunTime:0.000000s ]
INFO: [ app_end ] --START--
INFO: Run Behavior\ShowPageTraceBehavior [ RunTime:0.000000s ]
INFO: [ app_end ] --END-- [ RunTime:0.000000s ]

[ 2017-05-31T09:05:24+08:00 ] 110.184.62.139 /Master/Index/index
INFO: [ app_init ] --START--
INFO: Run Behavior\BuildLiteBehavior [ RunTime:0.000000s ]
INFO: [ app_init ] --END-- [ RunTime:0.000000s ]
INFO: [ app_begin ] --START--
INFO: Run Behavior\ReadHtmlCacheBehavior [ RunTime:0.000000s ]
INFO: [ app_begin ] --END-- [ RunTime:0.000000s ]
SQL: SHOW COLUMNS FROM `admin` [ RunTime:0.0000s ]
SQL: SELECT * FROM `admin` WHERE `id` = 2 LIMIT 1   [ RunTime:0.0000s ]
SQL: SHOW COLUMNS FROM `hospital` [ RunTime:0.0000s ]
SQL: SHOW COLUMNS FROM `spending` [ RunTime:0.0000s ]
SQL: SELECT * FROM `hospital` WHERE `is_use` = 1 ORDER BY sort desc  [ RunTime:0.0000s ]
NOTIC: [8] Undefined index: hospital_id D:\wwwroot\sfwhlryy\wwwroot\Application\Master\Controller\IndexController.class.php 第 23 行.
NOTIC: [8] Undefined index: hospital_name D:\wwwroot\sfwhlryy\wwwroot\Application\Master\Controller\IndexController.class.php 第 24 行.
SQL: SELECT * FROM `hospital` WHERE `id` = 16 LIMIT 1   [ RunTime:0.0000s ]
SQL: SELECT * FROM `spending` WHERE `hospital_id` = '16' AND `spending_date` BETWEEN '2017-05-01' AND '2017-05-31'  [ RunTime:0.0000s ]
NOTIC: [8] Undefined index: sum_money D:\wwwroot\sfwhlryy\wwwroot\Application\Master\Controller\IndexController.class.php 第 37 行.
SQL: select sum(cost_money) from spending where hospital_id="16" [ RunTime:0.0000s ]
NOTIC: [8] Undefined index: percent D:\wwwroot\sfwhlryy\wwwroot\Application\Master\Controller\IndexController.class.php 第 44 行.
NOTIC: [8] Undefined index: remaining_sum D:\wwwroot\sfwhlryy\wwwroot\Application\Master\Controller\IndexController.class.php 第 45 行.
SQL: SHOW COLUMNS FROM `doctor` [ RunTime:0.0000s ]
SQL: SELECT * FROM `doctor` WHERE `hospital_id` = 16  [ RunTime:0.0000s ]
INFO: [ view_parse ] --START--
INFO: [ template_filter ] --START--
INFO: Run Behavior\ContentReplaceBehavior [ RunTime:0.000000s ]
INFO: [ template_filter ] --END-- [ RunTime:0.000000s ]
NOTIC: [8] Undefined variable: leav D:\wwwroot\sfwhlryy\wwwroot\Application\Runtime\Cache\Master\f9884a4f00f8e32a73c2c1c824d085d3.php 第 68 行.
NOTIC: [8] Undefined variable: hospital_info D:\wwwroot\sfwhlryy\wwwroot\Application\Runtime\Cache\Master\f9884a4f00f8e32a73c2c1c824d085d3.php 第 69 行.
INFO: Run Behavior\ParseTemplateBehavior [ RunTime:0.031250s ]
INFO: [ view_parse ] --END-- [ RunTime:0.031250s ]
INFO: [ view_filter ] --START--
INFO: Run Behavior\WriteHtmlCacheBehavior [ RunTime:0.000000s ]
INFO: [ view_filter ] --END-- [ RunTime:0.000000s ]
INFO: [ app_end ] --START--
INFO: Run Behavior\ShowPageTraceBehavior [ RunTime:0.000000s ]
INFO: [ app_end ] --END-- [ RunTime:0.000000s ]

[ 2017-05-31T09:05:35+08:00 ] 110.184.62.139 /Master/Index/index
INFO: [ app_init ] --START--
INFO: Run Behavior\BuildLiteBehavior [ RunTime:0.000000s ]
INFO: [ app_init ] --END-- [ RunTime:0.015625s ]
INFO: [ app_begin ] --START--
INFO: Run Behavior\ReadHtmlCacheBehavior [ RunTime:0.000000s ]
INFO: [ app_begin ] --END-- [ RunTime:0.000000s ]
SQL: SHOW COLUMNS FROM `admin` [ RunTime:0.0000s ]
SQL: SELECT * FROM `admin` WHERE `id` = 2 LIMIT 1   [ RunTime:0.0000s ]
SQL: SHOW COLUMNS FROM `hospital` [ RunTime:0.0000s ]
SQL: SHOW COLUMNS FROM `spending` [ RunTime:0.0156s ]
SQL: SELECT * FROM `hospital` WHERE `is_use` = 1 ORDER BY sort desc  [ RunTime:0.0000s ]
SQL: SELECT * FROM `hospital` WHERE `id` = 16 LIMIT 1   [ RunTime:0.0313s ]
SQL: SELECT * FROM `spending` WHERE `hospital_id` = '16' AND `spending_date` BETWEEN '2017-05-01' AND '2017-05-31'  [ RunTime:0.0000s ]
NOTIC: [8] Undefined index: sum_money D:\wwwroot\sfwhlryy\wwwroot\Application\Master\Controller\IndexController.class.php 第 37 行.
SQL: select sum(cost_money) from spending where hospital_id="16" [ RunTime:0.0000s ]
NOTIC: [8] Undefined index: percent D:\wwwroot\sfwhlryy\wwwroot\Application\Master\Controller\IndexController.class.php 第 44 行.
NOTIC: [8] Undefined index: remaining_sum D:\wwwroot\sfwhlryy\wwwroot\Application\Master\Controller\IndexController.class.php 第 45 行.
SQL: SHOW COLUMNS FROM `doctor` [ RunTime:0.0156s ]
SQL: SELECT * FROM `doctor` WHERE `hospital_id` = 16  [ RunTime:0.0000s ]
INFO: [ view_parse ] --START--
INFO: [ template_filter ] --START--
INFO: Run Behavior\ContentReplaceBehavior [ RunTime:0.000000s ]
INFO: [ template_filter ] --END-- [ RunTime:0.000000s ]
NOTIC: [8] Undefined variable: leav D:\wwwroot\sfwhlryy\wwwroot\Application\Runtime\Cache\Master\f9884a4f00f8e32a73c2c1c824d085d3.php 第 68 行.
NOTIC: [8] Undefined variable: hospital_info D:\wwwroot\sfwhlryy\wwwroot\Application\Runtime\Cache\Master\f9884a4f00f8e32a73c2c1c824d085d3.php 第 69 行.
INFO: Run Behavior\ParseTemplateBehavior [ RunTime:0.109375s ]
INFO: [ view_parse ] --END-- [ RunTime:0.109375s ]
INFO: [ view_filter ] --START--
INFO: Run Behavior\WriteHtmlCacheBehavior [ RunTime:0.000000s ]
INFO: [ view_filter ] --END-- [ RunTime:0.000000s ]
INFO: [ app_end ] --START--
INFO: Run Behavior\ShowPageTraceBehavior [ RunTime:0.000000s ]
INFO: [ app_end ] --END-- [ RunTime:0.000000s ]

[ 2017-05-31T09:05:38+08:00 ] 110.184.62.139 /Master/Spending/totalMonth
INFO: [ app_init ] --START--
INFO: Run Behavior\BuildLiteBehavior [ RunTime:0.000000s ]
INFO: [ app_init ] --END-- [ RunTime:0.000000s ]
INFO: [ app_begin ] --START--
INFO: Run Behavior\ReadHtmlCacheBehavior [ RunTime:0.000000s ]
INFO: [ app_begin ] --END-- [ RunTime:0.000000s ]
SQL: SHOW COLUMNS FROM `spending` [ RunTime:0.0156s ]
SQL: SELECT * FROM `spending` INNER JOIN patient ON patient_tel = patient.tel  WHERE patient.hospital_id = '16' AND `spending_date` BETWEEN '2017-05-01' AND '2017-05-31'  [ RunTime:0.0000s ]
NOTIC: [8] Undefined index: 总额 D:\wwwroot\sfwhlryy\wwwroot\Application\Master\Controller\SpendingController.class.php 第 291 行.
NOTIC: [8] Undefined index: 消费总额 D:\wwwroot\sfwhlryy\wwwroot\Application\Master\Controller\SpendingController.class.php 第 291 行.
NOTIC: [8] Undefined index: money D:\wwwroot\sfwhlryy\wwwroot\Application\Master\Controller\SpendingController.class.php 第 291 行.
NOTIC: [8] Undefined index: 日期 D:\wwwroot\sfwhlryy\wwwroot\Application\Master\Controller\SpendingController.class.php 第 292 行.
NOTIC: [8] Undefined index: 2017-05-01 D:\wwwroot\sfwhlryy\wwwroot\Application\Master\Controller\SpendingController.class.php 第 292 行.
NOTIC: [8] Undefined index: money D:\wwwroot\sfwhlryy\wwwroot\Application\Master\Controller\SpendingController.class.php 第 292 行.
NOTIC: [8] Undefined index: 病种 D:\wwwroot\sfwhlryy\wwwroot\Application\Master\Controller\SpendingController.class.php 第 293 行.
NOTIC: [8] Undefined index: 撒大师 D:\wwwroot\sfwhlryy\wwwroot\Application\Master\Controller\SpendingController.class.php 第 293 行.
NOTIC: [8] Undefined index: money D:\wwwroot\sfwhlryy\wwwroot\Application\Master\Controller\SpendingController.class.php 第 293 行.
NOTIC: [8] Undefined index: 2017-05-02 D:\wwwroot\sfwhlryy\wwwroot\Application\Master\Controller\SpendingController.class.php 第 292 行.
NOTIC: [8] Undefined index: money D:\wwwroot\sfwhlryy\wwwroot\Application\Master\Controller\SpendingController.class.php 第 292 行.
NOTIC: [8] Undefined index: 2017-05-03 D:\wwwroot\sfwhlryy\wwwroot\Application\Master\Controller\SpendingController.class.php 第 292 行.
NOTIC: [8] Undefined index: money D:\wwwroot\sfwhlryy\wwwroot\Application\Master\Controller\SpendingController.class.php 第 292 行.
NOTIC: [8] Undefined index: 2017-05-04 D:\wwwroot\sfwhlryy\wwwroot\Application\Master\Controller\SpendingController.class.php 第 292 行.
NOTIC: [8] Undefined index: money D:\wwwroot\sfwhlryy\wwwroot\Application\Master\Controller\SpendingController.class.php 第 292 行.
NOTIC: [8] Undefined index: 2017-05-05 D:\wwwroot\sfwhlryy\wwwroot\Application\Master\Controller\SpendingController.class.php 第 292 行.
NOTIC: [8] Undefined index: money D:\wwwroot\sfwhlryy\wwwroot\Application\Master\Controller\SpendingController.class.php 第 292 行.
NOTIC: [8] Undefined index: 2017-05-06 D:\wwwroot\sfwhlryy\wwwroot\Application\Master\Controller\SpendingController.class.php 第 292 行.
NOTIC: [8] Undefined index: money D:\wwwroot\sfwhlryy\wwwroot\Application\Master\Controller\SpendingController.class.php 第 292 行.
NOTIC: [8] Undefined index: 2017-05-07 D:\wwwroot\sfwhlryy\wwwroot\Application\Master\Controller\SpendingController.class.php 第 292 行.
NOTIC: [8] Undefined index: money D:\wwwroot\sfwhlryy\wwwroot\Application\Master\Controller\SpendingController.class.php 第 292 行.
NOTIC: [8] Undefined index: 2017-05-08 D:\wwwroot\sfwhlryy\wwwroot\Application\Master\Controller\SpendingController.class.php 第 292 行.
NOTIC: [8] Undefined index: money D:\wwwroot\sfwhlryy\wwwroot\Application\Master\Controller\SpendingController.class.php 第 292 行.
NOTIC: [8] Undefined index: 2017-05-09 D:\wwwroot\sfwhlryy\wwwroot\Application\Master\Controller\SpendingController.class.php 第 292 行.
NOTIC: [8] Undefined index: money D:\wwwroot\sfwhlryy\wwwroot\Application\Master\Controller\SpendingController.class.php 第 292 行.
NOTIC: [8] Undefined index: 2017-05-10 D:\wwwroot\sfwhlryy\wwwroot\Application\Master\Controller\SpendingController.class.php 第 292 行.
NOTIC: [8] Undefined index: money D:\wwwroot\sfwhlryy\wwwroot\Application\Master\Controller\SpendingController.class.php 第 292 行.
NOTIC: [8] Undefined index: 2017-05-11 D:\wwwroot\sfwhlryy\wwwroot\Application\Master\Controller\SpendingController.class.php 第 292 行.
NOTIC: [8] Undefined index: money D:\wwwroot\sfwhlryy\wwwroot\Application\Master\Controller\SpendingController.class.php 第 292 行.
NOTIC: [8] Undefined index: 2017-05-12 D:\wwwroot\sfwhlryy\wwwroot\Application\Master\Controller\SpendingController.class.php 第 292 行.
NOTIC: [8] Undefined index: money D:\wwwroot\sfwhlryy\wwwroot\Application\Master\Controller\SpendingController.class.php 第 292 行.
NOTIC: [8] Undefined index: 2017-05-13 D:\wwwroot\sfwhlryy\wwwroot\Application\Master\Controller\SpendingController.class.php 第 292 行.
NOTIC: [8] Undefined index: money D:\wwwroot\sfwhlryy\wwwroot\Application\Master\Controller\SpendingController.class.php 第 292 行.
NOTIC: [8] Undefined index: 2017-05-14 D:\wwwroot\sfwhlryy\wwwroot\Application\Master\Controller\SpendingController.class.php 第 292 行.
NOTIC: [8] Undefined index: money D:\wwwroot\sfwhlryy\wwwroot\Application\Master\Controller\SpendingController.class.php 第 292 行.
NOTIC: [8] Undefined index: 2017-05-15 D:\wwwroot\sfwhlryy\wwwroot\Application\Master\Controller\SpendingController.class.php 第 292 行.
NOTIC: [8] Undefined index: money D:\wwwroot\sfwhlryy\wwwroot\Application\Master\Controller\SpendingController.class.php 第 292 行.
NOTIC: [8] Undefined index: 2017-05-16 D:\wwwroot\sfwhlryy\wwwroot\Application\Master\Controller\SpendingController.class.php 第 292 行.
NOTIC: [8] Undefined index: money D:\wwwroot\sfwhlryy\wwwroot\Application\Master\Controller\SpendingController.class.php 第 292 行.
NOTIC: [8] Undefined index: 2017-05-17 D:\wwwroot\sfwhlryy\wwwroot\Application\Master\Controller\SpendingController.class.php 第 292 行.
NOTIC: [8] Undefined index: money D:\wwwroot\sfwhlryy\wwwroot\Application\Master\Controller\SpendingController.class.php 第 292 行.
NOTIC: [8] Undefined index: 2017-05-18 D:\wwwroot\sfwhlryy\wwwroot\Application\Master\Controller\SpendingController.class.php 第 292 行.
NOTIC: [8] Undefined index: money D:\wwwroot\sfwhlryy\wwwroot\Application\Master\Controller\SpendingController.class.php 第 292 行.
NOTIC: [8] Undefined index: 2017-05-19 D:\wwwroot\sfwhlryy\wwwroot\Application\Master\Controller\SpendingController.class.php 第 292 行.
NOTIC: [8] Undefined index: money D:\wwwroot\sfwhlryy\wwwroot\Application\Master\Controller\SpendingController.class.php 第 292 行.
NOTIC: [8] Undefined index: 2017-05-20 D:\wwwroot\sfwhlryy\wwwroot\Application\Master\Controller\SpendingController.class.php 第 292 行.
NOTIC: [8] Undefined index: money D:\wwwroot\sfwhlryy\wwwroot\Application\Master\Controller\SpendingController.class.php 第 292 行.
NOTIC: [8] Undefined index: 2017-05-21 D:\wwwroot\sfwhlryy\wwwroot\Application\Master\Controller\SpendingController.class.php 第 292 行.
NOTIC: [8] Undefined index: money D:\wwwroot\sfwhlryy\wwwroot\Application\Master\Controller\SpendingController.class.php 第 292 行.
NOTIC: [8] Undefined index: 2017-05-22 D:\wwwroot\sfwhlryy\wwwroot\Application\Master\Controller\SpendingController.class.php 第 292 行.
NOTIC: [8] Undefined index: money D:\wwwroot\sfwhlryy\wwwroot\Application\Master\Controller\SpendingController.class.php 第 292 行.
NOTIC: [8] Undefined index: 2017-05-23 D:\wwwroot\sfwhlryy\wwwroot\Application\Master\Controller\SpendingController.class.php 第 292 行.
NOTIC: [8] Undefined index: money D:\wwwroot\sfwhlryy\wwwroot\Application\Master\Controller\SpendingController.class.php 第 292 行.
NOTIC: [8] Undefined index: 2017-05-24 D:\wwwroot\sfwhlryy\wwwroot\Application\Master\Controller\SpendingController.class.php 第 292 行.
NOTIC: [8] Undefined index: money D:\wwwroot\sfwhlryy\wwwroot\Application\Master\Controller\SpendingController.class.php 第 292 行.
NOTIC: [8] Undefined index: 2017-05-25 D:\wwwroot\sfwhlryy\wwwroot\Application\Master\Controller\SpendingController.class.php 第 292 行.
NOTIC: [8] Undefined index: money D:\wwwroot\sfwhlryy\wwwroot\Application\Master\Controller\SpendingController.class.php 第 292 行.
NOTIC: [8] Undefined index: 2017-05-26 D:\wwwroot\sfwhlryy\wwwroot\Application\Master\Controller\SpendingController.class.php 第 292 行.
NOTIC: [8] Undefined index: money D:\wwwroot\sfwhlryy\wwwroot\Application\Master\Controller\SpendingController.class.php 第 292 行.
NOTIC: [8] Undefined index: 2017-05-27 D:\wwwroot\sfwhlryy\wwwroot\Application\Master\Controller\SpendingController.class.php 第 292 行.
NOTIC: [8] Undefined index: money D:\wwwroot\sfwhlryy\wwwroot\Application\Master\Controller\SpendingController.class.php 第 292 行.
NOTIC: [8] Undefined index: 2017-05-28 D:\wwwroot\sfwhlryy\wwwroot\Application\Master\Controller\SpendingController.class.php 第 292 行.
NOTIC: [8] Undefined index: money D:\wwwroot\sfwhlryy\wwwroot\Application\Master\Controller\SpendingController.class.php 第 292 行.
NOTIC: [8] Undefined index: 2017-05-29 D:\wwwroot\sfwhlryy\wwwroot\Application\Master\Controller\SpendingController.class.php 第 292 行.
NOTIC: [8] Undefined index: money D:\wwwroot\sfwhlryy\wwwroot\Application\Master\Controller\SpendingController.class.php 第 292 行.
NOTIC: [8] Undefined index: 2017-05-30 D:\wwwroot\sfwhlryy\wwwroot\Application\Master\Controller\SpendingController.class.php 第 292 行.
NOTIC: [8] Undefined index: money D:\wwwroot\sfwhlryy\wwwroot\Application\Master\Controller\SpendingController.class.php 第 292 行.
NOTIC: [8] Undefined index: 2017-05-31 D:\wwwroot\sfwhlryy\wwwroot\Application\Master\Controller\SpendingController.class.php 第 292 行.
NOTIC: [8] Undefined index: money D:\wwwroot\sfwhlryy\wwwroot\Application\Master\Controller\SpendingController.class.php 第 292 行.
INFO: [ view_parse ] --START--
INFO: [ template_filter ] --START--
INFO: Run Behavior\ContentReplaceBehavior [ RunTime:0.000000s ]
INFO: [ template_filter ] --END-- [ RunTime:0.000000s ]
NOTIC: [2] Division by zero D:\wwwroot\sfwhlryy\wwwroot\Application\Runtime\Cache\Master\35e118e87fe0f0910faab14dea809f7d.php 第 80 行.
NOTIC: [2] Division by zero D:\wwwroot\sfwhlryy\wwwroot\Application\Runtime\Cache\Master\35e118e87fe0f0910faab14dea809f7d.php 第 80 行.
NOTIC: [8] Undefined index: count D:\wwwroot\sfwhlryy\wwwroot\Application\Runtime\Cache\Master\35e118e87fe0f0910faab14dea809f7d.php 第 83 行.
NOTIC: [2] Division by zero D:\wwwroot\sfwhlryy\wwwroot\Application\Runtime\Cache\Master\35e118e87fe0f0910faab14dea809f7d.php 第 80 行.
NOTIC: [8] Undefined index: count D:\wwwroot\sfwhlryy\wwwroot\Application\Runtime\Cache\Master\35e118e87fe0f0910faab14dea809f7d.php 第 83 行.
NOTIC: [2] Division by zero D:\wwwroot\sfwhlryy\wwwroot\Application\Runtime\Cache\Master\35e118e87fe0f0910faab14dea809f7d.php 第 80 行.
NOTIC: [8] Undefined index: count D:\wwwroot\sfwhlryy\wwwroot\Application\Runtime\Cache\Master\35e118e87fe0f0910faab14dea809f7d.php 第 83 行.
NOTIC: [2] Division by zero D:\wwwroot\sfwhlryy\wwwroot\Application\Runtime\Cache\Master\35e118e87fe0f0910faab14dea809f7d.php 第 80 行.
NOTIC: [8] Undefined index: count D:\wwwroot\sfwhlryy\wwwroot\Application\Runtime\Cache\Master\35e118e87fe0f0910faab14dea809f7d.php 第 83 行.
NOTIC: [2] Division by zero D:\wwwroot\sfwhlryy\wwwroot\Application\Runtime\Cache\Master\35e118e87fe0f0910faab14dea809f7d.php 第 80 行.
NOTIC: [8] Undefined index: count D:\wwwroot\sfwhlryy\wwwroot\Application\Runtime\Cache\Master\35e118e87fe0f0910faab14dea809f7d.php 第 83 行.
NOTIC: [2] Division by zero D:\wwwroot\sfwhlryy\wwwroot\Application\Runtime\Cache\Master\35e118e87fe0f0910faab14dea809f7d.php 第 80 行.
NOTIC: [8] Undefined index: count D:\wwwroot\sfwhlryy\wwwroot\Application\Runtime\Cache\Master\35e118e87fe0f0910faab14dea809f7d.php 第 83 行.
NOTIC: [2] Division by zero D:\wwwroot\sfwhlryy\wwwroot\Application\Runtime\Cache\Master\35e118e87fe0f0910faab14dea809f7d.php 第 80 行.
NOTIC: [8] Undefined index: count D:\wwwroot\sfwhlryy\wwwroot\Application\Runtime\Cache\Master\35e118e87fe0f0910faab14dea809f7d.php 第 83 行.
NOTIC: [2] Division by zero D:\wwwroot\sfwhlryy\wwwroot\Application\Runtime\Cache\Master\35e118e87fe0f0910faab14dea809f7d.php 第 80 行.
NOTIC: [8] Undefined index: count D:\wwwroot\sfwhlryy\wwwroot\Application\Runtime\Cache\Master\35e118e87fe0f0910faab14dea809f7d.php 第 83 行.
NOTIC: [2] Division by zero D:\wwwroot\sfwhlryy\wwwroot\Application\Runtime\Cache\Master\35e118e87fe0f0910faab14dea809f7d.php 第 80 行.
NOTIC: [8] Undefined index: count D:\wwwroot\sfwhlryy\wwwroot\Application\Runtime\Cache\Master\35e118e87fe0f0910faab14dea809f7d.php 第 83 行.
NOTIC: [2] Division by zero D:\wwwroot\sfwhlryy\wwwroot\Application\Runtime\Cache\Master\35e118e87fe0f0910faab14dea809f7d.php 第 80 行.
NOTIC: [8] Undefined index: count D:\wwwroot\sfwhlryy\wwwroot\Application\Runtime\Cache\Master\35e118e87fe0f0910faab14dea809f7d.php 第 83 行.
NOTIC: [2] Division by zero D:\wwwroot\sfwhlryy\wwwroot\Application\Runtime\Cache\Master\35e118e87fe0f0910faab14dea809f7d.php 第 80 行.
NOTIC: [8] Undefined index: count D:\wwwroot\sfwhlryy\wwwroot\Application\Runtime\Cache\Master\35e118e87fe0f0910faab14dea809f7d.php 第 83 行.
NOTIC: [2] Division by zero D:\wwwroot\sfwhlryy\wwwroot\Application\Runtime\Cache\Master\35e118e87fe0f0910faab14dea809f7d.php 第 80 行.
NOTIC: [8] Undefined index: count D:\wwwroot\sfwhlryy\wwwroot\Application\Runtime\Cache\Master\35e118e87fe0f0910faab14dea809f7d.php 第 83 行.
NOTIC: [2] Division by zero D:\wwwroot\sfwhlryy\wwwroot\Application\Runtime\Cache\Master\35e118e87fe0f0910faab14dea809f7d.php 第 80 行.
NOTIC: [8] Undefined index: count D:\wwwroot\sfwhlryy\wwwroot\Application\Runtime\Cache\Master\35e118e87fe0f0910faab14dea809f7d.php 第 83 行.
NOTIC: [2] Division by zero D:\wwwroot\sfwhlryy\wwwroot\Application\Runtime\Cache\Master\35e118e87fe0f0910faab14dea809f7d.php 第 80 行.
NOTIC: [8] Undefined index: count D:\wwwroot\sfwhlryy\wwwroot\Application\Runtime\Cache\Master\35e118e87fe0f0910faab14dea809f7d.php 第 83 行.
NOTIC: [2] Division by zero D:\wwwroot\sfwhlryy\wwwroot\Application\Runtime\Cache\Master\35e118e87fe0f0910faab14dea809f7d.php 第 80 行.
NOTIC: [8] Undefined index: count D:\wwwroot\sfwhlryy\wwwroot\Application\Runtime\Cache\Master\35e118e87fe0f0910faab14dea809f7d.php 第 83 行.
NOTIC: [2] Division by zero D:\wwwroot\sfwhlryy\wwwroot\Application\Runtime\Cache\Master\35e118e87fe0f0910faab14dea809f7d.php 第 80 行.
NOTIC: [8] Undefined index: count D:\wwwroot\sfwhlryy\wwwroot\Application\Runtime\Cache\Master\35e118e87fe0f0910faab14dea809f7d.php 第 83 行.
NOTIC: [2] Division by zero D:\wwwroot\sfwhlryy\wwwroot\Application\Runtime\Cache\Master\35e118e87fe0f0910faab14dea809f7d.php 第 80 行.
NOTIC: [8] Undefined index: count D:\wwwroot\sfwhlryy\wwwroot\Application\Runtime\Cache\Master\35e118e87fe0f0910faab14dea809f7d.php 第 83 行.
NOTIC: [2] Division by zero D:\wwwroot\sfwhlryy\wwwroot\Application\Runtime\Cache\Master\35e118e87fe0f0910faab14dea809f7d.php 第 80 行.
NOTIC: [8] Undefined index: count D:\wwwroot\sfwhlryy\wwwroot\Application\Runtime\Cache\Master\35e118e87fe0f0910faab14dea809f7d.php 第 83 行.
NOTIC: [2] Division by zero D:\wwwroot\sfwhlryy\wwwroot\Application\Runtime\Cache\Master\35e118e87fe0f0910faab14dea809f7d.php 第 80 行.
NOTIC: [8] Undefined index: count D:\wwwroot\sfwhlryy\wwwroot\Application\Runtime\Cache\Master\35e118e87fe0f0910faab14dea809f7d.php 第 83 行.
NOTIC: [2] Division by zero D:\wwwroot\sfwhlryy\wwwroot\Application\Runtime\Cache\Master\35e118e87fe0f0910faab14dea809f7d.php 第 80 行.
NOTIC: [8] Undefined index: count D:\wwwroot\sfwhlryy\wwwroot\Application\Runtime\Cache\Master\35e118e87fe0f0910faab14dea809f7d.php 第 83 行.
NOTIC: [2] Division by zero D:\wwwroot\sfwhlryy\wwwroot\Application\Runtime\Cache\Master\35e118e87fe0f0910faab14dea809f7d.php 第 80 行.
NOTIC: [8] Undefined index: count D:\wwwroot\sfwhlryy\wwwroot\Application\Runtime\Cache\Master\35e118e87fe0f0910faab14dea809f7d.php 第 83 行.
NOTIC: [2] Division by zero D:\wwwroot\sfwhlryy\wwwroot\Application\Runtime\Cache\Master\35e118e87fe0f0910faab14dea809f7d.php 第 80 行.
NOTIC: [8] Undefined index: count D:\wwwroot\sfwhlryy\wwwroot\Application\Runtime\Cache\Master\35e118e87fe0f0910faab14dea809f7d.php 第 83 行.
NOTIC: [2] Division by zero D:\wwwroot\sfwhlryy\wwwroot\Application\Runtime\Cache\Master\35e118e87fe0f0910faab14dea809f7d.php 第 80 行.
NOTIC: [8] Undefined index: count D:\wwwroot\sfwhlryy\wwwroot\Application\Runtime\Cache\Master\35e118e87fe0f0910faab14dea809f7d.php 第 83 行.
NOTIC: [2] Division by zero D:\wwwroot\sfwhlryy\wwwroot\Application\Runtime\Cache\Master\35e118e87fe0f0910faab14dea809f7d.php 第 80 行.
NOTIC: [8] Undefined index: count D:\wwwroot\sfwhlryy\wwwroot\Application\Runtime\Cache\Master\35e118e87fe0f0910faab14dea809f7d.php 第 83 行.
NOTIC: [2] Division by zero D:\wwwroot\sfwhlryy\wwwroot\Application\Runtime\Cache\Master\35e118e87fe0f0910faab14dea809f7d.php 第 80 行.
NOTIC: [8] Undefined index: count D:\wwwroot\sfwhlryy\wwwroot\Application\Runtime\Cache\Master\35e118e87fe0f0910faab14dea809f7d.php 第 83 行.
NOTIC: [2] Division by zero D:\wwwroot\sfwhlryy\wwwroot\Application\Runtime\Cache\Master\35e118e87fe0f0910faab14dea809f7d.php 第 80 行.
NOTIC: [8] Undefined index: count D:\wwwroot\sfwhlryy\wwwroot\Application\Runtime\Cache\Master\35e118e87fe0f0910faab14dea809f7d.php 第 83 行.
NOTIC: [2] Division by zero D:\wwwroot\sfwhlryy\wwwroot\Application\Runtime\Cache\Master\35e118e87fe0f0910faab14dea809f7d.php 第 80 行.
NOTIC: [8] Undefined index: count D:\wwwroot\sfwhlryy\wwwroot\Application\Runtime\Cache\Master\35e118e87fe0f0910faab14dea809f7d.php 第 83 行.
NOTIC: [2] Division by zero D:\wwwroot\sfwhlryy\wwwroot\Application\Runtime\Cache\Master\35e118e87fe0f0910faab14dea809f7d.php 第 80 行.
NOTIC: [8] Undefined index: count D:\wwwroot\sfwhlryy\wwwroot\Application\Runtime\Cache\Master\35e118e87fe0f0910faab14dea809f7d.php 第 83 行.
NOTIC: [2] Division by zero D:\wwwroot\sfwhlryy\wwwroot\Application\Runtime\Cache\Master\35e118e87fe0f0910faab14dea809f7d.php 第 80 行.
NOTIC: [8] Undefined index: count D:\wwwroot\sfwhlryy\wwwroot\Application\Runtime\Cache\Master\35e118e87fe0f0910faab14dea809f7d.php 第 83 行.
NOTIC: [2] Division by zero D:\wwwroot\sfwhlryy\wwwroot\Application\Runtime\Cache\Master\35e118e87fe0f0910faab14dea809f7d.php 第 80 行.
NOTIC: [8] Undefined index: count D:\wwwroot\sfwhlryy\wwwroot\Application\Runtime\Cache\Master\35e118e87fe0f0910faab14dea809f7d.php 第 83 行.
NOTIC: [2] Division by zero D:\wwwroot\sfwhlryy\wwwroot\Application\Runtime\Cache\Master\35e118e87fe0f0910faab14dea809f7d.php 第 80 行.
NOTIC: [8] Undefined index: count D:\wwwroot\sfwhlryy\wwwroot\Application\Runtime\Cache\Master\35e118e87fe0f0910faab14dea809f7d.php 第 83 行.
NOTIC: [2] Division by zero D:\wwwroot\sfwhlryy\wwwroot\Application\Runtime\Cache\Master\35e118e87fe0f0910faab14dea809f7d.php 第 80 行.
NOTIC: [8] Undefined index: count D:\wwwroot\sfwhlryy\wwwroot\Application\Runtime\Cache\Master\35e118e87fe0f0910faab14dea809f7d.php 第 83 行.
INFO: Run Behavior\ParseTemplateBehavior [ RunTime:0.031250s ]
INFO: [ view_parse ] --END-- [ RunTime:0.031250s ]
INFO: [ view_filter ] --START--
INFO: Run Behavior\WriteHtmlCacheBehavior [ RunTime:0.000000s ]
INFO: [ view_filter ] --END-- [ RunTime:0.000000s ]
INFO: [ app_end ] --START--
INFO: Run Behavior\ShowPageTraceBehavior [ RunTime:0.000000s ]
INFO: [ app_end ] --END-- [ RunTime:0.000000s ]

[ 2017-05-31T09:05:40+08:00 ] 110.184.62.139 /Master/Spending/addCurrent
INFO: [ app_init ] --START--
INFO: Run Behavior\BuildLiteBehavior [ RunTime:0.000000s ]
INFO: [ app_init ] --END-- [ RunTime:0.000000s ]
INFO: [ app_begin ] --START--
INFO: Run Behavior\ReadHtmlCacheBehavior [ RunTime:0.000000s ]
INFO: [ app_begin ] --END-- [ RunTime:0.000000s ]
SQL: SHOW COLUMNS FROM `patient` [ RunTime:0.0000s ]
SQL: SHOW COLUMNS FROM `spending` [ RunTime:0.0000s ]
SQL: SHOW COLUMNS FROM `proportion` [ RunTime:0.0000s ]
SQL: SELECT `id` FROM `proportion` WHERE `hospital_id` = 16 AND `is_use` = 1 LIMIT 1   [ RunTime:0.0000s ]
SQL: SELECT * FROM `spending` WHERE `hospital_id` = 16 AND `spending_date` BETWEEN '2017-05-01' AND '2017-05-31'  [ RunTime:0.0000s ]
INFO: [ view_parse ] --START--
INFO: [ template_filter ] --START--
INFO: Run Behavior\ContentReplaceBehavior [ RunTime:0.000000s ]
INFO: [ template_filter ] --END-- [ RunTime:0.000000s ]
INFO: Run Behavior\ParseTemplateBehavior [ RunTime:0.046875s ]
INFO: [ view_parse ] --END-- [ RunTime:0.046875s ]
INFO: [ view_filter ] --START--
INFO: Run Behavior\WriteHtmlCacheBehavior [ RunTime:0.000000s ]
INFO: [ view_filter ] --END-- [ RunTime:0.000000s ]

[ 2017-05-31T09:05:43+08:00 ] 110.184.62.139 /Master/Hospital/add
INFO: [ app_init ] --START--
INFO: Run Behavior\BuildLiteBehavior [ RunTime:0.000000s ]
INFO: [ app_init ] --END-- [ RunTime:0.000000s ]
INFO: [ app_begin ] --START--
INFO: Run Behavior\ReadHtmlCacheBehavior [ RunTime:0.000000s ]
INFO: [ app_begin ] --END-- [ RunTime:0.000000s ]
INFO: [ view_parse ] --START--
INFO: [ template_filter ] --START--
INFO: Run Behavior\ContentReplaceBehavior [ RunTime:0.000000s ]
INFO: [ template_filter ] --END-- [ RunTime:0.000000s ]
INFO: Run Behavior\ParseTemplateBehavior [ RunTime:0.062500s ]
INFO: [ view_parse ] --END-- [ RunTime:0.062500s ]
INFO: [ view_filter ] --START--
INFO: Run Behavior\WriteHtmlCacheBehavior [ RunTime:0.000000s ]
INFO: [ view_filter ] --END-- [ RunTime:0.000000s ]
INFO: [ app_end ] --START--
INFO: Run Behavior\ShowPageTraceBehavior [ RunTime:0.000000s ]
INFO: [ app_end ] --END-- [ RunTime:0.000000s ]

[ 2017-05-31T09:05:44+08:00 ] 110.184.62.139 /Master/Hospital/index
INFO: [ app_init ] --START--
INFO: Run Behavior\BuildLiteBehavior [ RunTime:0.000000s ]
INFO: [ app_init ] --END-- [ RunTime:0.000000s ]
INFO: [ app_begin ] --START--
INFO: Run Behavior\ReadHtmlCacheBehavior [ RunTime:0.000000s ]
INFO: [ app_begin ] --END-- [ RunTime:0.000000s ]
SQL: SHOW COLUMNS FROM `hospital` [ RunTime:0.0000s ]
SQL: SHOW COLUMNS FROM `spending` [ RunTime:0.0000s ]
SQL: SHOW COLUMNS FROM `proportion` [ RunTime:0.0000s ]
SQL: SHOW COLUMNS FROM `rechange` [ RunTime:0.0156s ]
SQL: SELECT * FROM `hospital` ORDER BY sort desc  [ RunTime:0.0000s ]
SQL: SELECT `hospital_id`,`percent` FROM `proportion` WHERE `is_use` = 1  [ RunTime:0.0156s ]
SQL: SELECT sum(money) as remaining_sum,`hospital_id` FROM `rechange` GROUP BY hospital_id  [ RunTime:0.0000s ]
SQL: select sum(s.cost_money) as cost_sum,s.percentId,s.hospital_id,p.percent,p.is_use from spending as s left join proportion as p on s.percentId=p.id group by s.percentId [ RunTime:0.0000s ]
NOTIC: [8] Undefined variable: res D:\wwwroot\sfwhlryy\wwwroot\Application\Master\Controller\HospitalController.class.php 第 30 行.
NOTIC: [8] Undefined offset: 16 D:\wwwroot\sfwhlryy\wwwroot\Application\Master\Controller\HospitalController.class.php 第 30 行.
INFO: [ view_parse ] --START--
INFO: [ template_filter ] --START--
INFO: Run Behavior\ContentReplaceBehavior [ RunTime:0.000000s ]
INFO: [ template_filter ] --END-- [ RunTime:0.000000s ]
NOTIC: [8] Undefined variable: add_form_unique D:\wwwroot\sfwhlryy\wwwroot\Application\Runtime\Cache\Master\6444b16e41eda0c2fb4d1429df4ad96d.php 第 96 行.
INFO: Run Behavior\ParseTemplateBehavior [ RunTime:0.046875s ]
INFO: [ view_parse ] --END-- [ RunTime:0.046875s ]
INFO: [ view_filter ] --START--
INFO: Run Behavior\WriteHtmlCacheBehavior [ RunTime:0.000000s ]
INFO: [ view_filter ] --END-- [ RunTime:0.000000s ]
INFO: [ app_end ] --START--
INFO: Run Behavior\ShowPageTraceBehavior [ RunTime:0.000000s ]
INFO: [ app_end ] --END-- [ RunTime:0.000000s ]

[ 2017-05-31T09:05:53+08:00 ] 110.184.62.139 /Master/Admin/index
INFO: [ app_init ] --START--
INFO: Run Behavior\BuildLiteBehavior [ RunTime:0.000000s ]
INFO: [ app_init ] --END-- [ RunTime:0.000000s ]
INFO: [ app_begin ] --START--
INFO: Run Behavior\ReadHtmlCacheBehavior [ RunTime:0.000000s ]
INFO: [ app_begin ] --END-- [ RunTime:0.000000s ]
SQL: SHOW COLUMNS FROM `admin` [ RunTime:0.0000s ]
SQL: SELECT * FROM `admin`  [ RunTime:0.0000s ]
INFO: [ view_parse ] --START--
INFO: [ template_filter ] --START--
INFO: Run Behavior\ContentReplaceBehavior [ RunTime:0.000000s ]
INFO: [ template_filter ] --END-- [ RunTime:0.000000s ]
INFO: Run Behavior\ParseTemplateBehavior [ RunTime:0.062500s ]
INFO: [ view_parse ] --END-- [ RunTime:0.062500s ]
INFO: [ view_filter ] --START--
INFO: Run Behavior\WriteHtmlCacheBehavior [ RunTime:0.000000s ]
INFO: [ view_filter ] --END-- [ RunTime:0.000000s ]
INFO: [ app_end ] --START--
INFO: Run Behavior\ShowPageTraceBehavior [ RunTime:0.000000s ]
INFO: [ app_end ] --END-- [ RunTime:0.000000s ]

[ 2017-05-31T09:06:02+08:00 ] 110.184.62.139 /Master/Hospital/index
INFO: [ app_init ] --START--
INFO: Run Behavior\BuildLiteBehavior [ RunTime:0.000000s ]
INFO: [ app_init ] --END-- [ RunTime:0.000000s ]
INFO: [ app_begin ] --START--
INFO: Run Behavior\ReadHtmlCacheBehavior [ RunTime:0.000000s ]
INFO: [ app_begin ] --END-- [ RunTime:0.000000s ]
SQL: SHOW COLUMNS FROM `hospital` [ RunTime:0.0000s ]
SQL: SHOW COLUMNS FROM `spending` [ RunTime:0.0000s ]
SQL: SHOW COLUMNS FROM `proportion` [ RunTime:0.0000s ]
SQL: SHOW COLUMNS FROM `rechange` [ RunTime:0.0156s ]
SQL: SELECT * FROM `hospital` ORDER BY sort desc  [ RunTime:0.0000s ]
SQL: SELECT `hospital_id`,`percent` FROM `proportion` WHERE `is_use` = 1  [ RunTime:0.0000s ]
SQL: SELECT sum(money) as remaining_sum,`hospital_id` FROM `rechange` GROUP BY hospital_id  [ RunTime:0.0000s ]
SQL: select sum(s.cost_money) as cost_sum,s.percentId,s.hospital_id,p.percent,p.is_use from spending as s left join proportion as p on s.percentId=p.id group by s.percentId [ RunTime:0.0000s ]
NOTIC: [8] Undefined variable: res D:\wwwroot\sfwhlryy\wwwroot\Application\Master\Controller\HospitalController.class.php 第 30 行.
NOTIC: [8] Undefined offset: 16 D:\wwwroot\sfwhlryy\wwwroot\Application\Master\Controller\HospitalController.class.php 第 30 行.
INFO: [ view_parse ] --START--
INFO: [ template_filter ] --START--
INFO: Run Behavior\ContentReplaceBehavior [ RunTime:0.000000s ]
INFO: [ template_filter ] --END-- [ RunTime:0.000000s ]
NOTIC: [8] Undefined variable: add_form_unique D:\wwwroot\sfwhlryy\wwwroot\Application\Runtime\Cache\Master\6444b16e41eda0c2fb4d1429df4ad96d.php 第 96 行.
INFO: Run Behavior\ParseTemplateBehavior [ RunTime:0.015625s ]
INFO: [ view_parse ] --END-- [ RunTime:0.015625s ]
INFO: [ view_filter ] --START--
INFO: Run Behavior\WriteHtmlCacheBehavior [ RunTime:0.000000s ]
INFO: [ view_filter ] --END-- [ RunTime:0.000000s ]
INFO: [ app_end ] --START--
INFO: Run Behavior\ShowPageTraceBehavior [ RunTime:0.000000s ]
INFO: [ app_end ] --END-- [ RunTime:0.000000s ]

[ 2017-05-31T09:06:03+08:00 ] 110.184.62.139 /Master/Hospital/add
INFO: [ app_init ] --START--
INFO: Run Behavior\BuildLiteBehavior [ RunTime:0.000000s ]
INFO: [ app_init ] --END-- [ RunTime:0.000000s ]
INFO: [ app_begin ] --START--
INFO: Run Behavior\ReadHtmlCacheBehavior [ RunTime:0.000000s ]
INFO: [ app_begin ] --END-- [ RunTime:0.000000s ]
INFO: [ view_parse ] --START--
INFO: [ template_filter ] --START--
INFO: Run Behavior\ContentReplaceBehavior [ RunTime:0.000000s ]
INFO: [ template_filter ] --END-- [ RunTime:0.000000s ]
INFO: Run Behavior\ParseTemplateBehavior [ RunTime:0.015625s ]
INFO: [ view_parse ] --END-- [ RunTime:0.015625s ]
INFO: [ view_filter ] --START--
INFO: Run Behavior\WriteHtmlCacheBehavior [ RunTime:0.000000s ]
INFO: [ view_filter ] --END-- [ RunTime:0.000000s ]
INFO: [ app_end ] --START--
INFO: Run Behavior\ShowPageTraceBehavior [ RunTime:0.000000s ]
INFO: [ app_end ] --END-- [ RunTime:0.000000s ]

[ 2017-05-31T09:06:06+08:00 ] 110.184.62.139 /Master/Index/index
INFO: [ app_init ] --START--
INFO: Run Behavior\BuildLiteBehavior [ RunTime:0.000000s ]
INFO: [ app_init ] --END-- [ RunTime:0.000000s ]
INFO: [ app_begin ] --START--
INFO: Run Behavior\ReadHtmlCacheBehavior [ RunTime:0.015625s ]
INFO: [ app_begin ] --END-- [ RunTime:0.015625s ]
SQL: SHOW COLUMNS FROM `admin` [ RunTime:0.0000s ]
SQL: SELECT * FROM `admin` WHERE `id` = 2 LIMIT 1   [ RunTime:0.0000s ]
SQL: SHOW COLUMNS FROM `hospital` [ RunTime:0.0000s ]
SQL: SHOW COLUMNS FROM `spending` [ RunTime:0.0156s ]
SQL: SELECT * FROM `hospital` WHERE `is_use` = 1 ORDER BY sort desc  [ RunTime:0.0000s ]
SQL: SELECT * FROM `hospital` WHERE `id` = 16 LIMIT 1   [ RunTime:0.0000s ]
SQL: SELECT * FROM `spending` WHERE `hospital_id` = '16' AND `spending_date` BETWEEN '2017-05-01' AND '2017-05-31'  [ RunTime:0.0156s ]
NOTIC: [8] Undefined index: sum_money D:\wwwroot\sfwhlryy\wwwroot\Application\Master\Controller\IndexController.class.php 第 37 行.
SQL: select sum(cost_money) from spending where hospital_id="16" [ RunTime:0.0156s ]
NOTIC: [8] Undefined index: percent D:\wwwroot\sfwhlryy\wwwroot\Application\Master\Controller\IndexController.class.php 第 44 行.
NOTIC: [8] Undefined index: remaining_sum D:\wwwroot\sfwhlryy\wwwroot\Application\Master\Controller\IndexController.class.php 第 45 行.
SQL: SHOW COLUMNS FROM `doctor` [ RunTime:0.0000s ]
SQL: SELECT * FROM `doctor` WHERE `hospital_id` = 16  [ RunTime:0.0000s ]
INFO: [ view_parse ] --START--
INFO: [ template_filter ] --START--
INFO: Run Behavior\ContentReplaceBehavior [ RunTime:0.000000s ]
INFO: [ template_filter ] --END-- [ RunTime:0.000000s ]
NOTIC: [8] Undefined variable: leav D:\wwwroot\sfwhlryy\wwwroot\Application\Runtime\Cache\Master\f9884a4f00f8e32a73c2c1c824d085d3.php 第 68 行.
NOTIC: [8] Undefined variable: hospital_info D:\wwwroot\sfwhlryy\wwwroot\Application\Runtime\Cache\Master\f9884a4f00f8e32a73c2c1c824d085d3.php 第 69 行.
INFO: Run Behavior\ParseTemplateBehavior [ RunTime:0.031250s ]
INFO: [ view_parse ] --END-- [ RunTime:0.031250s ]
INFO: [ view_filter ] --START--
INFO: Run Behavior\WriteHtmlCacheBehavior [ RunTime:0.000000s ]
INFO: [ view_filter ] --END-- [ RunTime:0.000000s ]
INFO: [ app_end ] --START--
INFO: Run Behavior\ShowPageTraceBehavior [ RunTime:0.000000s ]
INFO: [ app_end ] --END-- [ RunTime:0.000000s ]

[ 2017-05-31T09:06:07+08:00 ] 110.184.62.139 /Master/Patient/index
INFO: [ app_init ] --START--
INFO: Run Behavior\BuildLiteBehavior [ RunTime:0.000000s ]
INFO: [ app_init ] --END-- [ RunTime:0.000000s ]
INFO: [ app_begin ] --START--
INFO: Run Behavior\ReadHtmlCacheBehavior [ RunTime:0.000000s ]
INFO: [ app_begin ] --END-- [ RunTime:0.000000s ]
SQL: SHOW COLUMNS FROM `doctor` [ RunTime:0.0156s ]
SQL: SHOW COLUMNS FROM `illness` [ RunTime:0.0000s ]
SQL: SELECT * FROM `illness` WHERE `hospital_id` = 16  [ RunTime:0.0000s ]
SQL: SELECT * FROM `doctor` WHERE `hospital_id` = 16  [ RunTime:0.0000s ]
INFO: [ view_parse ] --START--
INFO: [ template_filter ] --START--
INFO: Run Behavior\ContentReplaceBehavior [ RunTime:0.000000s ]
INFO: [ template_filter ] --END-- [ RunTime:0.000000s ]
INFO: Run Behavior\ParseTemplateBehavior [ RunTime:0.015625s ]
INFO: [ view_parse ] --END-- [ RunTime:0.015625s ]
INFO: [ view_filter ] --START--
INFO: Run Behavior\WriteHtmlCacheBehavior [ RunTime:0.000000s ]
INFO: [ view_filter ] --END-- [ RunTime:0.000000s ]
INFO: [ app_end ] --START--
INFO: Run Behavior\ShowPageTraceBehavior [ RunTime:0.000000s ]
INFO: [ app_end ] --END-- [ RunTime:0.000000s ]

[ 2017-05-31T09:06:08+08:00 ] 110.184.62.139 /Master/Patient/index
INFO: [ app_init ] --START--
INFO: Run Behavior\BuildLiteBehavior [ RunTime:0.000000s ]
INFO: [ app_init ] --END-- [ RunTime:0.000000s ]
INFO: [ app_begin ] --START--
INFO: Run Behavior\ReadHtmlCacheBehavior [ RunTime:0.000000s ]
INFO: [ app_begin ] --END-- [ RunTime:0.000000s ]
SQL: SHOW COLUMNS FROM `doctor` [ RunTime:0.0000s ]
SQL: SHOW COLUMNS FROM `illness` [ RunTime:0.0156s ]
SQL: SELECT * FROM `illness` WHERE `hospital_id` = 16  [ RunTime:0.0000s ]
SQL: SELECT * FROM `doctor` WHERE `hospital_id` = 16  [ RunTime:0.0000s ]
INFO: [ view_parse ] --START--
INFO: [ template_filter ] --START--
INFO: Run Behavior\ContentReplaceBehavior [ RunTime:0.000000s ]
INFO: [ template_filter ] --END-- [ RunTime:0.000000s ]
INFO: Run Behavior\ParseTemplateBehavior [ RunTime:0.015625s ]
INFO: [ view_parse ] --END-- [ RunTime:0.015625s ]
INFO: [ view_filter ] --START--
INFO: Run Behavior\WriteHtmlCacheBehavior [ RunTime:0.000000s ]
INFO: [ view_filter ] --END-- [ RunTime:0.000000s ]
INFO: [ app_end ] --START--
INFO: Run Behavior\ShowPageTraceBehavior [ RunTime:0.000000s ]
INFO: [ app_end ] --END-- [ RunTime:0.000000s ]

[ 2017-05-31T09:06:09+08:00 ] 110.184.62.139 /Master/Patient/index
INFO: [ app_init ] --START--
INFO: Run Behavior\BuildLiteBehavior [ RunTime:0.000000s ]
INFO: [ app_init ] --END-- [ RunTime:0.000000s ]
INFO: [ app_begin ] --START--
INFO: Run Behavior\ReadHtmlCacheBehavior [ RunTime:0.000000s ]
INFO: [ app_begin ] --END-- [ RunTime:0.000000s ]
SQL: SHOW COLUMNS FROM `doctor` [ RunTime:0.0156s ]
SQL: SHOW COLUMNS FROM `illness` [ RunTime:0.0000s ]
SQL: SELECT * FROM `illness` WHERE `hospital_id` = 16  [ RunTime:0.0000s ]
SQL: SELECT * FROM `doctor` WHERE `hospital_id` = 16  [ RunTime:0.0000s ]
INFO: [ view_parse ] --START--
INFO: [ template_filter ] --START--
INFO: Run Behavior\ContentReplaceBehavior [ RunTime:0.000000s ]
INFO: [ template_filter ] --END-- [ RunTime:0.015625s ]
INFO: Run Behavior\ParseTemplateBehavior [ RunTime:0.031250s ]
INFO: [ view_parse ] --END-- [ RunTime:0.031250s ]
INFO: [ view_filter ] --START--
INFO: Run Behavior\WriteHtmlCacheBehavior [ RunTime:0.000000s ]
INFO: [ view_filter ] --END-- [ RunTime:0.000000s ]
INFO: [ app_end ] --START--
INFO: Run Behavior\ShowPageTraceBehavior [ RunTime:0.000000s ]
INFO: [ app_end ] --END-- [ RunTime:0.000000s ]

[ 2017-05-31T09:06:09+08:00 ] 110.184.62.139 /Master/Index/index
INFO: [ app_init ] --START--
INFO: Run Behavior\BuildLiteBehavior [ RunTime:0.000000s ]
INFO: [ app_init ] --END-- [ RunTime:0.000000s ]
INFO: [ app_begin ] --START--
INFO: Run Behavior\ReadHtmlCacheBehavior [ RunTime:0.000000s ]
INFO: [ app_begin ] --END-- [ RunTime:0.000000s ]
SQL: SHOW COLUMNS FROM `admin` [ RunTime:0.0000s ]
SQL: SELECT * FROM `admin` WHERE `id` = 2 LIMIT 1   [ RunTime:0.0000s ]
SQL: SHOW COLUMNS FROM `hospital` [ RunTime:0.0000s ]
SQL: SHOW COLUMNS FROM `spending` [ RunTime:0.0000s ]
SQL: SELECT * FROM `hospital` WHERE `is_use` = 1 ORDER BY sort desc  [ RunTime:0.0000s ]
SQL: SELECT * FROM `hospital` WHERE `id` = 16 LIMIT 1   [ RunTime:0.0000s ]
SQL: SELECT * FROM `spending` WHERE `hospital_id` = '16' AND `spending_date` BETWEEN '2017-05-01' AND '2017-05-31'  [ RunTime:0.0000s ]
NOTIC: [8] Undefined index: sum_money D:\wwwroot\sfwhlryy\wwwroot\Application\Master\Controller\IndexController.class.php 第 37 行.
SQL: select sum(cost_money) from spending where hospital_id="16" [ RunTime:0.0000s ]
NOTIC: [8] Undefined index: percent D:\wwwroot\sfwhlryy\wwwroot\Application\Master\Controller\IndexController.class.php 第 44 行.
NOTIC: [8] Undefined index: remaining_sum D:\wwwroot\sfwhlryy\wwwroot\Application\Master\Controller\IndexController.class.php 第 45 行.
SQL: SHOW COLUMNS FROM `doctor` [ RunTime:0.0156s ]
SQL: SELECT * FROM `doctor` WHERE `hospital_id` = 16  [ RunTime:0.0000s ]
INFO: [ view_parse ] --START--
INFO: [ template_filter ] --START--
INFO: Run Behavior\ContentReplaceBehavior [ RunTime:0.000000s ]
INFO: [ template_filter ] --END-- [ RunTime:0.000000s ]
NOTIC: [8] Undefined variable: leav D:\wwwroot\sfwhlryy\wwwroot\Application\Runtime\Cache\Master\f9884a4f00f8e32a73c2c1c824d085d3.php 第 68 行.
NOTIC: [8] Undefined variable: hospital_info D:\wwwroot\sfwhlryy\wwwroot\Application\Runtime\Cache\Master\f9884a4f00f8e32a73c2c1c824d085d3.php 第 69 行.
INFO: Run Behavior\ParseTemplateBehavior [ RunTime:0.015625s ]
INFO: [ view_parse ] --END-- [ RunTime:0.015625s ]
INFO: [ view_filter ] --START--
INFO: Run Behavior\WriteHtmlCacheBehavior [ RunTime:0.000000s ]
INFO: [ view_filter ] --END-- [ RunTime:0.000000s ]
INFO: [ app_end ] --START--
INFO: Run Behavior\ShowPageTraceBehavior [ RunTime:0.000000s ]
INFO: [ app_end ] --END-- [ RunTime:0.000000s ]

[ 2017-05-31T09:06:12+08:00 ] 110.184.62.139 /Master/Admin/index
INFO: [ app_init ] --START--
INFO: Run Behavior\BuildLiteBehavior [ RunTime:0.000000s ]
INFO: [ app_init ] --END-- [ RunTime:0.015625s ]
INFO: [ app_begin ] --START--
INFO: Run Behavior\ReadHtmlCacheBehavior [ RunTime:0.000000s ]
INFO: [ app_begin ] --END-- [ RunTime:0.000000s ]
SQL: SHOW COLUMNS FROM `admin` [ RunTime:0.0000s ]
SQL: SELECT * FROM `admin`  [ RunTime:0.0000s ]
INFO: [ view_parse ] --START--
INFO: [ template_filter ] --START--
INFO: Run Behavior\ContentReplaceBehavior [ RunTime:0.000000s ]
INFO: [ template_filter ] --END-- [ RunTime:0.000000s ]
INFO: Run Behavior\ParseTemplateBehavior [ RunTime:0.000000s ]
INFO: [ view_parse ] --END-- [ RunTime:0.000000s ]
INFO: [ view_filter ] --START--
INFO: Run Behavior\WriteHtmlCacheBehavior [ RunTime:0.000000s ]
INFO: [ view_filter ] --END-- [ RunTime:0.000000s ]
INFO: [ app_end ] --START--
INFO: Run Behavior\ShowPageTraceBehavior [ RunTime:0.015625s ]
INFO: [ app_end ] --END-- [ RunTime:0.015625s ]

[ 2017-05-31T09:06:13+08:00 ] 110.184.62.139 /Master/Admin/addAdmin
INFO: [ app_init ] --START--
INFO: Run Behavior\BuildLiteBehavior [ RunTime:0.000000s ]
INFO: [ app_init ] --END-- [ RunTime:0.000000s ]
INFO: [ app_begin ] --START--
INFO: Run Behavior\ReadHtmlCacheBehavior [ RunTime:0.000000s ]
INFO: [ app_begin ] --END-- [ RunTime:0.000000s ]
INFO: [ view_parse ] --START--
INFO: [ template_filter ] --START--
INFO: Run Behavior\ContentReplaceBehavior [ RunTime:0.000000s ]
INFO: [ template_filter ] --END-- [ RunTime:0.000000s ]
INFO: Run Behavior\ParseTemplateBehavior [ RunTime:0.000000s ]
INFO: [ view_parse ] --END-- [ RunTime:0.000000s ]
INFO: [ view_filter ] --START--
INFO: Run Behavior\WriteHtmlCacheBehavior [ RunTime:0.000000s ]
INFO: [ view_filter ] --END-- [ RunTime:0.000000s ]
INFO: [ app_end ] --START--
INFO: Run Behavior\ShowPageTraceBehavior [ RunTime:0.000000s ]
INFO: [ app_end ] --END-- [ RunTime:0.000000s ]

[ 2017-05-31T09:06:14+08:00 ] 110.184.62.139 /Master/Admin/update
INFO: [ app_init ] --START--
INFO: Run Behavior\BuildLiteBehavior [ RunTime:0.000000s ]
INFO: [ app_init ] --END-- [ RunTime:0.000000s ]
INFO: [ app_begin ] --START--
INFO: Run Behavior\ReadHtmlCacheBehavior [ RunTime:0.000000s ]
INFO: [ app_begin ] --END-- [ RunTime:0.000000s ]
SQL: SHOW COLUMNS FROM `admin` [ RunTime:0.0156s ]
SQL: SELECT * FROM `admin` WHERE `id` = 2 LIMIT 1   [ RunTime:0.0000s ]
INFO: [ view_parse ] --START--
INFO: [ template_filter ] --START--
INFO: Run Behavior\ContentReplaceBehavior [ RunTime:0.000000s ]
INFO: [ template_filter ] --END-- [ RunTime:0.000000s ]
INFO: Run Behavior\ParseTemplateBehavior [ RunTime:0.015625s ]
INFO: [ view_parse ] --END-- [ RunTime:0.015625s ]
INFO: [ view_filter ] --START--
INFO: Run Behavior\WriteHtmlCacheBehavior [ RunTime:0.015625s ]
INFO: [ view_filter ] --END-- [ RunTime:0.015625s ]
INFO: [ app_end ] --START--
INFO: Run Behavior\ShowPageTraceBehavior [ RunTime:0.000000s ]
INFO: [ app_end ] --END-- [ RunTime:0.000000s ]

[ 2017-05-31T09:06:14+08:00 ] 110.184.62.139 /index.php/Master/Login/verify.html
INFO: [ app_init ] --START--
INFO: Run Behavior\BuildLiteBehavior [ RunTime:0.000000s ]
INFO: [ app_init ] --END-- [ RunTime:0.000000s ]
INFO: [ app_begin ] --START--
INFO: Run Behavior\ReadHtmlCacheBehavior [ RunTime:0.000000s ]
INFO: [ app_begin ] --END-- [ RunTime:0.000000s ]
INFO: [ app_end ] --START--
INFO: Run Behavior\ShowPageTraceBehavior [ RunTime:0.015625s ]
INFO: [ app_end ] --END-- [ RunTime:0.015625s ]

[ 2017-05-31T09:06:15+08:00 ] 110.184.62.139 /Master/Admin/addAdmin
INFO: [ app_init ] --START--
INFO: Run Behavior\BuildLiteBehavior [ RunTime:0.000000s ]
INFO: [ app_init ] --END-- [ RunTime:0.000000s ]
INFO: [ app_begin ] --START--
INFO: Run Behavior\ReadHtmlCacheBehavior [ RunTime:0.000000s ]
INFO: [ app_begin ] --END-- [ RunTime:0.000000s ]
INFO: [ view_parse ] --START--
INFO: [ template_filter ] --START--
INFO: Run Behavior\ContentReplaceBehavior [ RunTime:0.000000s ]
INFO: [ template_filter ] --END-- [ RunTime:0.000000s ]
INFO: Run Behavior\ParseTemplateBehavior [ RunTime:0.015625s ]
INFO: [ view_parse ] --END-- [ RunTime:0.015625s ]
INFO: [ view_filter ] --START--
INFO: Run Behavior\WriteHtmlCacheBehavior [ RunTime:0.000000s ]
INFO: [ view_filter ] --END-- [ RunTime:0.000000s ]
INFO: [ app_end ] --START--
INFO: Run Behavior\ShowPageTraceBehavior [ RunTime:0.015625s ]
INFO: [ app_end ] --END-- [ RunTime:0.015625s ]

[ 2017-05-31T09:06:15+08:00 ] 110.184.62.139 /Master/Admin/addAdmin
INFO: [ app_init ] --START--
INFO: Run Behavior\BuildLiteBehavior [ RunTime:0.000000s ]
INFO: [ app_init ] --END-- [ RunTime:0.000000s ]
INFO: [ app_begin ] --START--
INFO: Run Behavior\ReadHtmlCacheBehavior [ RunTime:0.015625s ]
INFO: [ app_begin ] --END-- [ RunTime:0.015625s ]
INFO: [ view_parse ] --START--
INFO: [ template_filter ] --START--
INFO: Run Behavior\ContentReplaceBehavior [ RunTime:0.000000s ]
INFO: [ template_filter ] --END-- [ RunTime:0.000000s ]
INFO: Run Behavior\ParseTemplateBehavior [ RunTime:0.046875s ]
INFO: [ view_parse ] --END-- [ RunTime:0.046875s ]
INFO: [ view_filter ] --START--
INFO: Run Behavior\WriteHtmlCacheBehavior [ RunTime:0.000000s ]
INFO: [ view_filter ] --END-- [ RunTime:0.000000s ]
INFO: [ app_end ] --START--
INFO: Run Behavior\ShowPageTraceBehavior [ RunTime:0.000000s ]
INFO: [ app_end ] --END-- [ RunTime:0.000000s ]

[ 2017-05-31T09:06:16+08:00 ] 110.184.62.139 /Master/Admin/index
INFO: [ app_init ] --START--
INFO: Run Behavior\BuildLiteBehavior [ RunTime:0.000000s ]
INFO: [ app_init ] --END-- [ RunTime:0.000000s ]
INFO: [ app_begin ] --START--
INFO: Run Behavior\ReadHtmlCacheBehavior [ RunTime:0.000000s ]
INFO: [ app_begin ] --END-- [ RunTime:0.000000s ]
SQL: SHOW COLUMNS FROM `admin` [ RunTime:0.0000s ]
SQL: SELECT * FROM `admin`  [ RunTime:0.0000s ]
INFO: [ view_parse ] --START--
INFO: [ template_filter ] --START--
INFO: Run Behavior\ContentReplaceBehavior [ RunTime:0.000000s ]
INFO: [ template_filter ] --END-- [ RunTime:0.000000s ]
INFO: Run Behavior\ParseTemplateBehavior [ RunTime:0.031250s ]
INFO: [ view_parse ] --END-- [ RunTime:0.031250s ]
INFO: [ view_filter ] --START--
INFO: Run Behavior\WriteHtmlCacheBehavior [ RunTime:0.000000s ]
INFO: [ view_filter ] --END-- [ RunTime:0.000000s ]
INFO: [ app_end ] --START--
INFO: Run Behavior\ShowPageTraceBehavior [ RunTime:0.000000s ]
INFO: [ app_end ] --END-- [ RunTime:0.000000s ]

[ 2017-05-31T09:06:18+08:00 ] 110.184.62.139 /Master/Index/index
INFO: [ app_init ] --START--
INFO: Run Behavior\BuildLiteBehavior [ RunTime:0.000000s ]
INFO: [ app_init ] --END-- [ RunTime:0.000000s ]
INFO: [ app_begin ] --START--
INFO: Run Behavior\ReadHtmlCacheBehavior [ RunTime:0.000000s ]
INFO: [ app_begin ] --END-- [ RunTime:0.000000s ]
SQL: SHOW COLUMNS FROM `admin` [ RunTime:0.0000s ]
SQL: SELECT * FROM `admin` WHERE `id` = 2 LIMIT 1   [ RunTime:0.0000s ]
SQL: SHOW COLUMNS FROM `hospital` [ RunTime:0.0156s ]
SQL: SHOW COLUMNS FROM `spending` [ RunTime:0.0000s ]
SQL: SELECT * FROM `hospital` WHERE `is_use` = 1 ORDER BY sort desc  [ RunTime:0.0000s ]
SQL: SELECT * FROM `hospital` WHERE `id` = 16 LIMIT 1   [ RunTime:0.0000s ]
SQL: SELECT * FROM `spending` WHERE `hospital_id` = '16' AND `spending_date` BETWEEN '2017-05-01' AND '2017-05-31'  [ RunTime:0.0156s ]
NOTIC: [8] Undefined index: sum_money D:\wwwroot\sfwhlryy\wwwroot\Application\Master\Controller\IndexController.class.php 第 37 行.
SQL: select sum(cost_money) from spending where hospital_id="16" [ RunTime:0.0000s ]
NOTIC: [8] Undefined index: percent D:\wwwroot\sfwhlryy\wwwroot\Application\Master\Controller\IndexController.class.php 第 44 行.
NOTIC: [8] Undefined index: remaining_sum D:\wwwroot\sfwhlryy\wwwroot\Application\Master\Controller\IndexController.class.php 第 45 行.
SQL: SHOW COLUMNS FROM `doctor` [ RunTime:0.0000s ]
SQL: SELECT * FROM `doctor` WHERE `hospital_id` = 16  [ RunTime:0.0000s ]
INFO: [ view_parse ] --START--
INFO: [ template_filter ] --START--
INFO: Run Behavior\ContentReplaceBehavior [ RunTime:0.000000s ]
INFO: [ template_filter ] --END-- [ RunTime:0.000000s ]
NOTIC: [8] Undefined variable: leav D:\wwwroot\sfwhlryy\wwwroot\Application\Runtime\Cache\Master\f9884a4f00f8e32a73c2c1c824d085d3.php 第 68 行.
NOTIC: [8] Undefined variable: hospital_info D:\wwwroot\sfwhlryy\wwwroot\Application\Runtime\Cache\Master\f9884a4f00f8e32a73c2c1c824d085d3.php 第 69 行.
INFO: Run Behavior\ParseTemplateBehavior [ RunTime:0.031250s ]
INFO: [ view_parse ] --END-- [ RunTime:0.031250s ]
INFO: [ view_filter ] --START--
INFO: Run Behavior\WriteHtmlCacheBehavior [ RunTime:0.000000s ]
INFO: [ view_filter ] --END-- [ RunTime:0.000000s ]
INFO: [ app_end ] --START--
INFO: Run Behavior\ShowPageTraceBehavior [ RunTime:0.000000s ]
INFO: [ app_end ] --END-- [ RunTime:0.000000s ]

