[ 2017-02-16T10:47:45+08:00 ] ::1 /Master/Login/index
INFO: [ app_init ] --START--
INFO: Run Behavior\BuildLiteBehavior [ RunTime:0.000015s ]
INFO: [ app_init ] --END-- [ RunTime:0.000314s ]
INFO: [ app_begin ] --START--
INFO: Run Behavior\ReadHtmlCacheBehavior [ RunTime:0.000490s ]
INFO: [ app_begin ] --END-- [ RunTime:0.000548s ]
INFO: [ view_parse ] --START--
INFO: [ template_filter ] --START--
INFO: Run Behavior\ContentReplaceBehavior [ RunTime:0.000054s ]
INFO: [ template_filter ] --END-- [ RunTime:0.000103s ]
INFO: Run Behavior\ParseTemplateBehavior [ RunTime:0.006846s ]
INFO: [ view_parse ] --END-- [ RunTime:0.006902s ]
INFO: [ view_filter ] --START--
INFO: Run Behavior\WriteHtmlCacheBehavior [ RunTime:0.000202s ]
INFO: [ view_filter ] --END-- [ RunTime:0.000241s ]
INFO: [ app_end ] --START--
INFO: Run Behavior\ShowPageTraceBehavior [ RunTime:0.000851s ]
INFO: [ app_end ] --END-- [ RunTime:0.000905s ]

[ 2017-02-16T10:47:45+08:00 ] ::1 /index.php/Master/Login/verify.html
INFO: [ app_init ] --START--
INFO: Run Behavior\BuildLiteBehavior [ RunTime:0.000016s ]
INFO: [ app_init ] --END-- [ RunTime:0.000330s ]
INFO: [ app_begin ] --START--
INFO: Run Behavior\ReadHtmlCacheBehavior [ RunTime:0.000428s ]
INFO: [ app_begin ] --END-- [ RunTime:0.000469s ]
INFO: [ app_end ] --START--
INFO: Run Behavior\ShowPageTraceBehavior [ RunTime:0.000739s ]
INFO: [ app_end ] --END-- [ RunTime:0.000816s ]

[ 2017-02-16T10:47:47+08:00 ] ::1 /index.php/Master/Login/verify.html?0.6401134835759695
INFO: [ app_init ] --START--
INFO: Run Behavior\BuildLiteBehavior [ RunTime:0.000019s ]
INFO: [ app_init ] --END-- [ RunTime:0.000378s ]
INFO: [ app_begin ] --START--
INFO: Run Behavior\ReadHtmlCacheBehavior [ RunTime:0.000676s ]
INFO: [ app_begin ] --END-- [ RunTime:0.000735s ]
INFO: [ app_end ] --START--
INFO: Run Behavior\ShowPageTraceBehavior [ RunTime:0.000658s ]
INFO: [ app_end ] --END-- [ RunTime:0.000727s ]

[ 2017-02-16T10:47:50+08:00 ] ::1 /index.php/Master/Login/usernameLogin.html
INFO: [ app_init ] --START--
INFO: Run Behavior\BuildLiteBehavior [ RunTime:0.000026s ]
INFO: [ app_init ] --END-- [ RunTime:0.000486s ]
INFO: [ app_begin ] --START--
INFO: Run Behavior\ReadHtmlCacheBehavior [ RunTime:0.000954s ]
INFO: [ app_begin ] --END-- [ RunTime:0.001044s ]
SQL: SHOW COLUMNS FROM `admin` [ RunTime:0.0061s ]
NOTIC: [2] addslashes() expects parameter 1 to be string, array given /Users/sx-pc/Documents/WWW/tp/ThinkPHP/Library/Think/Db/Driver.class.php 第 1031 行.
SQL: SELECT * FROM `admin` WHERE `username` = '' LIMIT 1   [ RunTime:0.0005s ]
SQL: UPDATE `admin` SET `last_login_ip`='::1',`last_login_time`='2017-02-16 10:47:50' WHERE `id` = 2 [ RunTime:0.0033s ]
INFO: [ view_parse ] --START--
INFO: [ template_filter ] --START--
INFO: Run Behavior\ContentReplaceBehavior [ RunTime:0.000039s ]
INFO: [ template_filter ] --END-- [ RunTime:0.000091s ]
INFO: Run Behavior\ParseTemplateBehavior [ RunTime:0.013290s ]
INFO: [ view_parse ] --END-- [ RunTime:0.013354s ]
INFO: [ view_filter ] --START--
INFO: Run Behavior\WriteHtmlCacheBehavior [ RunTime:0.000271s ]
INFO: [ view_filter ] --END-- [ RunTime:0.000312s ]
INFO: [ app_end ] --START--
INFO: Run Behavior\ShowPageTraceBehavior [ RunTime:0.000510s ]
INFO: [ app_end ] --END-- [ RunTime:0.000546s ]

[ 2017-02-16T10:47:51+08:00 ] ::1 /Master/Index/index
INFO: [ app_init ] --START--
INFO: Run Behavior\BuildLiteBehavior [ RunTime:0.000016s ]
INFO: [ app_init ] --END-- [ RunTime:0.000316s ]
INFO: [ app_begin ] --START--
INFO: Run Behavior\ReadHtmlCacheBehavior [ RunTime:0.000407s ]
INFO: [ app_begin ] --END-- [ RunTime:0.000443s ]
SQL: SHOW COLUMNS FROM `admin` [ RunTime:0.0012s ]
SQL: SELECT * FROM `admin` WHERE `id` = 2 LIMIT 1   [ RunTime:0.0004s ]
SQL: SHOW COLUMNS FROM `hospital` [ RunTime:0.0012s ]
SQL: SHOW COLUMNS FROM `spending` [ RunTime:0.0012s ]
SQL: SELECT * FROM `hospital` WHERE `is_use` = 1  [ RunTime:0.0004s ]
NOTIC: [8] Undefined index: hospital_id /Users/sx-pc/Documents/WWW/tp/Application/Master/Controller/IndexController.class.php 第 20 行.
NOTIC: [8] Undefined index: hospital_name /Users/sx-pc/Documents/WWW/tp/Application/Master/Controller/IndexController.class.php 第 21 行.
SQL: SELECT * FROM `hospital` WHERE `id` = 10 LIMIT 1   [ RunTime:0.0003s ]
SQL: SELECT * FROM `spending` WHERE `hospital_id` = '10' AND `spending_date` BETWEEN '2017-02-01' AND '2017-02-28'  [ RunTime:0.0065s ]
NOTIC: [8] Undefined index: sum_money /Users/sx-pc/Documents/WWW/tp/Application/Master/Controller/IndexController.class.php 第 35 行.
NOTIC: [8] Undefined index: sum_money /Users/sx-pc/Documents/WWW/tp/Application/Master/Controller/IndexController.class.php 第 35 行.
NOTIC: [8] Undefined index: sum_money /Users/sx-pc/Documents/WWW/tp/Application/Master/Controller/IndexController.class.php 第 35 行.
NOTIC: [8] Undefined index: sum_money /Users/sx-pc/Documents/WWW/tp/Application/Master/Controller/IndexController.class.php 第 35 行.
NOTIC: [8] Undefined index: sum_money /Users/sx-pc/Documents/WWW/tp/Application/Master/Controller/IndexController.class.php 第 35 行.
NOTIC: [8] Undefined index: sum_money /Users/sx-pc/Documents/WWW/tp/Application/Master/Controller/IndexController.class.php 第 35 行.
NOTIC: [8] Undefined index: sum_money /Users/sx-pc/Documents/WWW/tp/Application/Master/Controller/IndexController.class.php 第 35 行.
NOTIC: [8] Undefined index: sum_money /Users/sx-pc/Documents/WWW/tp/Application/Master/Controller/IndexController.class.php 第 35 行.
NOTIC: [8] Undefined index: sum_money /Users/sx-pc/Documents/WWW/tp/Application/Master/Controller/IndexController.class.php 第 35 行.
NOTIC: [8] Undefined index: sum_money /Users/sx-pc/Documents/WWW/tp/Application/Master/Controller/IndexController.class.php 第 35 行.
NOTIC: [8] Undefined index: sum_money /Users/sx-pc/Documents/WWW/tp/Application/Master/Controller/IndexController.class.php 第 35 行.
NOTIC: [8] Undefined index: sum_money /Users/sx-pc/Documents/WWW/tp/Application/Master/Controller/IndexController.class.php 第 35 行.
NOTIC: [8] Undefined index: sum_money /Users/sx-pc/Documents/WWW/tp/Application/Master/Controller/IndexController.class.php 第 35 行.
NOTIC: [8] Undefined index: sum_money /Users/sx-pc/Documents/WWW/tp/Application/Master/Controller/IndexController.class.php 第 35 行.
SQL: select sum(cost_money) from spending where hospital_id="10" [ RunTime:0.0030s ]
NOTIC: [8] Undefined index: percent /Users/sx-pc/Documents/WWW/tp/Application/Master/Controller/IndexController.class.php 第 42 行.
NOTIC: [8] Undefined index: remaining_sum /Users/sx-pc/Documents/WWW/tp/Application/Master/Controller/IndexController.class.php 第 43 行.
SQL: SHOW COLUMNS FROM `doctor` [ RunTime:0.0013s ]
SQL: SELECT * FROM `doctor` WHERE `hospital_id` = 10  [ RunTime:0.0008s ]
INFO: [ view_parse ] --START--
INFO: [ template_filter ] --START--
INFO: Run Behavior\ContentReplaceBehavior [ RunTime:0.000087s ]
INFO: [ template_filter ] --END-- [ RunTime:0.000137s ]
NOTIC: [8] Undefined variable: leav /Users/sx-pc/Documents/WWW/tp/Application/Runtime/Cache/Master/f9884a4f00f8e32a73c2c1c824d085d3.php 第 65 行.
NOTIC: [8] Undefined variable: hospital_info /Users/sx-pc/Documents/WWW/tp/Application/Runtime/Cache/Master/f9884a4f00f8e32a73c2c1c824d085d3.php 第 66 行.
INFO: Run Behavior\ParseTemplateBehavior [ RunTime:0.042230s ]
INFO: [ view_parse ] --END-- [ RunTime:0.042287s ]
INFO: [ view_filter ] --START--
INFO: Run Behavior\WriteHtmlCacheBehavior [ RunTime:0.000174s ]
INFO: [ view_filter ] --END-- [ RunTime:0.000208s ]

[ 2017-02-16T10:47:51+08:00 ] ::1 /Master/Index/index
INFO: [ app_init ] --START--
INFO: Run Behavior\BuildLiteBehavior [ RunTime:0.000016s ]
INFO: [ app_init ] --END-- [ RunTime:0.000382s ]
INFO: [ app_begin ] --START--
INFO: Run Behavior\ReadHtmlCacheBehavior [ RunTime:0.000597s ]
INFO: [ app_begin ] --END-- [ RunTime:0.000654s ]
SQL: SHOW COLUMNS FROM `admin` [ RunTime:0.0022s ]
SQL: SELECT * FROM `admin` WHERE `id` = 2 LIMIT 1   [ RunTime:0.0005s ]
SQL: SHOW COLUMNS FROM `hospital` [ RunTime:0.0017s ]
SQL: SHOW COLUMNS FROM `spending` [ RunTime:0.0017s ]
SQL: SELECT * FROM `hospital` WHERE `is_use` = 1  [ RunTime:0.0006s ]
SQL: SELECT * FROM `hospital` WHERE `id` = 10 LIMIT 1   [ RunTime:0.0006s ]
SQL: SELECT * FROM `spending` WHERE `hospital_id` = '10' AND `spending_date` BETWEEN '2017-02-01' AND '2017-02-28'  [ RunTime:0.0103s ]
NOTIC: [8] Undefined index: sum_money /Users/sx-pc/Documents/WWW/tp/Application/Master/Controller/IndexController.class.php 第 35 行.
NOTIC: [8] Undefined index: sum_money /Users/sx-pc/Documents/WWW/tp/Application/Master/Controller/IndexController.class.php 第 35 行.
NOTIC: [8] Undefined index: sum_money /Users/sx-pc/Documents/WWW/tp/Application/Master/Controller/IndexController.class.php 第 35 行.
NOTIC: [8] Undefined index: sum_money /Users/sx-pc/Documents/WWW/tp/Application/Master/Controller/IndexController.class.php 第 35 行.
NOTIC: [8] Undefined index: sum_money /Users/sx-pc/Documents/WWW/tp/Application/Master/Controller/IndexController.class.php 第 35 行.
NOTIC: [8] Undefined index: sum_money /Users/sx-pc/Documents/WWW/tp/Application/Master/Controller/IndexController.class.php 第 35 行.
NOTIC: [8] Undefined index: sum_money /Users/sx-pc/Documents/WWW/tp/Application/Master/Controller/IndexController.class.php 第 35 行.
NOTIC: [8] Undefined index: sum_money /Users/sx-pc/Documents/WWW/tp/Application/Master/Controller/IndexController.class.php 第 35 行.
NOTIC: [8] Undefined index: sum_money /Users/sx-pc/Documents/WWW/tp/Application/Master/Controller/IndexController.class.php 第 35 行.
NOTIC: [8] Undefined index: sum_money /Users/sx-pc/Documents/WWW/tp/Application/Master/Controller/IndexController.class.php 第 35 行.
NOTIC: [8] Undefined index: sum_money /Users/sx-pc/Documents/WWW/tp/Application/Master/Controller/IndexController.class.php 第 35 行.
NOTIC: [8] Undefined index: sum_money /Users/sx-pc/Documents/WWW/tp/Application/Master/Controller/IndexController.class.php 第 35 行.
NOTIC: [8] Undefined index: sum_money /Users/sx-pc/Documents/WWW/tp/Application/Master/Controller/IndexController.class.php 第 35 行.
NOTIC: [8] Undefined index: sum_money /Users/sx-pc/Documents/WWW/tp/Application/Master/Controller/IndexController.class.php 第 35 行.
SQL: select sum(cost_money) from spending where hospital_id="10" [ RunTime:0.0074s ]
NOTIC: [8] Undefined index: percent /Users/sx-pc/Documents/WWW/tp/Application/Master/Controller/IndexController.class.php 第 42 行.
NOTIC: [8] Undefined index: remaining_sum /Users/sx-pc/Documents/WWW/tp/Application/Master/Controller/IndexController.class.php 第 43 行.
SQL: SHOW COLUMNS FROM `doctor` [ RunTime:0.0038s ]
SQL: SELECT * FROM `doctor` WHERE `hospital_id` = 10  [ RunTime:0.0008s ]
INFO: [ view_parse ] --START--
INFO: [ template_filter ] --START--
INFO: Run Behavior\ContentReplaceBehavior [ RunTime:0.000092s ]
INFO: [ template_filter ] --END-- [ RunTime:0.000152s ]
NOTIC: [8] Undefined variable: leav /Users/sx-pc/Documents/WWW/tp/Application/Runtime/Cache/Master/f9884a4f00f8e32a73c2c1c824d085d3.php 第 65 行.
NOTIC: [8] Undefined variable: hospital_info /Users/sx-pc/Documents/WWW/tp/Application/Runtime/Cache/Master/f9884a4f00f8e32a73c2c1c824d085d3.php 第 66 行.
INFO: Run Behavior\ParseTemplateBehavior [ RunTime:0.026377s ]
INFO: [ view_parse ] --END-- [ RunTime:0.026435s ]
INFO: [ view_filter ] --START--
INFO: Run Behavior\WriteHtmlCacheBehavior [ RunTime:0.000161s ]
INFO: [ view_filter ] --END-- [ RunTime:0.000194s ]
INFO: [ app_end ] --START--
INFO: Run Behavior\ShowPageTraceBehavior [ RunTime:0.000811s ]
INFO: [ app_end ] --END-- [ RunTime:0.000871s ]

[ 2017-02-16T10:47:56+08:00 ] ::1 /Master/Admin/index
INFO: [ app_init ] --START--
INFO: Run Behavior\BuildLiteBehavior [ RunTime:0.000045s ]
INFO: [ app_init ] --END-- [ RunTime:0.000396s ]
INFO: [ app_begin ] --START--
INFO: Run Behavior\ReadHtmlCacheBehavior [ RunTime:0.000453s ]
INFO: [ app_begin ] --END-- [ RunTime:0.000498s ]
SQL: SHOW COLUMNS FROM `admin` [ RunTime:0.0013s ]
SQL: SELECT * FROM `admin`  [ RunTime:0.0004s ]
INFO: [ view_parse ] --START--
INFO: [ template_filter ] --START--
INFO: Run Behavior\ContentReplaceBehavior [ RunTime:0.000077s ]
INFO: [ template_filter ] --END-- [ RunTime:0.000124s ]
INFO: Run Behavior\ParseTemplateBehavior [ RunTime:0.026953s ]
INFO: [ view_parse ] --END-- [ RunTime:0.027021s ]
INFO: [ view_filter ] --START--
INFO: Run Behavior\WriteHtmlCacheBehavior [ RunTime:0.000170s ]
INFO: [ view_filter ] --END-- [ RunTime:0.000205s ]
INFO: [ app_end ] --START--
INFO: Run Behavior\ShowPageTraceBehavior [ RunTime:0.000633s ]
INFO: [ app_end ] --END-- [ RunTime:0.000671s ]

[ 2017-02-16T12:57:58+08:00 ] ::1 /Master/
INFO: [ app_init ] --START--
INFO: Run Behavior\BuildLiteBehavior [ RunTime:0.000020s ]
INFO: [ app_init ] --END-- [ RunTime:0.000579s ]
INFO: [ app_begin ] --START--
INFO: Run Behavior\ReadHtmlCacheBehavior [ RunTime:0.000514s ]
INFO: [ app_begin ] --END-- [ RunTime:0.000578s ]

[ 2017-02-16T12:57:58+08:00 ] ::1 /Master/Login/index
INFO: [ app_init ] --START--
INFO: Run Behavior\BuildLiteBehavior [ RunTime:0.000016s ]
INFO: [ app_init ] --END-- [ RunTime:0.000353s ]
INFO: [ app_begin ] --START--
INFO: Run Behavior\ReadHtmlCacheBehavior [ RunTime:0.000479s ]
INFO: [ app_begin ] --END-- [ RunTime:0.000527s ]
INFO: [ view_parse ] --START--
INFO: [ template_filter ] --START--
INFO: Run Behavior\ContentReplaceBehavior [ RunTime:0.000061s ]
INFO: [ template_filter ] --END-- [ RunTime:0.000113s ]
INFO: Run Behavior\ParseTemplateBehavior [ RunTime:0.010625s ]
INFO: [ view_parse ] --END-- [ RunTime:0.010665s ]
INFO: [ view_filter ] --START--
INFO: Run Behavior\WriteHtmlCacheBehavior [ RunTime:0.000134s ]
INFO: [ view_filter ] --END-- [ RunTime:0.000164s ]
INFO: [ app_end ] --START--
INFO: Run Behavior\ShowPageTraceBehavior [ RunTime:0.000479s ]
INFO: [ app_end ] --END-- [ RunTime:0.000548s ]

[ 2017-02-16T12:57:59+08:00 ] ::1 /index.php/Master/Login/verify.html
INFO: [ app_init ] --START--
INFO: Run Behavior\BuildLiteBehavior [ RunTime:0.000019s ]
INFO: [ app_init ] --END-- [ RunTime:0.000380s ]
INFO: [ app_begin ] --START--
INFO: Run Behavior\ReadHtmlCacheBehavior [ RunTime:0.000457s ]
INFO: [ app_begin ] --END-- [ RunTime:0.000509s ]
INFO: [ app_end ] --START--
INFO: Run Behavior\ShowPageTraceBehavior [ RunTime:0.000696s ]
INFO: [ app_end ] --END-- [ RunTime:0.000772s ]

[ 2017-02-16T12:58:01+08:00 ] ::1 /index.php/Master/Login/verify.html?0.5963359694405169
INFO: [ app_init ] --START--
INFO: Run Behavior\BuildLiteBehavior [ RunTime:0.000015s ]
INFO: [ app_init ] --END-- [ RunTime:0.000313s ]
INFO: [ app_begin ] --START--
INFO: Run Behavior\ReadHtmlCacheBehavior [ RunTime:0.000444s ]
INFO: [ app_begin ] --END-- [ RunTime:0.000480s ]
INFO: [ app_end ] --START--
INFO: Run Behavior\ShowPageTraceBehavior [ RunTime:0.000569s ]
INFO: [ app_end ] --END-- [ RunTime:0.000627s ]

[ 2017-02-16T12:58:07+08:00 ] ::1 /index.php/Master/Login/usernameLogin.html
INFO: [ app_init ] --START--
INFO: Run Behavior\BuildLiteBehavior [ RunTime:0.000031s ]
INFO: [ app_init ] --END-- [ RunTime:0.000500s ]
INFO: [ app_begin ] --START--
INFO: Run Behavior\ReadHtmlCacheBehavior [ RunTime:0.000640s ]
INFO: [ app_begin ] --END-- [ RunTime:0.000723s ]
SQL: SHOW COLUMNS FROM `admin` [ RunTime:0.0014s ]
NOTIC: [2] addslashes() expects parameter 1 to be string, array given /Users/sx-pc/Documents/WWW/tp/ThinkPHP/Library/Think/Db/Driver.class.php 第 1031 行.
SQL: SELECT * FROM `admin` WHERE `username` = '' LIMIT 1   [ RunTime:0.0005s ]
SQL: UPDATE `admin` SET `last_login_ip`='::1',`last_login_time`='2017-02-16 12:58:07' WHERE `id` = 2 [ RunTime:0.0052s ]
INFO: [ view_parse ] --START--
INFO: [ template_filter ] --START--
INFO: Run Behavior\ContentReplaceBehavior [ RunTime:0.000052s ]
INFO: [ template_filter ] --END-- [ RunTime:0.000106s ]
INFO: Run Behavior\ParseTemplateBehavior [ RunTime:0.019423s ]
INFO: [ view_parse ] --END-- [ RunTime:0.019484s ]
INFO: [ view_filter ] --START--
INFO: Run Behavior\WriteHtmlCacheBehavior [ RunTime:0.000167s ]
INFO: [ view_filter ] --END-- [ RunTime:0.000200s ]
INFO: [ app_end ] --START--
INFO: Run Behavior\ShowPageTraceBehavior [ RunTime:0.000478s ]
INFO: [ app_end ] --END-- [ RunTime:0.000510s ]

[ 2017-02-16T12:58:08+08:00 ] ::1 /Master/Index/index
INFO: [ app_init ] --START--
INFO: Run Behavior\BuildLiteBehavior [ RunTime:0.000015s ]
INFO: [ app_init ] --END-- [ RunTime:0.000380s ]
INFO: [ app_begin ] --START--
INFO: Run Behavior\ReadHtmlCacheBehavior [ RunTime:0.000404s ]
INFO: [ app_begin ] --END-- [ RunTime:0.000440s ]
SQL: SHOW COLUMNS FROM `admin` [ RunTime:0.0012s ]
SQL: SELECT * FROM `admin` WHERE `id` = 2 LIMIT 1   [ RunTime:0.0005s ]
SQL: SHOW COLUMNS FROM `hospital` [ RunTime:0.0019s ]
SQL: SHOW COLUMNS FROM `spending` [ RunTime:0.0015s ]
SQL: SELECT * FROM `hospital` WHERE `is_use` = 1  [ RunTime:0.0004s ]
NOTIC: [8] Undefined index: hospital_id /Users/sx-pc/Documents/WWW/tp/Application/Master/Controller/IndexController.class.php 第 20 行.
NOTIC: [8] Undefined index: hospital_name /Users/sx-pc/Documents/WWW/tp/Application/Master/Controller/IndexController.class.php 第 21 行.
SQL: SELECT * FROM `hospital` WHERE `id` = 10 LIMIT 1   [ RunTime:0.0004s ]
SQL: SELECT * FROM `spending` WHERE `hospital_id` = '10' AND `spending_date` BETWEEN '2017-02-01' AND '2017-02-28'  [ RunTime:0.0048s ]
NOTIC: [8] Undefined index: sum_money /Users/sx-pc/Documents/WWW/tp/Application/Master/Controller/IndexController.class.php 第 35 行.
NOTIC: [8] Undefined index: sum_money /Users/sx-pc/Documents/WWW/tp/Application/Master/Controller/IndexController.class.php 第 35 行.
NOTIC: [8] Undefined index: sum_money /Users/sx-pc/Documents/WWW/tp/Application/Master/Controller/IndexController.class.php 第 35 行.
NOTIC: [8] Undefined index: sum_money /Users/sx-pc/Documents/WWW/tp/Application/Master/Controller/IndexController.class.php 第 35 行.
NOTIC: [8] Undefined index: sum_money /Users/sx-pc/Documents/WWW/tp/Application/Master/Controller/IndexController.class.php 第 35 行.
NOTIC: [8] Undefined index: sum_money /Users/sx-pc/Documents/WWW/tp/Application/Master/Controller/IndexController.class.php 第 35 行.
NOTIC: [8] Undefined index: sum_money /Users/sx-pc/Documents/WWW/tp/Application/Master/Controller/IndexController.class.php 第 35 行.
NOTIC: [8] Undefined index: sum_money /Users/sx-pc/Documents/WWW/tp/Application/Master/Controller/IndexController.class.php 第 35 行.
NOTIC: [8] Undefined index: sum_money /Users/sx-pc/Documents/WWW/tp/Application/Master/Controller/IndexController.class.php 第 35 行.
NOTIC: [8] Undefined index: sum_money /Users/sx-pc/Documents/WWW/tp/Application/Master/Controller/IndexController.class.php 第 35 行.
NOTIC: [8] Undefined index: sum_money /Users/sx-pc/Documents/WWW/tp/Application/Master/Controller/IndexController.class.php 第 35 行.
NOTIC: [8] Undefined index: sum_money /Users/sx-pc/Documents/WWW/tp/Application/Master/Controller/IndexController.class.php 第 35 行.
NOTIC: [8] Undefined index: sum_money /Users/sx-pc/Documents/WWW/tp/Application/Master/Controller/IndexController.class.php 第 35 行.
NOTIC: [8] Undefined index: sum_money /Users/sx-pc/Documents/WWW/tp/Application/Master/Controller/IndexController.class.php 第 35 行.
SQL: select sum(cost_money) from spending where hospital_id="10" [ RunTime:0.0018s ]
NOTIC: [8] Undefined index: percent /Users/sx-pc/Documents/WWW/tp/Application/Master/Controller/IndexController.class.php 第 42 行.
NOTIC: [8] Undefined index: remaining_sum /Users/sx-pc/Documents/WWW/tp/Application/Master/Controller/IndexController.class.php 第 43 行.
SQL: SHOW COLUMNS FROM `doctor` [ RunTime:0.0018s ]
SQL: SELECT * FROM `doctor` WHERE `hospital_id` = 10  [ RunTime:0.0006s ]
INFO: [ view_parse ] --START--
INFO: [ template_filter ] --START--
INFO: Run Behavior\ContentReplaceBehavior [ RunTime:0.000138s ]
INFO: [ template_filter ] --END-- [ RunTime:0.000194s ]
NOTIC: [8] Undefined variable: leav /Users/sx-pc/Documents/WWW/tp/Application/Runtime/Cache/Master/f9884a4f00f8e32a73c2c1c824d085d3.php 第 65 行.
NOTIC: [8] Undefined variable: hospital_info /Users/sx-pc/Documents/WWW/tp/Application/Runtime/Cache/Master/f9884a4f00f8e32a73c2c1c824d085d3.php 第 66 行.
INFO: Run Behavior\ParseTemplateBehavior [ RunTime:0.035174s ]
INFO: [ view_parse ] --END-- [ RunTime:0.035225s ]
INFO: [ view_filter ] --START--
INFO: Run Behavior\WriteHtmlCacheBehavior [ RunTime:0.000169s ]
INFO: [ view_filter ] --END-- [ RunTime:0.000201s ]
INFO: [ app_end ] --START--
INFO: Run Behavior\ShowPageTraceBehavior [ RunTime:0.000855s ]
INFO: [ app_end ] --END-- [ RunTime:0.000927s ]

[ 2017-02-16T12:58:11+08:00 ] ::1 /Master/Admin/index
INFO: [ app_init ] --START--
INFO: Run Behavior\BuildLiteBehavior [ RunTime:0.000015s ]
INFO: [ app_init ] --END-- [ RunTime:0.000326s ]
INFO: [ app_begin ] --START--
INFO: Run Behavior\ReadHtmlCacheBehavior [ RunTime:0.000495s ]
INFO: [ app_begin ] --END-- [ RunTime:0.000537s ]
SQL: SHOW COLUMNS FROM `admin` [ RunTime:0.0012s ]
SQL: SELECT * FROM `admin`  [ RunTime:0.0003s ]
INFO: [ view_parse ] --START--
INFO: [ template_filter ] --START--
INFO: Run Behavior\ContentReplaceBehavior [ RunTime:0.000083s ]
INFO: [ template_filter ] --END-- [ RunTime:0.000141s ]
INFO: Run Behavior\ParseTemplateBehavior [ RunTime:0.023379s ]
INFO: [ view_parse ] --END-- [ RunTime:0.023454s ]
INFO: [ view_filter ] --START--
INFO: Run Behavior\WriteHtmlCacheBehavior [ RunTime:0.000279s ]
INFO: [ view_filter ] --END-- [ RunTime:0.000393s ]
INFO: [ app_end ] --START--
INFO: Run Behavior\ShowPageTraceBehavior [ RunTime:0.000927s ]
INFO: [ app_end ] --END-- [ RunTime:0.001003s ]

[ 2017-02-16T13:00:14+08:00 ] ::1 /Master/Admin/addAdmin
INFO: [ app_init ] --START--
INFO: Run Behavior\BuildLiteBehavior [ RunTime:0.000027s ]
INFO: [ app_init ] --END-- [ RunTime:0.000431s ]
INFO: [ app_begin ] --START--
INFO: Run Behavior\ReadHtmlCacheBehavior [ RunTime:0.000457s ]
INFO: [ app_begin ] --END-- [ RunTime:0.000495s ]
INFO: [ view_parse ] --START--
INFO: [ template_filter ] --START--
INFO: Run Behavior\ContentReplaceBehavior [ RunTime:0.000102s ]
INFO: [ template_filter ] --END-- [ RunTime:0.000153s ]
INFO: Run Behavior\ParseTemplateBehavior [ RunTime:0.011979s ]
INFO: [ view_parse ] --END-- [ RunTime:0.012023s ]
INFO: [ view_filter ] --START--
INFO: Run Behavior\WriteHtmlCacheBehavior [ RunTime:0.000161s ]
INFO: [ view_filter ] --END-- [ RunTime:0.000191s ]
INFO: [ app_end ] --START--
INFO: Run Behavior\ShowPageTraceBehavior [ RunTime:0.000484s ]
INFO: [ app_end ] --END-- [ RunTime:0.000517s ]

[ 2017-02-16T13:01:21+08:00 ] ::1 /Master/Admin/update
INFO: [ app_init ] --START--
INFO: Run Behavior\BuildLiteBehavior [ RunTime:0.000026s ]
INFO: [ app_init ] --END-- [ RunTime:0.000449s ]
INFO: [ app_begin ] --START--
INFO: Run Behavior\ReadHtmlCacheBehavior [ RunTime:0.000447s ]
INFO: [ app_begin ] --END-- [ RunTime:0.000483s ]
SQL: SHOW COLUMNS FROM `admin` [ RunTime:0.0014s ]
SQL: SELECT * FROM `admin` WHERE `id` = 2 LIMIT 1   [ RunTime:0.0003s ]
INFO: [ view_parse ] --START--
INFO: [ template_filter ] --START--
INFO: Run Behavior\ContentReplaceBehavior [ RunTime:0.000095s ]
INFO: [ template_filter ] --END-- [ RunTime:0.000143s ]
INFO: Run Behavior\ParseTemplateBehavior [ RunTime:0.016025s ]
INFO: [ view_parse ] --END-- [ RunTime:0.016078s ]
INFO: [ view_filter ] --START--
INFO: Run Behavior\WriteHtmlCacheBehavior [ RunTime:0.000160s ]
INFO: [ view_filter ] --END-- [ RunTime:0.000191s ]
INFO: [ app_end ] --START--
INFO: Run Behavior\ShowPageTraceBehavior [ RunTime:0.000508s ]
INFO: [ app_end ] --END-- [ RunTime:0.000540s ]

[ 2017-02-16T13:01:21+08:00 ] ::1 /index.php/Master/Login/verify.html
INFO: [ app_init ] --START--
INFO: Run Behavior\BuildLiteBehavior [ RunTime:0.000017s ]
INFO: [ app_init ] --END-- [ RunTime:0.000353s ]
INFO: [ app_begin ] --START--
INFO: Run Behavior\ReadHtmlCacheBehavior [ RunTime:0.000432s ]
INFO: [ app_begin ] --END-- [ RunTime:0.000473s ]
INFO: [ app_end ] --START--
INFO: Run Behavior\ShowPageTraceBehavior [ RunTime:0.000599s ]
INFO: [ app_end ] --END-- [ RunTime:0.000666s ]

[ 2017-02-16T13:01:22+08:00 ] ::1 /Master/Admin/addAdmin
INFO: [ app_init ] --START--
INFO: Run Behavior\BuildLiteBehavior [ RunTime:0.000014s ]
INFO: [ app_init ] --END-- [ RunTime:0.000307s ]
INFO: [ app_begin ] --START--
INFO: Run Behavior\ReadHtmlCacheBehavior [ RunTime:0.000408s ]
INFO: [ app_begin ] --END-- [ RunTime:0.000443s ]
INFO: [ view_parse ] --START--
INFO: [ template_filter ] --START--
INFO: Run Behavior\ContentReplaceBehavior [ RunTime:0.000072s ]
INFO: [ template_filter ] --END-- [ RunTime:0.000119s ]
INFO: Run Behavior\ParseTemplateBehavior [ RunTime:0.006665s ]
INFO: [ view_parse ] --END-- [ RunTime:0.006702s ]
INFO: [ view_filter ] --START--
INFO: Run Behavior\WriteHtmlCacheBehavior [ RunTime:0.000188s ]
INFO: [ view_filter ] --END-- [ RunTime:0.000228s ]
INFO: [ app_end ] --START--
INFO: Run Behavior\ShowPageTraceBehavior [ RunTime:0.000573s ]
INFO: [ app_end ] --END-- [ RunTime:0.000631s ]

[ 2017-02-16T13:01:24+08:00 ] ::1 /Master/Admin/index
INFO: [ app_init ] --START--
INFO: Run Behavior\BuildLiteBehavior [ RunTime:0.000015s ]
INFO: [ app_init ] --END-- [ RunTime:0.000323s ]
INFO: [ app_begin ] --START--
INFO: Run Behavior\ReadHtmlCacheBehavior [ RunTime:0.000480s ]
INFO: [ app_begin ] --END-- [ RunTime:0.000517s ]
SQL: SHOW COLUMNS FROM `admin` [ RunTime:0.0066s ]
SQL: SELECT * FROM `admin`  [ RunTime:0.0003s ]
INFO: [ view_parse ] --START--
INFO: [ template_filter ] --START--
INFO: Run Behavior\ContentReplaceBehavior [ RunTime:0.000081s ]
INFO: [ template_filter ] --END-- [ RunTime:0.000134s ]
INFO: Run Behavior\ParseTemplateBehavior [ RunTime:0.015920s ]
INFO: [ view_parse ] --END-- [ RunTime:0.015995s ]
INFO: [ view_filter ] --START--
INFO: Run Behavior\WriteHtmlCacheBehavior [ RunTime:0.000224s ]
INFO: [ view_filter ] --END-- [ RunTime:0.000274s ]
INFO: [ app_end ] --START--
INFO: Run Behavior\ShowPageTraceBehavior [ RunTime:0.000500s ]
INFO: [ app_end ] --END-- [ RunTime:0.000533s ]

[ 2017-02-16T13:11:31+08:00 ] ::1 /Master/Admin/access/unique//do/jiedong/id/1
INFO: [ app_init ] --START--
INFO: Run Behavior\BuildLiteBehavior [ RunTime:0.000030s ]
INFO: [ app_init ] --END-- [ RunTime:0.000641s ]
INFO: [ app_begin ] --START--
INFO: Run Behavior\ReadHtmlCacheBehavior [ RunTime:0.000514s ]
INFO: [ app_begin ] --END-- [ RunTime:0.000575s ]

[ 2017-02-16T13:11:31+08:00 ] ::1 /Master/Login/index
INFO: [ app_init ] --START--
INFO: Run Behavior\BuildLiteBehavior [ RunTime:0.000015s ]
INFO: [ app_init ] --END-- [ RunTime:0.000308s ]
INFO: [ app_begin ] --START--
INFO: Run Behavior\ReadHtmlCacheBehavior [ RunTime:0.000399s ]
INFO: [ app_begin ] --END-- [ RunTime:0.000433s ]
INFO: [ view_parse ] --START--
INFO: [ template_filter ] --START--
INFO: Run Behavior\ContentReplaceBehavior [ RunTime:0.000056s ]
INFO: [ template_filter ] --END-- [ RunTime:0.000104s ]
INFO: Run Behavior\ParseTemplateBehavior [ RunTime:0.010182s ]
INFO: [ view_parse ] --END-- [ RunTime:0.010223s ]
INFO: [ view_filter ] --START--
INFO: Run Behavior\WriteHtmlCacheBehavior [ RunTime:0.000141s ]
INFO: [ view_filter ] --END-- [ RunTime:0.000172s ]
INFO: [ app_end ] --START--
INFO: Run Behavior\ShowPageTraceBehavior [ RunTime:0.000475s ]
INFO: [ app_end ] --END-- [ RunTime:0.000508s ]

[ 2017-02-16T13:11:31+08:00 ] ::1 /index.php/Master/Login/verify.html
INFO: [ app_init ] --START--
INFO: Run Behavior\BuildLiteBehavior [ RunTime:0.000023s ]
INFO: [ app_init ] --END-- [ RunTime:0.000574s ]
INFO: [ app_begin ] --START--
INFO: Run Behavior\ReadHtmlCacheBehavior [ RunTime:0.000602s ]
INFO: [ app_begin ] --END-- [ RunTime:0.000678s ]
INFO: [ app_end ] --START--
INFO: Run Behavior\ShowPageTraceBehavior [ RunTime:0.000605s ]
INFO: [ app_end ] --END-- [ RunTime:0.000675s ]

[ 2017-02-16T13:12:30+08:00 ] ::1 /Master/Admin/access/unique//do/jiedong/id/1
INFO: [ app_init ] --START--
INFO: Run Behavior\BuildLiteBehavior [ RunTime:0.000024s ]
INFO: [ app_init ] --END-- [ RunTime:0.000526s ]
INFO: [ app_begin ] --START--
INFO: Run Behavior\ReadHtmlCacheBehavior [ RunTime:0.000998s ]
INFO: [ app_begin ] --END-- [ RunTime:0.001145s ]

[ 2017-02-16T13:12:31+08:00 ] ::1 /Master/Login/index
INFO: [ app_init ] --START--
INFO: Run Behavior\BuildLiteBehavior [ RunTime:0.000017s ]
INFO: [ app_init ] --END-- [ RunTime:0.000389s ]
INFO: [ app_begin ] --START--
INFO: Run Behavior\ReadHtmlCacheBehavior [ RunTime:0.000464s ]
INFO: [ app_begin ] --END-- [ RunTime:0.000503s ]
INFO: [ view_parse ] --START--
INFO: [ template_filter ] --START--
INFO: Run Behavior\ContentReplaceBehavior [ RunTime:0.000052s ]
INFO: [ template_filter ] --END-- [ RunTime:0.000096s ]
INFO: Run Behavior\ParseTemplateBehavior [ RunTime:0.005325s ]
INFO: [ view_parse ] --END-- [ RunTime:0.005363s ]
INFO: [ view_filter ] --START--
INFO: Run Behavior\WriteHtmlCacheBehavior [ RunTime:0.000143s ]
INFO: [ view_filter ] --END-- [ RunTime:0.000173s ]
INFO: [ app_end ] --START--
INFO: Run Behavior\ShowPageTraceBehavior [ RunTime:0.000469s ]
INFO: [ app_end ] --END-- [ RunTime:0.000501s ]

[ 2017-02-16T13:12:31+08:00 ] ::1 /index.php/Master/Login/verify.html
INFO: [ app_init ] --START--
INFO: Run Behavior\BuildLiteBehavior [ RunTime:0.000027s ]
INFO: [ app_init ] --END-- [ RunTime:0.000585s ]
INFO: [ app_begin ] --START--
INFO: Run Behavior\ReadHtmlCacheBehavior [ RunTime:0.001197s ]
INFO: [ app_begin ] --END-- [ RunTime:0.001289s ]
INFO: [ app_end ] --START--
INFO: Run Behavior\ShowPageTraceBehavior [ RunTime:0.001498s ]
INFO: [ app_end ] --END-- [ RunTime:0.001599s ]

[ 2017-02-16T13:16:55+08:00 ] ::1 /Master/Admin/addAdmin
INFO: [ app_init ] --START--
INFO: Run Behavior\BuildLiteBehavior [ RunTime:0.000017s ]
INFO: [ app_init ] --END-- [ RunTime:0.000401s ]
INFO: [ app_begin ] --START--
INFO: Run Behavior\ReadHtmlCacheBehavior [ RunTime:0.000535s ]
INFO: [ app_begin ] --END-- [ RunTime:0.000589s ]
INFO: [ view_parse ] --START--
INFO: [ template_filter ] --START--
INFO: Run Behavior\ContentReplaceBehavior [ RunTime:0.000075s ]
INFO: [ template_filter ] --END-- [ RunTime:0.000127s ]
INFO: Run Behavior\ParseTemplateBehavior [ RunTime:0.009053s ]
INFO: [ view_parse ] --END-- [ RunTime:0.009099s ]
INFO: [ view_filter ] --START--
INFO: Run Behavior\WriteHtmlCacheBehavior [ RunTime:0.000161s ]
INFO: [ view_filter ] --END-- [ RunTime:0.000193s ]
INFO: [ app_end ] --START--
INFO: Run Behavior\ShowPageTraceBehavior [ RunTime:0.000517s ]
INFO: [ app_end ] --END-- [ RunTime:0.000551s ]

[ 2017-02-16T13:16:56+08:00 ] ::1 /Master/Admin/index
INFO: [ app_init ] --START--
INFO: Run Behavior\BuildLiteBehavior [ RunTime:0.000014s ]
INFO: [ app_init ] --END-- [ RunTime:0.000307s ]
INFO: [ app_begin ] --START--
INFO: Run Behavior\ReadHtmlCacheBehavior [ RunTime:0.000394s ]
INFO: [ app_begin ] --END-- [ RunTime:0.000430s ]
SQL: SHOW COLUMNS FROM `admin` [ RunTime:0.0014s ]
SQL: SELECT * FROM `admin`  [ RunTime:0.0004s ]
INFO: [ view_parse ] --START--
INFO: [ template_filter ] --START--
INFO: Run Behavior\ContentReplaceBehavior [ RunTime:0.000083s ]
INFO: [ template_filter ] --END-- [ RunTime:0.000139s ]
INFO: Run Behavior\ParseTemplateBehavior [ RunTime:0.016755s ]
INFO: [ view_parse ] --END-- [ RunTime:0.016802s ]
INFO: [ view_filter ] --START--
INFO: Run Behavior\WriteHtmlCacheBehavior [ RunTime:0.000160s ]
INFO: [ view_filter ] --END-- [ RunTime:0.000190s ]
INFO: [ app_end ] --START--
INFO: Run Behavior\ShowPageTraceBehavior [ RunTime:0.000470s ]
INFO: [ app_end ] --END-- [ RunTime:0.000501s ]

[ 2017-02-16T13:16:57+08:00 ] ::1 /Master/Hospital/index
INFO: [ app_init ] --START--
INFO: Run Behavior\BuildLiteBehavior [ RunTime:0.000016s ]
INFO: [ app_init ] --END-- [ RunTime:0.000318s ]
INFO: [ app_begin ] --START--
INFO: Run Behavior\ReadHtmlCacheBehavior [ RunTime:0.000456s ]
INFO: [ app_begin ] --END-- [ RunTime:0.000494s ]
SQL: SHOW COLUMNS FROM `hospital` [ RunTime:0.0016s ]
SQL: SHOW COLUMNS FROM `spending` [ RunTime:0.0015s ]
SQL: SHOW COLUMNS FROM `proportion` [ RunTime:0.0014s ]
SQL: SHOW COLUMNS FROM `rechange` [ RunTime:0.0022s ]
SQL: SELECT * FROM `hospital`  [ RunTime:0.0007s ]
SQL: SELECT `hospital_id`,`percent` FROM `proportion` WHERE `is_use` = 1  [ RunTime:0.0007s ]
SQL: SELECT sum(money) as remaining_sum,`hospital_id` FROM `rechange` GROUP BY hospital_id  [ RunTime:0.0007s ]
SQL: select sum(s.cost_money) as cost_sum,s.percentId,s.hospital_id,p.percent,p.is_use from spending s left join proportion p on s.percentId=p.id  group by s.percentId [ RunTime:0.0100s ]
NOTIC: [8] Undefined variable: res /Users/sx-pc/Documents/WWW/tp/Application/Master/Controller/HospitalController.class.php 第 30 行.
NOTIC: [8] Undefined offset: 10 /Users/sx-pc/Documents/WWW/tp/Application/Master/Controller/HospitalController.class.php 第 30 行.
NOTIC: [8] Undefined offset: 11 /Users/sx-pc/Documents/WWW/tp/Application/Master/Controller/HospitalController.class.php 第 30 行.
INFO: [ view_parse ] --START--
INFO: [ template_filter ] --START--
INFO: Run Behavior\ContentReplaceBehavior [ RunTime:0.000076s ]
INFO: [ template_filter ] --END-- [ RunTime:0.000127s ]
NOTIC: [8] Undefined variable: add_form_unique /Users/sx-pc/Documents/WWW/tp/Application/Runtime/Cache/Master/6444b16e41eda0c2fb4d1429df4ad96d.php 第 74 行.
NOTIC: [8] Undefined variable: add_form_unique /Users/sx-pc/Documents/WWW/tp/Application/Runtime/Cache/Master/6444b16e41eda0c2fb4d1429df4ad96d.php 第 74 行.
INFO: Run Behavior\ParseTemplateBehavior [ RunTime:0.011357s ]
INFO: [ view_parse ] --END-- [ RunTime:0.011405s ]
INFO: [ view_filter ] --START--
INFO: Run Behavior\WriteHtmlCacheBehavior [ RunTime:0.000158s ]
INFO: [ view_filter ] --END-- [ RunTime:0.000191s ]
INFO: [ app_end ] --START--
INFO: Run Behavior\ShowPageTraceBehavior [ RunTime:0.000592s ]
INFO: [ app_end ] --END-- [ RunTime:0.000631s ]

[ 2017-02-16T13:16:58+08:00 ] ::1 /Master/Hospital/info/id/10
INFO: [ app_init ] --START--
INFO: Run Behavior\BuildLiteBehavior [ RunTime:0.000015s ]
INFO: [ app_init ] --END-- [ RunTime:0.000323s ]
INFO: [ app_begin ] --START--
INFO: Run Behavior\ReadHtmlCacheBehavior [ RunTime:0.000418s ]
INFO: [ app_begin ] --END-- [ RunTime:0.000456s ]
SQL: SHOW COLUMNS FROM `hospital` [ RunTime:0.0016s ]
SQL: SHOW COLUMNS FROM `spending` [ RunTime:0.0014s ]
SQL: SHOW COLUMNS FROM `proportion` [ RunTime:0.0013s ]
SQL: SHOW COLUMNS FROM `rechange` [ RunTime:0.0017s ]
SQL: SHOW COLUMNS FROM `hospital_admin` [ RunTime:0.0012s ]
SQL: SHOW COLUMNS FROM `verify_recharge` [ RunTime:0.0018s ]
SQL: SHOW COLUMNS FROM `verify_record` [ RunTime:0.0014s ]
SQL: SELECT * FROM `hospital` WHERE `id` = 10 LIMIT 1   [ RunTime:0.0004s ]
SQL: SELECT * FROM `hospital_admin` WHERE `hospital_id` = 10  [ RunTime:0.0004s ]
SQL: select sum(s.cost_money) as cost_sum,p.* from spending s right join proportion p on s.percentId=p.id where p.hospital_id=10 group by p.id [ RunTime:0.0061s ]
SQL: SELECT sum(money) as money FROM `rechange` WHERE `hospital_id` = 10 LIMIT 1   [ RunTime:0.0008s ]
SQL: SELECT * FROM `rechange` WHERE `hospital_id` = 10  [ RunTime:0.0006s ]
SQL: SELECT `hospital_id`,`add_admin`,`money`,`add_datetime` FROM `verify_recharge` WHERE `hospital_id` = 10  [ RunTime:0.0004s ]
SQL: SELECT count(id) as count FROM `verify_record` WHERE `hospital_id` = 10 LIMIT 1   [ RunTime:0.0012s ]
NOTIC: [8] Undefined variable: verify_recharge_sum /Users/sx-pc/Documents/WWW/tp/Application/Master/Controller/HospitalController.class.php 第 178 行.
INFO: [ view_parse ] --START--
INFO: [ template_filter ] --START--
INFO: Run Behavior\ContentReplaceBehavior [ RunTime:0.000111s ]
INFO: [ template_filter ] --END-- [ RunTime:0.000163s ]
INFO: Run Behavior\ParseTemplateBehavior [ RunTime:0.029760s ]
INFO: [ view_parse ] --END-- [ RunTime:0.029812s ]
INFO: [ view_filter ] --START--
INFO: Run Behavior\WriteHtmlCacheBehavior [ RunTime:0.000256s ]
INFO: [ view_filter ] --END-- [ RunTime:0.000294s ]
INFO: [ app_end ] --START--
INFO: Run Behavior\ShowPageTraceBehavior [ RunTime:0.000752s ]
INFO: [ app_end ] --END-- [ RunTime:0.000827s ]

[ 2017-02-16T13:16:58+08:00 ] ::1 /index.php/Master/Login/verify.html
INFO: [ app_init ] --START--
INFO: Run Behavior\BuildLiteBehavior [ RunTime:0.000021s ]
INFO: [ app_init ] --END-- [ RunTime:0.000458s ]
INFO: [ app_begin ] --START--
INFO: Run Behavior\ReadHtmlCacheBehavior [ RunTime:0.000843s ]
INFO: [ app_begin ] --END-- [ RunTime:0.000930s ]
INFO: [ app_end ] --START--
INFO: Run Behavior\ShowPageTraceBehavior [ RunTime:0.000583s ]
INFO: [ app_end ] --END-- [ RunTime:0.000645s ]

[ 2017-02-16T13:17:50+08:00 ] ::1 /Master/Admin/access/unique//do/jiedong/id/1
INFO: [ app_init ] --START--
INFO: Run Behavior\BuildLiteBehavior [ RunTime:0.000015s ]
INFO: [ app_init ] --END-- [ RunTime:0.000359s ]
INFO: [ app_begin ] --START--
INFO: Run Behavior\ReadHtmlCacheBehavior [ RunTime:0.000406s ]
INFO: [ app_begin ] --END-- [ RunTime:0.000441s ]

[ 2017-02-16T13:17:50+08:00 ] ::1 /Master/Login/index
INFO: [ app_init ] --START--
INFO: Run Behavior\BuildLiteBehavior [ RunTime:0.000020s ]
INFO: [ app_init ] --END-- [ RunTime:0.000688s ]
INFO: [ app_begin ] --START--
INFO: Run Behavior\ReadHtmlCacheBehavior [ RunTime:0.000532s ]
INFO: [ app_begin ] --END-- [ RunTime:0.000586s ]
INFO: [ view_parse ] --START--
INFO: [ template_filter ] --START--
INFO: Run Behavior\ContentReplaceBehavior [ RunTime:0.000054s ]
INFO: [ template_filter ] --END-- [ RunTime:0.000103s ]
INFO: Run Behavior\ParseTemplateBehavior [ RunTime:0.006156s ]
INFO: [ view_parse ] --END-- [ RunTime:0.006206s ]
INFO: [ view_filter ] --START--
INFO: Run Behavior\WriteHtmlCacheBehavior [ RunTime:0.000148s ]
INFO: [ view_filter ] --END-- [ RunTime:0.000179s ]
INFO: [ app_end ] --START--
INFO: Run Behavior\ShowPageTraceBehavior [ RunTime:0.000465s ]
INFO: [ app_end ] --END-- [ RunTime:0.000498s ]

[ 2017-02-16T13:17:50+08:00 ] ::1 /index.php/Master/Login/verify.html
INFO: [ app_init ] --START--
INFO: Run Behavior\BuildLiteBehavior [ RunTime:0.000027s ]
INFO: [ app_init ] --END-- [ RunTime:0.000578s ]
INFO: [ app_begin ] --START--
INFO: Run Behavior\ReadHtmlCacheBehavior [ RunTime:0.001829s ]
INFO: [ app_begin ] --END-- [ RunTime:0.001929s ]
INFO: [ app_end ] --START--
INFO: Run Behavior\ShowPageTraceBehavior [ RunTime:0.001224s ]
INFO: [ app_end ] --END-- [ RunTime:0.003742s ]

[ 2017-02-16T13:48:35+08:00 ] ::1 /Master/Admin/access/unique//do/jiedong/id/1
INFO: [ app_init ] --START--
INFO: Run Behavior\BuildLiteBehavior [ RunTime:0.000016s ]
INFO: [ app_init ] --END-- [ RunTime:0.000660s ]
INFO: [ app_begin ] --START--
INFO: Run Behavior\ReadHtmlCacheBehavior [ RunTime:0.000771s ]
INFO: [ app_begin ] --END-- [ RunTime:0.000833s ]

[ 2017-02-16T13:48:35+08:00 ] ::1 /Master/Login/index
INFO: [ app_init ] --START--
INFO: Run Behavior\BuildLiteBehavior [ RunTime:0.000015s ]
INFO: [ app_init ] --END-- [ RunTime:0.000314s ]
INFO: [ app_begin ] --START--
INFO: Run Behavior\ReadHtmlCacheBehavior [ RunTime:0.000433s ]
INFO: [ app_begin ] --END-- [ RunTime:0.000473s ]
INFO: [ view_parse ] --START--
INFO: [ template_filter ] --START--
INFO: Run Behavior\ContentReplaceBehavior [ RunTime:0.000054s ]
INFO: [ template_filter ] --END-- [ RunTime:0.000103s ]
INFO: Run Behavior\ParseTemplateBehavior [ RunTime:0.007370s ]
INFO: [ view_parse ] --END-- [ RunTime:0.007411s ]
INFO: [ view_filter ] --START--
INFO: Run Behavior\WriteHtmlCacheBehavior [ RunTime:0.000370s ]
INFO: [ view_filter ] --END-- [ RunTime:0.000405s ]
INFO: [ app_end ] --START--
INFO: Run Behavior\ShowPageTraceBehavior [ RunTime:0.000702s ]
INFO: [ app_end ] --END-- [ RunTime:0.000736s ]

[ 2017-02-16T13:48:35+08:00 ] ::1 /index.php/Master/Login/verify.html
INFO: [ app_init ] --START--
INFO: Run Behavior\BuildLiteBehavior [ RunTime:0.000024s ]
INFO: [ app_init ] --END-- [ RunTime:0.000566s ]
INFO: [ app_begin ] --START--
INFO: Run Behavior\ReadHtmlCacheBehavior [ RunTime:0.000793s ]
INFO: [ app_begin ] --END-- [ RunTime:0.000895s ]
INFO: [ app_end ] --START--
INFO: Run Behavior\ShowPageTraceBehavior [ RunTime:0.000650s ]
INFO: [ app_end ] --END-- [ RunTime:0.000722s ]

[ 2017-02-16T14:23:48+08:00 ] ::1 /Master/Admin/access/unique/7fa79c117d14fb5db30d14b59044b8a0c5b76847/do/jiedong/id/1
INFO: [ app_init ] --START--
INFO: Run Behavior\BuildLiteBehavior [ RunTime:0.000017s ]
INFO: [ app_init ] --END-- [ RunTime:0.000350s ]
INFO: [ app_begin ] --START--
INFO: Run Behavior\ReadHtmlCacheBehavior [ RunTime:0.000540s ]
INFO: [ app_begin ] --END-- [ RunTime:0.000599s ]

[ 2017-02-16T14:23:48+08:00 ] ::1 /Master/Login/index
INFO: [ app_init ] --START--
INFO: Run Behavior\BuildLiteBehavior [ RunTime:0.000016s ]
INFO: [ app_init ] --END-- [ RunTime:0.000313s ]
INFO: [ app_begin ] --START--
INFO: Run Behavior\ReadHtmlCacheBehavior [ RunTime:0.000407s ]
INFO: [ app_begin ] --END-- [ RunTime:0.000444s ]
INFO: [ view_parse ] --START--
INFO: [ template_filter ] --START--
INFO: Run Behavior\ContentReplaceBehavior [ RunTime:0.000055s ]
INFO: [ template_filter ] --END-- [ RunTime:0.000167s ]
INFO: Run Behavior\ParseTemplateBehavior [ RunTime:0.010449s ]
INFO: [ view_parse ] --END-- [ RunTime:0.010496s ]
INFO: [ view_filter ] --START--
INFO: Run Behavior\WriteHtmlCacheBehavior [ RunTime:0.000139s ]
INFO: [ view_filter ] --END-- [ RunTime:0.000171s ]
INFO: [ app_end ] --START--
INFO: Run Behavior\ShowPageTraceBehavior [ RunTime:0.000468s ]
INFO: [ app_end ] --END-- [ RunTime:0.000501s ]

[ 2017-02-16T14:23:48+08:00 ] ::1 /index.php/Master/Login/verify.html
INFO: [ app_init ] --START--
INFO: Run Behavior\BuildLiteBehavior [ RunTime:0.000018s ]
INFO: [ app_init ] --END-- [ RunTime:0.000379s ]
INFO: [ app_begin ] --START--
INFO: Run Behavior\ReadHtmlCacheBehavior [ RunTime:0.000823s ]
INFO: [ app_begin ] --END-- [ RunTime:0.000925s ]
INFO: [ app_end ] --START--
INFO: Run Behavior\ShowPageTraceBehavior [ RunTime:0.000658s ]
INFO: [ app_end ] --END-- [ RunTime:0.000748s ]

[ 2017-02-16T14:52:22+08:00 ] ::1 /Master/Login/index
INFO: [ app_init ] --START--
INFO: Run Behavior\BuildLiteBehavior [ RunTime:0.000014s ]
INFO: [ app_init ] --END-- [ RunTime:0.000306s ]
INFO: [ app_begin ] --START--
INFO: Run Behavior\ReadHtmlCacheBehavior [ RunTime:0.000426s ]
INFO: [ app_begin ] --END-- [ RunTime:0.000466s ]
INFO: [ view_parse ] --START--
INFO: [ template_filter ] --START--
INFO: Run Behavior\ContentReplaceBehavior [ RunTime:0.000058s ]
INFO: [ template_filter ] --END-- [ RunTime:0.000114s ]
INFO: Run Behavior\ParseTemplateBehavior [ RunTime:0.006444s ]
INFO: [ view_parse ] --END-- [ RunTime:0.006491s ]
INFO: [ view_filter ] --START--
INFO: Run Behavior\WriteHtmlCacheBehavior [ RunTime:0.000178s ]
INFO: [ view_filter ] --END-- [ RunTime:0.000212s ]
INFO: [ app_end ] --START--
INFO: Run Behavior\ShowPageTraceBehavior [ RunTime:0.000546s ]
INFO: [ app_end ] --END-- [ RunTime:0.000585s ]

[ 2017-02-16T14:52:22+08:00 ] ::1 /index.php/Master/Login/verify.html
INFO: [ app_init ] --START--
INFO: Run Behavior\BuildLiteBehavior [ RunTime:0.000014s ]
INFO: [ app_init ] --END-- [ RunTime:0.000316s ]
INFO: [ app_begin ] --START--
INFO: Run Behavior\ReadHtmlCacheBehavior [ RunTime:0.000423s ]
INFO: [ app_begin ] --END-- [ RunTime:0.000461s ]
INFO: [ app_end ] --START--
INFO: Run Behavior\ShowPageTraceBehavior [ RunTime:0.000518s ]
INFO: [ app_end ] --END-- [ RunTime:0.000571s ]

[ 2017-02-16T15:06:23+08:00 ] ::1 /Master/Index/index
INFO: [ app_init ] --START--
INFO: Run Behavior\BuildLiteBehavior [ RunTime:0.000013s ]
INFO: [ app_init ] --END-- [ RunTime:0.000309s ]
INFO: [ app_begin ] --START--
INFO: Run Behavior\ReadHtmlCacheBehavior [ RunTime:0.000506s ]
INFO: [ app_begin ] --END-- [ RunTime:0.000563s ]

[ 2017-02-16T15:06:23+08:00 ] ::1 /Master/Login/index
INFO: [ app_init ] --START--
INFO: Run Behavior\BuildLiteBehavior [ RunTime:0.000014s ]
INFO: [ app_init ] --END-- [ RunTime:0.000306s ]
INFO: [ app_begin ] --START--
INFO: Run Behavior\ReadHtmlCacheBehavior [ RunTime:0.000400s ]
INFO: [ app_begin ] --END-- [ RunTime:0.000435s ]
INFO: [ view_parse ] --START--
INFO: [ template_filter ] --START--
INFO: Run Behavior\ContentReplaceBehavior [ RunTime:0.000055s ]
INFO: [ template_filter ] --END-- [ RunTime:0.000106s ]
INFO: Run Behavior\ParseTemplateBehavior [ RunTime:0.010513s ]
INFO: [ view_parse ] --END-- [ RunTime:0.010553s ]
INFO: [ view_filter ] --START--
INFO: Run Behavior\WriteHtmlCacheBehavior [ RunTime:0.000138s ]
INFO: [ view_filter ] --END-- [ RunTime:0.000168s ]
INFO: [ app_end ] --START--
INFO: Run Behavior\ShowPageTraceBehavior [ RunTime:0.000463s ]
INFO: [ app_end ] --END-- [ RunTime:0.000495s ]

[ 2017-02-16T15:06:24+08:00 ] ::1 /index.php/Master/Login/verify.html
INFO: [ app_init ] --START--
INFO: Run Behavior\BuildLiteBehavior [ RunTime:0.000017s ]
INFO: [ app_init ] --END-- [ RunTime:0.000351s ]
INFO: [ app_begin ] --START--
INFO: Run Behavior\ReadHtmlCacheBehavior [ RunTime:0.000455s ]
INFO: [ app_begin ] --END-- [ RunTime:0.000501s ]
INFO: [ app_end ] --START--
INFO: Run Behavior\ShowPageTraceBehavior [ RunTime:0.001953s ]
INFO: [ app_end ] --END-- [ RunTime:0.002134s ]

[ 2017-02-16T15:06:29+08:00 ] ::1 /index.php/Master/Login/verify.html?0.874579636792236
INFO: [ app_init ] --START--
INFO: Run Behavior\BuildLiteBehavior [ RunTime:0.000018s ]
INFO: [ app_init ] --END-- [ RunTime:0.000592s ]
INFO: [ app_begin ] --START--
INFO: Run Behavior\ReadHtmlCacheBehavior [ RunTime:0.000471s ]
INFO: [ app_begin ] --END-- [ RunTime:0.000520s ]
INFO: [ app_end ] --START--
INFO: Run Behavior\ShowPageTraceBehavior [ RunTime:0.000773s ]
INFO: [ app_end ] --END-- [ RunTime:0.000852s ]

[ 2017-02-16T15:06:29+08:00 ] ::1 /index.php/Master/Login/verify.html?0.6079125623333042
INFO: [ app_init ] --START--
INFO: Run Behavior\BuildLiteBehavior [ RunTime:0.000016s ]
INFO: [ app_init ] --END-- [ RunTime:0.000319s ]
INFO: [ app_begin ] --START--
INFO: Run Behavior\ReadHtmlCacheBehavior [ RunTime:0.000403s ]
INFO: [ app_begin ] --END-- [ RunTime:0.000439s ]
INFO: [ app_end ] --START--
INFO: Run Behavior\ShowPageTraceBehavior [ RunTime:0.000586s ]
INFO: [ app_end ] --END-- [ RunTime:0.000633s ]

[ 2017-02-16T15:06:31+08:00 ] ::1 /index.php/Master/Login/verify.html?0.4397675044878713
INFO: [ app_init ] --START--
INFO: Run Behavior\BuildLiteBehavior [ RunTime:0.000016s ]
INFO: [ app_init ] --END-- [ RunTime:0.000319s ]
INFO: [ app_begin ] --START--
INFO: Run Behavior\ReadHtmlCacheBehavior [ RunTime:0.000406s ]
INFO: [ app_begin ] --END-- [ RunTime:0.000443s ]
INFO: [ app_end ] --START--
INFO: Run Behavior\ShowPageTraceBehavior [ RunTime:0.000466s ]
INFO: [ app_end ] --END-- [ RunTime:0.000511s ]

[ 2017-02-16T15:06:32+08:00 ] ::1 /index.php/Master/Login/verify.html?0.13680263897554212
INFO: [ app_init ] --START--
INFO: Run Behavior\BuildLiteBehavior [ RunTime:0.000015s ]
INFO: [ app_init ] --END-- [ RunTime:0.000323s ]
INFO: [ app_begin ] --START--
INFO: Run Behavior\ReadHtmlCacheBehavior [ RunTime:0.000403s ]
INFO: [ app_begin ] --END-- [ RunTime:0.000437s ]
INFO: [ app_end ] --START--
INFO: Run Behavior\ShowPageTraceBehavior [ RunTime:0.000526s ]
INFO: [ app_end ] --END-- [ RunTime:0.000579s ]

[ 2017-02-16T15:06:38+08:00 ] ::1 /index.php/Master/Login/usernameLogin.html
INFO: [ app_init ] --START--
INFO: Run Behavior\BuildLiteBehavior [ RunTime:0.000017s ]
INFO: [ app_init ] --END-- [ RunTime:0.000434s ]
INFO: [ app_begin ] --START--
INFO: Run Behavior\ReadHtmlCacheBehavior [ RunTime:0.000517s ]
INFO: [ app_begin ] --END-- [ RunTime:0.000558s ]
SQL: SHOW COLUMNS FROM `admin` [ RunTime:0.0019s ]
NOTIC: [2] addslashes() expects parameter 1 to be string, array given /Users/sx-pc/Documents/WWW/tp/ThinkPHP/Library/Think/Db/Driver.class.php 第 1031 行.
SQL: SELECT * FROM `admin` WHERE `username` = '' LIMIT 1   [ RunTime:0.0006s ]
SQL: UPDATE `admin` SET `last_login_ip`='::1',`last_login_time`='2017-02-16 15:06:38' WHERE `id` = 2 [ RunTime:0.0106s ]
INFO: [ view_parse ] --START--
INFO: [ template_filter ] --START--
INFO: Run Behavior\ContentReplaceBehavior [ RunTime:0.000039s ]
INFO: [ template_filter ] --END-- [ RunTime:0.000090s ]
INFO: Run Behavior\ParseTemplateBehavior [ RunTime:0.016838s ]
INFO: [ view_parse ] --END-- [ RunTime:0.016910s ]
INFO: [ view_filter ] --START--
INFO: Run Behavior\WriteHtmlCacheBehavior [ RunTime:0.000197s ]
INFO: [ view_filter ] --END-- [ RunTime:0.000239s ]
INFO: [ app_end ] --START--
INFO: Run Behavior\ShowPageTraceBehavior [ RunTime:0.000586s ]
INFO: [ app_end ] --END-- [ RunTime:0.000635s ]

[ 2017-02-16T15:06:39+08:00 ] ::1 /Master/Index/index
INFO: [ app_init ] --START--
INFO: Run Behavior\BuildLiteBehavior [ RunTime:0.000038s ]
INFO: [ app_init ] --END-- [ RunTime:0.000673s ]
INFO: [ app_begin ] --START--
INFO: Run Behavior\ReadHtmlCacheBehavior [ RunTime:0.000901s ]
INFO: [ app_begin ] --END-- [ RunTime:0.000988s ]
SQL: SHOW COLUMNS FROM `admin` [ RunTime:0.0015s ]
SQL: SELECT * FROM `admin` WHERE `id` = 2 LIMIT 1   [ RunTime:0.0004s ]
SQL: SHOW COLUMNS FROM `hospital` [ RunTime:0.0013s ]
SQL: SHOW COLUMNS FROM `spending` [ RunTime:0.0014s ]
SQL: SELECT * FROM `hospital` WHERE `is_use` = 1  [ RunTime:0.0005s ]
NOTIC: [8] Undefined index: hospital_id /Users/sx-pc/Documents/WWW/tp/Application/Master/Controller/IndexController.class.php 第 20 行.
NOTIC: [8] Undefined index: hospital_name /Users/sx-pc/Documents/WWW/tp/Application/Master/Controller/IndexController.class.php 第 21 行.
SQL: SELECT * FROM `hospital` WHERE `id` = 10 LIMIT 1   [ RunTime:0.0003s ]
SQL: SELECT * FROM `spending` WHERE `hospital_id` = '10' AND `spending_date` BETWEEN '2017-02-01' AND '2017-02-28'  [ RunTime:0.0069s ]
NOTIC: [8] Undefined index: sum_money /Users/sx-pc/Documents/WWW/tp/Application/Master/Controller/IndexController.class.php 第 35 行.
NOTIC: [8] Undefined index: sum_money /Users/sx-pc/Documents/WWW/tp/Application/Master/Controller/IndexController.class.php 第 35 行.
NOTIC: [8] Undefined index: sum_money /Users/sx-pc/Documents/WWW/tp/Application/Master/Controller/IndexController.class.php 第 35 行.
NOTIC: [8] Undefined index: sum_money /Users/sx-pc/Documents/WWW/tp/Application/Master/Controller/IndexController.class.php 第 35 行.
NOTIC: [8] Undefined index: sum_money /Users/sx-pc/Documents/WWW/tp/Application/Master/Controller/IndexController.class.php 第 35 行.
NOTIC: [8] Undefined index: sum_money /Users/sx-pc/Documents/WWW/tp/Application/Master/Controller/IndexController.class.php 第 35 行.
NOTIC: [8] Undefined index: sum_money /Users/sx-pc/Documents/WWW/tp/Application/Master/Controller/IndexController.class.php 第 35 行.
NOTIC: [8] Undefined index: sum_money /Users/sx-pc/Documents/WWW/tp/Application/Master/Controller/IndexController.class.php 第 35 行.
NOTIC: [8] Undefined index: sum_money /Users/sx-pc/Documents/WWW/tp/Application/Master/Controller/IndexController.class.php 第 35 行.
NOTIC: [8] Undefined index: sum_money /Users/sx-pc/Documents/WWW/tp/Application/Master/Controller/IndexController.class.php 第 35 行.
NOTIC: [8] Undefined index: sum_money /Users/sx-pc/Documents/WWW/tp/Application/Master/Controller/IndexController.class.php 第 35 行.
NOTIC: [8] Undefined index: sum_money /Users/sx-pc/Documents/WWW/tp/Application/Master/Controller/IndexController.class.php 第 35 行.
NOTIC: [8] Undefined index: sum_money /Users/sx-pc/Documents/WWW/tp/Application/Master/Controller/IndexController.class.php 第 35 行.
NOTIC: [8] Undefined index: sum_money /Users/sx-pc/Documents/WWW/tp/Application/Master/Controller/IndexController.class.php 第 35 行.
SQL: select sum(cost_money) from spending where hospital_id="10" [ RunTime:0.0016s ]
NOTIC: [8] Undefined index: percent /Users/sx-pc/Documents/WWW/tp/Application/Master/Controller/IndexController.class.php 第 42 行.
NOTIC: [8] Undefined index: remaining_sum /Users/sx-pc/Documents/WWW/tp/Application/Master/Controller/IndexController.class.php 第 43 行.
SQL: SHOW COLUMNS FROM `doctor` [ RunTime:0.0015s ]
SQL: SELECT * FROM `doctor` WHERE `hospital_id` = 10  [ RunTime:0.0006s ]
INFO: [ view_parse ] --START--
INFO: [ template_filter ] --START--
INFO: Run Behavior\ContentReplaceBehavior [ RunTime:0.000136s ]
INFO: [ template_filter ] --END-- [ RunTime:0.000205s ]
NOTIC: [8] Undefined variable: leav /Users/sx-pc/Documents/WWW/tp/Application/Runtime/Cache/Master/f9884a4f00f8e32a73c2c1c824d085d3.php 第 65 行.
NOTIC: [8] Undefined variable: hospital_info /Users/sx-pc/Documents/WWW/tp/Application/Runtime/Cache/Master/f9884a4f00f8e32a73c2c1c824d085d3.php 第 66 行.
INFO: Run Behavior\ParseTemplateBehavior [ RunTime:0.027538s ]
INFO: [ view_parse ] --END-- [ RunTime:0.027590s ]
INFO: [ view_filter ] --START--
INFO: Run Behavior\WriteHtmlCacheBehavior [ RunTime:0.000183s ]
INFO: [ view_filter ] --END-- [ RunTime:0.000218s ]
INFO: [ app_end ] --START--
INFO: Run Behavior\ShowPageTraceBehavior [ RunTime:0.000558s ]
INFO: [ app_end ] --END-- [ RunTime:0.000608s ]

[ 2017-02-16T15:06:39+08:00 ] ::1 /Master/Index/index
INFO: [ app_init ] --START--
INFO: Run Behavior\BuildLiteBehavior [ RunTime:0.000016s ]
INFO: [ app_init ] --END-- [ RunTime:0.000357s ]
INFO: [ app_begin ] --START--
INFO: Run Behavior\ReadHtmlCacheBehavior [ RunTime:0.000538s ]
INFO: [ app_begin ] --END-- [ RunTime:0.000587s ]
SQL: SHOW COLUMNS FROM `admin` [ RunTime:0.0011s ]
SQL: SELECT * FROM `admin` WHERE `id` = 2 LIMIT 1   [ RunTime:0.0003s ]
SQL: SHOW COLUMNS FROM `hospital` [ RunTime:0.0010s ]
SQL: SHOW COLUMNS FROM `spending` [ RunTime:0.0014s ]
SQL: SELECT * FROM `hospital` WHERE `is_use` = 1  [ RunTime:0.0005s ]
SQL: SELECT * FROM `hospital` WHERE `id` = 10 LIMIT 1   [ RunTime:0.0003s ]
SQL: SELECT * FROM `spending` WHERE `hospital_id` = '10' AND `spending_date` BETWEEN '2017-02-01' AND '2017-02-28'  [ RunTime:0.0064s ]
NOTIC: [8] Undefined index: sum_money /Users/sx-pc/Documents/WWW/tp/Application/Master/Controller/IndexController.class.php 第 35 行.
NOTIC: [8] Undefined index: sum_money /Users/sx-pc/Documents/WWW/tp/Application/Master/Controller/IndexController.class.php 第 35 行.
NOTIC: [8] Undefined index: sum_money /Users/sx-pc/Documents/WWW/tp/Application/Master/Controller/IndexController.class.php 第 35 行.
NOTIC: [8] Undefined index: sum_money /Users/sx-pc/Documents/WWW/tp/Application/Master/Controller/IndexController.class.php 第 35 行.
NOTIC: [8] Undefined index: sum_money /Users/sx-pc/Documents/WWW/tp/Application/Master/Controller/IndexController.class.php 第 35 行.
NOTIC: [8] Undefined index: sum_money /Users/sx-pc/Documents/WWW/tp/Application/Master/Controller/IndexController.class.php 第 35 行.
NOTIC: [8] Undefined index: sum_money /Users/sx-pc/Documents/WWW/tp/Application/Master/Controller/IndexController.class.php 第 35 行.
NOTIC: [8] Undefined index: sum_money /Users/sx-pc/Documents/WWW/tp/Application/Master/Controller/IndexController.class.php 第 35 行.
NOTIC: [8] Undefined index: sum_money /Users/sx-pc/Documents/WWW/tp/Application/Master/Controller/IndexController.class.php 第 35 行.
NOTIC: [8] Undefined index: sum_money /Users/sx-pc/Documents/WWW/tp/Application/Master/Controller/IndexController.class.php 第 35 行.
NOTIC: [8] Undefined index: sum_money /Users/sx-pc/Documents/WWW/tp/Application/Master/Controller/IndexController.class.php 第 35 行.
NOTIC: [8] Undefined index: sum_money /Users/sx-pc/Documents/WWW/tp/Application/Master/Controller/IndexController.class.php 第 35 行.
NOTIC: [8] Undefined index: sum_money /Users/sx-pc/Documents/WWW/tp/Application/Master/Controller/IndexController.class.php 第 35 行.
NOTIC: [8] Undefined index: sum_money /Users/sx-pc/Documents/WWW/tp/Application/Master/Controller/IndexController.class.php 第 35 行.
SQL: select sum(cost_money) from spending where hospital_id="10" [ RunTime:0.0017s ]
NOTIC: [8] Undefined index: percent /Users/sx-pc/Documents/WWW/tp/Application/Master/Controller/IndexController.class.php 第 42 行.
NOTIC: [8] Undefined index: remaining_sum /Users/sx-pc/Documents/WWW/tp/Application/Master/Controller/IndexController.class.php 第 43 行.
SQL: SHOW COLUMNS FROM `doctor` [ RunTime:0.0015s ]
SQL: SELECT * FROM `doctor` WHERE `hospital_id` = 10  [ RunTime:0.0005s ]
INFO: [ view_parse ] --START--
INFO: [ template_filter ] --START--
INFO: Run Behavior\ContentReplaceBehavior [ RunTime:0.000094s ]
INFO: [ template_filter ] --END-- [ RunTime:0.000156s ]
NOTIC: [8] Undefined variable: leav /Users/sx-pc/Documents/WWW/tp/Application/Runtime/Cache/Master/f9884a4f00f8e32a73c2c1c824d085d3.php 第 65 行.
NOTIC: [8] Undefined variable: hospital_info /Users/sx-pc/Documents/WWW/tp/Application/Runtime/Cache/Master/f9884a4f00f8e32a73c2c1c824d085d3.php 第 66 行.
INFO: Run Behavior\ParseTemplateBehavior [ RunTime:0.016877s ]
INFO: [ view_parse ] --END-- [ RunTime:0.016925s ]
INFO: [ view_filter ] --START--
INFO: Run Behavior\WriteHtmlCacheBehavior [ RunTime:0.000157s ]
INFO: [ view_filter ] --END-- [ RunTime:0.000189s ]
INFO: [ app_end ] --START--
INFO: Run Behavior\ShowPageTraceBehavior [ RunTime:0.000977s ]
INFO: [ app_end ] --END-- [ RunTime:0.001039s ]

[ 2017-02-16T15:06:41+08:00 ] ::1 /Master/Admin/index
INFO: [ app_init ] --START--
INFO: Run Behavior\BuildLiteBehavior [ RunTime:0.000015s ]
INFO: [ app_init ] --END-- [ RunTime:0.000310s ]
INFO: [ app_begin ] --START--
INFO: Run Behavior\ReadHtmlCacheBehavior [ RunTime:0.000407s ]
INFO: [ app_begin ] --END-- [ RunTime:0.000446s ]
SQL: SHOW COLUMNS FROM `admin` [ RunTime:0.0013s ]
SQL: SELECT * FROM `admin`  [ RunTime:0.0003s ]
INFO: [ view_parse ] --START--
INFO: [ template_filter ] --START--
INFO: Run Behavior\ContentReplaceBehavior [ RunTime:0.000090s ]
INFO: [ template_filter ] --END-- [ RunTime:0.000192s ]
INFO: Run Behavior\ParseTemplateBehavior [ RunTime:0.018446s ]
INFO: [ view_parse ] --END-- [ RunTime:0.018498s ]
INFO: [ view_filter ] --START--
INFO: Run Behavior\WriteHtmlCacheBehavior [ RunTime:0.000171s ]
INFO: [ view_filter ] --END-- [ RunTime:0.000204s ]
INFO: [ app_end ] --START--
INFO: Run Behavior\ShowPageTraceBehavior [ RunTime:0.000485s ]
INFO: [ app_end ] --END-- [ RunTime:0.000520s ]

[ 2017-02-16T15:06:44+08:00 ] ::1 /Master/Index/index
INFO: [ app_init ] --START--
INFO: Run Behavior\BuildLiteBehavior [ RunTime:0.000026s ]
INFO: [ app_init ] --END-- [ RunTime:0.000627s ]
INFO: [ app_begin ] --START--
INFO: Run Behavior\ReadHtmlCacheBehavior [ RunTime:0.000730s ]
INFO: [ app_begin ] --END-- [ RunTime:0.000800s ]
SQL: SHOW COLUMNS FROM `admin` [ RunTime:0.0070s ]
SQL: SELECT * FROM `admin` WHERE `id` = 2 LIMIT 1   [ RunTime:0.0005s ]
SQL: SHOW COLUMNS FROM `hospital` [ RunTime:0.0015s ]
SQL: SHOW COLUMNS FROM `spending` [ RunTime:0.0020s ]
SQL: SELECT * FROM `hospital` WHERE `is_use` = 1  [ RunTime:0.0005s ]
SQL: SELECT * FROM `hospital` WHERE `id` = 10 LIMIT 1   [ RunTime:0.0003s ]
SQL: SELECT * FROM `spending` WHERE `hospital_id` = '10' AND `spending_date` BETWEEN '2017-02-01' AND '2017-02-28'  [ RunTime:0.0063s ]
NOTIC: [8] Undefined index: sum_money /Users/sx-pc/Documents/WWW/tp/Application/Master/Controller/IndexController.class.php 第 35 行.
NOTIC: [8] Undefined index: sum_money /Users/sx-pc/Documents/WWW/tp/Application/Master/Controller/IndexController.class.php 第 35 行.
NOTIC: [8] Undefined index: sum_money /Users/sx-pc/Documents/WWW/tp/Application/Master/Controller/IndexController.class.php 第 35 行.
NOTIC: [8] Undefined index: sum_money /Users/sx-pc/Documents/WWW/tp/Application/Master/Controller/IndexController.class.php 第 35 行.
NOTIC: [8] Undefined index: sum_money /Users/sx-pc/Documents/WWW/tp/Application/Master/Controller/IndexController.class.php 第 35 行.
NOTIC: [8] Undefined index: sum_money /Users/sx-pc/Documents/WWW/tp/Application/Master/Controller/IndexController.class.php 第 35 行.
NOTIC: [8] Undefined index: sum_money /Users/sx-pc/Documents/WWW/tp/Application/Master/Controller/IndexController.class.php 第 35 行.
NOTIC: [8] Undefined index: sum_money /Users/sx-pc/Documents/WWW/tp/Application/Master/Controller/IndexController.class.php 第 35 行.
NOTIC: [8] Undefined index: sum_money /Users/sx-pc/Documents/WWW/tp/Application/Master/Controller/IndexController.class.php 第 35 行.
NOTIC: [8] Undefined index: sum_money /Users/sx-pc/Documents/WWW/tp/Application/Master/Controller/IndexController.class.php 第 35 行.
NOTIC: [8] Undefined index: sum_money /Users/sx-pc/Documents/WWW/tp/Application/Master/Controller/IndexController.class.php 第 35 行.
NOTIC: [8] Undefined index: sum_money /Users/sx-pc/Documents/WWW/tp/Application/Master/Controller/IndexController.class.php 第 35 行.
NOTIC: [8] Undefined index: sum_money /Users/sx-pc/Documents/WWW/tp/Application/Master/Controller/IndexController.class.php 第 35 行.
NOTIC: [8] Undefined index: sum_money /Users/sx-pc/Documents/WWW/tp/Application/Master/Controller/IndexController.class.php 第 35 行.
SQL: select sum(cost_money) from spending where hospital_id="10" [ RunTime:0.0021s ]
NOTIC: [8] Undefined index: percent /Users/sx-pc/Documents/WWW/tp/Application/Master/Controller/IndexController.class.php 第 42 行.
NOTIC: [8] Undefined index: remaining_sum /Users/sx-pc/Documents/WWW/tp/Application/Master/Controller/IndexController.class.php 第 43 行.
SQL: SHOW COLUMNS FROM `doctor` [ RunTime:0.0017s ]
SQL: SELECT * FROM `doctor` WHERE `hospital_id` = 10  [ RunTime:0.0008s ]
INFO: [ view_parse ] --START--
INFO: [ template_filter ] --START--
INFO: Run Behavior\ContentReplaceBehavior [ RunTime:0.000087s ]
INFO: [ template_filter ] --END-- [ RunTime:0.000138s ]
NOTIC: [8] Undefined variable: leav /Users/sx-pc/Documents/WWW/tp/Application/Runtime/Cache/Master/f9884a4f00f8e32a73c2c1c824d085d3.php 第 65 行.
NOTIC: [8] Undefined variable: hospital_info /Users/sx-pc/Documents/WWW/tp/Application/Runtime/Cache/Master/f9884a4f00f8e32a73c2c1c824d085d3.php 第 66 行.
INFO: Run Behavior\ParseTemplateBehavior [ RunTime:0.019853s ]
INFO: [ view_parse ] --END-- [ RunTime:0.019908s ]
INFO: [ view_filter ] --START--
INFO: Run Behavior\WriteHtmlCacheBehavior [ RunTime:0.000186s ]
INFO: [ view_filter ] --END-- [ RunTime:0.000219s ]
INFO: [ app_end ] --START--
INFO: Run Behavior\ShowPageTraceBehavior [ RunTime:0.005061s ]
INFO: [ app_end ] --END-- [ RunTime:0.005134s ]

[ 2017-02-16T15:06:48+08:00 ] ::1 /Master/Patient/search
INFO: [ app_init ] --START--
INFO: Run Behavior\BuildLiteBehavior [ RunTime:0.000015s ]
INFO: [ app_init ] --END-- [ RunTime:0.000325s ]
INFO: [ app_begin ] --START--
INFO: Run Behavior\ReadHtmlCacheBehavior [ RunTime:0.000412s ]
INFO: [ app_begin ] --END-- [ RunTime:0.000447s ]
SQL: SHOW COLUMNS FROM `spending` [ RunTime:0.0015s ]
NOTIC: [2] addslashes() expects parameter 1 to be string, array given /Users/sx-pc/Documents/WWW/tp/ThinkPHP/Library/Think/Db/Driver.class.php 第 1031 行.
NOTIC: [2] addslashes() expects parameter 1 to be string, array given /Users/sx-pc/Documents/WWW/tp/ThinkPHP/Library/Think/Db/Driver.class.php 第 1031 行.
NOTIC: [2] addslashes() expects parameter 1 to be string, array given /Users/sx-pc/Documents/WWW/tp/ThinkPHP/Library/Think/Db/Driver.class.php 第 1031 行.
SQL: SELECT * FROM `spending` WHERE `patient_name` = '' AND `hospital_id` = 10 AND `spending_date` BETWEEN '' AND ''  [ RunTime:0.0012s ]
NOTIC: [8] Undefined index: sum_money /Users/sx-pc/Documents/WWW/tp/Application/Master/Controller/PatientController.class.php 第 225 行.

[ 2017-02-16T15:06:50+08:00 ] ::1 /Master/Patient/info/tel/123123
INFO: [ app_init ] --START--
INFO: Run Behavior\BuildLiteBehavior [ RunTime:0.000015s ]
INFO: [ app_init ] --END-- [ RunTime:0.000314s ]
INFO: [ app_begin ] --START--
INFO: Run Behavior\ReadHtmlCacheBehavior [ RunTime:0.000406s ]
INFO: [ app_begin ] --END-- [ RunTime:0.000441s ]
SQL: SHOW COLUMNS FROM `patient` [ RunTime:0.0015s ]
SQL: SHOW COLUMNS FROM `spending` [ RunTime:0.0018s ]
SQL: SHOW COLUMNS FROM `doctor` [ RunTime:0.0016s ]
SQL: SHOW COLUMNS FROM `illness` [ RunTime:0.0016s ]
SQL: SELECT * FROM `illness` WHERE `hospital_id` = 10  [ RunTime:0.0008s ]
SQL: SELECT * FROM `spending` WHERE `patient_tel` = '123123' AND `spending_date` BETWEEN '2017-02-01' AND '2017-02-28'  [ RunTime:0.0019s ]
SQL: SELECT * FROM `patient` WHERE `tel` = '123123' LIMIT 1   [ RunTime:0.0041s ]
SQL: SELECT `id`,`name` FROM `doctor` WHERE `hospital_id` = 10  [ RunTime:0.0007s ]
SQL: SELECT sum(cost_money) FROM `spending` WHERE `patient_tel` = '123123' LIMIT 1   [ RunTime:0.0012s ]
INFO: [ view_parse ] --START--
INFO: [ template_filter ] --START--
INFO: Run Behavior\ContentReplaceBehavior [ RunTime:0.000084s ]
INFO: [ template_filter ] --END-- [ RunTime:0.000132s ]
INFO: Run Behavior\ParseTemplateBehavior [ RunTime:0.022418s ]
INFO: [ view_parse ] --END-- [ RunTime:0.022475s ]
INFO: [ view_filter ] --START--
INFO: Run Behavior\WriteHtmlCacheBehavior [ RunTime:0.000147s ]
INFO: [ view_filter ] --END-- [ RunTime:0.000179s ]
INFO: [ app_end ] --START--
INFO: Run Behavior\ShowPageTraceBehavior [ RunTime:0.000932s ]
INFO: [ app_end ] --END-- [ RunTime:0.001001s ]

[ 2017-02-16T18:56:37+08:00 ] 182.148.36.69 /Master/Login/index
INFO: [ app_init ] --START--
INFO: Run Behavior\BuildLiteBehavior [ RunTime:0.000000s ]
INFO: [ app_init ] --END-- [ RunTime:0.000000s ]
INFO: [ app_begin ] --START--
INFO: Run Behavior\ReadHtmlCacheBehavior [ RunTime:0.000000s ]
INFO: [ app_begin ] --END-- [ RunTime:0.000000s ]
INFO: [ view_parse ] --START--
INFO: [ template_filter ] --START--
INFO: Run Behavior\ContentReplaceBehavior [ RunTime:0.015625s ]
INFO: [ template_filter ] --END-- [ RunTime:0.015625s ]
INFO: Run Behavior\ParseTemplateBehavior [ RunTime:0.015625s ]
INFO: [ view_parse ] --END-- [ RunTime:0.015625s ]
INFO: [ view_filter ] --START--
INFO: Run Behavior\WriteHtmlCacheBehavior [ RunTime:0.000000s ]
INFO: [ view_filter ] --END-- [ RunTime:0.000000s ]
INFO: [ app_end ] --START--
INFO: Run Behavior\ShowPageTraceBehavior [ RunTime:0.000000s ]
INFO: [ app_end ] --END-- [ RunTime:0.000000s ]

[ 2017-02-16T18:56:37+08:00 ] 182.148.36.69 /index.php/Master/Login/verify.html
INFO: [ app_init ] --START--
INFO: Run Behavior\BuildLiteBehavior [ RunTime:0.000000s ]
INFO: [ app_init ] --END-- [ RunTime:0.000000s ]
INFO: [ app_begin ] --START--
INFO: Run Behavior\ReadHtmlCacheBehavior [ RunTime:0.000000s ]
INFO: [ app_begin ] --END-- [ RunTime:0.000000s ]
INFO: [ app_end ] --START--
INFO: Run Behavior\ShowPageTraceBehavior [ RunTime:0.000000s ]
INFO: [ app_end ] --END-- [ RunTime:0.000000s ]

[ 2017-02-16T18:56:42+08:00 ] 182.148.36.69 /index.php/Master/Login/verify.html?0.759789025797313
INFO: [ app_init ] --START--
INFO: Run Behavior\BuildLiteBehavior [ RunTime:0.000000s ]
INFO: [ app_init ] --END-- [ RunTime:0.000000s ]
INFO: [ app_begin ] --START--
INFO: Run Behavior\ReadHtmlCacheBehavior [ RunTime:0.000000s ]
INFO: [ app_begin ] --END-- [ RunTime:0.000000s ]
INFO: [ app_end ] --START--
INFO: Run Behavior\ShowPageTraceBehavior [ RunTime:0.000000s ]
INFO: [ app_end ] --END-- [ RunTime:0.000000s ]

[ 2017-02-16T18:56:43+08:00 ] 182.148.36.69 /index.php/Master/Login/verify.html?0.2963395563928186
INFO: [ app_init ] --START--
INFO: Run Behavior\BuildLiteBehavior [ RunTime:0.000000s ]
INFO: [ app_init ] --END-- [ RunTime:0.000000s ]
INFO: [ app_begin ] --START--
INFO: Run Behavior\ReadHtmlCacheBehavior [ RunTime:0.000000s ]
INFO: [ app_begin ] --END-- [ RunTime:0.000000s ]
INFO: [ app_end ] --START--
INFO: Run Behavior\ShowPageTraceBehavior [ RunTime:0.000000s ]
INFO: [ app_end ] --END-- [ RunTime:0.000000s ]

[ 2017-02-16T18:56:44+08:00 ] 182.148.36.69 /index.php/Master/Login/verify.html?0.8294515206125419
INFO: [ app_init ] --START--
INFO: Run Behavior\BuildLiteBehavior [ RunTime:0.000000s ]
INFO: [ app_init ] --END-- [ RunTime:0.000000s ]
INFO: [ app_begin ] --START--
INFO: Run Behavior\ReadHtmlCacheBehavior [ RunTime:0.000000s ]
INFO: [ app_begin ] --END-- [ RunTime:0.000000s ]
INFO: [ app_end ] --START--
INFO: Run Behavior\ShowPageTraceBehavior [ RunTime:0.000000s ]
INFO: [ app_end ] --END-- [ RunTime:0.000000s ]

[ 2017-02-16T18:56:45+08:00 ] 182.148.36.69 /index.php/Master/Login/verify.html?0.35321442260140135
INFO: [ app_init ] --START--
INFO: Run Behavior\BuildLiteBehavior [ RunTime:0.000000s ]
INFO: [ app_init ] --END-- [ RunTime:0.015625s ]
INFO: [ app_begin ] --START--
INFO: Run Behavior\ReadHtmlCacheBehavior [ RunTime:0.000000s ]
INFO: [ app_begin ] --END-- [ RunTime:0.000000s ]
INFO: [ app_end ] --START--
INFO: Run Behavior\ShowPageTraceBehavior [ RunTime:0.000000s ]
INFO: [ app_end ] --END-- [ RunTime:0.000000s ]

[ 2017-02-16T18:56:45+08:00 ] 182.148.36.69 /index.php/Master/Login/verify.html?0.7172390001253384
INFO: [ app_init ] --START--
INFO: Run Behavior\BuildLiteBehavior [ RunTime:0.000000s ]
INFO: [ app_init ] --END-- [ RunTime:0.000000s ]
INFO: [ app_begin ] --START--
INFO: Run Behavior\ReadHtmlCacheBehavior [ RunTime:0.000000s ]
INFO: [ app_begin ] --END-- [ RunTime:0.000000s ]
INFO: [ app_end ] --START--
INFO: Run Behavior\ShowPageTraceBehavior [ RunTime:0.000000s ]
INFO: [ app_end ] --END-- [ RunTime:0.000000s ]

[ 2017-02-16T18:56:50+08:00 ] 182.148.36.69 /index.php/Master/Login/usernameLogin.html
INFO: [ app_init ] --START--
INFO: Run Behavior\BuildLiteBehavior [ RunTime:0.000000s ]
INFO: [ app_init ] --END-- [ RunTime:0.000000s ]
INFO: [ app_begin ] --START--
INFO: Run Behavior\ReadHtmlCacheBehavior [ RunTime:0.000000s ]
INFO: [ app_begin ] --END-- [ RunTime:0.000000s ]
SQL: SHOW COLUMNS FROM `admin` [ RunTime:0.0000s ]
NOTIC: [2] addslashes() expects parameter 1 to be string, array given D:\wwwroot\sfwhlryy\wwwroot\ThinkPHP\Library\Think\Db\Driver.class.php 第 1031 行.
SQL: SELECT * FROM `admin` WHERE `username` = '' LIMIT 1   [ RunTime:0.0000s ]
SQL: UPDATE `admin` SET `last_login_ip`='182.148.36.69',`last_login_time`='2017-02-16 18:56:50' WHERE `id` = 2 [ RunTime:0.0000s ]
INFO: [ view_parse ] --START--
INFO: [ template_filter ] --START--
INFO: Run Behavior\ContentReplaceBehavior [ RunTime:0.000000s ]
INFO: [ template_filter ] --END-- [ RunTime:0.000000s ]
INFO: Run Behavior\ParseTemplateBehavior [ RunTime:0.015625s ]
INFO: [ view_parse ] --END-- [ RunTime:0.015625s ]
INFO: [ view_filter ] --START--
INFO: Run Behavior\WriteHtmlCacheBehavior [ RunTime:0.000000s ]
INFO: [ view_filter ] --END-- [ RunTime:0.000000s ]
INFO: [ app_end ] --START--
INFO: Run Behavior\ShowPageTraceBehavior [ RunTime:0.000000s ]
INFO: [ app_end ] --END-- [ RunTime:0.000000s ]

[ 2017-02-16T18:56:51+08:00 ] 182.148.36.69 /Master/Index/index
INFO: [ app_init ] --START--
INFO: Run Behavior\BuildLiteBehavior [ RunTime:0.000000s ]
INFO: [ app_init ] --END-- [ RunTime:0.000000s ]
INFO: [ app_begin ] --START--
INFO: Run Behavior\ReadHtmlCacheBehavior [ RunTime:0.000000s ]
INFO: [ app_begin ] --END-- [ RunTime:0.000000s ]
SQL: SHOW COLUMNS FROM `admin` [ RunTime:0.0000s ]
SQL: SELECT * FROM `admin` WHERE `id` = 2 LIMIT 1   [ RunTime:0.0000s ]
SQL: SHOW COLUMNS FROM `hospital` [ RunTime:0.0000s ]
SQL: SHOW COLUMNS FROM `spending` [ RunTime:0.0000s ]
SQL: SELECT * FROM `hospital` WHERE `is_use` = 1  [ RunTime:0.0156s ]
NOTIC: [8] Undefined index: hospital_id D:\wwwroot\sfwhlryy\wwwroot\Application\Master\Controller\IndexController.class.php 第 20 行.
NOTIC: [8] Undefined index: hospital_name D:\wwwroot\sfwhlryy\wwwroot\Application\Master\Controller\IndexController.class.php 第 21 行.
SQL: SELECT * FROM `hospital` WHERE `id` = 10 LIMIT 1   [ RunTime:0.0000s ]
SQL: SELECT * FROM `spending` WHERE `hospital_id` = '10' AND `spending_date` BETWEEN '2017-02-01' AND '2017-02-28'  [ RunTime:0.0000s ]
NOTIC: [8] Undefined index: sum_money D:\wwwroot\sfwhlryy\wwwroot\Application\Master\Controller\IndexController.class.php 第 35 行.
NOTIC: [8] Undefined index: sum_money D:\wwwroot\sfwhlryy\wwwroot\Application\Master\Controller\IndexController.class.php 第 35 行.
NOTIC: [8] Undefined index: sum_money D:\wwwroot\sfwhlryy\wwwroot\Application\Master\Controller\IndexController.class.php 第 35 行.
NOTIC: [8] Undefined index: sum_money D:\wwwroot\sfwhlryy\wwwroot\Application\Master\Controller\IndexController.class.php 第 35 行.
NOTIC: [8] Undefined index: sum_money D:\wwwroot\sfwhlryy\wwwroot\Application\Master\Controller\IndexController.class.php 第 35 行.
NOTIC: [8] Undefined index: sum_money D:\wwwroot\sfwhlryy\wwwroot\Application\Master\Controller\IndexController.class.php 第 35 行.
NOTIC: [8] Undefined index: sum_money D:\wwwroot\sfwhlryy\wwwroot\Application\Master\Controller\IndexController.class.php 第 35 行.
NOTIC: [8] Undefined index: sum_money D:\wwwroot\sfwhlryy\wwwroot\Application\Master\Controller\IndexController.class.php 第 35 行.
NOTIC: [8] Undefined index: sum_money D:\wwwroot\sfwhlryy\wwwroot\Application\Master\Controller\IndexController.class.php 第 35 行.
NOTIC: [8] Undefined index: sum_money D:\wwwroot\sfwhlryy\wwwroot\Application\Master\Controller\IndexController.class.php 第 35 行.
NOTIC: [8] Undefined index: sum_money D:\wwwroot\sfwhlryy\wwwroot\Application\Master\Controller\IndexController.class.php 第 35 行.
NOTIC: [8] Undefined index: sum_money D:\wwwroot\sfwhlryy\wwwroot\Application\Master\Controller\IndexController.class.php 第 35 行.
NOTIC: [8] Undefined index: sum_money D:\wwwroot\sfwhlryy\wwwroot\Application\Master\Controller\IndexController.class.php 第 35 行.
NOTIC: [8] Undefined index: sum_money D:\wwwroot\sfwhlryy\wwwroot\Application\Master\Controller\IndexController.class.php 第 35 行.
SQL: select sum(cost_money) from spending where hospital_id="10" [ RunTime:0.0000s ]
NOTIC: [8] Undefined index: percent D:\wwwroot\sfwhlryy\wwwroot\Application\Master\Controller\IndexController.class.php 第 42 行.
NOTIC: [8] Undefined index: remaining_sum D:\wwwroot\sfwhlryy\wwwroot\Application\Master\Controller\IndexController.class.php 第 43 行.
SQL: SHOW COLUMNS FROM `doctor` [ RunTime:0.0000s ]
SQL: SELECT * FROM `doctor` WHERE `hospital_id` = 10  [ RunTime:0.0000s ]
INFO: [ view_parse ] --START--
INFO: [ template_filter ] --START--
INFO: Run Behavior\ContentReplaceBehavior [ RunTime:0.000000s ]
INFO: [ template_filter ] --END-- [ RunTime:0.000000s ]
NOTIC: [8] Undefined variable: leav D:\wwwroot\sfwhlryy\wwwroot\Application\Runtime\Cache\Master\f9884a4f00f8e32a73c2c1c824d085d3.php 第 65 行.
NOTIC: [8] Undefined variable: hospital_info D:\wwwroot\sfwhlryy\wwwroot\Application\Runtime\Cache\Master\f9884a4f00f8e32a73c2c1c824d085d3.php 第 66 行.
INFO: Run Behavior\ParseTemplateBehavior [ RunTime:0.031250s ]
INFO: [ view_parse ] --END-- [ RunTime:0.031250s ]
INFO: [ view_filter ] --START--
INFO: Run Behavior\WriteHtmlCacheBehavior [ RunTime:0.000000s ]
INFO: [ view_filter ] --END-- [ RunTime:0.000000s ]
INFO: [ app_end ] --START--
INFO: Run Behavior\ShowPageTraceBehavior [ RunTime:0.000000s ]
INFO: [ app_end ] --END-- [ RunTime:0.000000s ]

[ 2017-02-16T18:56:58+08:00 ] 182.148.36.69 /Master/Index/searchPro
INFO: [ app_init ] --START--
INFO: Run Behavior\BuildLiteBehavior [ RunTime:0.000000s ]
INFO: [ app_init ] --END-- [ RunTime:0.000000s ]
INFO: [ app_begin ] --START--
INFO: Run Behavior\ReadHtmlCacheBehavior [ RunTime:0.000000s ]
INFO: [ app_begin ] --END-- [ RunTime:0.000000s ]
SQL: SHOW COLUMNS FROM `spending` [ RunTime:0.0000s ]
SQL: SHOW COLUMNS FROM `patient` [ RunTime:0.0000s ]
SQL: SELECT `cost_money`,`patient_tel`,`patient_name` FROM `spending` WHERE `hospital_id` = 10 AND `spending_date` BETWEEN '2017-02-01' AND '2017-02-28'  [ RunTime:0.0156s ]
SQL: SELECT `tel` FROM `patient` WHERE `doctor_name` = '撒打算' AND `hospital_id` = 10  [ RunTime:0.0000s ]
NOTIC: [8] Undefined variable: res D:\wwwroot\sfwhlryy\wwwroot\Application\Master\Controller\IndexController.class.php 第 139 行.
NOTIC: [8] Undefined index: 14566897987 D:\wwwroot\sfwhlryy\wwwroot\Application\Master\Controller\IndexController.class.php 第 139 行.
NOTIC: [8] Undefined index: cost_sum D:\wwwroot\sfwhlryy\wwwroot\Application\Master\Controller\IndexController.class.php 第 139 行.
NOTIC: [8] Undefined index: 13465478997 D:\wwwroot\sfwhlryy\wwwroot\Application\Master\Controller\IndexController.class.php 第 139 行.
NOTIC: [8] Undefined index: cost_sum D:\wwwroot\sfwhlryy\wwwroot\Application\Master\Controller\IndexController.class.php 第 139 行.
NOTIC: [8] Undefined offset: 1365454556 D:\wwwroot\sfwhlryy\wwwroot\Application\Master\Controller\IndexController.class.php 第 139 行.
NOTIC: [8] Undefined index: cost_sum D:\wwwroot\sfwhlryy\wwwroot\Application\Master\Controller\IndexController.class.php 第 139 行.
NOTIC: [8] Undefined offset: 123123 D:\wwwroot\sfwhlryy\wwwroot\Application\Master\Controller\IndexController.class.php 第 139 行.
NOTIC: [8] Undefined index: cost_sum D:\wwwroot\sfwhlryy\wwwroot\Application\Master\Controller\IndexController.class.php 第 139 行.
NOTIC: [8] Undefined index: 13213123123 D:\wwwroot\sfwhlryy\wwwroot\Application\Master\Controller\IndexController.class.php 第 139 行.
NOTIC: [8] Undefined index: cost_sum D:\wwwroot\sfwhlryy\wwwroot\Application\Master\Controller\IndexController.class.php 第 139 行.
NOTIC: [8] Undefined index: 13256456446 D:\wwwroot\sfwhlryy\wwwroot\Application\Master\Controller\IndexController.class.php 第 139 行.
NOTIC: [8] Undefined index: cost_sum D:\wwwroot\sfwhlryy\wwwroot\Application\Master\Controller\IndexController.class.php 第 139 行.
NOTIC: [8] Undefined index: 21321231312 D:\wwwroot\sfwhlryy\wwwroot\Application\Master\Controller\IndexController.class.php 第 139 行.
NOTIC: [8] Undefined index: cost_sum D:\wwwroot\sfwhlryy\wwwroot\Application\Master\Controller\IndexController.class.php 第 139 行.
NOTIC: [8] Undefined index: 12345678977 D:\wwwroot\sfwhlryy\wwwroot\Application\Master\Controller\IndexController.class.php 第 139 行.
NOTIC: [8] Undefined index: cost_sum D:\wwwroot\sfwhlryy\wwwroot\Application\Master\Controller\IndexController.class.php 第 139 行.
NOTIC: [8] Undefined index: 13454657897 D:\wwwroot\sfwhlryy\wwwroot\Application\Master\Controller\IndexController.class.php 第 139 行.
NOTIC: [8] Undefined index: cost_sum D:\wwwroot\sfwhlryy\wwwroot\Application\Master\Controller\IndexController.class.php 第 139 行.
NOTIC: [8] Undefined index: 13456465645 D:\wwwroot\sfwhlryy\wwwroot\Application\Master\Controller\IndexController.class.php 第 139 行.
NOTIC: [8] Undefined index: cost_sum D:\wwwroot\sfwhlryy\wwwroot\Application\Master\Controller\IndexController.class.php 第 139 行.
NOTIC: [8] Undefined index: 31326545645 D:\wwwroot\sfwhlryy\wwwroot\Application\Master\Controller\IndexController.class.php 第 139 行.
NOTIC: [8] Undefined index: cost_sum D:\wwwroot\sfwhlryy\wwwroot\Application\Master\Controller\IndexController.class.php 第 139 行.
NOTIC: [8] Undefined index: 13212345789 D:\wwwroot\sfwhlryy\wwwroot\Application\Master\Controller\IndexController.class.php 第 139 行.
NOTIC: [8] Undefined index: cost_sum D:\wwwroot\sfwhlryy\wwwroot\Application\Master\Controller\IndexController.class.php 第 139 行.
NOTIC: [8] Undefined index: 15631569789 D:\wwwroot\sfwhlryy\wwwroot\Application\Master\Controller\IndexController.class.php 第 139 行.
NOTIC: [8] Undefined index: cost_sum D:\wwwroot\sfwhlryy\wwwroot\Application\Master\Controller\IndexController.class.php 第 139 行.
NOTIC: [8] Undefined index: 36598797879 D:\wwwroot\sfwhlryy\wwwroot\Application\Master\Controller\IndexController.class.php 第 139 行.
NOTIC: [8] Undefined index: cost_sum D:\wwwroot\sfwhlryy\wwwroot\Application\Master\Controller\IndexController.class.php 第 139 行.

[ 2017-02-16T18:57:00+08:00 ] 182.148.36.69 /Master/Hospital/illness
INFO: [ app_init ] --START--
INFO: Run Behavior\BuildLiteBehavior [ RunTime:0.000000s ]
INFO: [ app_init ] --END-- [ RunTime:0.000000s ]
INFO: [ app_begin ] --START--
INFO: Run Behavior\ReadHtmlCacheBehavior [ RunTime:0.000000s ]
INFO: [ app_begin ] --END-- [ RunTime:0.000000s ]
INFO: [ view_parse ] --START--
INFO: [ template_filter ] --START--
INFO: Run Behavior\ContentReplaceBehavior [ RunTime:0.000000s ]
INFO: [ template_filter ] --END-- [ RunTime:0.000000s ]
INFO: Run Behavior\ParseTemplateBehavior [ RunTime:0.015625s ]
INFO: [ view_parse ] --END-- [ RunTime:0.015625s ]
INFO: [ view_filter ] --START--
INFO: Run Behavior\WriteHtmlCacheBehavior [ RunTime:0.000000s ]
INFO: [ view_filter ] --END-- [ RunTime:0.000000s ]
INFO: [ app_end ] --START--
INFO: Run Behavior\ShowPageTraceBehavior [ RunTime:0.000000s ]
INFO: [ app_end ] --END-- [ RunTime:0.000000s ]

