[ 2017-02-04T17:22:43+08:00 ] 127.0.0.1 /Master/Index/index
INFO: [ app_init ] --START--
INFO: Run Behavior\BuildLiteBehavior [ RunTime:0.000017s ]
INFO: [ app_init ] --END-- [ RunTime:0.000296s ]
INFO: [ app_begin ] --START--
INFO: Run Behavior\ReadHtmlCacheBehavior [ RunTime:0.000477s ]
INFO: [ app_begin ] --END-- [ RunTime:0.000530s ]

[ 2017-02-04T17:22:43+08:00 ] 127.0.0.1 /Master/Login/index
INFO: [ app_init ] --START--
INFO: Run Behavior\BuildLiteBehavior [ RunTime:0.000012s ]
INFO: [ app_init ] --END-- [ RunTime:0.000295s ]
INFO: [ app_begin ] --START--
INFO: Run Behavior\ReadHtmlCacheBehavior [ RunTime:0.000444s ]
INFO: [ app_begin ] --END-- [ RunTime:0.000485s ]
INFO: [ view_parse ] --START--
INFO: [ template_filter ] --START--
INFO: Run Behavior\ContentReplaceBehavior [ RunTime:0.000045s ]
INFO: [ template_filter ] --END-- [ RunTime:0.000102s ]
INFO: Run Behavior\ParseTemplateBehavior [ RunTime:0.052496s ]
INFO: [ view_parse ] --END-- [ RunTime:0.052567s ]
INFO: [ view_filter ] --START--
INFO: Run Behavior\WriteHtmlCacheBehavior [ RunTime:0.000209s ]
INFO: [ view_filter ] --END-- [ RunTime:0.000241s ]
INFO: [ app_end ] --START--
INFO: Run Behavior\ShowPageTraceBehavior [ RunTime:0.000432s ]
INFO: [ app_end ] --END-- [ RunTime:0.000466s ]

[ 2017-02-04T17:22:43+08:00 ] 127.0.0.1 /index.php/Master/Login/verify.html
INFO: [ app_init ] --START--
INFO: Run Behavior\BuildLiteBehavior [ RunTime:0.000014s ]
INFO: [ app_init ] --END-- [ RunTime:0.000305s ]
INFO: [ app_begin ] --START--
INFO: Run Behavior\ReadHtmlCacheBehavior [ RunTime:0.000476s ]
INFO: [ app_begin ] --END-- [ RunTime:0.000522s ]
INFO: [ app_end ] --START--
INFO: Run Behavior\ShowPageTraceBehavior [ RunTime:0.000678s ]
INFO: [ app_end ] --END-- [ RunTime:0.000755s ]

[ 2017-02-04T17:22:47+08:00 ] 127.0.0.1 /index.php/Master/Login/checkUser.html
INFO: [ app_init ] --START--
INFO: Run Behavior\BuildLiteBehavior [ RunTime:0.000013s ]
INFO: [ app_init ] --END-- [ RunTime:0.000287s ]
INFO: [ app_begin ] --START--
INFO: Run Behavior\ReadHtmlCacheBehavior [ RunTime:0.000415s ]
INFO: [ app_begin ] --END-- [ RunTime:0.000456s ]
SQL: SHOW COLUMNS FROM `admin` [ RunTime:0.0495s ]
NOTIC: [8] Use of undefined constant tel - assumed 'tel' D:\phpStudy\WWW\tp\Application\Master\Controller\LoginController.class.php 第 61 行.
SQL: SELECT * FROM `admin` WHERE `tel` = '13228595558' LIMIT 1   [ RunTime:0.0003s ]
NOTIC: [8] Undefined variable: errMsg D:\phpStudy\WWW\tp\Application\Master\Controller\LoginController.class.php 第 67 行.

[ 2017-02-04T17:22:52+08:00 ] 127.0.0.1 /index.php/Master/Login/sendVerify.html
INFO: [ app_init ] --START--
INFO: Run Behavior\BuildLiteBehavior [ RunTime:0.000014s ]
INFO: [ app_init ] --END-- [ RunTime:0.000357s ]
INFO: [ app_begin ] --START--
INFO: Run Behavior\ReadHtmlCacheBehavior [ RunTime:0.000539s ]
INFO: [ app_begin ] --END-- [ RunTime:0.000580s ]

[ 2017-02-04T17:22:57+08:00 ] 127.0.0.1 /index.php/Master/Login/login.html
INFO: [ app_init ] --START--
INFO: Run Behavior\BuildLiteBehavior [ RunTime:0.000029s ]
INFO: [ app_init ] --END-- [ RunTime:0.000522s ]
INFO: [ app_begin ] --START--
INFO: Run Behavior\ReadHtmlCacheBehavior [ RunTime:0.000719s ]
INFO: [ app_begin ] --END-- [ RunTime:0.000810s ]
SQL: SHOW COLUMNS FROM `admin` [ RunTime:0.0113s ]
SQL: SELECT * FROM `admin` WHERE `tel` = '13228595558' LIMIT 1   [ RunTime:0.0004s ]
SQL: UPDATE `admin` SET `last_login_ip`='127.0.0.1',`last_login_time`='2017-02-04 17:22:57' WHERE `id` = 2 [ RunTime:0.0242s ]
INFO: [ view_parse ] --START--
INFO: [ template_filter ] --START--
INFO: Run Behavior\ContentReplaceBehavior [ RunTime:0.000044s ]
INFO: [ template_filter ] --END-- [ RunTime:0.000097s ]
INFO: Run Behavior\ParseTemplateBehavior [ RunTime:0.035068s ]
INFO: [ view_parse ] --END-- [ RunTime:0.035151s ]
INFO: [ view_filter ] --START--
INFO: Run Behavior\WriteHtmlCacheBehavior [ RunTime:0.000358s ]
INFO: [ view_filter ] --END-- [ RunTime:0.000402s ]
INFO: [ app_end ] --START--
INFO: Run Behavior\ShowPageTraceBehavior [ RunTime:0.000530s ]
INFO: [ app_end ] --END-- [ RunTime:0.000567s ]

[ 2017-02-04T17:22:58+08:00 ] 127.0.0.1 /Master/Index/index
INFO: [ app_init ] --START--
INFO: Run Behavior\BuildLiteBehavior [ RunTime:0.000023s ]
INFO: [ app_init ] --END-- [ RunTime:0.000402s ]
INFO: [ app_begin ] --START--
INFO: Run Behavior\ReadHtmlCacheBehavior [ RunTime:0.001158s ]
INFO: [ app_begin ] --END-- [ RunTime:0.001258s ]
SQL: SHOW COLUMNS FROM `admin` [ RunTime:0.0129s ]
SQL: SELECT * FROM `admin` WHERE `id` = 2 LIMIT 1   [ RunTime:0.0003s ]
SQL: SHOW COLUMNS FROM `hospital` [ RunTime:0.0085s ]
SQL: SHOW COLUMNS FROM `spending` [ RunTime:0.0088s ]
SQL: SELECT * FROM `hospital` WHERE `is_use` = 1  [ RunTime:0.0003s ]
NOTIC: [8] Undefined index: hospital_id D:\phpStudy\WWW\tp\Application\Master\Controller\IndexController.class.php 第 20 行.
NOTIC: [8] Undefined index: hospital_name D:\phpStudy\WWW\tp\Application\Master\Controller\IndexController.class.php 第 21 行.
SQL: SELECT * FROM `hospital` WHERE `id` = 10 LIMIT 1   [ RunTime:0.0004s ]
SQL: SELECT * FROM `spending` WHERE `hospital_id` = '10' AND `spending_date` BETWEEN '2017-02-01' AND '2017-02-28'  [ RunTime:0.0017s ]
NOTIC: [8] Undefined index: sum_money D:\phpStudy\WWW\tp\Application\Master\Controller\IndexController.class.php 第 35 行.
NOTIC: [8] Undefined index: sum_money D:\phpStudy\WWW\tp\Application\Master\Controller\IndexController.class.php 第 35 行.
NOTIC: [8] Undefined index: sum_money D:\phpStudy\WWW\tp\Application\Master\Controller\IndexController.class.php 第 35 行.
NOTIC: [8] Undefined index: sum_money D:\phpStudy\WWW\tp\Application\Master\Controller\IndexController.class.php 第 35 行.
NOTIC: [8] Undefined index: sum_money D:\phpStudy\WWW\tp\Application\Master\Controller\IndexController.class.php 第 35 行.
NOTIC: [8] Undefined index: sum_money D:\phpStudy\WWW\tp\Application\Master\Controller\IndexController.class.php 第 35 行.
NOTIC: [8] Undefined index: sum_money D:\phpStudy\WWW\tp\Application\Master\Controller\IndexController.class.php 第 35 行.
NOTIC: [8] Undefined index: sum_money D:\phpStudy\WWW\tp\Application\Master\Controller\IndexController.class.php 第 35 行.
SQL: select sum(cost_money) from spending where hospital_id="10" [ RunTime:0.0007s ]
NOTIC: [8] Undefined index: percent D:\phpStudy\WWW\tp\Application\Master\Controller\IndexController.class.php 第 42 行.
NOTIC: [8] Undefined index: remaining_sum D:\phpStudy\WWW\tp\Application\Master\Controller\IndexController.class.php 第 43 行.
INFO: [ view_parse ] --START--
INFO: [ template_filter ] --START--
INFO: Run Behavior\ContentReplaceBehavior [ RunTime:0.000074s ]
INFO: [ template_filter ] --END-- [ RunTime:0.000130s ]
NOTIC: [8] Undefined variable: leav D:\phpStudy\WWW\tp\Application\Runtime\Cache\Master\f9884a4f00f8e32a73c2c1c824d085d3.php 第 63 行.
NOTIC: [8] Undefined variable: hospital_info D:\phpStudy\WWW\tp\Application\Runtime\Cache\Master\f9884a4f00f8e32a73c2c1c824d085d3.php 第 64 行.
INFO: Run Behavior\ParseTemplateBehavior [ RunTime:0.140761s ]
INFO: [ view_parse ] --END-- [ RunTime:0.140832s ]
INFO: [ view_filter ] --START--
INFO: Run Behavior\WriteHtmlCacheBehavior [ RunTime:0.000295s ]
INFO: [ view_filter ] --END-- [ RunTime:0.000346s ]
INFO: [ app_end ] --START--
INFO: Run Behavior\ShowPageTraceBehavior [ RunTime:0.000939s ]
INFO: [ app_end ] --END-- [ RunTime:0.001232s ]

[ 2017-02-04T17:23:04+08:00 ] 127.0.0.1 /Master/Admin/index
INFO: [ app_init ] --START--
INFO: Run Behavior\BuildLiteBehavior [ RunTime:0.000023s ]
INFO: [ app_init ] --END-- [ RunTime:0.000534s ]
INFO: [ app_begin ] --START--
INFO: Run Behavior\ReadHtmlCacheBehavior [ RunTime:0.000706s ]
INFO: [ app_begin ] --END-- [ RunTime:0.000794s ]
SQL: SHOW COLUMNS FROM `admin` [ RunTime:0.0089s ]
SQL: SELECT * FROM `admin`  [ RunTime:0.0002s ]
INFO: [ view_parse ] --START--
INFO: [ template_filter ] --START--
INFO: Run Behavior\ContentReplaceBehavior [ RunTime:0.000059s ]
INFO: [ template_filter ] --END-- [ RunTime:0.000106s ]
INFO: Run Behavior\ParseTemplateBehavior [ RunTime:0.091090s ]
INFO: [ view_parse ] --END-- [ RunTime:0.091166s ]
INFO: [ view_filter ] --START--
INFO: Run Behavior\WriteHtmlCacheBehavior [ RunTime:0.000215s ]
INFO: [ view_filter ] --END-- [ RunTime:0.000249s ]
INFO: [ app_end ] --START--
INFO: Run Behavior\ShowPageTraceBehavior [ RunTime:0.000444s ]
INFO: [ app_end ] --END-- [ RunTime:0.000479s ]

[ 2017-02-04T17:23:06+08:00 ] 127.0.0.1 /Master/Hospital/index
INFO: [ app_init ] --START--
INFO: Run Behavior\BuildLiteBehavior [ RunTime:0.000025s ]
INFO: [ app_init ] --END-- [ RunTime:0.000537s ]
INFO: [ app_begin ] --START--
INFO: Run Behavior\ReadHtmlCacheBehavior [ RunTime:0.000811s ]
INFO: [ app_begin ] --END-- [ RunTime:0.000905s ]
SQL: SHOW COLUMNS FROM `hospital` [ RunTime:0.0141s ]
SQL: SHOW COLUMNS FROM `spending` [ RunTime:0.0071s ]
SQL: SHOW COLUMNS FROM `proportion` [ RunTime:0.0077s ]
SQL: SHOW COLUMNS FROM `rechange` [ RunTime:0.0077s ]
SQL: SELECT * FROM `hospital`  [ RunTime:0.0003s ]
SQL: SELECT `hospital_id`,`percent` FROM `proportion` WHERE `is_use` = 1  [ RunTime:0.0002s ]
SQL: SELECT sum(money) as remaining_sum,`hospital_id` FROM `rechange` GROUP BY hospital_id  [ RunTime:0.0002s ]
SQL: select sum(s.cost_money) as cost_sum,s.percentId,s.hospital_id,p.percent,p.is_use from spending s left join proportion p on s.percentId=p.id  group by s.percentId [ RunTime:0.0079s ]
NOTIC: [8] Undefined variable: res D:\phpStudy\WWW\tp\Application\Master\Controller\HospitalController.class.php 第 30 行.
NOTIC: [8] Undefined offset: 10 D:\phpStudy\WWW\tp\Application\Master\Controller\HospitalController.class.php 第 30 行.
NOTIC: [8] Undefined offset: 11 D:\phpStudy\WWW\tp\Application\Master\Controller\HospitalController.class.php 第 30 行.
INFO: [ view_parse ] --START--
INFO: [ template_filter ] --START--
INFO: Run Behavior\ContentReplaceBehavior [ RunTime:0.000082s ]
INFO: [ template_filter ] --END-- [ RunTime:0.000144s ]
NOTIC: [8] Undefined variable: add_form_unique D:\phpStudy\WWW\tp\Application\Runtime\Cache\Master\6444b16e41eda0c2fb4d1429df4ad96d.php 第 74 行.
NOTIC: [8] Undefined variable: add_form_unique D:\phpStudy\WWW\tp\Application\Runtime\Cache\Master\6444b16e41eda0c2fb4d1429df4ad96d.php 第 74 行.
INFO: Run Behavior\ParseTemplateBehavior [ RunTime:0.095298s ]
INFO: [ view_parse ] --END-- [ RunTime:0.095362s ]
INFO: [ view_filter ] --START--
INFO: Run Behavior\WriteHtmlCacheBehavior [ RunTime:0.000232s ]
INFO: [ view_filter ] --END-- [ RunTime:0.000265s ]
INFO: [ app_end ] --START--
INFO: Run Behavior\ShowPageTraceBehavior [ RunTime:0.000438s ]
INFO: [ app_end ] --END-- [ RunTime:0.000472s ]

[ 2017-02-04T17:23:08+08:00 ] 127.0.0.1 /Master/Hospital/info/id/10
INFO: [ app_init ] --START--
INFO: Run Behavior\BuildLiteBehavior [ RunTime:0.000016s ]
INFO: [ app_init ] --END-- [ RunTime:0.000345s ]
INFO: [ app_begin ] --START--
INFO: Run Behavior\ReadHtmlCacheBehavior [ RunTime:0.000833s ]
INFO: [ app_begin ] --END-- [ RunTime:0.000927s ]
SQL: SHOW COLUMNS FROM `hospital` [ RunTime:0.0162s ]
SQL: SHOW COLUMNS FROM `spending` [ RunTime:0.0070s ]
SQL: SHOW COLUMNS FROM `proportion` [ RunTime:0.0079s ]
SQL: SHOW COLUMNS FROM `rechange` [ RunTime:0.0064s ]
SQL: SHOW COLUMNS FROM `hospital_admin` [ RunTime:0.0087s ]
SQL: SHOW COLUMNS FROM `verify_recharge` [ RunTime:0.0235s ]
SQL: SHOW COLUMNS FROM `verify_record` [ RunTime:0.0167s ]
SQL: SELECT * FROM `hospital` WHERE `id` = 10 LIMIT 1   [ RunTime:0.0004s ]
SQL: SELECT * FROM `hospital_admin` WHERE `hospital_id` = 10  [ RunTime:0.0006s ]
SQL: select sum(s.cost_money) as cost_sum,p.* from spending s right join proportion p on s.percentId=p.id where p.hospital_id=10 group by p.id [ RunTime:0.0014s ]
SQL: SELECT sum(money) as money FROM `rechange` WHERE `hospital_id` = 10 LIMIT 1   [ RunTime:0.0005s ]
SQL: SELECT * FROM `rechange` WHERE `hospital_id` = 10  [ RunTime:0.0003s ]
SQL: SELECT `hospital_id`,`add_admin`,`money`,`add_datetime` FROM `verify_recharge` WHERE `hospital_id` = 10  [ RunTime:0.0003s ]
SQL: SELECT count(id) as count FROM `verify_record` WHERE `hospital_id` = 10 LIMIT 1   [ RunTime:0.0185s ]
NOTIC: [8] Undefined variable: verify_recharge_sum D:\phpStudy\WWW\tp\Application\Master\Controller\HospitalController.class.php 第 178 行.
INFO: [ view_parse ] --START--
INFO: [ template_filter ] --START--
INFO: Run Behavior\ContentReplaceBehavior [ RunTime:0.000089s ]
INFO: [ template_filter ] --END-- [ RunTime:0.000138s ]
INFO: Run Behavior\ParseTemplateBehavior [ RunTime:0.159049s ]
INFO: [ view_parse ] --END-- [ RunTime:0.159109s ]
INFO: [ view_filter ] --START--
INFO: Run Behavior\WriteHtmlCacheBehavior [ RunTime:0.000211s ]
INFO: [ view_filter ] --END-- [ RunTime:0.000244s ]
INFO: [ app_end ] --START--
INFO: Run Behavior\ShowPageTraceBehavior [ RunTime:0.000453s ]
INFO: [ app_end ] --END-- [ RunTime:0.000492s ]

[ 2017-02-04T17:23:08+08:00 ] 127.0.0.1 /index.php/Master/Login/verify.html
INFO: [ app_init ] --START--
INFO: Run Behavior\BuildLiteBehavior [ RunTime:0.000022s ]
INFO: [ app_init ] --END-- [ RunTime:0.000481s ]
INFO: [ app_begin ] --START--
INFO: Run Behavior\ReadHtmlCacheBehavior [ RunTime:0.000743s ]
INFO: [ app_begin ] --END-- [ RunTime:0.000829s ]
INFO: [ app_end ] --START--
INFO: Run Behavior\ShowPageTraceBehavior [ RunTime:0.000586s ]
INFO: [ app_end ] --END-- [ RunTime:0.000649s ]

[ 2017-02-04T17:28:25+08:00 ] 127.0.0.1 /Master/Spending/totalDay
INFO: [ app_init ] --START--
INFO: Run Behavior\BuildLiteBehavior [ RunTime:0.000015s ]
INFO: [ app_init ] --END-- [ RunTime:0.000430s ]
INFO: [ app_begin ] --START--
INFO: Run Behavior\ReadHtmlCacheBehavior [ RunTime:0.002181s ]
INFO: [ app_begin ] --END-- [ RunTime:0.002344s ]
INFO: [ view_parse ] --START--
INFO: [ template_filter ] --START--
INFO: Run Behavior\ContentReplaceBehavior [ RunTime:0.000070s ]
INFO: [ template_filter ] --END-- [ RunTime:0.000141s ]
INFO: Run Behavior\ParseTemplateBehavior [ RunTime:0.066887s ]
INFO: [ view_parse ] --END-- [ RunTime:0.066955s ]
INFO: [ view_filter ] --START--
INFO: Run Behavior\WriteHtmlCacheBehavior [ RunTime:0.000387s ]
INFO: [ view_filter ] --END-- [ RunTime:0.000428s ]
INFO: [ app_end ] --START--
INFO: Run Behavior\ShowPageTraceBehavior [ RunTime:0.000900s ]
INFO: [ app_end ] --END-- [ RunTime:0.000974s ]

[ 2017-02-04T17:28:26+08:00 ] 127.0.0.1 /index.php/Master/Spending/totalDayImg.html
INFO: [ app_init ] --START--
INFO: Run Behavior\BuildLiteBehavior [ RunTime:0.000022s ]
INFO: [ app_init ] --END-- [ RunTime:0.000510s ]
INFO: [ app_begin ] --START--
INFO: Run Behavior\ReadHtmlCacheBehavior [ RunTime:0.000928s ]
INFO: [ app_begin ] --END-- [ RunTime:0.001021s ]
SQL: SHOW COLUMNS FROM `spending` [ RunTime:0.0159s ]
SQL: SELECT sum(cost_money) as money,DATE_FORMAT(spending_date,"%m%d") FROM `spending` WHERE `hospital_id` = 10 AND `spending_date` BETWEEN '2017-02-01' AND '2017-02-28' GROUP BY spending_date  [ RunTime:0.0020s ]
NOTIC: [8] Undefined index: spending_date D:\phpStudy\WWW\tp\Application\Master\Controller\SpendingController.class.php 第 251 行.
NOTIC: [8] Undefined index: spending_date D:\phpStudy\WWW\tp\Application\Master\Controller\SpendingController.class.php 第 251 行.
NOTIC: [8] Undefined index: spending_date D:\phpStudy\WWW\tp\Application\Master\Controller\SpendingController.class.php 第 251 行.
NOTIC: [8] Undefined index: spending_date D:\phpStudy\WWW\tp\Application\Master\Controller\SpendingController.class.php 第 251 行.
NOTIC: [8] Undefined index: spending_date D:\phpStudy\WWW\tp\Application\Master\Controller\SpendingController.class.php 第 251 行.
NOTIC: [8] Undefined index: spending_date D:\phpStudy\WWW\tp\Application\Master\Controller\SpendingController.class.php 第 251 行.
NOTIC: [8] Undefined index: spending_date D:\phpStudy\WWW\tp\Application\Master\Controller\SpendingController.class.php 第 251 行.
NOTIC: [8] Undefined index: spending_date D:\phpStudy\WWW\tp\Application\Master\Controller\SpendingController.class.php 第 251 行.
NOTIC: [8] Undefined index: spending_date D:\phpStudy\WWW\tp\Application\Master\Controller\SpendingController.class.php 第 251 行.
NOTIC: [8] Undefined index: spending_date D:\phpStudy\WWW\tp\Application\Master\Controller\SpendingController.class.php 第 251 行.
NOTIC: [8] Undefined index: spending_date D:\phpStudy\WWW\tp\Application\Master\Controller\SpendingController.class.php 第 251 行.
NOTIC: [8] Undefined index: spending_date D:\phpStudy\WWW\tp\Application\Master\Controller\SpendingController.class.php 第 251 行.
NOTIC: [8] Undefined index: spending_date D:\phpStudy\WWW\tp\Application\Master\Controller\SpendingController.class.php 第 251 行.
NOTIC: [8] Undefined index: spending_date D:\phpStudy\WWW\tp\Application\Master\Controller\SpendingController.class.php 第 251 行.
NOTIC: [8] Undefined index: spending_date D:\phpStudy\WWW\tp\Application\Master\Controller\SpendingController.class.php 第 251 行.
NOTIC: [8] Undefined index: spending_date D:\phpStudy\WWW\tp\Application\Master\Controller\SpendingController.class.php 第 251 行.
NOTIC: [8] Undefined index: spending_date D:\phpStudy\WWW\tp\Application\Master\Controller\SpendingController.class.php 第 251 行.
NOTIC: [8] Undefined index: spending_date D:\phpStudy\WWW\tp\Application\Master\Controller\SpendingController.class.php 第 251 行.
NOTIC: [8] Undefined index: spending_date D:\phpStudy\WWW\tp\Application\Master\Controller\SpendingController.class.php 第 251 行.
NOTIC: [8] Undefined index: spending_date D:\phpStudy\WWW\tp\Application\Master\Controller\SpendingController.class.php 第 251 行.
NOTIC: [8] Undefined index: spending_date D:\phpStudy\WWW\tp\Application\Master\Controller\SpendingController.class.php 第 251 行.
NOTIC: [8] Undefined index: spending_date D:\phpStudy\WWW\tp\Application\Master\Controller\SpendingController.class.php 第 251 行.
NOTIC: [8] Undefined index: spending_date D:\phpStudy\WWW\tp\Application\Master\Controller\SpendingController.class.php 第 251 行.
NOTIC: [8] Undefined index: spending_date D:\phpStudy\WWW\tp\Application\Master\Controller\SpendingController.class.php 第 251 行.
NOTIC: [8] Undefined index: spending_date D:\phpStudy\WWW\tp\Application\Master\Controller\SpendingController.class.php 第 251 行.
NOTIC: [8] Undefined index: spending_date D:\phpStudy\WWW\tp\Application\Master\Controller\SpendingController.class.php 第 251 行.
NOTIC: [8] Undefined index: spending_date D:\phpStudy\WWW\tp\Application\Master\Controller\SpendingController.class.php 第 251 行.
NOTIC: [8] Undefined index: spending_date D:\phpStudy\WWW\tp\Application\Master\Controller\SpendingController.class.php 第 251 行.
INFO: [ app_end ] --START--
INFO: Run Behavior\ShowPageTraceBehavior [ RunTime:0.001640s ]
INFO: [ app_end ] --END-- [ RunTime:0.001711s ]

[ 2017-02-04T17:28:27+08:00 ] 127.0.0.1 /Master/Spending/totalMonth
INFO: [ app_init ] --START--
INFO: Run Behavior\BuildLiteBehavior [ RunTime:0.000015s ]
INFO: [ app_init ] --END-- [ RunTime:0.000579s ]
INFO: [ app_begin ] --START--
INFO: Run Behavior\ReadHtmlCacheBehavior [ RunTime:0.001655s ]
INFO: [ app_begin ] --END-- [ RunTime:0.001768s ]
INFO: [ view_parse ] --START--
INFO: [ template_filter ] --START--
INFO: Run Behavior\ContentReplaceBehavior [ RunTime:0.000053s ]
INFO: [ template_filter ] --END-- [ RunTime:0.000104s ]
INFO: Run Behavior\ParseTemplateBehavior [ RunTime:0.072172s ]
INFO: [ view_parse ] --END-- [ RunTime:0.072243s ]
INFO: [ view_filter ] --START--
INFO: Run Behavior\WriteHtmlCacheBehavior [ RunTime:0.000588s ]
INFO: [ view_filter ] --END-- [ RunTime:0.000622s ]
INFO: [ app_end ] --START--
INFO: Run Behavior\ShowPageTraceBehavior [ RunTime:0.000881s ]
INFO: [ app_end ] --END-- [ RunTime:0.000927s ]

[ 2017-02-04T17:28:27+08:00 ] 127.0.0.1 /index.php/Master/Spending/totalMonthImg.html
INFO: [ app_init ] --START--
INFO: Run Behavior\BuildLiteBehavior [ RunTime:0.000025s ]
INFO: [ app_init ] --END-- [ RunTime:0.000823s ]
INFO: [ app_begin ] --START--
INFO: Run Behavior\ReadHtmlCacheBehavior [ RunTime:0.001382s ]
INFO: [ app_begin ] --END-- [ RunTime:0.001479s ]
SQL: SHOW COLUMNS FROM `spending` [ RunTime:0.0126s ]
SQL: SELECT sum(cost_money) as money,DATE_FORMAT(spending_date,"%Y-%m") as date FROM `spending` WHERE `hospital_id` = 10 AND `spending_date` BETWEEN '2017-01-01' AND '2017-12-31' GROUP BY date  [ RunTime:0.0023s ]
INFO: [ app_end ] --START--
INFO: Run Behavior\ShowPageTraceBehavior [ RunTime:0.001664s ]
INFO: [ app_end ] --END-- [ RunTime:0.001782s ]

[ 2017-02-04T17:30:01+08:00 ] 127.0.0.1 /Master/Spending/addNext
INFO: [ app_init ] --START--
INFO: Run Behavior\BuildLiteBehavior [ RunTime:0.000017s ]
INFO: [ app_init ] --END-- [ RunTime:0.000509s ]
INFO: [ app_begin ] --START--
INFO: Run Behavior\ReadHtmlCacheBehavior [ RunTime:0.001090s ]
INFO: [ app_begin ] --END-- [ RunTime:0.001315s ]
SQL: SHOW COLUMNS FROM `patient` [ RunTime:0.0132s ]
SQL: SHOW COLUMNS FROM `spending` [ RunTime:0.0114s ]
SQL: SHOW COLUMNS FROM `proportion` [ RunTime:0.0103s ]
SQL: SELECT `id` FROM `proportion` WHERE `hospital_id` = 10 AND `is_use` = 1 LIMIT 1   [ RunTime:0.0003s ]
SQL: SELECT * FROM `spending` WHERE `hospital_id` = 10 AND `spending_date` BETWEEN '2017-03-01' AND '2017-03-31'  [ RunTime:0.0003s ]
SQL: SELECT * FROM `patient` WHERE `status` = 0 AND `hospital_id` = 10  [ RunTime:0.0002s ]
SQL: INSERT INTO `spending` (`hospital_id`,`percentId`,`patient_tel`,`patient_name`,`spending_date`) VALUES ('10','28','14566897987','啊实打实','2017-03-1'),('10','28','14566897987','啊实打实','2017-03-2'),('10','28','14566897987','啊实打实','2017-03-3'),('10','28','14566897987','啊实打实','2017-03-4'),('10','28','14566897987','啊实打实','2017-03-5'),('10','28','14566897987','啊实打实','2017-03-6'),('10','28','14566897987','啊实打实','2017-03-7'),('10','28','14566897987','啊实打实','2017-03-8'),('10','28','14566897987','啊实打实','2017-03-9'),('10','28','14566897987','啊实打实','2017-03-10'),('10','28','14566897987','啊实打实','2017-03-11'),('10','28','14566897987','啊实打实','2017-03-12'),('10','28','14566897987','啊实打实','2017-03-13'),('10','28','14566897987','啊实打实','2017-03-14'),('10','28','14566897987','啊实打实','2017-03-15'),('10','28','14566897987','啊实打实','2017-03-16'),('10','28','14566897987','啊实打实','2017-03-17'),('10','28','14566897987','啊实打实','2017-03-18'),('10','28','14566897987','啊实打实','2017-03-19'),('10','28','14566897987','啊实打实','2017-03-20'),('10','28','14566897987','啊实打实','2017-03-21'),('10','28','14566897987','啊实打实','2017-03-22'),('10','28','14566897987','啊实打实','2017-03-23'),('10','28','14566897987','啊实打实','2017-03-24'),('10','28','14566897987','啊实打实','2017-03-25'),('10','28','14566897987','啊实打实','2017-03-26'),('10','28','14566897987','啊实打实','2017-03-27'),('10','28','14566897987','啊实打实','2017-03-28'),('10','28','14566897987','啊实打实','2017-03-29'),('10','28','14566897987','啊实打实','2017-03-30'),('10','28','14566897987','啊实打实','2017-03-31'),('10','28','13465478997','硕大的','2017-03-1'),('10','28','13465478997','硕大的','2017-03-2'),('10','28','13465478997','硕大的','2017-03-3'),('10','28','13465478997','硕大的','2017-03-4'),('10','28','13465478997','硕大的','2017-03-5'),('10','28','13465478997','硕大的','2017-03-6'),('10','28','13465478997','硕大的','2017-03-7'),('10','28','13465478997','硕大的','2017-03-8'),('10','28','13465478997','硕大的','2017-03-9'),('10','28','13465478997','硕大的','2017-03-10'),('10','28','13465478997','硕大的','2017-03-11'),('10','28','13465478997','硕大的','2017-03-12'),('10','28','13465478997','硕大的','2017-03-13'),('10','28','13465478997','硕大的','2017-03-14'),('10','28','13465478997','硕大的','2017-03-15'),('10','28','13465478997','硕大的','2017-03-16'),('10','28','13465478997','硕大的','2017-03-17'),('10','28','13465478997','硕大的','2017-03-18'),('10','28','13465478997','硕大的','2017-03-19'),('10','28','13465478997','硕大的','2017-03-20'),('10','28','13465478997','硕大的','2017-03-21'),('10','28','13465478997','硕大的','2017-03-22'),('10','28','13465478997','硕大的','2017-03-23'),('10','28','13465478997','硕大的','2017-03-24'),('10','28','13465478997','硕大的','2017-03-25'),('10','28','13465478997','硕大的','2017-03-26'),('10','28','13465478997','硕大的','2017-03-27'),('10','28','13465478997','硕大的','2017-03-28'),('10','28','13465478997','硕大的','2017-03-29'),('10','28','13465478997','硕大的','2017-03-30'),('10','28','13465478997','硕大的','2017-03-31'),('10','28','1365454556','萨达是11','2017-03-1'),('10','28','1365454556','萨达是11','2017-03-2'),('10','28','1365454556','萨达是11','2017-03-3'),('10','28','1365454556','萨达是11','2017-03-4'),('10','28','1365454556','萨达是11','2017-03-5'),('10','28','1365454556','萨达是11','2017-03-6'),('10','28','1365454556','萨达是11','2017-03-7'),('10','28','1365454556','萨达是11','2017-03-8'),('10','28','1365454556','萨达是11','2017-03-9'),('10','28','1365454556','萨达是11','2017-03-10'),('10','28','1365454556','萨达是11','2017-03-11'),('10','28','1365454556','萨达是11','2017-03-12'),('10','28','1365454556','萨达是11','2017-03-13'),('10','28','1365454556','萨达是11','2017-03-14'),('10','28','1365454556','萨达是11','2017-03-15'),('10','28','1365454556','萨达是11','2017-03-16'),('10','28','1365454556','萨达是11','2017-03-17'),('10','28','1365454556','萨达是11','2017-03-18'),('10','28','1365454556','萨达是11','2017-03-19'),('10','28','1365454556','萨达是11','2017-03-20'),('10','28','1365454556','萨达是11','2017-03-21'),('10','28','1365454556','萨达是11','2017-03-22'),('10','28','1365454556','萨达是11','2017-03-23'),('10','28','1365454556','萨达是11','2017-03-24'),('10','28','1365454556','萨达是11','2017-03-25'),('10','28','1365454556','萨达是11','2017-03-26'),('10','28','1365454556','萨达是11','2017-03-27'),('10','28','1365454556','萨达是11','2017-03-28'),('10','28','1365454556','萨达是11','2017-03-29'),('10','28','1365454556','萨达是11','2017-03-30'),('10','28','1365454556','萨达是11','2017-03-31'),('10','28','123123','测试3','2017-03-1'),('10','28','123123','测试3','2017-03-2'),('10','28','123123','测试3','2017-03-3'),('10','28','123123','测试3','2017-03-4'),('10','28','123123','测试3','2017-03-5'),('10','28','123123','测试3','2017-03-6'),('10','28','123123','测试3','2017-03-7'),('10','28','123123','测试3','2017-03-8'),('10','28','123123','测试3','2017-03-9'),('10','28','123123','测试3','2017-03-10'),('10','28','123123','测试3','2017-03-11'),('10','28','123123','测试3','2017-03-12'),('10','28','123123','测试3','2017-03-13'),('10','28','123123','测试3','2017-03-14'),('10','28','123123','测试3','2017-03-15'),('10','28','123123','测试3','2017-03-16'),('10','28','123123','测试3','2017-03-17'),('10','28','123123','测试3','2017-03-18'),('10','28','123123','测试3','2017-03-19'),('10','28','123123','测试3','2017-03-20'),('10','28','123123','测试3','2017-03-21'),('10','28','123123','测试3','2017-03-22'),('10','28','123123','测试3','2017-03-23'),('10','28','123123','测试3','2017-03-24'),('10','28','123123','测试3','2017-03-25'),('10','28','123123','测试3','2017-03-26'),('10','28','123123','测试3','2017-03-27'),('10','28','123123','测试3','2017-03-28'),('10','28','123123','测试3','2017-03-29'),('10','28','123123','测试3','2017-03-30'),('10','28','123123','测试3','2017-03-31'),('10','28','13213123123','测试4','2017-03-1'),('10','28','13213123123','测试4','2017-03-2'),('10','28','13213123123','测试4','2017-03-3'),('10','28','13213123123','测试4','2017-03-4'),('10','28','13213123123','测试4','2017-03-5'),('10','28','13213123123','测试4','2017-03-6'),('10','28','13213123123','测试4','2017-03-7'),('10','28','13213123123','测试4','2017-03-8'),('10','28','13213123123','测试4','2017-03-9'),('10','28','13213123123','测试4','2017-03-10'),('10','28','13213123123','测试4','2017-03-11'),('10','28','13213123123','测试4','2017-03-12'),('10','28','13213123123','测试4','2017-03-13'),('10','28','13213123123','测试4','2017-03-14'),('10','28','13213123123','测试4','2017-03-15'),('10','28','13213123123','测试4','2017-03-16'),('10','28','13213123123','测试4','2017-03-17'),('10','28','13213123123','测试4','2017-03-18'),('10','28','13213123123','测试4','2017-03-19'),('10','28','13213123123','测试4','2017-03-20'),('10','28','13213123123','测试4','2017-03-21'),('10','28','13213123123','测试4','2017-03-22'),('10','28','13213123123','测试4','2017-03-23'),('10','28','13213123123','测试4','2017-03-24'),('10','28','13213123123','测试4','2017-03-25'),('10','28','13213123123','测试4','2017-03-26'),('10','28','13213123123','测试4','2017-03-27'),('10','28','13213123123','测试4','2017-03-28'),('10','28','13213123123','测试4','2017-03-29'),('10','28','13213123123','测试4','2017-03-30'),('10','28','13213123123','测试4','2017-03-31'),('10','28','13256456446','测试5','2017-03-1'),('10','28','13256456446','测试5','2017-03-2'),('10','28','13256456446','测试5','2017-03-3'),('10','28','13256456446','测试5','2017-03-4'),('10','28','13256456446','测试5','2017-03-5'),('10','28','13256456446','测试5','2017-03-6'),('10','28','13256456446','测试5','2017-03-7'),('10','28','13256456446','测试5','2017-03-8'),('10','28','13256456446','测试5','2017-03-9'),('10','28','13256456446','测试5','2017-03-10'),('10','28','13256456446','测试5','2017-03-11'),('10','28','13256456446','测试5','2017-03-12'),('10','28','13256456446','测试5','2017-03-13'),('10','28','13256456446','测试5','2017-03-14'),('10','28','13256456446','测试5','2017-03-15'),('10','28','13256456446','测试5','2017-03-16'),('10','28','13256456446','测试5','2017-03-17'),('10','28','13256456446','测试5','2017-03-18'),('10','28','13256456446','测试5','2017-03-19'),('10','28','13256456446','测试5','2017-03-20'),('10','28','13256456446','测试5','2017-03-21'),('10','28','13256456446','测试5','2017-03-22'),('10','28','13256456446','测试5','2017-03-23'),('10','28','13256456446','测试5','2017-03-24'),('10','28','13256456446','测试5','2017-03-25'),('10','28','13256456446','测试5','2017-03-26'),('10','28','13256456446','测试5','2017-03-27'),('10','28','13256456446','测试5','2017-03-28'),('10','28','13256456446','测试5','2017-03-29'),('10','28','13256456446','测试5','2017-03-30'),('10','28','13256456446','测试5','2017-03-31'),('10','28','21321231312','萨达是啊','2017-03-1'),('10','28','21321231312','萨达是啊','2017-03-2'),('10','28','21321231312','萨达是啊','2017-03-3'),('10','28','21321231312','萨达是啊','2017-03-4'),('10','28','21321231312','萨达是啊','2017-03-5'),('10','28','21321231312','萨达是啊','2017-03-6'),('10','28','21321231312','萨达是啊','2017-03-7'),('10','28','21321231312','萨达是啊','2017-03-8'),('10','28','21321231312','萨达是啊','2017-03-9'),('10','28','21321231312','萨达是啊','2017-03-10'),('10','28','21321231312','萨达是啊','2017-03-11'),('10','28','21321231312','萨达是啊','2017-03-12'),('10','28','21321231312','萨达是啊','2017-03-13'),('10','28','21321231312','萨达是啊','2017-03-14'),('10','28','21321231312','萨达是啊','2017-03-15'),('10','28','21321231312','萨达是啊','2017-03-16'),('10','28','21321231312','萨达是啊','2017-03-17'),('10','28','21321231312','萨达是啊','2017-03-18'),('10','28','21321231312','萨达是啊','2017-03-19'),('10','28','21321231312','萨达是啊','2017-03-20'),('10','28','21321231312','萨达是啊','2017-03-21'),('10','28','21321231312','萨达是啊','2017-03-22'),('10','28','21321231312','萨达是啊','2017-03-23'),('10','28','21321231312','萨达是啊','2017-03-24'),('10','28','21321231312','萨达是啊','2017-03-25'),('10','28','21321231312','萨达是啊','2017-03-26'),('10','28','21321231312','萨达是啊','2017-03-27'),('10','28','21321231312','萨达是啊','2017-03-28'),('10','28','21321231312','萨达是啊','2017-03-29'),('10','28','21321231312','萨达是啊','2017-03-30'),('10','28','21321231312','萨达是啊','2017-03-31'),('10','28','12345678977','萨达是','2017-03-1'),('10','28','12345678977','萨达是','2017-03-2'),('10','28','12345678977','萨达是','2017-03-3'),('10','28','12345678977','萨达是','2017-03-4'),('10','28','12345678977','萨达是','2017-03-5'),('10','28','12345678977','萨达是','2017-03-6'),('10','28','12345678977','萨达是','2017-03-7'),('10','28','12345678977','萨达是','2017-03-8'),('10','28','12345678977','萨达是','2017-03-9'),('10','28','12345678977','萨达是','2017-03-10'),('10','28','12345678977','萨达是','2017-03-11'),('10','28','12345678977','萨达是','2017-03-12'),('10','28','12345678977','萨达是','2017-03-13'),('10','28','12345678977','萨达是','2017-03-14'),('10','28','12345678977','萨达是','2017-03-15'),('10','28','12345678977','萨达是','2017-03-16'),('10','28','12345678977','萨达是','2017-03-17'),('10','28','12345678977','萨达是','2017-03-18'),('10','28','12345678977','萨达是','2017-03-19'),('10','28','12345678977','萨达是','2017-03-20'),('10','28','12345678977','萨达是','2017-03-21'),('10','28','12345678977','萨达是','2017-03-22'),('10','28','12345678977','萨达是','2017-03-23'),('10','28','12345678977','萨达是','2017-03-24'),('10','28','12345678977','萨达是','2017-03-25'),('10','28','12345678977','萨达是','2017-03-26'),('10','28','12345678977','萨达是','2017-03-27'),('10','28','12345678977','萨达是','2017-03-28'),('10','28','12345678977','萨达是','2017-03-29'),('10','28','12345678977','萨达是','2017-03-30'),('10','28','12345678977','萨达是','2017-03-31') [ RunTime:0.1200s ]
INFO: [ view_parse ] --START--
INFO: [ template_filter ] --START--
INFO: Run Behavior\ContentReplaceBehavior [ RunTime:0.000057s ]
INFO: [ template_filter ] --END-- [ RunTime:0.000129s ]
INFO: Run Behavior\ParseTemplateBehavior [ RunTime:0.008879s ]
INFO: [ view_parse ] --END-- [ RunTime:0.008947s ]
INFO: [ view_filter ] --START--
INFO: Run Behavior\WriteHtmlCacheBehavior [ RunTime:0.000483s ]
INFO: [ view_filter ] --END-- [ RunTime:0.000516s ]
INFO: [ app_end ] --START--
INFO: Run Behavior\ShowPageTraceBehavior [ RunTime:0.000701s ]
INFO: [ app_end ] --END-- [ RunTime:0.000739s ]

[ 2017-02-04T17:30:02+08:00 ] 127.0.0.1 /Master/Index/index
INFO: [ app_init ] --START--
INFO: Run Behavior\BuildLiteBehavior [ RunTime:0.000016s ]
INFO: [ app_init ] --END-- [ RunTime:0.000534s ]
INFO: [ app_begin ] --START--
INFO: Run Behavior\ReadHtmlCacheBehavior [ RunTime:0.000744s ]
INFO: [ app_begin ] --END-- [ RunTime:0.000795s ]
SQL: SHOW COLUMNS FROM `admin` [ RunTime:0.0169s ]
SQL: SELECT * FROM `admin` WHERE `id` = 2 LIMIT 1   [ RunTime:0.0003s ]
SQL: SHOW COLUMNS FROM `hospital` [ RunTime:0.0069s ]
SQL: SHOW COLUMNS FROM `spending` [ RunTime:0.0081s ]
SQL: SELECT * FROM `hospital` WHERE `is_use` = 1  [ RunTime:0.0003s ]
SQL: SELECT * FROM `hospital` WHERE `id` = 10 LIMIT 1   [ RunTime:0.0002s ]
SQL: SELECT * FROM `spending` WHERE `hospital_id` = '10' AND `spending_date` BETWEEN '2017-02-01' AND '2017-02-28'  [ RunTime:0.0015s ]
NOTIC: [8] Undefined index: sum_money D:\phpStudy\WWW\tp\Application\Master\Controller\IndexController.class.php 第 35 行.
NOTIC: [8] Undefined index: sum_money D:\phpStudy\WWW\tp\Application\Master\Controller\IndexController.class.php 第 35 行.
NOTIC: [8] Undefined index: sum_money D:\phpStudy\WWW\tp\Application\Master\Controller\IndexController.class.php 第 35 行.
NOTIC: [8] Undefined index: sum_money D:\phpStudy\WWW\tp\Application\Master\Controller\IndexController.class.php 第 35 行.
NOTIC: [8] Undefined index: sum_money D:\phpStudy\WWW\tp\Application\Master\Controller\IndexController.class.php 第 35 行.
NOTIC: [8] Undefined index: sum_money D:\phpStudy\WWW\tp\Application\Master\Controller\IndexController.class.php 第 35 行.
NOTIC: [8] Undefined index: sum_money D:\phpStudy\WWW\tp\Application\Master\Controller\IndexController.class.php 第 35 行.
NOTIC: [8] Undefined index: sum_money D:\phpStudy\WWW\tp\Application\Master\Controller\IndexController.class.php 第 35 行.
SQL: select sum(cost_money) from spending where hospital_id="10" [ RunTime:0.0005s ]
NOTIC: [8] Undefined index: percent D:\phpStudy\WWW\tp\Application\Master\Controller\IndexController.class.php 第 42 行.
NOTIC: [8] Undefined index: remaining_sum D:\phpStudy\WWW\tp\Application\Master\Controller\IndexController.class.php 第 43 行.
INFO: [ view_parse ] --START--
INFO: [ template_filter ] --START--
INFO: Run Behavior\ContentReplaceBehavior [ RunTime:0.000103s ]
INFO: [ template_filter ] --END-- [ RunTime:0.000183s ]
NOTIC: [8] Undefined variable: leav D:\phpStudy\WWW\tp\Application\Runtime\Cache\Master\f9884a4f00f8e32a73c2c1c824d085d3.php 第 63 行.
NOTIC: [8] Undefined variable: hospital_info D:\phpStudy\WWW\tp\Application\Runtime\Cache\Master\f9884a4f00f8e32a73c2c1c824d085d3.php 第 64 行.
INFO: Run Behavior\ParseTemplateBehavior [ RunTime:0.019605s ]
INFO: [ view_parse ] --END-- [ RunTime:0.019663s ]
INFO: [ view_filter ] --START--
INFO: Run Behavior\WriteHtmlCacheBehavior [ RunTime:0.000617s ]
INFO: [ view_filter ] --END-- [ RunTime:0.000667s ]
INFO: [ app_end ] --START--
INFO: Run Behavior\ShowPageTraceBehavior [ RunTime:0.001083s ]
INFO: [ app_end ] --END-- [ RunTime:0.001146s ]

[ 2017-02-04T17:30:02+08:00 ] 127.0.0.1 /Master/Index/index
INFO: [ app_init ] --START--
INFO: Run Behavior\BuildLiteBehavior [ RunTime:0.000029s ]
INFO: [ app_init ] --END-- [ RunTime:0.000758s ]
INFO: [ app_begin ] --START--
INFO: Run Behavior\ReadHtmlCacheBehavior [ RunTime:0.000944s ]
INFO: [ app_begin ] --END-- [ RunTime:0.001032s ]
SQL: SHOW COLUMNS FROM `admin` [ RunTime:0.0080s ]
SQL: SELECT * FROM `admin` WHERE `id` = 2 LIMIT 1   [ RunTime:0.0003s ]
SQL: SHOW COLUMNS FROM `hospital` [ RunTime:0.0049s ]
SQL: SHOW COLUMNS FROM `spending` [ RunTime:0.0052s ]
SQL: SELECT * FROM `hospital` WHERE `is_use` = 1  [ RunTime:0.0004s ]
SQL: SELECT * FROM `hospital` WHERE `id` = 10 LIMIT 1   [ RunTime:0.0002s ]
SQL: SELECT * FROM `spending` WHERE `hospital_id` = '10' AND `spending_date` BETWEEN '2017-02-01' AND '2017-02-28'  [ RunTime:0.0022s ]
NOTIC: [8] Undefined index: sum_money D:\phpStudy\WWW\tp\Application\Master\Controller\IndexController.class.php 第 35 行.
NOTIC: [8] Undefined index: sum_money D:\phpStudy\WWW\tp\Application\Master\Controller\IndexController.class.php 第 35 行.
NOTIC: [8] Undefined index: sum_money D:\phpStudy\WWW\tp\Application\Master\Controller\IndexController.class.php 第 35 行.
NOTIC: [8] Undefined index: sum_money D:\phpStudy\WWW\tp\Application\Master\Controller\IndexController.class.php 第 35 行.
NOTIC: [8] Undefined index: sum_money D:\phpStudy\WWW\tp\Application\Master\Controller\IndexController.class.php 第 35 行.
NOTIC: [8] Undefined index: sum_money D:\phpStudy\WWW\tp\Application\Master\Controller\IndexController.class.php 第 35 行.
NOTIC: [8] Undefined index: sum_money D:\phpStudy\WWW\tp\Application\Master\Controller\IndexController.class.php 第 35 行.
NOTIC: [8] Undefined index: sum_money D:\phpStudy\WWW\tp\Application\Master\Controller\IndexController.class.php 第 35 行.
SQL: select sum(cost_money) from spending where hospital_id="10" [ RunTime:0.0008s ]
NOTIC: [8] Undefined index: percent D:\phpStudy\WWW\tp\Application\Master\Controller\IndexController.class.php 第 42 行.
NOTIC: [8] Undefined index: remaining_sum D:\phpStudy\WWW\tp\Application\Master\Controller\IndexController.class.php 第 43 行.
INFO: [ view_parse ] --START--
INFO: [ template_filter ] --START--
INFO: Run Behavior\ContentReplaceBehavior [ RunTime:0.000068s ]
INFO: [ template_filter ] --END-- [ RunTime:0.000120s ]
NOTIC: [8] Undefined variable: leav D:\phpStudy\WWW\tp\Application\Runtime\Cache\Master\f9884a4f00f8e32a73c2c1c824d085d3.php 第 63 行.
NOTIC: [8] Undefined variable: hospital_info D:\phpStudy\WWW\tp\Application\Runtime\Cache\Master\f9884a4f00f8e32a73c2c1c824d085d3.php 第 64 行.
INFO: Run Behavior\ParseTemplateBehavior [ RunTime:0.013829s ]
INFO: [ view_parse ] --END-- [ RunTime:0.013887s ]
INFO: [ view_filter ] --START--
INFO: Run Behavior\WriteHtmlCacheBehavior [ RunTime:0.000249s ]
INFO: [ view_filter ] --END-- [ RunTime:0.000284s ]
INFO: [ app_end ] --START--
INFO: Run Behavior\ShowPageTraceBehavior [ RunTime:0.000905s ]
INFO: [ app_end ] --END-- [ RunTime:0.000991s ]

