[ 2017-02-02T14:29:16+08:00 ] 127.0.0.1 /Master/Login/index
INFO: [ app_init ] --START--
INFO: Run Behavior\BuildLiteBehavior [ RunTime:0.000015s ]
INFO: [ app_init ] --END-- [ RunTime:0.000330s ]
INFO: [ app_begin ] --START--
INFO: Run Behavior\ReadHtmlCacheBehavior [ RunTime:0.000495s ]
INFO: [ app_begin ] --END-- [ RunTime:0.000552s ]
INFO: [ view_parse ] --START--
INFO: [ template_filter ] --START--
INFO: Run Behavior\ContentReplaceBehavior [ RunTime:0.000045s ]
INFO: [ template_filter ] --END-- [ RunTime:0.000094s ]
INFO: Run Behavior\ParseTemplateBehavior [ RunTime:0.074501s ]
INFO: [ view_parse ] --END-- [ RunTime:0.074579s ]
INFO: [ view_filter ] --START--
INFO: Run Behavior\WriteHtmlCacheBehavior [ RunTime:0.000230s ]
INFO: [ view_filter ] --END-- [ RunTime:0.000265s ]
INFO: [ app_end ] --START--
INFO: Run Behavior\ShowPageTraceBehavior [ RunTime:0.000444s ]
INFO: [ app_end ] --END-- [ RunTime:0.000479s ]

[ 2017-02-02T14:29:16+08:00 ] 127.0.0.1 /index.php/Master/Login/verify.html
INFO: [ app_init ] --START--
INFO: Run Behavior\BuildLiteBehavior [ RunTime:0.000025s ]
INFO: [ app_init ] --END-- [ RunTime:0.000554s ]
INFO: [ app_begin ] --START--
INFO: Run Behavior\ReadHtmlCacheBehavior [ RunTime:0.000760s ]
INFO: [ app_begin ] --END-- [ RunTime:0.000848s ]
INFO: [ app_end ] --START--
INFO: Run Behavior\ShowPageTraceBehavior [ RunTime:0.000647s ]
INFO: [ app_end ] --END-- [ RunTime:0.000728s ]

[ 2017-02-02T14:29:27+08:00 ] 127.0.0.1 /index.php/Master/Login/usernameLogin.html
INFO: [ app_init ] --START--
INFO: Run Behavior\BuildLiteBehavior [ RunTime:0.000013s ]
INFO: [ app_init ] --END-- [ RunTime:0.000294s ]
INFO: [ app_begin ] --START--
INFO: Run Behavior\ReadHtmlCacheBehavior [ RunTime:0.000436s ]
INFO: [ app_begin ] --END-- [ RunTime:0.000485s ]
INFO: [ view_parse ] --START--
INFO: [ template_filter ] --START--
INFO: Run Behavior\ContentReplaceBehavior [ RunTime:0.000047s ]
INFO: [ template_filter ] --END-- [ RunTime:0.000094s ]
INFO: Run Behavior\ParseTemplateBehavior [ RunTime:0.014669s ]
INFO: [ view_parse ] --END-- [ RunTime:0.014727s ]
INFO: [ view_filter ] --START--
INFO: Run Behavior\WriteHtmlCacheBehavior [ RunTime:0.000210s ]
INFO: [ view_filter ] --END-- [ RunTime:0.000242s ]

[ 2017-02-02T14:29:29+08:00 ] 127.0.0.1 /Master/Login/index
INFO: [ app_init ] --START--
INFO: Run Behavior\BuildLiteBehavior [ RunTime:0.000015s ]
INFO: [ app_init ] --END-- [ RunTime:0.000331s ]
INFO: [ app_begin ] --START--
INFO: Run Behavior\ReadHtmlCacheBehavior [ RunTime:0.000542s ]
INFO: [ app_begin ] --END-- [ RunTime:0.000598s ]
INFO: [ view_parse ] --START--
INFO: [ template_filter ] --START--
INFO: Run Behavior\ContentReplaceBehavior [ RunTime:0.000063s ]
INFO: [ template_filter ] --END-- [ RunTime:0.000146s ]
INFO: Run Behavior\ParseTemplateBehavior [ RunTime:0.007752s ]
INFO: [ view_parse ] --END-- [ RunTime:0.007822s ]
INFO: [ view_filter ] --START--
INFO: Run Behavior\WriteHtmlCacheBehavior [ RunTime:0.000229s ]
INFO: [ view_filter ] --END-- [ RunTime:0.000263s ]
INFO: [ app_end ] --START--
INFO: Run Behavior\ShowPageTraceBehavior [ RunTime:0.000454s ]
INFO: [ app_end ] --END-- [ RunTime:0.000490s ]

[ 2017-02-02T14:29:29+08:00 ] 127.0.0.1 /index.php/Master/Login/verify.html
INFO: [ app_init ] --START--
INFO: Run Behavior\BuildLiteBehavior [ RunTime:0.000014s ]
INFO: [ app_init ] --END-- [ RunTime:0.000344s ]
INFO: [ app_begin ] --START--
INFO: Run Behavior\ReadHtmlCacheBehavior [ RunTime:0.000451s ]
INFO: [ app_begin ] --END-- [ RunTime:0.000496s ]
INFO: [ app_end ] --START--
INFO: Run Behavior\ShowPageTraceBehavior [ RunTime:0.000550s ]
INFO: [ app_end ] --END-- [ RunTime:0.000607s ]

[ 2017-02-02T14:29:37+08:00 ] 127.0.0.1 /index.php/Master/Login/verify.html?0.22591846295785367
INFO: [ app_init ] --START--
INFO: Run Behavior\BuildLiteBehavior [ RunTime:0.000016s ]
INFO: [ app_init ] --END-- [ RunTime:0.000293s ]
INFO: [ app_begin ] --START--
INFO: Run Behavior\ReadHtmlCacheBehavior [ RunTime:0.000427s ]
INFO: [ app_begin ] --END-- [ RunTime:0.000468s ]
INFO: [ app_end ] --START--
INFO: Run Behavior\ShowPageTraceBehavior [ RunTime:0.000635s ]
INFO: [ app_end ] --END-- [ RunTime:0.000699s ]

[ 2017-02-02T14:29:37+08:00 ] 127.0.0.1 /index.php/Master/Login/verify.html?0.28246257190461876
INFO: [ app_init ] --START--
INFO: Run Behavior\BuildLiteBehavior [ RunTime:0.000017s ]
INFO: [ app_init ] --END-- [ RunTime:0.000320s ]
INFO: [ app_begin ] --START--
INFO: Run Behavior\ReadHtmlCacheBehavior [ RunTime:0.000430s ]
INFO: [ app_begin ] --END-- [ RunTime:0.000472s ]
INFO: [ app_end ] --START--
INFO: Run Behavior\ShowPageTraceBehavior [ RunTime:0.000518s ]
INFO: [ app_end ] --END-- [ RunTime:0.000575s ]

[ 2017-02-02T14:29:43+08:00 ] 127.0.0.1 /index.php/Master/Login/usernameLogin.html
INFO: [ app_init ] --START--
INFO: Run Behavior\BuildLiteBehavior [ RunTime:0.000014s ]
INFO: [ app_init ] --END-- [ RunTime:0.000319s ]
INFO: [ app_begin ] --START--
INFO: Run Behavior\ReadHtmlCacheBehavior [ RunTime:0.000436s ]
INFO: [ app_begin ] --END-- [ RunTime:0.000477s ]
SQL: SHOW COLUMNS FROM `admin` [ RunTime:0.0525s ]
NOTIC: [2] addslashes() expects parameter 1 to be string, array given D:\phpStudy\WWW\tp\ThinkPHP\Library\Think\Db\Driver.class.php 第 1031 行.
SQL: SELECT * FROM `admin` WHERE `username` = '' LIMIT 1   [ RunTime:0.0004s ]
INFO: [ view_parse ] --START--
INFO: [ template_filter ] --START--
INFO: Run Behavior\ContentReplaceBehavior [ RunTime:0.000037s ]
INFO: [ template_filter ] --END-- [ RunTime:0.000091s ]
INFO: Run Behavior\ParseTemplateBehavior [ RunTime:0.005328s ]
INFO: [ view_parse ] --END-- [ RunTime:0.005393s ]
INFO: [ view_filter ] --START--
INFO: Run Behavior\WriteHtmlCacheBehavior [ RunTime:0.000219s ]
INFO: [ view_filter ] --END-- [ RunTime:0.000252s ]

[ 2017-02-02T14:29:44+08:00 ] 127.0.0.1 /Master/Login/index
INFO: [ app_init ] --START--
INFO: Run Behavior\BuildLiteBehavior [ RunTime:0.000017s ]
INFO: [ app_init ] --END-- [ RunTime:0.000306s ]
INFO: [ app_begin ] --START--
INFO: Run Behavior\ReadHtmlCacheBehavior [ RunTime:0.000435s ]
INFO: [ app_begin ] --END-- [ RunTime:0.000476s ]
INFO: [ view_parse ] --START--
INFO: [ template_filter ] --START--
INFO: Run Behavior\ContentReplaceBehavior [ RunTime:0.000060s ]
INFO: [ template_filter ] --END-- [ RunTime:0.000110s ]
INFO: Run Behavior\ParseTemplateBehavior [ RunTime:0.005780s ]
INFO: [ view_parse ] --END-- [ RunTime:0.005828s ]
INFO: [ view_filter ] --START--
INFO: Run Behavior\WriteHtmlCacheBehavior [ RunTime:0.000213s ]
INFO: [ view_filter ] --END-- [ RunTime:0.000246s ]
INFO: [ app_end ] --START--
INFO: Run Behavior\ShowPageTraceBehavior [ RunTime:0.000448s ]
INFO: [ app_end ] --END-- [ RunTime:0.000481s ]

[ 2017-02-02T14:29:44+08:00 ] 127.0.0.1 /index.php/Master/Login/verify.html
INFO: [ app_init ] --START--
INFO: Run Behavior\BuildLiteBehavior [ RunTime:0.000015s ]
INFO: [ app_init ] --END-- [ RunTime:0.000351s ]
INFO: [ app_begin ] --START--
INFO: Run Behavior\ReadHtmlCacheBehavior [ RunTime:0.001097s ]
INFO: [ app_begin ] --END-- [ RunTime:0.001183s ]
INFO: [ app_end ] --START--
INFO: Run Behavior\ShowPageTraceBehavior [ RunTime:0.000546s ]
INFO: [ app_end ] --END-- [ RunTime:0.000627s ]

[ 2017-02-02T14:30:26+08:00 ] 127.0.0.1 /index.php/Master/Login/usernameLogin.html
INFO: [ app_init ] --START--
INFO: Run Behavior\BuildLiteBehavior [ RunTime:0.000013s ]
INFO: [ app_init ] --END-- [ RunTime:0.000333s ]
INFO: [ app_begin ] --START--
INFO: Run Behavior\ReadHtmlCacheBehavior [ RunTime:0.000631s ]
INFO: [ app_begin ] --END-- [ RunTime:0.000702s ]
SQL: SHOW COLUMNS FROM `admin` [ RunTime:0.0119s ]
NOTIC: [2] addslashes() expects parameter 1 to be string, array given D:\phpStudy\WWW\tp\ThinkPHP\Library\Think\Db\Driver.class.php 第 1031 行.
SQL: SELECT * FROM `admin` WHERE `username` = '' LIMIT 1   [ RunTime:0.0003s ]
INFO: [ view_parse ] --START--
INFO: [ template_filter ] --START--
INFO: Run Behavior\ContentReplaceBehavior [ RunTime:0.000035s ]
INFO: [ template_filter ] --END-- [ RunTime:0.000089s ]
INFO: Run Behavior\ParseTemplateBehavior [ RunTime:0.005765s ]
INFO: [ view_parse ] --END-- [ RunTime:0.005813s ]
INFO: [ view_filter ] --START--
INFO: Run Behavior\WriteHtmlCacheBehavior [ RunTime:0.000282s ]
INFO: [ view_filter ] --END-- [ RunTime:0.000327s ]

[ 2017-02-02T14:30:27+08:00 ] 127.0.0.1 /Master/Login/index
INFO: [ app_init ] --START--
INFO: Run Behavior\BuildLiteBehavior [ RunTime:0.000023s ]
INFO: [ app_init ] --END-- [ RunTime:0.000383s ]
INFO: [ app_begin ] --START--
INFO: Run Behavior\ReadHtmlCacheBehavior [ RunTime:0.001084s ]
INFO: [ app_begin ] --END-- [ RunTime:0.001183s ]
INFO: [ view_parse ] --START--
INFO: [ template_filter ] --START--
INFO: Run Behavior\ContentReplaceBehavior [ RunTime:0.000045s ]
INFO: [ template_filter ] --END-- [ RunTime:0.000097s ]
INFO: Run Behavior\ParseTemplateBehavior [ RunTime:0.006686s ]
INFO: [ view_parse ] --END-- [ RunTime:0.006753s ]
INFO: [ view_filter ] --START--
INFO: Run Behavior\WriteHtmlCacheBehavior [ RunTime:0.000215s ]
INFO: [ view_filter ] --END-- [ RunTime:0.000247s ]
INFO: [ app_end ] --START--
INFO: Run Behavior\ShowPageTraceBehavior [ RunTime:0.000542s ]
INFO: [ app_end ] --END-- [ RunTime:0.000583s ]

[ 2017-02-02T14:30:27+08:00 ] 127.0.0.1 /index.php/Master/Login/verify.html
INFO: [ app_init ] --START--
INFO: Run Behavior\BuildLiteBehavior [ RunTime:0.000015s ]
INFO: [ app_init ] --END-- [ RunTime:0.000325s ]
INFO: [ app_begin ] --START--
INFO: Run Behavior\ReadHtmlCacheBehavior [ RunTime:0.000444s ]
INFO: [ app_begin ] --END-- [ RunTime:0.000487s ]
INFO: [ app_end ] --START--
INFO: Run Behavior\ShowPageTraceBehavior [ RunTime:0.001054s ]
INFO: [ app_end ] --END-- [ RunTime:0.001156s ]

[ 2017-02-02T14:30:48+08:00 ] 127.0.0.1 /index.php/Master/Login/checkUser.html
INFO: [ app_init ] --START--
INFO: Run Behavior\BuildLiteBehavior [ RunTime:0.000017s ]
INFO: [ app_init ] --END-- [ RunTime:0.000390s ]
INFO: [ app_begin ] --START--
INFO: Run Behavior\ReadHtmlCacheBehavior [ RunTime:0.000451s ]
INFO: [ app_begin ] --END-- [ RunTime:0.000494s ]
SQL: SHOW COLUMNS FROM `admin` [ RunTime:0.0097s ]
NOTIC: [8] Use of undefined constant tel - assumed 'tel' D:\phpStudy\WWW\tp\Application\Master\Controller\LoginController.class.php 第 61 行.
SQL: SELECT * FROM `admin` WHERE `tel` = '13228595558' LIMIT 1   [ RunTime:0.0004s ]
NOTIC: [8] Undefined variable: errMsg D:\phpStudy\WWW\tp\Application\Master\Controller\LoginController.class.php 第 67 行.

[ 2017-02-02T14:30:50+08:00 ] 127.0.0.1 /index.php/Master/Login/sendVerify.html
INFO: [ app_init ] --START--
INFO: Run Behavior\BuildLiteBehavior [ RunTime:0.000029s ]
INFO: [ app_init ] --END-- [ RunTime:0.000574s ]
INFO: [ app_begin ] --START--
INFO: Run Behavior\ReadHtmlCacheBehavior [ RunTime:0.000723s ]
INFO: [ app_begin ] --END-- [ RunTime:0.000805s ]

[ 2017-02-02T14:30:55+08:00 ] 127.0.0.1 /index.php/Master/Login/login.html
INFO: [ app_init ] --START--
INFO: Run Behavior\BuildLiteBehavior [ RunTime:0.000015s ]
INFO: [ app_init ] --END-- [ RunTime:0.000338s ]
INFO: [ app_begin ] --START--
INFO: Run Behavior\ReadHtmlCacheBehavior [ RunTime:0.000450s ]
INFO: [ app_begin ] --END-- [ RunTime:0.000494s ]
SQL: SHOW COLUMNS FROM `admin` [ RunTime:0.0139s ]
SQL: SELECT * FROM `admin` WHERE `tel` = '13228595558' LIMIT 1   [ RunTime:0.0003s ]
SQL: UPDATE `admin` SET `last_login_ip`='127.0.0.1',`last_login_time`='2017-02-02 14:30:55' WHERE `id` = 2 [ RunTime:0.0487s ]
INFO: [ view_parse ] --START--
INFO: [ template_filter ] --START--
INFO: Run Behavior\ContentReplaceBehavior [ RunTime:0.000038s ]
INFO: [ template_filter ] --END-- [ RunTime:0.000085s ]
INFO: Run Behavior\ParseTemplateBehavior [ RunTime:0.005376s ]
INFO: [ view_parse ] --END-- [ RunTime:0.005439s ]
INFO: [ view_filter ] --START--
INFO: Run Behavior\WriteHtmlCacheBehavior [ RunTime:0.000215s ]
INFO: [ view_filter ] --END-- [ RunTime:0.000248s ]
INFO: [ app_end ] --START--
INFO: Run Behavior\ShowPageTraceBehavior [ RunTime:0.000455s ]
INFO: [ app_end ] --END-- [ RunTime:0.000488s ]

[ 2017-02-02T14:30:56+08:00 ] 127.0.0.1 /Master/Index/index
INFO: [ app_init ] --START--
INFO: Run Behavior\BuildLiteBehavior [ RunTime:0.000018s ]
INFO: [ app_init ] --END-- [ RunTime:0.000332s ]
INFO: [ app_begin ] --START--
INFO: Run Behavior\ReadHtmlCacheBehavior [ RunTime:0.000503s ]
INFO: [ app_begin ] --END-- [ RunTime:0.000555s ]
SQL: SHOW COLUMNS FROM `admin` [ RunTime:0.0097s ]
SQL: SELECT * FROM `admin` WHERE `id` = 2 LIMIT 1   [ RunTime:0.0002s ]
SQL: SHOW COLUMNS FROM `hospital` [ RunTime:0.0078s ]
SQL: SHOW COLUMNS FROM `spending` [ RunTime:0.0068s ]
SQL: SELECT * FROM `hospital` WHERE `is_use` = 1  [ RunTime:0.0002s ]
NOTIC: [8] Undefined index: hospital_id D:\phpStudy\WWW\tp\Application\Master\Controller\IndexController.class.php 第 20 行.
NOTIC: [8] Undefined index: hospital_name D:\phpStudy\WWW\tp\Application\Master\Controller\IndexController.class.php 第 21 行.
SQL: SELECT * FROM `hospital` WHERE `id` = 10 LIMIT 1   [ RunTime:0.0002s ]
SQL: SELECT * FROM `spending` WHERE `hospital_id` = '10' AND `spending_date` BETWEEN '2017-02-01' AND '2017-02-28'  [ RunTime:0.0004s ]
NOTIC: [8] Undefined index: sum_money D:\phpStudy\WWW\tp\Application\Master\Controller\IndexController.class.php 第 35 行.
SQL: select sum(cost_money) from spending where hospital_id="10" [ RunTime:0.0002s ]
NOTIC: [8] Undefined index: percent D:\phpStudy\WWW\tp\Application\Master\Controller\IndexController.class.php 第 42 行.
NOTIC: [8] Undefined index: remaining_sum D:\phpStudy\WWW\tp\Application\Master\Controller\IndexController.class.php 第 43 行.
INFO: [ view_parse ] --START--
INFO: [ template_filter ] --START--
INFO: Run Behavior\ContentReplaceBehavior [ RunTime:0.000096s ]
INFO: [ template_filter ] --END-- [ RunTime:0.000187s ]
NOTIC: [8] Undefined variable: leav D:\phpStudy\WWW\tp\Application\Runtime\Cache\Master\f9884a4f00f8e32a73c2c1c824d085d3.php 第 63 行.
NOTIC: [8] Undefined variable: hospital_info D:\phpStudy\WWW\tp\Application\Runtime\Cache\Master\f9884a4f00f8e32a73c2c1c824d085d3.php 第 64 行.
INFO: Run Behavior\ParseTemplateBehavior [ RunTime:0.154502s ]
INFO: [ view_parse ] --END-- [ RunTime:0.154568s ]
INFO: [ view_filter ] --START--
INFO: Run Behavior\WriteHtmlCacheBehavior [ RunTime:0.000420s ]
INFO: [ view_filter ] --END-- [ RunTime:0.000502s ]
INFO: [ app_end ] --START--
INFO: Run Behavior\ShowPageTraceBehavior [ RunTime:0.000436s ]
INFO: [ app_end ] --END-- [ RunTime:0.000471s ]

[ 2017-02-02T14:30:56+08:00 ] 127.0.0.1 /Master/Index/index
INFO: [ app_init ] --START--
INFO: Run Behavior\BuildLiteBehavior [ RunTime:0.000022s ]
INFO: [ app_init ] --END-- [ RunTime:0.000636s ]
INFO: [ app_begin ] --START--
INFO: Run Behavior\ReadHtmlCacheBehavior [ RunTime:0.000670s ]
INFO: [ app_begin ] --END-- [ RunTime:0.000726s ]
SQL: SHOW COLUMNS FROM `admin` [ RunTime:0.0042s ]
SQL: SELECT * FROM `admin` WHERE `id` = 2 LIMIT 1   [ RunTime:0.0002s ]
SQL: SHOW COLUMNS FROM `hospital` [ RunTime:0.0048s ]
SQL: SHOW COLUMNS FROM `spending` [ RunTime:0.0041s ]
SQL: SELECT * FROM `hospital` WHERE `is_use` = 1  [ RunTime:0.0004s ]
SQL: SELECT * FROM `hospital` WHERE `id` = 10 LIMIT 1   [ RunTime:0.0002s ]
SQL: SELECT * FROM `spending` WHERE `hospital_id` = '10' AND `spending_date` BETWEEN '2017-02-01' AND '2017-02-28'  [ RunTime:0.0004s ]
NOTIC: [8] Undefined index: sum_money D:\phpStudy\WWW\tp\Application\Master\Controller\IndexController.class.php 第 35 行.
SQL: select sum(cost_money) from spending where hospital_id="10" [ RunTime:0.0003s ]
NOTIC: [8] Undefined index: percent D:\phpStudy\WWW\tp\Application\Master\Controller\IndexController.class.php 第 42 行.
NOTIC: [8] Undefined index: remaining_sum D:\phpStudy\WWW\tp\Application\Master\Controller\IndexController.class.php 第 43 行.
INFO: [ view_parse ] --START--
INFO: [ template_filter ] --START--
INFO: Run Behavior\ContentReplaceBehavior [ RunTime:0.000066s ]
INFO: [ template_filter ] --END-- [ RunTime:0.000116s ]
NOTIC: [8] Undefined variable: leav D:\phpStudy\WWW\tp\Application\Runtime\Cache\Master\f9884a4f00f8e32a73c2c1c824d085d3.php 第 63 行.
NOTIC: [8] Undefined variable: hospital_info D:\phpStudy\WWW\tp\Application\Runtime\Cache\Master\f9884a4f00f8e32a73c2c1c824d085d3.php 第 64 行.
INFO: Run Behavior\ParseTemplateBehavior [ RunTime:0.013791s ]
INFO: [ view_parse ] --END-- [ RunTime:0.013837s ]
INFO: [ view_filter ] --START--
INFO: Run Behavior\WriteHtmlCacheBehavior [ RunTime:0.000362s ]
INFO: [ view_filter ] --END-- [ RunTime:0.000401s ]
INFO: [ app_end ] --START--
INFO: Run Behavior\ShowPageTraceBehavior [ RunTime:0.000666s ]
INFO: [ app_end ] --END-- [ RunTime:0.000711s ]

[ 2017-02-02T14:31:08+08:00 ] 127.0.0.1 /Master/Hospital/index
INFO: [ app_init ] --START--
INFO: Run Behavior\BuildLiteBehavior [ RunTime:0.000027s ]
INFO: [ app_init ] --END-- [ RunTime:0.000536s ]
INFO: [ app_begin ] --START--
INFO: Run Behavior\ReadHtmlCacheBehavior [ RunTime:0.000788s ]
INFO: [ app_begin ] --END-- [ RunTime:0.000893s ]
SQL: SHOW COLUMNS FROM `hospital` [ RunTime:0.0135s ]
SQL: SHOW COLUMNS FROM `spending` [ RunTime:0.0089s ]
SQL: SHOW COLUMNS FROM `proportion` [ RunTime:0.0070s ]
SQL: SHOW COLUMNS FROM `rechange` [ RunTime:0.0067s ]
SQL: SELECT * FROM `hospital`  [ RunTime:0.0007s ]
SQL: SELECT `hospital_id`,`percent` FROM `proportion` WHERE `is_use` = 1  [ RunTime:0.0002s ]
SQL: SELECT sum(money) as remaining_sum,`hospital_id` FROM `rechange` GROUP BY hospital_id  [ RunTime:0.0002s ]
SQL: select sum(s.cost_money) as cost_sum,s.percentId,s.hospital_id,p.percent,p.is_use from spending s left join proportion p on s.percentId=p.id  group by s.percentId [ RunTime:0.0397s ]
NOTIC: [8] Undefined variable: res D:\phpStudy\WWW\tp\Application\Master\Controller\HospitalController.class.php 第 30 行.
NOTIC: [8] Undefined offset: 10 D:\phpStudy\WWW\tp\Application\Master\Controller\HospitalController.class.php 第 30 行.
NOTIC: [8] Undefined offset: 11 D:\phpStudy\WWW\tp\Application\Master\Controller\HospitalController.class.php 第 30 行.
INFO: [ view_parse ] --START--
INFO: [ template_filter ] --START--
INFO: Run Behavior\ContentReplaceBehavior [ RunTime:0.000086s ]
INFO: [ template_filter ] --END-- [ RunTime:0.000150s ]
NOTIC: [8] Undefined variable: add_form_unique D:\phpStudy\WWW\tp\Application\Runtime\Cache\Master\6444b16e41eda0c2fb4d1429df4ad96d.php 第 74 行.
NOTIC: [8] Undefined variable: add_form_unique D:\phpStudy\WWW\tp\Application\Runtime\Cache\Master\6444b16e41eda0c2fb4d1429df4ad96d.php 第 74 行.
INFO: Run Behavior\ParseTemplateBehavior [ RunTime:0.108310s ]
INFO: [ view_parse ] --END-- [ RunTime:0.108368s ]
INFO: [ view_filter ] --START--
INFO: Run Behavior\WriteHtmlCacheBehavior [ RunTime:0.000230s ]
INFO: [ view_filter ] --END-- [ RunTime:0.000274s ]
INFO: [ app_end ] --START--
INFO: Run Behavior\ShowPageTraceBehavior [ RunTime:0.000633s ]
INFO: [ app_end ] --END-- [ RunTime:0.000694s ]

