[ 2017-05-23T02:51:57+08:00 ] 111.206.36.13 /Master/Hospital/add
INFO: [ app_init ] --START--
INFO: Run Behavior\BuildLiteBehavior [ RunTime:0.000000s ]
INFO: [ app_init ] --END-- [ RunTime:0.000000s ]
INFO: [ app_begin ] --START--
INFO: Run Behavior\ReadHtmlCacheBehavior [ RunTime:0.000000s ]
INFO: [ app_begin ] --END-- [ RunTime:0.000000s ]

[ 2017-05-23T02:51:57+08:00 ] 111.206.36.13 /Master/Login/index
INFO: [ app_init ] --START--
INFO: Run Behavior\BuildLiteBehavior [ RunTime:0.000000s ]
INFO: [ app_init ] --END-- [ RunTime:0.000000s ]
INFO: [ app_begin ] --START--
INFO: Run Behavior\ReadHtmlCacheBehavior [ RunTime:0.000000s ]
INFO: [ app_begin ] --END-- [ RunTime:0.000000s ]
INFO: [ view_parse ] --START--
INFO: [ template_filter ] --START--
INFO: Run Behavior\ContentReplaceBehavior [ RunTime:0.000000s ]
INFO: [ template_filter ] --END-- [ RunTime:0.000000s ]
INFO: Run Behavior\ParseTemplateBehavior [ RunTime:0.015625s ]
INFO: [ view_parse ] --END-- [ RunTime:0.015625s ]
INFO: [ view_filter ] --START--
INFO: Run Behavior\WriteHtmlCacheBehavior [ RunTime:0.000000s ]
INFO: [ view_filter ] --END-- [ RunTime:0.000000s ]
INFO: [ app_end ] --START--
INFO: Run Behavior\ShowPageTraceBehavior [ RunTime:0.000000s ]
INFO: [ app_end ] --END-- [ RunTime:0.000000s ]

[ 2017-05-23T17:21:16+08:00 ] 110.184.56.158 /Master/Index/index
INFO: [ app_init ] --START--
INFO: Run Behavior\BuildLiteBehavior [ RunTime:0.000000s ]
INFO: [ app_init ] --END-- [ RunTime:0.000000s ]
INFO: [ app_begin ] --START--
INFO: Run Behavior\ReadHtmlCacheBehavior [ RunTime:0.000000s ]
INFO: [ app_begin ] --END-- [ RunTime:0.000000s ]

[ 2017-05-23T17:21:16+08:00 ] 110.184.56.158 /Master/Login/index
INFO: [ app_init ] --START--
INFO: Run Behavior\BuildLiteBehavior [ RunTime:0.000000s ]
INFO: [ app_init ] --END-- [ RunTime:0.000000s ]
INFO: [ app_begin ] --START--
INFO: Run Behavior\ReadHtmlCacheBehavior [ RunTime:0.000000s ]
INFO: [ app_begin ] --END-- [ RunTime:0.000000s ]
INFO: [ view_parse ] --START--
INFO: [ template_filter ] --START--
INFO: Run Behavior\ContentReplaceBehavior [ RunTime:0.000000s ]
INFO: [ template_filter ] --END-- [ RunTime:0.000000s ]
INFO: Run Behavior\ParseTemplateBehavior [ RunTime:0.015625s ]
INFO: [ view_parse ] --END-- [ RunTime:0.015625s ]
INFO: [ view_filter ] --START--
INFO: Run Behavior\WriteHtmlCacheBehavior [ RunTime:0.000000s ]
INFO: [ view_filter ] --END-- [ RunTime:0.000000s ]
INFO: [ app_end ] --START--
INFO: Run Behavior\ShowPageTraceBehavior [ RunTime:0.000000s ]
INFO: [ app_end ] --END-- [ RunTime:0.000000s ]

[ 2017-05-23T17:21:16+08:00 ] 110.184.56.158 /index.php/Master/Login/verify.html
INFO: [ app_init ] --START--
INFO: Run Behavior\BuildLiteBehavior [ RunTime:0.000000s ]
INFO: [ app_init ] --END-- [ RunTime:0.000000s ]
INFO: [ app_begin ] --START--
INFO: Run Behavior\ReadHtmlCacheBehavior [ RunTime:0.000000s ]
INFO: [ app_begin ] --END-- [ RunTime:0.000000s ]
INFO: [ app_end ] --START--
INFO: Run Behavior\ShowPageTraceBehavior [ RunTime:0.000000s ]
INFO: [ app_end ] --END-- [ RunTime:0.000000s ]

[ 2017-05-23T17:21:22+08:00 ] 110.184.56.158 /index.php/Master/Login/verify.html?0.9070493958622936
INFO: [ app_init ] --START--
INFO: Run Behavior\BuildLiteBehavior [ RunTime:0.000000s ]
INFO: [ app_init ] --END-- [ RunTime:0.000000s ]
INFO: [ app_begin ] --START--
INFO: Run Behavior\ReadHtmlCacheBehavior [ RunTime:0.000000s ]
INFO: [ app_begin ] --END-- [ RunTime:0.000000s ]
INFO: [ app_end ] --START--
INFO: Run Behavior\ShowPageTraceBehavior [ RunTime:0.000000s ]
INFO: [ app_end ] --END-- [ RunTime:0.000000s ]

[ 2017-05-23T17:21:23+08:00 ] 110.184.56.158 /index.php/Master/Login/verify.html?0.8260802554110649
INFO: [ app_init ] --START--
INFO: Run Behavior\BuildLiteBehavior [ RunTime:0.000000s ]
INFO: [ app_init ] --END-- [ RunTime:0.000000s ]
INFO: [ app_begin ] --START--
INFO: Run Behavior\ReadHtmlCacheBehavior [ RunTime:0.000000s ]
INFO: [ app_begin ] --END-- [ RunTime:0.000000s ]
INFO: [ app_end ] --START--
INFO: Run Behavior\ShowPageTraceBehavior [ RunTime:0.000000s ]
INFO: [ app_end ] --END-- [ RunTime:0.000000s ]

[ 2017-05-23T17:21:24+08:00 ] 110.184.56.158 /index.php/Master/Login/verify.html?0.04624812396376399
INFO: [ app_init ] --START--
INFO: Run Behavior\BuildLiteBehavior [ RunTime:0.000000s ]
INFO: [ app_init ] --END-- [ RunTime:0.000000s ]
INFO: [ app_begin ] --START--
INFO: Run Behavior\ReadHtmlCacheBehavior [ RunTime:0.000000s ]
INFO: [ app_begin ] --END-- [ RunTime:0.000000s ]
INFO: [ app_end ] --START--
INFO: Run Behavior\ShowPageTraceBehavior [ RunTime:0.000000s ]
INFO: [ app_end ] --END-- [ RunTime:0.000000s ]

[ 2017-05-23T17:21:28+08:00 ] 110.184.56.158 /index.php/Master/Login/usernameLogin.html
INFO: [ app_init ] --START--
INFO: Run Behavior\BuildLiteBehavior [ RunTime:0.000000s ]
INFO: [ app_init ] --END-- [ RunTime:0.000000s ]
INFO: [ app_begin ] --START--
INFO: Run Behavior\ReadHtmlCacheBehavior [ RunTime:0.000000s ]
INFO: [ app_begin ] --END-- [ RunTime:0.000000s ]
INFO: [ view_parse ] --START--
INFO: [ template_filter ] --START--
INFO: Run Behavior\ContentReplaceBehavior [ RunTime:0.000000s ]
INFO: [ template_filter ] --END-- [ RunTime:0.000000s ]
INFO: Run Behavior\ParseTemplateBehavior [ RunTime:0.015625s ]
INFO: [ view_parse ] --END-- [ RunTime:0.015625s ]
INFO: [ view_filter ] --START--
INFO: Run Behavior\WriteHtmlCacheBehavior [ RunTime:0.000000s ]
INFO: [ view_filter ] --END-- [ RunTime:0.000000s ]

[ 2017-05-23T17:21:30+08:00 ] 110.184.56.158 /Master/Login/index
INFO: [ app_init ] --START--
INFO: Run Behavior\BuildLiteBehavior [ RunTime:0.000000s ]
INFO: [ app_init ] --END-- [ RunTime:0.000000s ]
INFO: [ app_begin ] --START--
INFO: Run Behavior\ReadHtmlCacheBehavior [ RunTime:0.000000s ]
INFO: [ app_begin ] --END-- [ RunTime:0.000000s ]
INFO: [ view_parse ] --START--
INFO: [ template_filter ] --START--
INFO: Run Behavior\ContentReplaceBehavior [ RunTime:0.000000s ]
INFO: [ template_filter ] --END-- [ RunTime:0.000000s ]
INFO: Run Behavior\ParseTemplateBehavior [ RunTime:0.015625s ]
INFO: [ view_parse ] --END-- [ RunTime:0.015625s ]
INFO: [ view_filter ] --START--
INFO: Run Behavior\WriteHtmlCacheBehavior [ RunTime:0.000000s ]
INFO: [ view_filter ] --END-- [ RunTime:0.000000s ]
INFO: [ app_end ] --START--
INFO: Run Behavior\ShowPageTraceBehavior [ RunTime:0.000000s ]
INFO: [ app_end ] --END-- [ RunTime:0.000000s ]

[ 2017-05-23T17:21:30+08:00 ] 110.184.56.158 /index.php/Master/Login/verify.html
INFO: [ app_init ] --START--
INFO: Run Behavior\BuildLiteBehavior [ RunTime:0.000000s ]
INFO: [ app_init ] --END-- [ RunTime:0.000000s ]
INFO: [ app_begin ] --START--
INFO: Run Behavior\ReadHtmlCacheBehavior [ RunTime:0.000000s ]
INFO: [ app_begin ] --END-- [ RunTime:0.000000s ]
INFO: [ app_end ] --START--
INFO: Run Behavior\ShowPageTraceBehavior [ RunTime:0.000000s ]
INFO: [ app_end ] --END-- [ RunTime:0.000000s ]

[ 2017-05-23T17:21:34+08:00 ] 110.184.56.158 /index.php/Master/Login/verify.html?0.8260984735118373
INFO: [ app_init ] --START--
INFO: Run Behavior\BuildLiteBehavior [ RunTime:0.000000s ]
INFO: [ app_init ] --END-- [ RunTime:0.000000s ]
INFO: [ app_begin ] --START--
INFO: Run Behavior\ReadHtmlCacheBehavior [ RunTime:0.015625s ]
INFO: [ app_begin ] --END-- [ RunTime:0.015625s ]
INFO: [ app_end ] --START--
INFO: Run Behavior\ShowPageTraceBehavior [ RunTime:0.000000s ]
INFO: [ app_end ] --END-- [ RunTime:0.000000s ]

[ 2017-05-23T17:21:39+08:00 ] 110.184.56.158 /index.php/Master/Login/usernameLogin.html
INFO: [ app_init ] --START--
INFO: Run Behavior\BuildLiteBehavior [ RunTime:0.000000s ]
INFO: [ app_init ] --END-- [ RunTime:0.000000s ]
INFO: [ app_begin ] --START--
INFO: Run Behavior\ReadHtmlCacheBehavior [ RunTime:0.000000s ]
INFO: [ app_begin ] --END-- [ RunTime:0.000000s ]
INFO: [ view_parse ] --START--
INFO: [ template_filter ] --START--
INFO: Run Behavior\ContentReplaceBehavior [ RunTime:0.000000s ]
INFO: [ template_filter ] --END-- [ RunTime:0.000000s ]
INFO: Run Behavior\ParseTemplateBehavior [ RunTime:0.015625s ]
INFO: [ view_parse ] --END-- [ RunTime:0.015625s ]
INFO: [ view_filter ] --START--
INFO: Run Behavior\WriteHtmlCacheBehavior [ RunTime:0.000000s ]
INFO: [ view_filter ] --END-- [ RunTime:0.000000s ]

[ 2017-05-23T17:21:42+08:00 ] 110.184.56.158 /Master/Login/index
INFO: [ app_init ] --START--
INFO: Run Behavior\BuildLiteBehavior [ RunTime:0.000000s ]
INFO: [ app_init ] --END-- [ RunTime:0.000000s ]
INFO: [ app_begin ] --START--
INFO: Run Behavior\ReadHtmlCacheBehavior [ RunTime:0.000000s ]
INFO: [ app_begin ] --END-- [ RunTime:0.000000s ]
INFO: [ view_parse ] --START--
INFO: [ template_filter ] --START--
INFO: Run Behavior\ContentReplaceBehavior [ RunTime:0.000000s ]
INFO: [ template_filter ] --END-- [ RunTime:0.000000s ]
INFO: Run Behavior\ParseTemplateBehavior [ RunTime:0.000000s ]
INFO: [ view_parse ] --END-- [ RunTime:0.000000s ]
INFO: [ view_filter ] --START--
INFO: Run Behavior\WriteHtmlCacheBehavior [ RunTime:0.000000s ]
INFO: [ view_filter ] --END-- [ RunTime:0.000000s ]
INFO: [ app_end ] --START--
INFO: Run Behavior\ShowPageTraceBehavior [ RunTime:0.000000s ]
INFO: [ app_end ] --END-- [ RunTime:0.000000s ]

[ 2017-05-23T17:21:42+08:00 ] 110.184.56.158 /index.php/Master/Login/verify.html
INFO: [ app_init ] --START--
INFO: Run Behavior\BuildLiteBehavior [ RunTime:0.000000s ]
INFO: [ app_init ] --END-- [ RunTime:0.000000s ]
INFO: [ app_begin ] --START--
INFO: Run Behavior\ReadHtmlCacheBehavior [ RunTime:0.000000s ]
INFO: [ app_begin ] --END-- [ RunTime:0.000000s ]
INFO: [ app_end ] --START--
INFO: Run Behavior\ShowPageTraceBehavior [ RunTime:0.015625s ]
INFO: [ app_end ] --END-- [ RunTime:0.015625s ]

[ 2017-05-23T17:21:50+08:00 ] 110.184.56.158 /index.php/Master/Login/usernameLogin.html
INFO: [ app_init ] --START--
INFO: Run Behavior\BuildLiteBehavior [ RunTime:0.000000s ]
INFO: [ app_init ] --END-- [ RunTime:0.000000s ]
INFO: [ app_begin ] --START--
INFO: Run Behavior\ReadHtmlCacheBehavior [ RunTime:0.015625s ]
INFO: [ app_begin ] --END-- [ RunTime:0.015625s ]
SQL: SHOW COLUMNS FROM `admin` [ RunTime:0.0000s ]
NOTIC: [2] addslashes() expects parameter 1 to be string, array given D:\wwwroot\sfwhlryy\wwwroot\ThinkPHP\Library\Think\Db\Driver.class.php 第 1031 行.
SQL: SELECT * FROM `admin` WHERE `username` = '' LIMIT 1   [ RunTime:0.0000s ]
SQL: UPDATE `admin` SET `last_login_ip`='110.184.56.158',`last_login_time`='2017-05-23 17:21:50' WHERE `id` = 2 [ RunTime:0.0000s ]
INFO: [ view_parse ] --START--
INFO: [ template_filter ] --START--
INFO: Run Behavior\ContentReplaceBehavior [ RunTime:0.000000s ]
INFO: [ template_filter ] --END-- [ RunTime:0.000000s ]
INFO: Run Behavior\ParseTemplateBehavior [ RunTime:0.015625s ]
INFO: [ view_parse ] --END-- [ RunTime:0.015625s ]
INFO: [ view_filter ] --START--
INFO: Run Behavior\WriteHtmlCacheBehavior [ RunTime:0.000000s ]
INFO: [ view_filter ] --END-- [ RunTime:0.000000s ]
INFO: [ app_end ] --START--
INFO: Run Behavior\ShowPageTraceBehavior [ RunTime:0.000000s ]
INFO: [ app_end ] --END-- [ RunTime:0.000000s ]

[ 2017-05-23T17:21:52+08:00 ] 110.184.56.158 /Master/Index/index
INFO: [ app_init ] --START--
INFO: Run Behavior\BuildLiteBehavior [ RunTime:0.000000s ]
INFO: [ app_init ] --END-- [ RunTime:0.000000s ]
INFO: [ app_begin ] --START--
INFO: Run Behavior\ReadHtmlCacheBehavior [ RunTime:0.000000s ]
INFO: [ app_begin ] --END-- [ RunTime:0.000000s ]
SQL: SHOW COLUMNS FROM `admin` [ RunTime:0.0156s ]
SQL: SELECT * FROM `admin` WHERE `id` = 2 LIMIT 1   [ RunTime:0.0000s ]
SQL: SHOW COLUMNS FROM `hospital` [ RunTime:0.0000s ]
SQL: SHOW COLUMNS FROM `spending` [ RunTime:0.0156s ]
SQL: SELECT * FROM `hospital` WHERE `is_use` = 1  [ RunTime:0.0000s ]
NOTIC: [8] Undefined index: hospital_id D:\wwwroot\sfwhlryy\wwwroot\Application\Master\Controller\IndexController.class.php 第 20 行.
NOTIC: [8] Undefined index: hospital_name D:\wwwroot\sfwhlryy\wwwroot\Application\Master\Controller\IndexController.class.php 第 21 行.
SQL: SELECT * FROM `hospital` WHERE `id` = 10 LIMIT 1   [ RunTime:0.0000s ]
SQL: SELECT * FROM `spending` WHERE `hospital_id` = '10' AND `spending_date` BETWEEN '2017-05-01' AND '2017-05-31'  [ RunTime:0.0156s ]
SQL: select sum(cost_money) from spending where hospital_id="10" [ RunTime:0.0000s ]
NOTIC: [8] Undefined index: percent D:\wwwroot\sfwhlryy\wwwroot\Application\Master\Controller\IndexController.class.php 第 42 行.
NOTIC: [8] Undefined index: remaining_sum D:\wwwroot\sfwhlryy\wwwroot\Application\Master\Controller\IndexController.class.php 第 43 行.
SQL: SHOW COLUMNS FROM `doctor` [ RunTime:0.0156s ]
SQL: SELECT * FROM `doctor` WHERE `hospital_id` = 10  [ RunTime:0.0156s ]
NOTIC: [8] Undefined variable: res D:\wwwroot\sfwhlryy\wwwroot\Application\Master\Controller\IndexController.class.php 第 53 行.
INFO: [ view_parse ] --START--
INFO: [ template_filter ] --START--
INFO: Run Behavior\ContentReplaceBehavior [ RunTime:0.000000s ]
INFO: [ template_filter ] --END-- [ RunTime:0.000000s ]
NOTIC: [8] Undefined variable: leav D:\wwwroot\sfwhlryy\wwwroot\Application\Runtime\Cache\Master\f9884a4f00f8e32a73c2c1c824d085d3.php 第 65 行.
NOTIC: [8] Undefined variable: hospital_info D:\wwwroot\sfwhlryy\wwwroot\Application\Runtime\Cache\Master\f9884a4f00f8e32a73c2c1c824d085d3.php 第 66 行.
INFO: Run Behavior\ParseTemplateBehavior [ RunTime:0.031250s ]
INFO: [ view_parse ] --END-- [ RunTime:0.031250s ]
INFO: [ view_filter ] --START--
INFO: Run Behavior\WriteHtmlCacheBehavior [ RunTime:0.000000s ]
INFO: [ view_filter ] --END-- [ RunTime:0.000000s ]
INFO: [ app_end ] --START--
INFO: Run Behavior\ShowPageTraceBehavior [ RunTime:0.000000s ]
INFO: [ app_end ] --END-- [ RunTime:0.000000s ]

[ 2017-05-23T17:22:00+08:00 ] 110.184.56.158 /Master/Index/index
INFO: [ app_init ] --START--
INFO: Run Behavior\BuildLiteBehavior [ RunTime:0.000000s ]
INFO: [ app_init ] --END-- [ RunTime:0.000000s ]
INFO: [ app_begin ] --START--
INFO: Run Behavior\ReadHtmlCacheBehavior [ RunTime:0.000000s ]
INFO: [ app_begin ] --END-- [ RunTime:0.000000s ]
SQL: SHOW COLUMNS FROM `admin` [ RunTime:0.0000s ]
SQL: SELECT * FROM `admin` WHERE `id` = 2 LIMIT 1   [ RunTime:0.0000s ]
SQL: SHOW COLUMNS FROM `hospital` [ RunTime:0.0000s ]
SQL: SHOW COLUMNS FROM `spending` [ RunTime:0.0000s ]
SQL: SELECT * FROM `hospital` WHERE `is_use` = 1  [ RunTime:0.0000s ]
SQL: SELECT * FROM `hospital` WHERE `id` = 10 LIMIT 1   [ RunTime:0.0000s ]
SQL: SELECT * FROM `spending` WHERE `hospital_id` = '10' AND `spending_date` BETWEEN '2017-05-01' AND '2017-05-31'  [ RunTime:0.0156s ]
SQL: select sum(cost_money) from spending where hospital_id="10" [ RunTime:0.0000s ]
NOTIC: [8] Undefined index: percent D:\wwwroot\sfwhlryy\wwwroot\Application\Master\Controller\IndexController.class.php 第 42 行.
NOTIC: [8] Undefined index: remaining_sum D:\wwwroot\sfwhlryy\wwwroot\Application\Master\Controller\IndexController.class.php 第 43 行.
SQL: SHOW COLUMNS FROM `doctor` [ RunTime:0.0000s ]
SQL: SELECT * FROM `doctor` WHERE `hospital_id` = 10  [ RunTime:0.0000s ]
NOTIC: [8] Undefined variable: res D:\wwwroot\sfwhlryy\wwwroot\Application\Master\Controller\IndexController.class.php 第 53 行.
INFO: [ view_parse ] --START--
INFO: [ template_filter ] --START--
INFO: Run Behavior\ContentReplaceBehavior [ RunTime:0.000000s ]
INFO: [ template_filter ] --END-- [ RunTime:0.000000s ]
NOTIC: [8] Undefined variable: leav D:\wwwroot\sfwhlryy\wwwroot\Application\Runtime\Cache\Master\f9884a4f00f8e32a73c2c1c824d085d3.php 第 65 行.
NOTIC: [8] Undefined variable: hospital_info D:\wwwroot\sfwhlryy\wwwroot\Application\Runtime\Cache\Master\f9884a4f00f8e32a73c2c1c824d085d3.php 第 66 行.
INFO: Run Behavior\ParseTemplateBehavior [ RunTime:0.031250s ]
INFO: [ view_parse ] --END-- [ RunTime:0.031250s ]
INFO: [ view_filter ] --START--
INFO: Run Behavior\WriteHtmlCacheBehavior [ RunTime:0.000000s ]
INFO: [ view_filter ] --END-- [ RunTime:0.000000s ]
INFO: [ app_end ] --START--
INFO: Run Behavior\ShowPageTraceBehavior [ RunTime:0.000000s ]
INFO: [ app_end ] --END-- [ RunTime:0.000000s ]

[ 2017-05-23T17:23:03+08:00 ] 110.184.56.158 /Master/Index/index
INFO: [ app_init ] --START--
INFO: Run Behavior\BuildLiteBehavior [ RunTime:0.000000s ]
INFO: [ app_init ] --END-- [ RunTime:0.000000s ]
INFO: [ app_begin ] --START--
INFO: Run Behavior\ReadHtmlCacheBehavior [ RunTime:0.015625s ]
INFO: [ app_begin ] --END-- [ RunTime:0.015625s ]
SQL: SHOW COLUMNS FROM `admin` [ RunTime:0.0000s ]
SQL: SELECT * FROM `admin` WHERE `id` = 2 LIMIT 1   [ RunTime:0.0000s ]
SQL: SHOW COLUMNS FROM `hospital` [ RunTime:0.0000s ]
SQL: SHOW COLUMNS FROM `spending` [ RunTime:0.0000s ]
SQL: SELECT * FROM `hospital` WHERE `is_use` = 1  [ RunTime:0.0000s ]
SQL: SELECT * FROM `hospital` WHERE `id` = 10 LIMIT 1   [ RunTime:0.0000s ]
SQL: SELECT * FROM `spending` WHERE `hospital_id` = '10' AND `spending_date` BETWEEN '2017-05-01' AND '2017-05-31'  [ RunTime:0.0000s ]
SQL: select sum(cost_money) from spending where hospital_id="10" [ RunTime:0.0000s ]
NOTIC: [8] Undefined index: percent D:\wwwroot\sfwhlryy\wwwroot\Application\Master\Controller\IndexController.class.php 第 42 行.
NOTIC: [8] Undefined index: remaining_sum D:\wwwroot\sfwhlryy\wwwroot\Application\Master\Controller\IndexController.class.php 第 43 行.
SQL: SHOW COLUMNS FROM `doctor` [ RunTime:0.0000s ]
SQL: SELECT * FROM `doctor` WHERE `hospital_id` = 10  [ RunTime:0.0156s ]
NOTIC: [8] Undefined variable: res D:\wwwroot\sfwhlryy\wwwroot\Application\Master\Controller\IndexController.class.php 第 53 行.
INFO: [ view_parse ] --START--
INFO: [ template_filter ] --START--
INFO: Run Behavior\ContentReplaceBehavior [ RunTime:0.000000s ]
INFO: [ template_filter ] --END-- [ RunTime:0.000000s ]
NOTIC: [8] Undefined variable: leav D:\wwwroot\sfwhlryy\wwwroot\Application\Runtime\Cache\Master\f9884a4f00f8e32a73c2c1c824d085d3.php 第 65 行.
NOTIC: [8] Undefined variable: hospital_info D:\wwwroot\sfwhlryy\wwwroot\Application\Runtime\Cache\Master\f9884a4f00f8e32a73c2c1c824d085d3.php 第 66 行.
INFO: Run Behavior\ParseTemplateBehavior [ RunTime:0.015625s ]
INFO: [ view_parse ] --END-- [ RunTime:0.015625s ]
INFO: [ view_filter ] --START--
INFO: Run Behavior\WriteHtmlCacheBehavior [ RunTime:0.000000s ]
INFO: [ view_filter ] --END-- [ RunTime:0.000000s ]
INFO: [ app_end ] --START--
INFO: Run Behavior\ShowPageTraceBehavior [ RunTime:0.000000s ]
INFO: [ app_end ] --END-- [ RunTime:0.000000s ]

[ 2017-05-23T17:25:50+08:00 ] 110.184.56.158 /Master/Index/searchPro
INFO: [ app_init ] --START--
INFO: Run Behavior\BuildLiteBehavior [ RunTime:0.000000s ]
INFO: [ app_init ] --END-- [ RunTime:0.015625s ]
INFO: [ app_begin ] --START--
INFO: Run Behavior\ReadHtmlCacheBehavior [ RunTime:0.000000s ]
INFO: [ app_begin ] --END-- [ RunTime:0.000000s ]
SQL: SHOW COLUMNS FROM `spending` [ RunTime:0.0000s ]
SQL: SHOW COLUMNS FROM `patient` [ RunTime:0.0000s ]
SQL: SELECT `cost_money`,`patient_tel`,`patient_name` FROM `spending` WHERE `hospital_id` = 10 AND `spending_date` BETWEEN '2017-05-01' AND '2017-05-31'  [ RunTime:0.0000s ]
SQL: SELECT `tel` FROM `patient` WHERE `hospital_id` = 10  [ RunTime:0.0000s ]

[ 2017-05-23T17:25:51+08:00 ] 110.184.56.158 /Master/Index/searchPro
INFO: [ app_init ] --START--
INFO: Run Behavior\BuildLiteBehavior [ RunTime:0.000000s ]
INFO: [ app_init ] --END-- [ RunTime:0.000000s ]
INFO: [ app_begin ] --START--
INFO: Run Behavior\ReadHtmlCacheBehavior [ RunTime:0.000000s ]
INFO: [ app_begin ] --END-- [ RunTime:0.000000s ]
SQL: SHOW COLUMNS FROM `spending` [ RunTime:0.0000s ]
SQL: SHOW COLUMNS FROM `patient` [ RunTime:0.0000s ]
SQL: SELECT `cost_money`,`patient_tel`,`patient_name` FROM `spending` WHERE `hospital_id` = 10 AND `spending_date` BETWEEN '2017-05-01' AND '2017-05-31'  [ RunTime:0.0000s ]
SQL: SELECT `tel` FROM `patient` WHERE `hospital_id` = 10  [ RunTime:0.0000s ]

[ 2017-05-23T17:25:51+08:00 ] 110.184.56.158 /Master/Index/searchPro
INFO: [ app_init ] --START--
INFO: Run Behavior\BuildLiteBehavior [ RunTime:0.000000s ]
INFO: [ app_init ] --END-- [ RunTime:0.000000s ]
INFO: [ app_begin ] --START--
INFO: Run Behavior\ReadHtmlCacheBehavior [ RunTime:0.000000s ]
INFO: [ app_begin ] --END-- [ RunTime:0.000000s ]
SQL: SHOW COLUMNS FROM `spending` [ RunTime:0.0000s ]
SQL: SHOW COLUMNS FROM `patient` [ RunTime:0.0156s ]
SQL: SELECT `cost_money`,`patient_tel`,`patient_name` FROM `spending` WHERE `hospital_id` = 10 AND `spending_date` BETWEEN '2017-05-01' AND '2017-05-31'  [ RunTime:0.0000s ]
SQL: SELECT `tel` FROM `patient` WHERE `hospital_id` = 10  [ RunTime:0.0000s ]

[ 2017-05-23T17:25:51+08:00 ] 110.184.56.158 /Master/Index/searchPro
INFO: [ app_init ] --START--
INFO: Run Behavior\BuildLiteBehavior [ RunTime:0.000000s ]
INFO: [ app_init ] --END-- [ RunTime:0.000000s ]
INFO: [ app_begin ] --START--
INFO: Run Behavior\ReadHtmlCacheBehavior [ RunTime:0.000000s ]
INFO: [ app_begin ] --END-- [ RunTime:0.000000s ]
SQL: SHOW COLUMNS FROM `spending` [ RunTime:0.0000s ]
SQL: SHOW COLUMNS FROM `patient` [ RunTime:0.0000s ]
SQL: SELECT `cost_money`,`patient_tel`,`patient_name` FROM `spending` WHERE `hospital_id` = 10 AND `spending_date` BETWEEN '2017-05-01' AND '2017-05-31'  [ RunTime:0.0000s ]
SQL: SELECT `tel` FROM `patient` WHERE `hospital_id` = 10  [ RunTime:0.0000s ]

[ 2017-05-23T17:25:51+08:00 ] 110.184.56.158 /Master/Index/searchPro
INFO: [ app_init ] --START--
INFO: Run Behavior\BuildLiteBehavior [ RunTime:0.000000s ]
INFO: [ app_init ] --END-- [ RunTime:0.000000s ]
INFO: [ app_begin ] --START--
INFO: Run Behavior\ReadHtmlCacheBehavior [ RunTime:0.000000s ]
INFO: [ app_begin ] --END-- [ RunTime:0.000000s ]
SQL: SHOW COLUMNS FROM `spending` [ RunTime:0.0156s ]
SQL: SHOW COLUMNS FROM `patient` [ RunTime:0.0000s ]
SQL: SELECT `cost_money`,`patient_tel`,`patient_name` FROM `spending` WHERE `hospital_id` = 10 AND `spending_date` BETWEEN '2017-05-01' AND '2017-05-31'  [ RunTime:0.0000s ]
SQL: SELECT `tel` FROM `patient` WHERE `hospital_id` = 10  [ RunTime:0.0000s ]

[ 2017-05-23T17:25:52+08:00 ] 110.184.56.158 /Master/Index/searchPro
INFO: [ app_init ] --START--
INFO: Run Behavior\BuildLiteBehavior [ RunTime:0.000000s ]
INFO: [ app_init ] --END-- [ RunTime:0.000000s ]
INFO: [ app_begin ] --START--
INFO: Run Behavior\ReadHtmlCacheBehavior [ RunTime:0.000000s ]
INFO: [ app_begin ] --END-- [ RunTime:0.000000s ]
SQL: SHOW COLUMNS FROM `spending` [ RunTime:0.0000s ]
SQL: SHOW COLUMNS FROM `patient` [ RunTime:0.0000s ]
SQL: SELECT `cost_money`,`patient_tel`,`patient_name` FROM `spending` WHERE `hospital_id` = 10 AND `spending_date` BETWEEN '2017-05-01' AND '2017-05-31'  [ RunTime:0.0000s ]
SQL: SELECT `tel` FROM `patient` WHERE `hospital_id` = 10  [ RunTime:0.0000s ]

[ 2017-05-23T17:25:52+08:00 ] 110.184.56.158 /Master/Index/searchPro
INFO: [ app_init ] --START--
INFO: Run Behavior\BuildLiteBehavior [ RunTime:0.000000s ]
INFO: [ app_init ] --END-- [ RunTime:0.000000s ]
INFO: [ app_begin ] --START--
INFO: Run Behavior\ReadHtmlCacheBehavior [ RunTime:0.000000s ]
INFO: [ app_begin ] --END-- [ RunTime:0.000000s ]
SQL: SHOW COLUMNS FROM `spending` [ RunTime:0.0000s ]
SQL: SHOW COLUMNS FROM `patient` [ RunTime:0.0000s ]
SQL: SELECT `cost_money`,`patient_tel`,`patient_name` FROM `spending` WHERE `hospital_id` = 10 AND `spending_date` BETWEEN '2017-05-01' AND '2017-05-31'  [ RunTime:0.0000s ]
SQL: SELECT `tel` FROM `patient` WHERE `hospital_id` = 10  [ RunTime:0.0000s ]

[ 2017-05-23T17:25:52+08:00 ] 110.184.56.158 /Master/Index/searchPro
INFO: [ app_init ] --START--
INFO: Run Behavior\BuildLiteBehavior [ RunTime:0.000000s ]
INFO: [ app_init ] --END-- [ RunTime:0.000000s ]
INFO: [ app_begin ] --START--
INFO: Run Behavior\ReadHtmlCacheBehavior [ RunTime:0.000000s ]
INFO: [ app_begin ] --END-- [ RunTime:0.000000s ]
SQL: SHOW COLUMNS FROM `spending` [ RunTime:0.0000s ]
SQL: SHOW COLUMNS FROM `patient` [ RunTime:0.0156s ]
SQL: SELECT `cost_money`,`patient_tel`,`patient_name` FROM `spending` WHERE `hospital_id` = 10 AND `spending_date` BETWEEN '2017-05-01' AND '2017-05-31'  [ RunTime:0.0000s ]
SQL: SELECT `tel` FROM `patient` WHERE `hospital_id` = 10  [ RunTime:0.0000s ]

[ 2017-05-23T17:25:52+08:00 ] 110.184.56.158 /Master/Index/searchPro
INFO: [ app_init ] --START--
INFO: Run Behavior\BuildLiteBehavior [ RunTime:0.000000s ]
INFO: [ app_init ] --END-- [ RunTime:0.000000s ]
INFO: [ app_begin ] --START--
INFO: Run Behavior\ReadHtmlCacheBehavior [ RunTime:0.000000s ]
INFO: [ app_begin ] --END-- [ RunTime:0.000000s ]
SQL: SHOW COLUMNS FROM `spending` [ RunTime:0.0000s ]
SQL: SHOW COLUMNS FROM `patient` [ RunTime:0.0000s ]
SQL: SELECT `cost_money`,`patient_tel`,`patient_name` FROM `spending` WHERE `hospital_id` = 10 AND `spending_date` BETWEEN '2017-05-01' AND '2017-05-31'  [ RunTime:0.0000s ]
SQL: SELECT `tel` FROM `patient` WHERE `hospital_id` = 10  [ RunTime:0.0000s ]

[ 2017-05-23T17:25:53+08:00 ] 110.184.56.158 /Master/Index/searchPro
INFO: [ app_init ] --START--
INFO: Run Behavior\BuildLiteBehavior [ RunTime:0.000000s ]
INFO: [ app_init ] --END-- [ RunTime:0.000000s ]
INFO: [ app_begin ] --START--
INFO: Run Behavior\ReadHtmlCacheBehavior [ RunTime:0.000000s ]
INFO: [ app_begin ] --END-- [ RunTime:0.000000s ]
SQL: SHOW COLUMNS FROM `spending` [ RunTime:0.0000s ]
SQL: SHOW COLUMNS FROM `patient` [ RunTime:0.0000s ]
SQL: SELECT `cost_money`,`patient_tel`,`patient_name` FROM `spending` WHERE `hospital_id` = 10 AND `spending_date` BETWEEN '2017-05-01' AND '2017-05-31'  [ RunTime:0.0000s ]
SQL: SELECT `tel` FROM `patient` WHERE `hospital_id` = 10  [ RunTime:0.0000s ]

[ 2017-05-23T17:25:53+08:00 ] 110.184.56.158 /Master/Index/searchPro
INFO: [ app_init ] --START--
INFO: Run Behavior\BuildLiteBehavior [ RunTime:0.000000s ]
INFO: [ app_init ] --END-- [ RunTime:0.000000s ]
INFO: [ app_begin ] --START--
INFO: Run Behavior\ReadHtmlCacheBehavior [ RunTime:0.000000s ]
INFO: [ app_begin ] --END-- [ RunTime:0.000000s ]
SQL: SHOW COLUMNS FROM `spending` [ RunTime:0.0000s ]
SQL: SHOW COLUMNS FROM `patient` [ RunTime:0.0000s ]
SQL: SELECT `cost_money`,`patient_tel`,`patient_name` FROM `spending` WHERE `hospital_id` = 10 AND `spending_date` BETWEEN '2017-05-01' AND '2017-05-31'  [ RunTime:0.0000s ]
SQL: SELECT `tel` FROM `patient` WHERE `hospital_id` = 10  [ RunTime:0.0156s ]

[ 2017-05-23T17:25:53+08:00 ] 110.184.56.158 /Master/Index/searchPro
INFO: [ app_init ] --START--
INFO: Run Behavior\BuildLiteBehavior [ RunTime:0.000000s ]
INFO: [ app_init ] --END-- [ RunTime:0.000000s ]
INFO: [ app_begin ] --START--
INFO: Run Behavior\ReadHtmlCacheBehavior [ RunTime:0.000000s ]
INFO: [ app_begin ] --END-- [ RunTime:0.000000s ]
SQL: SHOW COLUMNS FROM `spending` [ RunTime:0.0000s ]
SQL: SHOW COLUMNS FROM `patient` [ RunTime:0.0000s ]
SQL: SELECT `cost_money`,`patient_tel`,`patient_name` FROM `spending` WHERE `hospital_id` = 10 AND `spending_date` BETWEEN '2017-05-01' AND '2017-05-31'  [ RunTime:0.0000s ]
SQL: SELECT `tel` FROM `patient` WHERE `hospital_id` = 10  [ RunTime:0.0000s ]

[ 2017-05-23T17:26:00+08:00 ] 110.184.56.158 /Master/Index/index
INFO: [ app_init ] --START--
INFO: Run Behavior\BuildLiteBehavior [ RunTime:0.000000s ]
INFO: [ app_init ] --END-- [ RunTime:0.000000s ]
INFO: [ app_begin ] --START--
INFO: Run Behavior\ReadHtmlCacheBehavior [ RunTime:0.000000s ]
INFO: [ app_begin ] --END-- [ RunTime:0.000000s ]
SQL: SHOW COLUMNS FROM `admin` [ RunTime:0.0156s ]
SQL: SELECT * FROM `admin` WHERE `id` = 2 LIMIT 1   [ RunTime:0.0000s ]
SQL: SHOW COLUMNS FROM `hospital` [ RunTime:0.0000s ]
SQL: SHOW COLUMNS FROM `spending` [ RunTime:0.0000s ]
SQL: SELECT * FROM `hospital` WHERE `is_use` = 1  [ RunTime:0.0000s ]
SQL: SELECT * FROM `hospital` WHERE `id` = 10 LIMIT 1   [ RunTime:0.0000s ]
SQL: SELECT * FROM `spending` WHERE `hospital_id` = '10' AND `spending_date` BETWEEN '2017-05-01' AND '2017-05-31'  [ RunTime:0.0000s ]
SQL: select sum(cost_money) from spending where hospital_id="10" [ RunTime:0.0156s ]
NOTIC: [8] Undefined index: percent D:\wwwroot\sfwhlryy\wwwroot\Application\Master\Controller\IndexController.class.php 第 42 行.
NOTIC: [8] Undefined index: remaining_sum D:\wwwroot\sfwhlryy\wwwroot\Application\Master\Controller\IndexController.class.php 第 43 行.
SQL: SHOW COLUMNS FROM `doctor` [ RunTime:0.0000s ]
SQL: SELECT * FROM `doctor` WHERE `hospital_id` = 10  [ RunTime:0.0000s ]
NOTIC: [8] Undefined variable: res D:\wwwroot\sfwhlryy\wwwroot\Application\Master\Controller\IndexController.class.php 第 53 行.
INFO: [ view_parse ] --START--
INFO: [ template_filter ] --START--
INFO: Run Behavior\ContentReplaceBehavior [ RunTime:0.000000s ]
INFO: [ template_filter ] --END-- [ RunTime:0.000000s ]
NOTIC: [8] Undefined variable: leav D:\wwwroot\sfwhlryy\wwwroot\Application\Runtime\Cache\Master\f9884a4f00f8e32a73c2c1c824d085d3.php 第 65 行.
NOTIC: [8] Undefined variable: hospital_info D:\wwwroot\sfwhlryy\wwwroot\Application\Runtime\Cache\Master\f9884a4f00f8e32a73c2c1c824d085d3.php 第 66 行.
INFO: Run Behavior\ParseTemplateBehavior [ RunTime:0.015625s ]
INFO: [ view_parse ] --END-- [ RunTime:0.015625s ]
INFO: [ view_filter ] --START--
INFO: Run Behavior\WriteHtmlCacheBehavior [ RunTime:0.000000s ]
INFO: [ view_filter ] --END-- [ RunTime:0.000000s ]
INFO: [ app_end ] --START--
INFO: Run Behavior\ShowPageTraceBehavior [ RunTime:0.000000s ]
INFO: [ app_end ] --END-- [ RunTime:0.000000s ]

[ 2017-05-23T17:26:14+08:00 ] 110.184.56.158 /Master/Index/searchPro
INFO: [ app_init ] --START--
INFO: Run Behavior\BuildLiteBehavior [ RunTime:0.000000s ]
INFO: [ app_init ] --END-- [ RunTime:0.000000s ]
INFO: [ app_begin ] --START--
INFO: Run Behavior\ReadHtmlCacheBehavior [ RunTime:0.015625s ]
INFO: [ app_begin ] --END-- [ RunTime:0.015625s ]
SQL: SHOW COLUMNS FROM `spending` [ RunTime:0.0000s ]
SQL: SHOW COLUMNS FROM `patient` [ RunTime:0.0156s ]
SQL: SELECT `cost_money`,`patient_tel`,`patient_name` FROM `spending` WHERE `hospital_id` = 10 AND `spending_date` BETWEEN '2017-05-01' AND '2017-05-31'  [ RunTime:0.0000s ]
SQL: SELECT `tel` FROM `patient` WHERE `doctor_name` = 'zxcz' AND `hospital_id` = 10  [ RunTime:0.0000s ]

[ 2017-05-23T17:32:44+08:00 ] 110.184.56.158 /Master/Index/index
INFO: [ app_init ] --START--
INFO: Run Behavior\BuildLiteBehavior [ RunTime:0.000000s ]
INFO: [ app_init ] --END-- [ RunTime:0.000000s ]
INFO: [ app_begin ] --START--
INFO: Run Behavior\ReadHtmlCacheBehavior [ RunTime:0.000000s ]
INFO: [ app_begin ] --END-- [ RunTime:0.000000s ]
SQL: SHOW COLUMNS FROM `admin` [ RunTime:0.0000s ]
SQL: SELECT * FROM `admin` WHERE `id` = 2 LIMIT 1   [ RunTime:0.0000s ]
SQL: SHOW COLUMNS FROM `hospital` [ RunTime:0.0000s ]
SQL: SHOW COLUMNS FROM `spending` [ RunTime:0.0000s ]
SQL: SELECT * FROM `hospital` WHERE `is_use` = 1  [ RunTime:0.0156s ]
SQL: SELECT * FROM `hospital` WHERE `id` = 10 LIMIT 1   [ RunTime:0.0000s ]
SQL: SELECT * FROM `spending` WHERE `hospital_id` = '10' AND `spending_date` BETWEEN '2017-05-01' AND '2017-05-31'  [ RunTime:0.0000s ]
SQL: select sum(cost_money) from spending where hospital_id="10" [ RunTime:0.0000s ]
NOTIC: [8] Undefined index: percent D:\wwwroot\sfwhlryy\wwwroot\Application\Master\Controller\IndexController.class.php 第 42 行.
NOTIC: [8] Undefined index: remaining_sum D:\wwwroot\sfwhlryy\wwwroot\Application\Master\Controller\IndexController.class.php 第 43 行.
SQL: SHOW COLUMNS FROM `doctor` [ RunTime:0.0000s ]
SQL: SELECT * FROM `doctor` WHERE `hospital_id` = 10  [ RunTime:0.0000s ]
NOTIC: [8] Undefined variable: res D:\wwwroot\sfwhlryy\wwwroot\Application\Master\Controller\IndexController.class.php 第 53 行.
INFO: [ view_parse ] --START--
INFO: [ template_filter ] --START--
INFO: Run Behavior\ContentReplaceBehavior [ RunTime:0.000000s ]
INFO: [ template_filter ] --END-- [ RunTime:0.000000s ]
NOTIC: [8] Undefined variable: leav D:\wwwroot\sfwhlryy\wwwroot\Application\Runtime\Cache\Master\f9884a4f00f8e32a73c2c1c824d085d3.php 第 65 行.
NOTIC: [8] Undefined variable: hospital_info D:\wwwroot\sfwhlryy\wwwroot\Application\Runtime\Cache\Master\f9884a4f00f8e32a73c2c1c824d085d3.php 第 66 行.
INFO: Run Behavior\ParseTemplateBehavior [ RunTime:0.031250s ]
INFO: [ view_parse ] --END-- [ RunTime:0.031250s ]
INFO: [ view_filter ] --START--
INFO: Run Behavior\WriteHtmlCacheBehavior [ RunTime:0.000000s ]
INFO: [ view_filter ] --END-- [ RunTime:0.000000s ]
INFO: [ app_end ] --START--
INFO: Run Behavior\ShowPageTraceBehavior [ RunTime:0.000000s ]
INFO: [ app_end ] --END-- [ RunTime:0.000000s ]

[ 2017-05-23T17:32:46+08:00 ] 110.184.56.158 /Master/Spending/select
INFO: [ app_init ] --START--
INFO: Run Behavior\BuildLiteBehavior [ RunTime:0.000000s ]
INFO: [ app_init ] --END-- [ RunTime:0.000000s ]
INFO: [ app_begin ] --START--
INFO: Run Behavior\ReadHtmlCacheBehavior [ RunTime:0.000000s ]
INFO: [ app_begin ] --END-- [ RunTime:0.000000s ]
SQL: SHOW COLUMNS FROM `spending` [ RunTime:0.0000s ]
SQL: SELECT * FROM `spending` WHERE `hospital_id` = 10 AND `spending_date` BETWEEN '2017-05-01' AND '2017-05-31'  [ RunTime:0.0000s ]
NOTIC: [8] Undefined variable: res D:\wwwroot\sfwhlryy\wwwroot\Application\Master\Controller\SpendingController.class.php 第 86 行.

[ 2017-05-23T17:32:51+08:00 ] 110.184.56.158 /Master/Index/index
INFO: [ app_init ] --START--
INFO: Run Behavior\BuildLiteBehavior [ RunTime:0.000000s ]
INFO: [ app_init ] --END-- [ RunTime:0.000000s ]
INFO: [ app_begin ] --START--
INFO: Run Behavior\ReadHtmlCacheBehavior [ RunTime:0.015625s ]
INFO: [ app_begin ] --END-- [ RunTime:0.015625s ]
SQL: SHOW COLUMNS FROM `admin` [ RunTime:0.0000s ]
SQL: SELECT * FROM `admin` WHERE `id` = 2 LIMIT 1   [ RunTime:0.0000s ]
SQL: SHOW COLUMNS FROM `hospital` [ RunTime:0.0156s ]
SQL: SHOW COLUMNS FROM `spending` [ RunTime:0.0000s ]
SQL: SELECT * FROM `hospital` WHERE `is_use` = 1  [ RunTime:0.0000s ]
SQL: SELECT * FROM `hospital` WHERE `id` = 10 LIMIT 1   [ RunTime:0.0000s ]
SQL: SELECT * FROM `spending` WHERE `hospital_id` = '10' AND `spending_date` BETWEEN '2017-05-01' AND '2017-05-31'  [ RunTime:0.0000s ]
SQL: select sum(cost_money) from spending where hospital_id="10" [ RunTime:0.0156s ]
NOTIC: [8] Undefined index: percent D:\wwwroot\sfwhlryy\wwwroot\Application\Master\Controller\IndexController.class.php 第 42 行.
NOTIC: [8] Undefined index: remaining_sum D:\wwwroot\sfwhlryy\wwwroot\Application\Master\Controller\IndexController.class.php 第 43 行.
SQL: SHOW COLUMNS FROM `doctor` [ RunTime:0.0000s ]
SQL: SELECT * FROM `doctor` WHERE `hospital_id` = 10  [ RunTime:0.0000s ]
NOTIC: [8] Undefined variable: res D:\wwwroot\sfwhlryy\wwwroot\Application\Master\Controller\IndexController.class.php 第 53 行.
INFO: [ view_parse ] --START--
INFO: [ template_filter ] --START--
INFO: Run Behavior\ContentReplaceBehavior [ RunTime:0.000000s ]
INFO: [ template_filter ] --END-- [ RunTime:0.000000s ]
NOTIC: [8] Undefined variable: leav D:\wwwroot\sfwhlryy\wwwroot\Application\Runtime\Cache\Master\f9884a4f00f8e32a73c2c1c824d085d3.php 第 65 行.
NOTIC: [8] Undefined variable: hospital_info D:\wwwroot\sfwhlryy\wwwroot\Application\Runtime\Cache\Master\f9884a4f00f8e32a73c2c1c824d085d3.php 第 66 行.
INFO: Run Behavior\ParseTemplateBehavior [ RunTime:0.031250s ]
INFO: [ view_parse ] --END-- [ RunTime:0.031250s ]
INFO: [ view_filter ] --START--
INFO: Run Behavior\WriteHtmlCacheBehavior [ RunTime:0.000000s ]
INFO: [ view_filter ] --END-- [ RunTime:0.000000s ]
INFO: [ app_end ] --START--
INFO: Run Behavior\ShowPageTraceBehavior [ RunTime:0.000000s ]
INFO: [ app_end ] --END-- [ RunTime:0.000000s ]

[ 2017-05-23T17:32:52+08:00 ] 110.184.56.158 /Master/Patient/index
INFO: [ app_init ] --START--
INFO: Run Behavior\BuildLiteBehavior [ RunTime:0.000000s ]
INFO: [ app_init ] --END-- [ RunTime:0.000000s ]
INFO: [ app_begin ] --START--
INFO: Run Behavior\ReadHtmlCacheBehavior [ RunTime:0.000000s ]
INFO: [ app_begin ] --END-- [ RunTime:0.000000s ]
SQL: SHOW COLUMNS FROM `doctor` [ RunTime:0.0000s ]
SQL: SHOW COLUMNS FROM `illness` [ RunTime:0.0156s ]
SQL: SELECT * FROM `illness` WHERE `hospital_id` = 10  [ RunTime:0.0000s ]
SQL: SELECT * FROM `doctor` WHERE `hospital_id` = 10  [ RunTime:0.0000s ]
INFO: [ view_parse ] --START--
INFO: [ template_filter ] --START--
INFO: Run Behavior\ContentReplaceBehavior [ RunTime:0.000000s ]
INFO: [ template_filter ] --END-- [ RunTime:0.000000s ]
INFO: Run Behavior\ParseTemplateBehavior [ RunTime:0.015625s ]
INFO: [ view_parse ] --END-- [ RunTime:0.015625s ]
INFO: [ view_filter ] --START--
INFO: Run Behavior\WriteHtmlCacheBehavior [ RunTime:0.000000s ]
INFO: [ view_filter ] --END-- [ RunTime:0.000000s ]
INFO: [ app_end ] --START--
INFO: Run Behavior\ShowPageTraceBehavior [ RunTime:0.000000s ]
INFO: [ app_end ] --END-- [ RunTime:0.000000s ]

[ 2017-05-23T17:33:01+08:00 ] 110.184.56.158 /Master/Index/index
INFO: [ app_init ] --START--
INFO: Run Behavior\BuildLiteBehavior [ RunTime:0.000000s ]
INFO: [ app_init ] --END-- [ RunTime:0.000000s ]
INFO: [ app_begin ] --START--
INFO: Run Behavior\ReadHtmlCacheBehavior [ RunTime:0.000000s ]
INFO: [ app_begin ] --END-- [ RunTime:0.000000s ]
SQL: SHOW COLUMNS FROM `admin` [ RunTime:0.0000s ]
SQL: SELECT * FROM `admin` WHERE `id` = 2 LIMIT 1   [ RunTime:0.0000s ]
SQL: SHOW COLUMNS FROM `hospital` [ RunTime:0.0000s ]
SQL: SHOW COLUMNS FROM `spending` [ RunTime:0.0000s ]
SQL: SELECT * FROM `hospital` WHERE `is_use` = 1  [ RunTime:0.0000s ]
SQL: SELECT * FROM `hospital` WHERE `id` = 10 LIMIT 1   [ RunTime:0.0156s ]
SQL: SELECT * FROM `spending` WHERE `hospital_id` = '10' AND `spending_date` BETWEEN '2017-05-01' AND '2017-05-31'  [ RunTime:0.0000s ]
SQL: select sum(cost_money) from spending where hospital_id="10" [ RunTime:0.0000s ]
NOTIC: [8] Undefined index: percent D:\wwwroot\sfwhlryy\wwwroot\Application\Master\Controller\IndexController.class.php 第 42 行.
NOTIC: [8] Undefined index: remaining_sum D:\wwwroot\sfwhlryy\wwwroot\Application\Master\Controller\IndexController.class.php 第 43 行.
SQL: SHOW COLUMNS FROM `doctor` [ RunTime:0.0000s ]
SQL: SELECT * FROM `doctor` WHERE `hospital_id` = 10  [ RunTime:0.0000s ]
NOTIC: [8] Undefined variable: res D:\wwwroot\sfwhlryy\wwwroot\Application\Master\Controller\IndexController.class.php 第 53 行.
INFO: [ view_parse ] --START--
INFO: [ template_filter ] --START--
INFO: Run Behavior\ContentReplaceBehavior [ RunTime:0.000000s ]
INFO: [ template_filter ] --END-- [ RunTime:0.000000s ]
NOTIC: [8] Undefined variable: leav D:\wwwroot\sfwhlryy\wwwroot\Application\Runtime\Cache\Master\f9884a4f00f8e32a73c2c1c824d085d3.php 第 65 行.
NOTIC: [8] Undefined variable: hospital_info D:\wwwroot\sfwhlryy\wwwroot\Application\Runtime\Cache\Master\f9884a4f00f8e32a73c2c1c824d085d3.php 第 66 行.
INFO: Run Behavior\ParseTemplateBehavior [ RunTime:0.031250s ]
INFO: [ view_parse ] --END-- [ RunTime:0.031250s ]
INFO: [ view_filter ] --START--
INFO: Run Behavior\WriteHtmlCacheBehavior [ RunTime:0.000000s ]
INFO: [ view_filter ] --END-- [ RunTime:0.000000s ]
INFO: [ app_end ] --START--
INFO: Run Behavior\ShowPageTraceBehavior [ RunTime:0.000000s ]
INFO: [ app_end ] --END-- [ RunTime:0.000000s ]

[ 2017-05-23T17:33:20+08:00 ] 110.184.56.158 /Master/Index/index
INFO: [ app_init ] --START--
INFO: Run Behavior\BuildLiteBehavior [ RunTime:0.000000s ]
INFO: [ app_init ] --END-- [ RunTime:0.000000s ]
INFO: [ app_begin ] --START--
INFO: Run Behavior\ReadHtmlCacheBehavior [ RunTime:0.000000s ]
INFO: [ app_begin ] --END-- [ RunTime:0.000000s ]
SQL: SHOW COLUMNS FROM `admin` [ RunTime:0.0000s ]
SQL: SELECT * FROM `admin` WHERE `id` = 2 LIMIT 1   [ RunTime:0.0000s ]
SQL: SHOW COLUMNS FROM `hospital` [ RunTime:0.0156s ]
SQL: SHOW COLUMNS FROM `spending` [ RunTime:0.0000s ]
SQL: SELECT * FROM `hospital` WHERE `is_use` = 1  [ RunTime:0.0000s ]
SQL: SELECT * FROM `hospital` WHERE `id` = 10 LIMIT 1   [ RunTime:0.0000s ]
SQL: SELECT * FROM `spending` WHERE `hospital_id` = '10' AND `spending_date` BETWEEN '2017-05-01' AND '2017-05-31'  [ RunTime:0.0000s ]
SQL: select sum(cost_money) from spending where hospital_id="10" [ RunTime:0.0156s ]
NOTIC: [8] Undefined index: percent D:\wwwroot\sfwhlryy\wwwroot\Application\Master\Controller\IndexController.class.php 第 42 行.
NOTIC: [8] Undefined index: remaining_sum D:\wwwroot\sfwhlryy\wwwroot\Application\Master\Controller\IndexController.class.php 第 43 行.
SQL: SHOW COLUMNS FROM `doctor` [ RunTime:0.0000s ]
SQL: SELECT * FROM `doctor` WHERE `hospital_id` = 10  [ RunTime:0.0000s ]
NOTIC: [8] Undefined variable: res D:\wwwroot\sfwhlryy\wwwroot\Application\Master\Controller\IndexController.class.php 第 53 行.
INFO: [ view_parse ] --START--
INFO: [ template_filter ] --START--
INFO: Run Behavior\ContentReplaceBehavior [ RunTime:0.000000s ]
INFO: [ template_filter ] --END-- [ RunTime:0.000000s ]
NOTIC: [8] Undefined variable: leav D:\wwwroot\sfwhlryy\wwwroot\Application\Runtime\Cache\Master\f9884a4f00f8e32a73c2c1c824d085d3.php 第 65 行.
NOTIC: [8] Undefined variable: hospital_info D:\wwwroot\sfwhlryy\wwwroot\Application\Runtime\Cache\Master\f9884a4f00f8e32a73c2c1c824d085d3.php 第 66 行.
INFO: Run Behavior\ParseTemplateBehavior [ RunTime:0.015625s ]
INFO: [ view_parse ] --END-- [ RunTime:0.015625s ]
INFO: [ view_filter ] --START--
INFO: Run Behavior\WriteHtmlCacheBehavior [ RunTime:0.000000s ]
INFO: [ view_filter ] --END-- [ RunTime:0.000000s ]
INFO: [ app_end ] --START--
INFO: Run Behavior\ShowPageTraceBehavior [ RunTime:0.000000s ]
INFO: [ app_end ] --END-- [ RunTime:0.000000s ]

[ 2017-05-23T17:33:22+08:00 ] 110.184.56.158 /Master/Patient/index
INFO: [ app_init ] --START--
INFO: Run Behavior\BuildLiteBehavior [ RunTime:0.000000s ]
INFO: [ app_init ] --END-- [ RunTime:0.000000s ]
INFO: [ app_begin ] --START--
INFO: Run Behavior\ReadHtmlCacheBehavior [ RunTime:0.000000s ]
INFO: [ app_begin ] --END-- [ RunTime:0.000000s ]
SQL: SHOW COLUMNS FROM `doctor` [ RunTime:0.0000s ]
SQL: SHOW COLUMNS FROM `illness` [ RunTime:0.0000s ]
SQL: SELECT * FROM `illness` WHERE `hospital_id` = 10  [ RunTime:0.0000s ]
SQL: SELECT * FROM `doctor` WHERE `hospital_id` = 10  [ RunTime:0.0000s ]
INFO: [ view_parse ] --START--
INFO: [ template_filter ] --START--
INFO: Run Behavior\ContentReplaceBehavior [ RunTime:0.000000s ]
INFO: [ template_filter ] --END-- [ RunTime:0.000000s ]
INFO: Run Behavior\ParseTemplateBehavior [ RunTime:0.031250s ]
INFO: [ view_parse ] --END-- [ RunTime:0.031250s ]
INFO: [ view_filter ] --START--
INFO: Run Behavior\WriteHtmlCacheBehavior [ RunTime:0.000000s ]
INFO: [ view_filter ] --END-- [ RunTime:0.000000s ]
INFO: [ app_end ] --START--
INFO: Run Behavior\ShowPageTraceBehavior [ RunTime:0.000000s ]
INFO: [ app_end ] --END-- [ RunTime:0.000000s ]

[ 2017-05-23T17:34:38+08:00 ] 110.184.56.158 /Master/Patient/index
INFO: [ app_init ] --START--
INFO: Run Behavior\BuildLiteBehavior [ RunTime:0.000000s ]
INFO: [ app_init ] --END-- [ RunTime:0.000000s ]
INFO: [ app_begin ] --START--
INFO: Run Behavior\ReadHtmlCacheBehavior [ RunTime:0.000000s ]
INFO: [ app_begin ] --END-- [ RunTime:0.000000s ]
SQL: SHOW COLUMNS FROM `doctor` [ RunTime:0.0000s ]
SQL: SHOW COLUMNS FROM `illness` [ RunTime:0.0000s ]
SQL: SELECT * FROM `illness` WHERE `hospital_id` = 10  [ RunTime:0.0000s ]
SQL: SELECT * FROM `doctor` WHERE `hospital_id` = 10  [ RunTime:0.0000s ]
INFO: [ view_parse ] --START--
INFO: [ template_filter ] --START--
INFO: Run Behavior\ContentReplaceBehavior [ RunTime:0.000000s ]
INFO: [ template_filter ] --END-- [ RunTime:0.000000s ]
INFO: Run Behavior\ParseTemplateBehavior [ RunTime:0.015625s ]
INFO: [ view_parse ] --END-- [ RunTime:0.015625s ]
INFO: [ view_filter ] --START--
INFO: Run Behavior\WriteHtmlCacheBehavior [ RunTime:0.000000s ]
INFO: [ view_filter ] --END-- [ RunTime:0.000000s ]
INFO: [ app_end ] --START--
INFO: Run Behavior\ShowPageTraceBehavior [ RunTime:0.000000s ]
INFO: [ app_end ] --END-- [ RunTime:0.000000s ]

[ 2017-05-23T17:35:28+08:00 ] 110.184.56.158 /Master/Patient/index
INFO: [ app_init ] --START--
INFO: Run Behavior\BuildLiteBehavior [ RunTime:0.000000s ]
INFO: [ app_init ] --END-- [ RunTime:0.000000s ]
INFO: [ app_begin ] --START--
INFO: Run Behavior\ReadHtmlCacheBehavior [ RunTime:0.000000s ]
INFO: [ app_begin ] --END-- [ RunTime:0.000000s ]
SQL: SHOW COLUMNS FROM `doctor` [ RunTime:0.0000s ]
SQL: SHOW COLUMNS FROM `illness` [ RunTime:0.0000s ]
SQL: SELECT * FROM `illness` WHERE `hospital_id` = 10  [ RunTime:0.0000s ]
SQL: SELECT * FROM `doctor` WHERE `hospital_id` = 10  [ RunTime:0.0000s ]
INFO: [ view_parse ] --START--
INFO: [ template_filter ] --START--
INFO: Run Behavior\ContentReplaceBehavior [ RunTime:0.000000s ]
INFO: [ template_filter ] --END-- [ RunTime:0.000000s ]
INFO: Run Behavior\ParseTemplateBehavior [ RunTime:0.015625s ]
INFO: [ view_parse ] --END-- [ RunTime:0.015625s ]
INFO: [ view_filter ] --START--
INFO: Run Behavior\WriteHtmlCacheBehavior [ RunTime:0.000000s ]
INFO: [ view_filter ] --END-- [ RunTime:0.000000s ]
INFO: [ app_end ] --START--
INFO: Run Behavior\ShowPageTraceBehavior [ RunTime:0.000000s ]
INFO: [ app_end ] --END-- [ RunTime:0.000000s ]

[ 2017-05-23T17:35:30+08:00 ] 110.184.56.158 /Master/Patient/index
INFO: [ app_init ] --START--
INFO: Run Behavior\BuildLiteBehavior [ RunTime:0.000000s ]
INFO: [ app_init ] --END-- [ RunTime:0.000000s ]
INFO: [ app_begin ] --START--
INFO: Run Behavior\ReadHtmlCacheBehavior [ RunTime:0.000000s ]
INFO: [ app_begin ] --END-- [ RunTime:0.000000s ]
SQL: SHOW COLUMNS FROM `doctor` [ RunTime:0.0000s ]
SQL: SHOW COLUMNS FROM `illness` [ RunTime:0.0156s ]
SQL: SELECT * FROM `illness` WHERE `hospital_id` = 10  [ RunTime:0.0000s ]
SQL: SELECT * FROM `doctor` WHERE `hospital_id` = 10  [ RunTime:0.0000s ]
INFO: [ view_parse ] --START--
INFO: [ template_filter ] --START--
INFO: Run Behavior\ContentReplaceBehavior [ RunTime:0.000000s ]
INFO: [ template_filter ] --END-- [ RunTime:0.000000s ]
INFO: Run Behavior\ParseTemplateBehavior [ RunTime:0.031250s ]
INFO: [ view_parse ] --END-- [ RunTime:0.031250s ]
INFO: [ view_filter ] --START--
INFO: Run Behavior\WriteHtmlCacheBehavior [ RunTime:0.000000s ]
INFO: [ view_filter ] --END-- [ RunTime:0.000000s ]
INFO: [ app_end ] --START--
INFO: Run Behavior\ShowPageTraceBehavior [ RunTime:0.000000s ]
INFO: [ app_end ] --END-- [ RunTime:0.000000s ]

[ 2017-05-23T17:35:57+08:00 ] 110.184.56.158 /Master/Patient/index
INFO: [ app_init ] --START--
INFO: Run Behavior\BuildLiteBehavior [ RunTime:0.000000s ]
INFO: [ app_init ] --END-- [ RunTime:0.000000s ]
INFO: [ app_begin ] --START--
INFO: Run Behavior\ReadHtmlCacheBehavior [ RunTime:0.000000s ]
INFO: [ app_begin ] --END-- [ RunTime:0.000000s ]
SQL: SHOW COLUMNS FROM `doctor` [ RunTime:0.0000s ]
SQL: SHOW COLUMNS FROM `illness` [ RunTime:0.0000s ]
SQL: SELECT * FROM `illness` WHERE `hospital_id` = 10  [ RunTime:0.0000s ]
SQL: SELECT * FROM `doctor` WHERE `hospital_id` = 10  [ RunTime:0.0000s ]
INFO: [ view_parse ] --START--
INFO: [ template_filter ] --START--
INFO: Run Behavior\ContentReplaceBehavior [ RunTime:0.000000s ]
INFO: [ template_filter ] --END-- [ RunTime:0.000000s ]
INFO: Run Behavior\ParseTemplateBehavior [ RunTime:0.031250s ]
INFO: [ view_parse ] --END-- [ RunTime:0.031250s ]
INFO: [ view_filter ] --START--
INFO: Run Behavior\WriteHtmlCacheBehavior [ RunTime:0.000000s ]
INFO: [ view_filter ] --END-- [ RunTime:0.000000s ]
INFO: [ app_end ] --START--
INFO: Run Behavior\ShowPageTraceBehavior [ RunTime:0.000000s ]
INFO: [ app_end ] --END-- [ RunTime:0.000000s ]

[ 2017-05-23T17:54:01+08:00 ] 110.184.56.158 /Master/Patient/index
INFO: [ app_init ] --START--
INFO: Run Behavior\BuildLiteBehavior [ RunTime:0.000000s ]
INFO: [ app_init ] --END-- [ RunTime:0.000000s ]
INFO: [ app_begin ] --START--
INFO: Run Behavior\ReadHtmlCacheBehavior [ RunTime:0.000000s ]
INFO: [ app_begin ] --END-- [ RunTime:0.000000s ]
SQL: SHOW COLUMNS FROM `doctor` [ RunTime:0.0000s ]
SQL: SHOW COLUMNS FROM `illness` [ RunTime:0.0000s ]
SQL: SELECT * FROM `illness` WHERE `hospital_id` = 10  [ RunTime:0.0156s ]
SQL: SELECT * FROM `doctor` WHERE `hospital_id` = 10  [ RunTime:0.0000s ]
INFO: [ view_parse ] --START--
INFO: [ template_filter ] --START--
INFO: Run Behavior\ContentReplaceBehavior [ RunTime:0.000000s ]
INFO: [ template_filter ] --END-- [ RunTime:0.000000s ]
INFO: Run Behavior\ParseTemplateBehavior [ RunTime:0.015625s ]
INFO: [ view_parse ] --END-- [ RunTime:0.015625s ]
INFO: [ view_filter ] --START--
INFO: Run Behavior\WriteHtmlCacheBehavior [ RunTime:0.000000s ]
INFO: [ view_filter ] --END-- [ RunTime:0.000000s ]
INFO: [ app_end ] --START--
INFO: Run Behavior\ShowPageTraceBehavior [ RunTime:0.000000s ]
INFO: [ app_end ] --END-- [ RunTime:0.000000s ]

[ 2017-05-23T18:06:20+08:00 ] 110.184.56.158 /Master/Patient/index
INFO: [ app_init ] --START--
INFO: Run Behavior\BuildLiteBehavior [ RunTime:0.000000s ]
INFO: [ app_init ] --END-- [ RunTime:0.000000s ]
INFO: [ app_begin ] --START--
INFO: Run Behavior\ReadHtmlCacheBehavior [ RunTime:0.000000s ]
INFO: [ app_begin ] --END-- [ RunTime:0.000000s ]
SQL: SHOW COLUMNS FROM `doctor` [ RunTime:0.0000s ]
SQL: SHOW COLUMNS FROM `illness` [ RunTime:0.0000s ]
SQL: SELECT * FROM `illness` WHERE `hospital_id` = 10  [ RunTime:0.0000s ]
SQL: SELECT * FROM `doctor` WHERE `hospital_id` = 10  [ RunTime:0.0000s ]
INFO: [ view_parse ] --START--
INFO: [ template_filter ] --START--
INFO: Run Behavior\ContentReplaceBehavior [ RunTime:0.000000s ]
INFO: [ template_filter ] --END-- [ RunTime:0.000000s ]
INFO: Run Behavior\ParseTemplateBehavior [ RunTime:0.046875s ]
INFO: [ view_parse ] --END-- [ RunTime:0.046875s ]
INFO: [ view_filter ] --START--
INFO: Run Behavior\WriteHtmlCacheBehavior [ RunTime:0.000000s ]
INFO: [ view_filter ] --END-- [ RunTime:0.000000s ]
INFO: [ app_end ] --START--
INFO: Run Behavior\ShowPageTraceBehavior [ RunTime:0.000000s ]
INFO: [ app_end ] --END-- [ RunTime:0.000000s ]

[ 2017-05-23T18:06:23+08:00 ] 110.184.56.158 /Master/Index/index
INFO: [ app_init ] --START--
INFO: Run Behavior\BuildLiteBehavior [ RunTime:0.000000s ]
INFO: [ app_init ] --END-- [ RunTime:0.000000s ]
INFO: [ app_begin ] --START--
INFO: Run Behavior\ReadHtmlCacheBehavior [ RunTime:0.000000s ]
INFO: [ app_begin ] --END-- [ RunTime:0.000000s ]
SQL: SHOW COLUMNS FROM `admin` [ RunTime:0.0000s ]
SQL: SELECT * FROM `admin` WHERE `id` = 2 LIMIT 1   [ RunTime:0.0156s ]
SQL: SHOW COLUMNS FROM `hospital` [ RunTime:0.0000s ]
SQL: SHOW COLUMNS FROM `spending` [ RunTime:0.0000s ]
SQL: SELECT * FROM `hospital` WHERE `is_use` = 1  [ RunTime:0.0000s ]
SQL: SELECT * FROM `hospital` WHERE `id` = 10 LIMIT 1   [ RunTime:0.0000s ]
SQL: SELECT * FROM `spending` WHERE `hospital_id` = '10' AND `spending_date` BETWEEN '2017-05-01' AND '2017-05-31'  [ RunTime:0.0000s ]
SQL: select sum(cost_money) from spending where hospital_id="10" [ RunTime:0.0313s ]
NOTIC: [8] Undefined index: percent D:\wwwroot\sfwhlryy\wwwroot\Application\Master\Controller\IndexController.class.php 第 42 行.
NOTIC: [8] Undefined index: remaining_sum D:\wwwroot\sfwhlryy\wwwroot\Application\Master\Controller\IndexController.class.php 第 43 行.
SQL: SHOW COLUMNS FROM `doctor` [ RunTime:0.0000s ]
SQL: SELECT * FROM `doctor` WHERE `hospital_id` = 10  [ RunTime:0.0000s ]
NOTIC: [8] Undefined variable: res D:\wwwroot\sfwhlryy\wwwroot\Application\Master\Controller\IndexController.class.php 第 53 行.
INFO: [ view_parse ] --START--
INFO: [ template_filter ] --START--
INFO: Run Behavior\ContentReplaceBehavior [ RunTime:0.000000s ]
INFO: [ template_filter ] --END-- [ RunTime:0.000000s ]
NOTIC: [8] Undefined variable: leav D:\wwwroot\sfwhlryy\wwwroot\Application\Runtime\Cache\Master\f9884a4f00f8e32a73c2c1c824d085d3.php 第 65 行.
NOTIC: [8] Undefined variable: hospital_info D:\wwwroot\sfwhlryy\wwwroot\Application\Runtime\Cache\Master\f9884a4f00f8e32a73c2c1c824d085d3.php 第 66 行.
INFO: Run Behavior\ParseTemplateBehavior [ RunTime:0.031250s ]
INFO: [ view_parse ] --END-- [ RunTime:0.031250s ]
INFO: [ view_filter ] --START--
INFO: Run Behavior\WriteHtmlCacheBehavior [ RunTime:0.000000s ]
INFO: [ view_filter ] --END-- [ RunTime:0.000000s ]
INFO: [ app_end ] --START--
INFO: Run Behavior\ShowPageTraceBehavior [ RunTime:0.000000s ]
INFO: [ app_end ] --END-- [ RunTime:0.000000s ]

