[ 2017-01-02T11:28:44+08:00 ] 127.0.0.1 /Master/Hospital/updatePor
INFO: [ app_begin ] --START--
INFO: Run Behavior\ReadHtmlCacheBehavior [ RunTime:0.001000s ]
INFO: [ app_begin ] --END-- [ RunTime:0.005000s ]

[ 2017-01-02T11:28:48+08:00 ] 127.0.0.1 /Master/Hospital/updatePor
INFO: [ app_begin ] --START--
INFO: Run Behavior\ReadHtmlCacheBehavior [ RunTime:0.001000s ]
INFO: [ app_begin ] --END-- [ RunTime:0.002000s ]
SQL: SHOW COLUMNS FROM `proportion` [ RunTime:0.0030s ]
SQL: SHOW COLUMNS FROM `spending` [ RunTime:0.0020s ]
SQL: SELECT * FROM `proportion` WHERE `id` = 0 LIMIT 1   [ RunTime:0.0000s ]

[ 2017-01-02T11:29:05+08:00 ] 127.0.0.1 /Master/Hospital/updatePor
INFO: [ app_begin ] --START--
INFO: Run Behavior\ReadHtmlCacheBehavior [ RunTime:0.001000s ]
INFO: [ app_begin ] --END-- [ RunTime:0.001000s ]
SQL: SHOW COLUMNS FROM `proportion` [ RunTime:0.0030s ]
SQL: SHOW COLUMNS FROM `spending` [ RunTime:0.0030s ]
SQL: SELECT * FROM `proportion` WHERE `id` = 0 LIMIT 1   [ RunTime:0.0000s ]

[ 2017-01-02T11:30:08+08:00 ] 127.0.0.1 /Master/Hospital/updatePor
INFO: [ app_begin ] --START--
INFO: Run Behavior\ReadHtmlCacheBehavior [ RunTime:0.001000s ]
INFO: [ app_begin ] --END-- [ RunTime:0.001000s ]
SQL: SHOW COLUMNS FROM `proportion` [ RunTime:0.0040s ]
SQL: SHOW COLUMNS FROM `spending` [ RunTime:0.0030s ]
SQL: SELECT * FROM `proportion` WHERE `id` = 8 LIMIT 1   [ RunTime:0.0000s ]
SQL: INSERT INTO `proportion` (`begin_date`,`percent`,`hospital_id`,`add_admin`) VALUES ('2017-01-03','0.12','4','孙熙') [ RunTime:0.0410s ]
SQL: UPDATE `proportion` SET `is_use`='0',`end_date`='2017-01-02' WHERE `id` = 8 [ RunTime:0.0240s ]
SQL: UPDATE `spending` SET `percentId`='9' WHERE `spending_date` >= '2017-01-03' [ RunTime:0.0370s ]

