[ 2017-06-01T10:49:11+08:00 ] 110.184.62.139 /Master/Login/index
INFO: [ app_init ] --START--
INFO: Run Behavior\BuildLiteBehavior [ RunTime:0.000000s ]
INFO: [ app_init ] --END-- [ RunTime:0.000000s ]
INFO: [ app_begin ] --START--
INFO: Run Behavior\ReadHtmlCacheBehavior [ RunTime:0.000000s ]
INFO: [ app_begin ] --END-- [ RunTime:0.000000s ]
INFO: [ view_parse ] --START--
INFO: [ template_filter ] --START--
INFO: Run Behavior\ContentReplaceBehavior [ RunTime:0.000000s ]
INFO: [ template_filter ] --END-- [ RunTime:0.000000s ]
INFO: Run Behavior\ParseTemplateBehavior [ RunTime:0.000000s ]
INFO: [ view_parse ] --END-- [ RunTime:0.000000s ]
INFO: [ view_filter ] --START--
INFO: Run Behavior\WriteHtmlCacheBehavior [ RunTime:0.000000s ]
INFO: [ view_filter ] --END-- [ RunTime:0.000000s ]
INFO: [ app_end ] --START--
INFO: Run Behavior\ShowPageTraceBehavior [ RunTime:0.000000s ]
INFO: [ app_end ] --END-- [ RunTime:0.000000s ]

[ 2017-06-01T10:49:11+08:00 ] 110.184.62.139 /index.php/Master/Login/verify.html
INFO: [ app_init ] --START--
INFO: Run Behavior\BuildLiteBehavior [ RunTime:0.000000s ]
INFO: [ app_init ] --END-- [ RunTime:0.000000s ]
INFO: [ app_begin ] --START--
INFO: Run Behavior\ReadHtmlCacheBehavior [ RunTime:0.000000s ]
INFO: [ app_begin ] --END-- [ RunTime:0.000000s ]
INFO: [ app_end ] --START--
INFO: Run Behavior\ShowPageTraceBehavior [ RunTime:0.000000s ]
INFO: [ app_end ] --END-- [ RunTime:0.000000s ]

[ 2017-06-01T10:49:22+08:00 ] 110.184.62.139 /index.php/Master/Login/usernameLogin.html
INFO: [ app_init ] --START--
INFO: Run Behavior\BuildLiteBehavior [ RunTime:0.000000s ]
INFO: [ app_init ] --END-- [ RunTime:0.000000s ]
INFO: [ app_begin ] --START--
INFO: Run Behavior\ReadHtmlCacheBehavior [ RunTime:0.000000s ]
INFO: [ app_begin ] --END-- [ RunTime:0.000000s ]
SQL: SHOW COLUMNS FROM `admin` [ RunTime:0.0000s ]
NOTIC: [2] addslashes() expects parameter 1 to be string, array given D:\wwwroot\sfwhlryy\wwwroot\ThinkPHP\Library\Think\Db\Driver.class.php 第 1031 行.
SQL: SELECT * FROM `admin` WHERE `username` = '' LIMIT 1   [ RunTime:0.0000s ]
SQL: UPDATE `admin` SET `last_login_ip`='110.184.62.139',`last_login_time`='2017-06-01 10:49:22' WHERE `id` = 2 [ RunTime:0.1406s ]
INFO: [ view_parse ] --START--
INFO: [ template_filter ] --START--
INFO: Run Behavior\ContentReplaceBehavior [ RunTime:0.000000s ]
INFO: [ template_filter ] --END-- [ RunTime:0.000000s ]
INFO: Run Behavior\ParseTemplateBehavior [ RunTime:0.000000s ]
INFO: [ view_parse ] --END-- [ RunTime:0.000000s ]
INFO: [ view_filter ] --START--
INFO: Run Behavior\WriteHtmlCacheBehavior [ RunTime:0.000000s ]
INFO: [ view_filter ] --END-- [ RunTime:0.000000s ]
INFO: [ app_end ] --START--
INFO: Run Behavior\ShowPageTraceBehavior [ RunTime:0.000000s ]
INFO: [ app_end ] --END-- [ RunTime:0.000000s ]

[ 2017-06-01T10:49:22+08:00 ] 110.184.62.139 /index.php/Master/Login/usernameLogin.html
INFO: [ app_init ] --START--
INFO: Run Behavior\BuildLiteBehavior [ RunTime:0.000000s ]
INFO: [ app_init ] --END-- [ RunTime:0.000000s ]
INFO: [ app_begin ] --START--
INFO: Run Behavior\ReadHtmlCacheBehavior [ RunTime:0.000000s ]
INFO: [ app_begin ] --END-- [ RunTime:0.000000s ]
NOTIC: [8] Undefined index: form_unique D:\wwwroot\sfwhlryy\wwwroot\Application\Master\Controller\LoginController.class.php 第 205 行.
INFO: [ view_parse ] --START--
INFO: [ template_filter ] --START--
INFO: Run Behavior\ContentReplaceBehavior [ RunTime:0.000000s ]
INFO: [ template_filter ] --END-- [ RunTime:0.000000s ]
INFO: Run Behavior\ParseTemplateBehavior [ RunTime:0.031250s ]
INFO: [ view_parse ] --END-- [ RunTime:0.031250s ]
INFO: [ view_filter ] --START--
INFO: Run Behavior\WriteHtmlCacheBehavior [ RunTime:0.000000s ]
INFO: [ view_filter ] --END-- [ RunTime:0.000000s ]

[ 2017-06-01T10:49:25+08:00 ] 110.184.62.139 /Master/Login/index
INFO: [ app_init ] --START--
INFO: Run Behavior\BuildLiteBehavior [ RunTime:0.000000s ]
INFO: [ app_init ] --END-- [ RunTime:0.000000s ]
INFO: [ app_begin ] --START--
INFO: Run Behavior\ReadHtmlCacheBehavior [ RunTime:0.000000s ]
INFO: [ app_begin ] --END-- [ RunTime:0.000000s ]
INFO: [ view_parse ] --START--
INFO: [ template_filter ] --START--
INFO: Run Behavior\ContentReplaceBehavior [ RunTime:0.000000s ]
INFO: [ template_filter ] --END-- [ RunTime:0.000000s ]
INFO: Run Behavior\ParseTemplateBehavior [ RunTime:0.015625s ]
INFO: [ view_parse ] --END-- [ RunTime:0.015625s ]
INFO: [ view_filter ] --START--
INFO: Run Behavior\WriteHtmlCacheBehavior [ RunTime:0.000000s ]
INFO: [ view_filter ] --END-- [ RunTime:0.000000s ]
INFO: [ app_end ] --START--
INFO: Run Behavior\ShowPageTraceBehavior [ RunTime:0.000000s ]
INFO: [ app_end ] --END-- [ RunTime:0.000000s ]

[ 2017-06-01T10:49:25+08:00 ] 110.184.62.139 /index.php/Master/Login/verify.html
INFO: [ app_init ] --START--
INFO: Run Behavior\BuildLiteBehavior [ RunTime:0.000000s ]
INFO: [ app_init ] --END-- [ RunTime:0.015625s ]
INFO: [ app_begin ] --START--
INFO: Run Behavior\ReadHtmlCacheBehavior [ RunTime:0.000000s ]
INFO: [ app_begin ] --END-- [ RunTime:0.000000s ]
INFO: [ app_end ] --START--
INFO: Run Behavior\ShowPageTraceBehavior [ RunTime:0.000000s ]
INFO: [ app_end ] --END-- [ RunTime:0.000000s ]

[ 2017-06-01T10:49:29+08:00 ] 110.184.62.139 /index.php/Master/Login/verify.html?0.6098162294077445
INFO: [ app_init ] --START--
INFO: Run Behavior\BuildLiteBehavior [ RunTime:0.000000s ]
INFO: [ app_init ] --END-- [ RunTime:0.000000s ]
INFO: [ app_begin ] --START--
INFO: Run Behavior\ReadHtmlCacheBehavior [ RunTime:0.000000s ]
INFO: [ app_begin ] --END-- [ RunTime:0.000000s ]
INFO: [ app_end ] --START--
INFO: Run Behavior\ShowPageTraceBehavior [ RunTime:0.000000s ]
INFO: [ app_end ] --END-- [ RunTime:0.000000s ]

[ 2017-06-01T10:49:33+08:00 ] 110.184.62.139 /index.php/Master/Login/usernameLogin.html
INFO: [ app_init ] --START--
INFO: Run Behavior\BuildLiteBehavior [ RunTime:0.000000s ]
INFO: [ app_init ] --END-- [ RunTime:0.000000s ]
INFO: [ app_begin ] --START--
INFO: Run Behavior\ReadHtmlCacheBehavior [ RunTime:0.000000s ]
INFO: [ app_begin ] --END-- [ RunTime:0.000000s ]
SQL: SHOW COLUMNS FROM `admin` [ RunTime:0.0000s ]
NOTIC: [2] addslashes() expects parameter 1 to be string, array given D:\wwwroot\sfwhlryy\wwwroot\ThinkPHP\Library\Think\Db\Driver.class.php 第 1031 行.
SQL: SELECT * FROM `admin` WHERE `username` = '' LIMIT 1   [ RunTime:0.0000s ]
SQL: UPDATE `admin` SET `last_login_ip`='110.184.62.139',`last_login_time`='2017-06-01 10:49:33' WHERE `id` = 2 [ RunTime:0.0000s ]
INFO: [ view_parse ] --START--
INFO: [ template_filter ] --START--
INFO: Run Behavior\ContentReplaceBehavior [ RunTime:0.000000s ]
INFO: [ template_filter ] --END-- [ RunTime:0.000000s ]
INFO: Run Behavior\ParseTemplateBehavior [ RunTime:0.015625s ]
INFO: [ view_parse ] --END-- [ RunTime:0.015625s ]
INFO: [ view_filter ] --START--
INFO: Run Behavior\WriteHtmlCacheBehavior [ RunTime:0.000000s ]
INFO: [ view_filter ] --END-- [ RunTime:0.000000s ]
INFO: [ app_end ] --START--
INFO: Run Behavior\ShowPageTraceBehavior [ RunTime:0.000000s ]
INFO: [ app_end ] --END-- [ RunTime:0.000000s ]

[ 2017-06-01T10:49:34+08:00 ] 110.184.62.139 /Master/Index/index
INFO: [ app_init ] --START--
INFO: Run Behavior\BuildLiteBehavior [ RunTime:0.000000s ]
INFO: [ app_init ] --END-- [ RunTime:0.000000s ]
INFO: [ app_begin ] --START--
INFO: Run Behavior\ReadHtmlCacheBehavior [ RunTime:0.000000s ]
INFO: [ app_begin ] --END-- [ RunTime:0.000000s ]
SQL: SHOW COLUMNS FROM `admin` [ RunTime:0.0000s ]
SQL: SELECT * FROM `admin` WHERE `id` = 2 LIMIT 1   [ RunTime:0.0156s ]
SQL: SHOW COLUMNS FROM `hospital` [ RunTime:0.0000s ]
SQL: SHOW COLUMNS FROM `spending` [ RunTime:0.0000s ]
SQL: SELECT * FROM `hospital` WHERE `is_use` = 1 ORDER BY sort desc  [ RunTime:0.0000s ]
NOTIC: [8] Undefined index: hospital_id D:\wwwroot\sfwhlryy\wwwroot\Application\Master\Controller\IndexController.class.php 第 23 行.
NOTIC: [8] Undefined index: hospital_name D:\wwwroot\sfwhlryy\wwwroot\Application\Master\Controller\IndexController.class.php 第 24 行.
SQL: SELECT * FROM `hospital` WHERE `id` = 16 LIMIT 1   [ RunTime:0.0000s ]
SQL: SELECT * FROM `spending` WHERE `hospital_id` = '16' AND `spending_date` BETWEEN '2017-06-01' AND '2017-06-30'  [ RunTime:0.0156s ]
SQL: select sum(cost_money) from spending where hospital_id="16" [ RunTime:0.0000s ]
NOTIC: [8] Undefined index: percent D:\wwwroot\sfwhlryy\wwwroot\Application\Master\Controller\IndexController.class.php 第 44 行.
NOTIC: [8] Undefined index: remaining_sum D:\wwwroot\sfwhlryy\wwwroot\Application\Master\Controller\IndexController.class.php 第 45 行.
SQL: SHOW COLUMNS FROM `doctor` [ RunTime:0.0000s ]
SQL: SELECT * FROM `doctor` WHERE `hospital_id` = 16  [ RunTime:0.0000s ]
NOTIC: [8] Undefined variable: res D:\wwwroot\sfwhlryy\wwwroot\Application\Master\Controller\IndexController.class.php 第 55 行.
INFO: [ view_parse ] --START--
INFO: [ template_filter ] --START--
INFO: Run Behavior\ContentReplaceBehavior [ RunTime:0.000000s ]
INFO: [ template_filter ] --END-- [ RunTime:0.000000s ]
NOTIC: [8] Undefined variable: leav D:\wwwroot\sfwhlryy\wwwroot\Application\Runtime\Cache\Master\f9884a4f00f8e32a73c2c1c824d085d3.php 第 68 行.
NOTIC: [8] Undefined variable: hospital_info D:\wwwroot\sfwhlryy\wwwroot\Application\Runtime\Cache\Master\f9884a4f00f8e32a73c2c1c824d085d3.php 第 69 行.
INFO: Run Behavior\ParseTemplateBehavior [ RunTime:0.046875s ]
INFO: [ view_parse ] --END-- [ RunTime:0.046875s ]
INFO: [ view_filter ] --START--
INFO: Run Behavior\WriteHtmlCacheBehavior [ RunTime:0.000000s ]
INFO: [ view_filter ] --END-- [ RunTime:0.000000s ]
INFO: [ app_end ] --START--
INFO: Run Behavior\ShowPageTraceBehavior [ RunTime:0.000000s ]
INFO: [ app_end ] --END-- [ RunTime:0.000000s ]

[ 2017-06-01T10:49:38+08:00 ] 110.184.62.139 /Master/Index/index
INFO: [ app_init ] --START--
INFO: Run Behavior\BuildLiteBehavior [ RunTime:0.000000s ]
INFO: [ app_init ] --END-- [ RunTime:0.000000s ]
INFO: [ app_begin ] --START--
INFO: Run Behavior\ReadHtmlCacheBehavior [ RunTime:0.000000s ]
INFO: [ app_begin ] --END-- [ RunTime:0.000000s ]
SQL: SHOW COLUMNS FROM `admin` [ RunTime:0.0000s ]
SQL: SELECT * FROM `admin` WHERE `id` = 2 LIMIT 1   [ RunTime:0.0000s ]
SQL: SHOW COLUMNS FROM `hospital` [ RunTime:0.0000s ]
SQL: SHOW COLUMNS FROM `spending` [ RunTime:0.0000s ]
SQL: SELECT * FROM `hospital` WHERE `is_use` = 1 ORDER BY sort desc  [ RunTime:0.0000s ]
SQL: SELECT * FROM `hospital` WHERE `id` = 16 LIMIT 1   [ RunTime:0.0000s ]
SQL: SELECT * FROM `spending` WHERE `hospital_id` = '16' AND `spending_date` BETWEEN '2017-06-01' AND '2017-06-30'  [ RunTime:0.0000s ]
SQL: select sum(cost_money) from spending where hospital_id="16" [ RunTime:0.0000s ]
NOTIC: [8] Undefined index: percent D:\wwwroot\sfwhlryy\wwwroot\Application\Master\Controller\IndexController.class.php 第 44 行.
NOTIC: [8] Undefined index: remaining_sum D:\wwwroot\sfwhlryy\wwwroot\Application\Master\Controller\IndexController.class.php 第 45 行.
SQL: SHOW COLUMNS FROM `doctor` [ RunTime:0.0000s ]
SQL: SELECT * FROM `doctor` WHERE `hospital_id` = 16  [ RunTime:0.0000s ]
NOTIC: [8] Undefined variable: res D:\wwwroot\sfwhlryy\wwwroot\Application\Master\Controller\IndexController.class.php 第 55 行.
INFO: [ view_parse ] --START--
INFO: [ template_filter ] --START--
INFO: Run Behavior\ContentReplaceBehavior [ RunTime:0.000000s ]
INFO: [ template_filter ] --END-- [ RunTime:0.000000s ]
NOTIC: [8] Undefined variable: leav D:\wwwroot\sfwhlryy\wwwroot\Application\Runtime\Cache\Master\f9884a4f00f8e32a73c2c1c824d085d3.php 第 68 行.
NOTIC: [8] Undefined variable: hospital_info D:\wwwroot\sfwhlryy\wwwroot\Application\Runtime\Cache\Master\f9884a4f00f8e32a73c2c1c824d085d3.php 第 69 行.
INFO: Run Behavior\ParseTemplateBehavior [ RunTime:0.015625s ]
INFO: [ view_parse ] --END-- [ RunTime:0.015625s ]
INFO: [ view_filter ] --START--
INFO: Run Behavior\WriteHtmlCacheBehavior [ RunTime:0.000000s ]
INFO: [ view_filter ] --END-- [ RunTime:0.000000s ]
INFO: [ app_end ] --START--
INFO: Run Behavior\ShowPageTraceBehavior [ RunTime:0.000000s ]
INFO: [ app_end ] --END-- [ RunTime:0.000000s ]

[ 2017-06-01T10:49:39+08:00 ] 110.184.62.139 /Master/Patient/index
INFO: [ app_init ] --START--
INFO: Run Behavior\BuildLiteBehavior [ RunTime:0.000000s ]
INFO: [ app_init ] --END-- [ RunTime:0.000000s ]
INFO: [ app_begin ] --START--
INFO: Run Behavior\ReadHtmlCacheBehavior [ RunTime:0.000000s ]
INFO: [ app_begin ] --END-- [ RunTime:0.000000s ]
SQL: SHOW COLUMNS FROM `doctor` [ RunTime:0.0000s ]
SQL: SHOW COLUMNS FROM `illness` [ RunTime:0.0000s ]
SQL: SELECT * FROM `illness` WHERE `hospital_id` = 16  [ RunTime:0.0000s ]
SQL: SELECT * FROM `doctor` WHERE `hospital_id` = 16  [ RunTime:0.0000s ]
INFO: [ view_parse ] --START--
INFO: [ template_filter ] --START--
INFO: Run Behavior\ContentReplaceBehavior [ RunTime:0.000000s ]
INFO: [ template_filter ] --END-- [ RunTime:0.000000s ]
INFO: Run Behavior\ParseTemplateBehavior [ RunTime:0.015625s ]
INFO: [ view_parse ] --END-- [ RunTime:0.015625s ]
INFO: [ view_filter ] --START--
INFO: Run Behavior\WriteHtmlCacheBehavior [ RunTime:0.000000s ]
INFO: [ view_filter ] --END-- [ RunTime:0.000000s ]
INFO: [ app_end ] --START--
INFO: Run Behavior\ShowPageTraceBehavior [ RunTime:0.000000s ]
INFO: [ app_end ] --END-- [ RunTime:0.000000s ]

[ 2017-06-01T10:49:40+08:00 ] 110.184.62.139 /Master/Spending/totalDay
INFO: [ app_init ] --START--
INFO: Run Behavior\BuildLiteBehavior [ RunTime:0.000000s ]
INFO: [ app_init ] --END-- [ RunTime:0.000000s ]
INFO: [ app_begin ] --START--
INFO: Run Behavior\ReadHtmlCacheBehavior [ RunTime:0.000000s ]
INFO: [ app_begin ] --END-- [ RunTime:0.000000s ]
SQL: SHOW COLUMNS FROM `spending` [ RunTime:0.0000s ]
SQL: SELECT * FROM `spending` INNER JOIN patient ON patient.tel = patient_tel  WHERE patient.hospital_id = '16' AND `spending_date` = '2017-06-01'  [ RunTime:0.0000s ]
NOTIC: [8] Undefined variable: cost D:\wwwroot\sfwhlryy\wwwroot\Application\Master\Controller\SpendingController.class.php 第 257 行.
NOTIC: [2] max(): When only one parameter is given, it must be an array D:\wwwroot\sfwhlryy\wwwroot\Application\Master\Controller\SpendingController.class.php 第 257 行.
NOTIC: [8] Undefined variable: cost D:\wwwroot\sfwhlryy\wwwroot\Application\Master\Controller\SpendingController.class.php 第 258 行.
NOTIC: [2] min(): When only one parameter is given, it must be an array D:\wwwroot\sfwhlryy\wwwroot\Application\Master\Controller\SpendingController.class.php 第 258 行.
INFO: [ view_parse ] --START--
INFO: [ template_filter ] --START--
INFO: Run Behavior\ContentReplaceBehavior [ RunTime:0.000000s ]
INFO: [ template_filter ] --END-- [ RunTime:0.000000s ]
NOTIC: [2] Division by zero D:\wwwroot\sfwhlryy\wwwroot\Application\Runtime\Cache\Master\b26fee9b9798bdb1197ee42cd892693f.php 第 81 行.
NOTIC: [8] Undefined index: count D:\wwwroot\sfwhlryy\wwwroot\Application\Runtime\Cache\Master\b26fee9b9798bdb1197ee42cd892693f.php 第 84 行.
NOTIC: [2] Division by zero D:\wwwroot\sfwhlryy\wwwroot\Application\Runtime\Cache\Master\b26fee9b9798bdb1197ee42cd892693f.php 第 81 行.
NOTIC: [8] Undefined index: count D:\wwwroot\sfwhlryy\wwwroot\Application\Runtime\Cache\Master\b26fee9b9798bdb1197ee42cd892693f.php 第 84 行.
INFO: Run Behavior\ParseTemplateBehavior [ RunTime:0.093750s ]
INFO: [ view_parse ] --END-- [ RunTime:0.093750s ]
INFO: [ view_filter ] --START--
INFO: Run Behavior\WriteHtmlCacheBehavior [ RunTime:0.000000s ]
INFO: [ view_filter ] --END-- [ RunTime:0.000000s ]
INFO: [ app_end ] --START--
INFO: Run Behavior\ShowPageTraceBehavior [ RunTime:0.000000s ]
INFO: [ app_end ] --END-- [ RunTime:0.000000s ]

[ 2017-06-01T10:49:42+08:00 ] 110.184.62.139 /Master/Spending/totalMonth
INFO: [ app_init ] --START--
INFO: Run Behavior\BuildLiteBehavior [ RunTime:0.000000s ]
INFO: [ app_init ] --END-- [ RunTime:0.000000s ]
INFO: [ app_begin ] --START--
INFO: Run Behavior\ReadHtmlCacheBehavior [ RunTime:0.000000s ]
INFO: [ app_begin ] --END-- [ RunTime:0.000000s ]
SQL: SHOW COLUMNS FROM `spending` [ RunTime:0.0156s ]
SQL: SELECT * FROM `spending` INNER JOIN patient ON patient_tel = patient.tel  WHERE patient.hospital_id = '16' AND `spending_date` BETWEEN '2017-06-01' AND '2017-06-30'  [ RunTime:0.0000s ]
INFO: [ view_parse ] --START--
INFO: [ template_filter ] --START--
INFO: Run Behavior\ContentReplaceBehavior [ RunTime:0.000000s ]
INFO: [ template_filter ] --END-- [ RunTime:0.000000s ]
NOTIC: [8] Undefined index: money D:\wwwroot\sfwhlryy\wwwroot\Application\Runtime\Cache\Master\35e118e87fe0f0910faab14dea809f7d.php 第 80 行.
NOTIC: [2] Division by zero D:\wwwroot\sfwhlryy\wwwroot\Application\Runtime\Cache\Master\35e118e87fe0f0910faab14dea809f7d.php 第 80 行.
NOTIC: [8] Undefined index: money D:\wwwroot\sfwhlryy\wwwroot\Application\Runtime\Cache\Master\35e118e87fe0f0910faab14dea809f7d.php 第 83 行.
INFO: Run Behavior\ParseTemplateBehavior [ RunTime:0.015625s ]
INFO: [ view_parse ] --END-- [ RunTime:0.015625s ]
INFO: [ view_filter ] --START--
INFO: Run Behavior\WriteHtmlCacheBehavior [ RunTime:0.000000s ]
INFO: [ view_filter ] --END-- [ RunTime:0.000000s ]
INFO: [ app_end ] --START--
INFO: Run Behavior\ShowPageTraceBehavior [ RunTime:0.000000s ]
INFO: [ app_end ] --END-- [ RunTime:0.000000s ]

[ 2017-06-01T10:49:42+08:00 ] 110.184.62.139 /Master/Spending/totalDay
INFO: [ app_init ] --START--
INFO: Run Behavior\BuildLiteBehavior [ RunTime:0.000000s ]
INFO: [ app_init ] --END-- [ RunTime:0.000000s ]
INFO: [ app_begin ] --START--
INFO: Run Behavior\ReadHtmlCacheBehavior [ RunTime:0.015625s ]
INFO: [ app_begin ] --END-- [ RunTime:0.015625s ]
SQL: SHOW COLUMNS FROM `spending` [ RunTime:0.0000s ]
SQL: SELECT * FROM `spending` INNER JOIN patient ON patient.tel = patient_tel  WHERE patient.hospital_id = '16' AND `spending_date` = '2017-06-01'  [ RunTime:0.0000s ]
NOTIC: [8] Undefined variable: cost D:\wwwroot\sfwhlryy\wwwroot\Application\Master\Controller\SpendingController.class.php 第 257 行.
NOTIC: [2] max(): When only one parameter is given, it must be an array D:\wwwroot\sfwhlryy\wwwroot\Application\Master\Controller\SpendingController.class.php 第 257 行.
NOTIC: [8] Undefined variable: cost D:\wwwroot\sfwhlryy\wwwroot\Application\Master\Controller\SpendingController.class.php 第 258 行.
NOTIC: [2] min(): When only one parameter is given, it must be an array D:\wwwroot\sfwhlryy\wwwroot\Application\Master\Controller\SpendingController.class.php 第 258 行.
INFO: [ view_parse ] --START--
INFO: [ template_filter ] --START--
INFO: Run Behavior\ContentReplaceBehavior [ RunTime:0.000000s ]
INFO: [ template_filter ] --END-- [ RunTime:0.000000s ]
NOTIC: [2] Division by zero D:\wwwroot\sfwhlryy\wwwroot\Application\Runtime\Cache\Master\b26fee9b9798bdb1197ee42cd892693f.php 第 81 行.
NOTIC: [8] Undefined index: count D:\wwwroot\sfwhlryy\wwwroot\Application\Runtime\Cache\Master\b26fee9b9798bdb1197ee42cd892693f.php 第 84 行.
NOTIC: [2] Division by zero D:\wwwroot\sfwhlryy\wwwroot\Application\Runtime\Cache\Master\b26fee9b9798bdb1197ee42cd892693f.php 第 81 行.
NOTIC: [8] Undefined index: count D:\wwwroot\sfwhlryy\wwwroot\Application\Runtime\Cache\Master\b26fee9b9798bdb1197ee42cd892693f.php 第 84 行.
INFO: Run Behavior\ParseTemplateBehavior [ RunTime:0.015625s ]
INFO: [ view_parse ] --END-- [ RunTime:0.015625s ]
INFO: [ view_filter ] --START--
INFO: Run Behavior\WriteHtmlCacheBehavior [ RunTime:0.000000s ]
INFO: [ view_filter ] --END-- [ RunTime:0.000000s ]
INFO: [ app_end ] --START--
INFO: Run Behavior\ShowPageTraceBehavior [ RunTime:0.000000s ]
INFO: [ app_end ] --END-- [ RunTime:0.000000s ]

[ 2017-06-01T10:49:44+08:00 ] 110.184.62.139 /Master/Spending/addCurrent
INFO: [ app_init ] --START--
INFO: Run Behavior\BuildLiteBehavior [ RunTime:0.000000s ]
INFO: [ app_init ] --END-- [ RunTime:0.000000s ]
INFO: [ app_begin ] --START--
INFO: Run Behavior\ReadHtmlCacheBehavior [ RunTime:0.000000s ]
INFO: [ app_begin ] --END-- [ RunTime:0.000000s ]
SQL: SHOW COLUMNS FROM `patient` [ RunTime:0.0156s ]
SQL: SHOW COLUMNS FROM `spending` [ RunTime:0.0000s ]
SQL: SHOW COLUMNS FROM `proportion` [ RunTime:0.0156s ]
SQL: SELECT `id` FROM `proportion` WHERE `hospital_id` = 16 AND `is_use` = 1 LIMIT 1   [ RunTime:0.0000s ]
SQL: SELECT * FROM `spending` WHERE `hospital_id` = 16 AND `spending_date` BETWEEN '2017-06-01' AND '2017-06-30'  [ RunTime:0.0000s ]
SQL: SELECT * FROM `patient` WHERE `status` = 0 AND `hospital_id` = 16  [ RunTime:0.0000s ]
SQL: INSERT INTO `spending` (`hospital_id`,`percentId`,`patient_tel`,`patient_name`,`spending_date`) VALUES ('16','66','13228595558','孙熙','2017-06-1'),('16','66','13228595558','孙熙','2017-06-2'),('16','66','13228595558','孙熙','2017-06-3'),('16','66','13228595558','孙熙','2017-06-4'),('16','66','13228595558','孙熙','2017-06-5'),('16','66','13228595558','孙熙','2017-06-6'),('16','66','13228595558','孙熙','2017-06-7'),('16','66','13228595558','孙熙','2017-06-8'),('16','66','13228595558','孙熙','2017-06-9'),('16','66','13228595558','孙熙','2017-06-10'),('16','66','13228595558','孙熙','2017-06-11'),('16','66','13228595558','孙熙','2017-06-12'),('16','66','13228595558','孙熙','2017-06-13'),('16','66','13228595558','孙熙','2017-06-14'),('16','66','13228595558','孙熙','2017-06-15'),('16','66','13228595558','孙熙','2017-06-16'),('16','66','13228595558','孙熙','2017-06-17'),('16','66','13228595558','孙熙','2017-06-18'),('16','66','13228595558','孙熙','2017-06-19'),('16','66','13228595558','孙熙','2017-06-20'),('16','66','13228595558','孙熙','2017-06-21'),('16','66','13228595558','孙熙','2017-06-22'),('16','66','13228595558','孙熙','2017-06-23'),('16','66','13228595558','孙熙','2017-06-24'),('16','66','13228595558','孙熙','2017-06-25'),('16','66','13228595558','孙熙','2017-06-26'),('16','66','13228595558','孙熙','2017-06-27'),('16','66','13228595558','孙熙','2017-06-28'),('16','66','13228595558','孙熙','2017-06-29'),('16','66','13228595558','孙熙','2017-06-30') [ RunTime:0.1094s ]
INFO: [ view_parse ] --START--
INFO: [ template_filter ] --START--
INFO: Run Behavior\ContentReplaceBehavior [ RunTime:0.000000s ]
INFO: [ template_filter ] --END-- [ RunTime:0.015625s ]
INFO: Run Behavior\ParseTemplateBehavior [ RunTime:0.015625s ]
INFO: [ view_parse ] --END-- [ RunTime:0.015625s ]
INFO: [ view_filter ] --START--
INFO: Run Behavior\WriteHtmlCacheBehavior [ RunTime:0.000000s ]
INFO: [ view_filter ] --END-- [ RunTime:0.000000s ]
INFO: [ app_end ] --START--
INFO: Run Behavior\ShowPageTraceBehavior [ RunTime:0.000000s ]
INFO: [ app_end ] --END-- [ RunTime:0.000000s ]

[ 2017-06-01T10:49:45+08:00 ] 110.184.62.139 /Master/Index/index
INFO: [ app_init ] --START--
INFO: Run Behavior\BuildLiteBehavior [ RunTime:0.000000s ]
INFO: [ app_init ] --END-- [ RunTime:0.000000s ]
INFO: [ app_begin ] --START--
INFO: Run Behavior\ReadHtmlCacheBehavior [ RunTime:0.000000s ]
INFO: [ app_begin ] --END-- [ RunTime:0.000000s ]
SQL: SHOW COLUMNS FROM `admin` [ RunTime:0.0000s ]
SQL: SELECT * FROM `admin` WHERE `id` = 2 LIMIT 1   [ RunTime:0.0000s ]
SQL: SHOW COLUMNS FROM `hospital` [ RunTime:0.0000s ]
SQL: SHOW COLUMNS FROM `spending` [ RunTime:0.0000s ]
SQL: SELECT * FROM `hospital` WHERE `is_use` = 1 ORDER BY sort desc  [ RunTime:0.0156s ]
SQL: SELECT * FROM `hospital` WHERE `id` = 16 LIMIT 1   [ RunTime:0.0000s ]
SQL: SELECT * FROM `spending` WHERE `hospital_id` = '16' AND `spending_date` BETWEEN '2017-06-01' AND '2017-06-30'  [ RunTime:0.0000s ]
NOTIC: [8] Undefined index: sum_money D:\wwwroot\sfwhlryy\wwwroot\Application\Master\Controller\IndexController.class.php 第 37 行.
SQL: select sum(cost_money) from spending where hospital_id="16" [ RunTime:0.0000s ]
NOTIC: [8] Undefined index: percent D:\wwwroot\sfwhlryy\wwwroot\Application\Master\Controller\IndexController.class.php 第 44 行.
NOTIC: [8] Undefined index: remaining_sum D:\wwwroot\sfwhlryy\wwwroot\Application\Master\Controller\IndexController.class.php 第 45 行.
SQL: SHOW COLUMNS FROM `doctor` [ RunTime:0.0000s ]
SQL: SELECT * FROM `doctor` WHERE `hospital_id` = 16  [ RunTime:0.0000s ]
INFO: [ view_parse ] --START--
INFO: [ template_filter ] --START--
INFO: Run Behavior\ContentReplaceBehavior [ RunTime:0.000000s ]
INFO: [ template_filter ] --END-- [ RunTime:0.000000s ]
NOTIC: [8] Undefined variable: leav D:\wwwroot\sfwhlryy\wwwroot\Application\Runtime\Cache\Master\f9884a4f00f8e32a73c2c1c824d085d3.php 第 68 行.
NOTIC: [8] Undefined variable: hospital_info D:\wwwroot\sfwhlryy\wwwroot\Application\Runtime\Cache\Master\f9884a4f00f8e32a73c2c1c824d085d3.php 第 69 行.
INFO: Run Behavior\ParseTemplateBehavior [ RunTime:0.015625s ]
INFO: [ view_parse ] --END-- [ RunTime:0.015625s ]
INFO: [ view_filter ] --START--
INFO: Run Behavior\WriteHtmlCacheBehavior [ RunTime:0.000000s ]
INFO: [ view_filter ] --END-- [ RunTime:0.000000s ]
INFO: [ app_end ] --START--
INFO: Run Behavior\ShowPageTraceBehavior [ RunTime:0.000000s ]
INFO: [ app_end ] --END-- [ RunTime:0.000000s ]

[ 2017-06-01T10:49:45+08:00 ] 110.184.62.139 /Master/Index/index
INFO: [ app_init ] --START--
INFO: Run Behavior\BuildLiteBehavior [ RunTime:0.000000s ]
INFO: [ app_init ] --END-- [ RunTime:0.000000s ]
INFO: [ app_begin ] --START--
INFO: Run Behavior\ReadHtmlCacheBehavior [ RunTime:0.000000s ]
INFO: [ app_begin ] --END-- [ RunTime:0.000000s ]
SQL: SHOW COLUMNS FROM `admin` [ RunTime:0.0000s ]
SQL: SELECT * FROM `admin` WHERE `id` = 2 LIMIT 1   [ RunTime:0.0000s ]
SQL: SHOW COLUMNS FROM `hospital` [ RunTime:0.0000s ]
SQL: SHOW COLUMNS FROM `spending` [ RunTime:0.0156s ]
SQL: SELECT * FROM `hospital` WHERE `is_use` = 1 ORDER BY sort desc  [ RunTime:0.0000s ]
SQL: SELECT * FROM `hospital` WHERE `id` = 16 LIMIT 1   [ RunTime:0.0000s ]
SQL: SELECT * FROM `spending` WHERE `hospital_id` = '16' AND `spending_date` BETWEEN '2017-06-01' AND '2017-06-30'  [ RunTime:0.0000s ]
NOTIC: [8] Undefined index: sum_money D:\wwwroot\sfwhlryy\wwwroot\Application\Master\Controller\IndexController.class.php 第 37 行.
SQL: select sum(cost_money) from spending where hospital_id="16" [ RunTime:0.0000s ]
NOTIC: [8] Undefined index: percent D:\wwwroot\sfwhlryy\wwwroot\Application\Master\Controller\IndexController.class.php 第 44 行.
NOTIC: [8] Undefined index: remaining_sum D:\wwwroot\sfwhlryy\wwwroot\Application\Master\Controller\IndexController.class.php 第 45 行.
SQL: SHOW COLUMNS FROM `doctor` [ RunTime:0.0000s ]
SQL: SELECT * FROM `doctor` WHERE `hospital_id` = 16  [ RunTime:0.0000s ]
INFO: [ view_parse ] --START--
INFO: [ template_filter ] --START--
INFO: Run Behavior\ContentReplaceBehavior [ RunTime:0.000000s ]
INFO: [ template_filter ] --END-- [ RunTime:0.000000s ]
NOTIC: [8] Undefined variable: leav D:\wwwroot\sfwhlryy\wwwroot\Application\Runtime\Cache\Master\f9884a4f00f8e32a73c2c1c824d085d3.php 第 68 行.
NOTIC: [8] Undefined variable: hospital_info D:\wwwroot\sfwhlryy\wwwroot\Application\Runtime\Cache\Master\f9884a4f00f8e32a73c2c1c824d085d3.php 第 69 行.
INFO: Run Behavior\ParseTemplateBehavior [ RunTime:0.031250s ]
INFO: [ view_parse ] --END-- [ RunTime:0.031250s ]
INFO: [ view_filter ] --START--
INFO: Run Behavior\WriteHtmlCacheBehavior [ RunTime:0.000000s ]
INFO: [ view_filter ] --END-- [ RunTime:0.000000s ]
INFO: [ app_end ] --START--
INFO: Run Behavior\ShowPageTraceBehavior [ RunTime:0.000000s ]
INFO: [ app_end ] --END-- [ RunTime:0.000000s ]

[ 2017-06-01T10:49:46+08:00 ] 110.184.62.139 /Master/Doctor/index
INFO: [ app_init ] --START--
INFO: Run Behavior\BuildLiteBehavior [ RunTime:0.000000s ]
INFO: [ app_init ] --END-- [ RunTime:0.000000s ]
INFO: [ app_begin ] --START--
INFO: Run Behavior\ReadHtmlCacheBehavior [ RunTime:0.000000s ]
INFO: [ app_begin ] --END-- [ RunTime:0.000000s ]
INFO: [ view_parse ] --START--
INFO: [ template_filter ] --START--
INFO: Run Behavior\ContentReplaceBehavior [ RunTime:0.000000s ]
INFO: [ template_filter ] --END-- [ RunTime:0.000000s ]
INFO: Run Behavior\ParseTemplateBehavior [ RunTime:0.000000s ]
INFO: [ view_parse ] --END-- [ RunTime:0.000000s ]
INFO: [ view_filter ] --START--
INFO: Run Behavior\WriteHtmlCacheBehavior [ RunTime:0.000000s ]
INFO: [ view_filter ] --END-- [ RunTime:0.000000s ]
INFO: [ app_end ] --START--
INFO: Run Behavior\ShowPageTraceBehavior [ RunTime:0.000000s ]
INFO: [ app_end ] --END-- [ RunTime:0.000000s ]

[ 2017-06-01T10:49:47+08:00 ] 110.184.62.139 /Master/Hospital/add
INFO: [ app_init ] --START--
INFO: Run Behavior\BuildLiteBehavior [ RunTime:0.000000s ]
INFO: [ app_init ] --END-- [ RunTime:0.000000s ]
INFO: [ app_begin ] --START--
INFO: Run Behavior\ReadHtmlCacheBehavior [ RunTime:0.000000s ]
INFO: [ app_begin ] --END-- [ RunTime:0.000000s ]
INFO: [ view_parse ] --START--
INFO: [ template_filter ] --START--
INFO: Run Behavior\ContentReplaceBehavior [ RunTime:0.000000s ]
INFO: [ template_filter ] --END-- [ RunTime:0.000000s ]
INFO: Run Behavior\ParseTemplateBehavior [ RunTime:0.000000s ]
INFO: [ view_parse ] --END-- [ RunTime:0.000000s ]
INFO: [ view_filter ] --START--
INFO: Run Behavior\WriteHtmlCacheBehavior [ RunTime:0.000000s ]
INFO: [ view_filter ] --END-- [ RunTime:0.000000s ]
INFO: [ app_end ] --START--
INFO: Run Behavior\ShowPageTraceBehavior [ RunTime:0.000000s ]
INFO: [ app_end ] --END-- [ RunTime:0.000000s ]

[ 2017-06-01T10:49:47+08:00 ] 110.184.62.139 /Master/Hospital/index
INFO: [ app_init ] --START--
INFO: Run Behavior\BuildLiteBehavior [ RunTime:0.000000s ]
INFO: [ app_init ] --END-- [ RunTime:0.000000s ]
INFO: [ app_begin ] --START--
INFO: Run Behavior\ReadHtmlCacheBehavior [ RunTime:0.000000s ]
INFO: [ app_begin ] --END-- [ RunTime:0.000000s ]
SQL: SHOW COLUMNS FROM `hospital` [ RunTime:0.0000s ]
SQL: SHOW COLUMNS FROM `spending` [ RunTime:0.0000s ]
SQL: SHOW COLUMNS FROM `proportion` [ RunTime:0.0000s ]
SQL: SHOW COLUMNS FROM `rechange` [ RunTime:0.0000s ]
SQL: SELECT * FROM `hospital` ORDER BY sort desc  [ RunTime:0.0000s ]
SQL: SELECT `hospital_id`,`percent` FROM `proportion` WHERE `is_use` = 1  [ RunTime:0.0000s ]
SQL: SELECT sum(money) as remaining_sum,`hospital_id` FROM `rechange` GROUP BY hospital_id  [ RunTime:0.0000s ]
SQL: select sum(s.cost_money) as cost_sum,s.percentId,s.hospital_id,p.percent,p.is_use from spending as s left join proportion as p on s.percentId=p.id group by s.percentId [ RunTime:0.0156s ]
NOTIC: [8] Undefined variable: res D:\wwwroot\sfwhlryy\wwwroot\Application\Master\Controller\HospitalController.class.php 第 30 行.
NOTIC: [8] Undefined offset: 16 D:\wwwroot\sfwhlryy\wwwroot\Application\Master\Controller\HospitalController.class.php 第 30 行.
INFO: [ view_parse ] --START--
INFO: [ template_filter ] --START--
INFO: Run Behavior\ContentReplaceBehavior [ RunTime:0.015625s ]
INFO: [ template_filter ] --END-- [ RunTime:0.015625s ]
NOTIC: [8] Undefined variable: add_form_unique D:\wwwroot\sfwhlryy\wwwroot\Application\Runtime\Cache\Master\6444b16e41eda0c2fb4d1429df4ad96d.php 第 96 行.
INFO: Run Behavior\ParseTemplateBehavior [ RunTime:0.015625s ]
INFO: [ view_parse ] --END-- [ RunTime:0.015625s ]
INFO: [ view_filter ] --START--
INFO: Run Behavior\WriteHtmlCacheBehavior [ RunTime:0.000000s ]
INFO: [ view_filter ] --END-- [ RunTime:0.000000s ]
INFO: [ app_end ] --START--
INFO: Run Behavior\ShowPageTraceBehavior [ RunTime:0.000000s ]
INFO: [ app_end ] --END-- [ RunTime:0.000000s ]

[ 2017-06-01T10:49:52+08:00 ] 110.184.62.139 /Master/Admin/index
INFO: [ app_init ] --START--
INFO: Run Behavior\BuildLiteBehavior [ RunTime:0.000000s ]
INFO: [ app_init ] --END-- [ RunTime:0.000000s ]
INFO: [ app_begin ] --START--
INFO: Run Behavior\ReadHtmlCacheBehavior [ RunTime:0.000000s ]
INFO: [ app_begin ] --END-- [ RunTime:0.000000s ]
SQL: SHOW COLUMNS FROM `admin` [ RunTime:0.0156s ]
SQL: SELECT * FROM `admin`  [ RunTime:0.0000s ]
INFO: [ view_parse ] --START--
INFO: [ template_filter ] --START--
INFO: Run Behavior\ContentReplaceBehavior [ RunTime:0.000000s ]
INFO: [ template_filter ] --END-- [ RunTime:0.000000s ]
INFO: Run Behavior\ParseTemplateBehavior [ RunTime:0.015625s ]
INFO: [ view_parse ] --END-- [ RunTime:0.015625s ]
INFO: [ view_filter ] --START--
INFO: Run Behavior\WriteHtmlCacheBehavior [ RunTime:0.000000s ]
INFO: [ view_filter ] --END-- [ RunTime:0.000000s ]
INFO: [ app_end ] --START--
INFO: Run Behavior\ShowPageTraceBehavior [ RunTime:0.000000s ]
INFO: [ app_end ] --END-- [ RunTime:0.000000s ]

[ 2017-06-01T10:49:54+08:00 ] 110.184.62.139 /Master/Admin/addAdmin
INFO: [ app_init ] --START--
INFO: Run Behavior\BuildLiteBehavior [ RunTime:0.000000s ]
INFO: [ app_init ] --END-- [ RunTime:0.000000s ]
INFO: [ app_begin ] --START--
INFO: Run Behavior\ReadHtmlCacheBehavior [ RunTime:0.000000s ]
INFO: [ app_begin ] --END-- [ RunTime:0.000000s ]
INFO: [ view_parse ] --START--
INFO: [ template_filter ] --START--
INFO: Run Behavior\ContentReplaceBehavior [ RunTime:0.000000s ]
INFO: [ template_filter ] --END-- [ RunTime:0.000000s ]
INFO: Run Behavior\ParseTemplateBehavior [ RunTime:0.015625s ]
INFO: [ view_parse ] --END-- [ RunTime:0.015625s ]
INFO: [ view_filter ] --START--
INFO: Run Behavior\WriteHtmlCacheBehavior [ RunTime:0.000000s ]
INFO: [ view_filter ] --END-- [ RunTime:0.000000s ]
INFO: [ app_end ] --START--
INFO: Run Behavior\ShowPageTraceBehavior [ RunTime:0.000000s ]
INFO: [ app_end ] --END-- [ RunTime:0.000000s ]

[ 2017-06-01T10:49:54+08:00 ] 110.184.62.139 /Master/Admin/update
INFO: [ app_init ] --START--
INFO: Run Behavior\BuildLiteBehavior [ RunTime:0.000000s ]
INFO: [ app_init ] --END-- [ RunTime:0.000000s ]
INFO: [ app_begin ] --START--
INFO: Run Behavior\ReadHtmlCacheBehavior [ RunTime:0.000000s ]
INFO: [ app_begin ] --END-- [ RunTime:0.000000s ]
SQL: SHOW COLUMNS FROM `admin` [ RunTime:0.0000s ]
SQL: SELECT * FROM `admin` WHERE `id` = 2 LIMIT 1   [ RunTime:0.0000s ]
INFO: [ view_parse ] --START--
INFO: [ template_filter ] --START--
INFO: Run Behavior\ContentReplaceBehavior [ RunTime:0.000000s ]
INFO: [ template_filter ] --END-- [ RunTime:0.000000s ]
INFO: Run Behavior\ParseTemplateBehavior [ RunTime:0.015625s ]
INFO: [ view_parse ] --END-- [ RunTime:0.015625s ]
INFO: [ view_filter ] --START--
INFO: Run Behavior\WriteHtmlCacheBehavior [ RunTime:0.000000s ]
INFO: [ view_filter ] --END-- [ RunTime:0.000000s ]
INFO: [ app_end ] --START--
INFO: Run Behavior\ShowPageTraceBehavior [ RunTime:0.000000s ]
INFO: [ app_end ] --END-- [ RunTime:0.000000s ]

[ 2017-06-01T10:49:55+08:00 ] 110.184.62.139 /index.php/Master/Login/verify.html
INFO: [ app_init ] --START--
INFO: Run Behavior\BuildLiteBehavior [ RunTime:0.000000s ]
INFO: [ app_init ] --END-- [ RunTime:0.000000s ]
INFO: [ app_begin ] --START--
INFO: Run Behavior\ReadHtmlCacheBehavior [ RunTime:0.015625s ]
INFO: [ app_begin ] --END-- [ RunTime:0.015625s ]
INFO: [ app_end ] --START--
INFO: Run Behavior\ShowPageTraceBehavior [ RunTime:0.000000s ]
INFO: [ app_end ] --END-- [ RunTime:0.000000s ]

[ 2017-06-01T10:49:56+08:00 ] 110.184.62.139 /Master/Admin/addAdmin
INFO: [ app_init ] --START--
INFO: Run Behavior\BuildLiteBehavior [ RunTime:0.000000s ]
INFO: [ app_init ] --END-- [ RunTime:0.000000s ]
INFO: [ app_begin ] --START--
INFO: Run Behavior\ReadHtmlCacheBehavior [ RunTime:0.000000s ]
INFO: [ app_begin ] --END-- [ RunTime:0.000000s ]
INFO: [ view_parse ] --START--
INFO: [ template_filter ] --START--
INFO: Run Behavior\ContentReplaceBehavior [ RunTime:0.000000s ]
INFO: [ template_filter ] --END-- [ RunTime:0.000000s ]
INFO: Run Behavior\ParseTemplateBehavior [ RunTime:0.000000s ]
INFO: [ view_parse ] --END-- [ RunTime:0.000000s ]
INFO: [ view_filter ] --START--
INFO: Run Behavior\WriteHtmlCacheBehavior [ RunTime:0.000000s ]
INFO: [ view_filter ] --END-- [ RunTime:0.000000s ]
INFO: [ app_end ] --START--
INFO: Run Behavior\ShowPageTraceBehavior [ RunTime:0.000000s ]
INFO: [ app_end ] --END-- [ RunTime:0.000000s ]

[ 2017-06-01T10:49:56+08:00 ] 110.184.62.139 /Master/Admin/index
INFO: [ app_init ] --START--
INFO: Run Behavior\BuildLiteBehavior [ RunTime:0.000000s ]
INFO: [ app_init ] --END-- [ RunTime:0.000000s ]
INFO: [ app_begin ] --START--
INFO: Run Behavior\ReadHtmlCacheBehavior [ RunTime:0.000000s ]
INFO: [ app_begin ] --END-- [ RunTime:0.000000s ]
SQL: SHOW COLUMNS FROM `admin` [ RunTime:0.0000s ]
SQL: SELECT * FROM `admin`  [ RunTime:0.0000s ]
INFO: [ view_parse ] --START--
INFO: [ template_filter ] --START--
INFO: Run Behavior\ContentReplaceBehavior [ RunTime:0.000000s ]
INFO: [ template_filter ] --END-- [ RunTime:0.000000s ]
INFO: Run Behavior\ParseTemplateBehavior [ RunTime:0.015625s ]
INFO: [ view_parse ] --END-- [ RunTime:0.015625s ]
INFO: [ view_filter ] --START--
INFO: Run Behavior\WriteHtmlCacheBehavior [ RunTime:0.000000s ]
INFO: [ view_filter ] --END-- [ RunTime:0.000000s ]
INFO: [ app_end ] --START--
INFO: Run Behavior\ShowPageTraceBehavior [ RunTime:0.000000s ]
INFO: [ app_end ] --END-- [ RunTime:0.000000s ]

[ 2017-06-01T10:49:57+08:00 ] 110.184.62.139 /Master/Login/logout
INFO: [ app_init ] --START--
INFO: Run Behavior\BuildLiteBehavior [ RunTime:0.000000s ]
INFO: [ app_init ] --END-- [ RunTime:0.000000s ]
INFO: [ app_begin ] --START--
INFO: Run Behavior\ReadHtmlCacheBehavior [ RunTime:0.000000s ]
INFO: [ app_begin ] --END-- [ RunTime:0.000000s ]

[ 2017-06-01T10:49:57+08:00 ] 110.184.62.139 /index.php/Master.html
INFO: [ app_init ] --START--
INFO: Run Behavior\BuildLiteBehavior [ RunTime:0.000000s ]
INFO: [ app_init ] --END-- [ RunTime:0.015625s ]
INFO: [ app_begin ] --START--
INFO: Run Behavior\ReadHtmlCacheBehavior [ RunTime:0.000000s ]
INFO: [ app_begin ] --END-- [ RunTime:0.000000s ]

[ 2017-06-01T10:49:57+08:00 ] 110.184.62.139 /Master/Login/index
INFO: [ app_init ] --START--
INFO: Run Behavior\BuildLiteBehavior [ RunTime:0.000000s ]
INFO: [ app_init ] --END-- [ RunTime:0.000000s ]
INFO: [ app_begin ] --START--
INFO: Run Behavior\ReadHtmlCacheBehavior [ RunTime:0.000000s ]
INFO: [ app_begin ] --END-- [ RunTime:0.000000s ]
INFO: [ view_parse ] --START--
INFO: [ template_filter ] --START--
INFO: Run Behavior\ContentReplaceBehavior [ RunTime:0.000000s ]
INFO: [ template_filter ] --END-- [ RunTime:0.000000s ]
INFO: Run Behavior\ParseTemplateBehavior [ RunTime:0.015625s ]
INFO: [ view_parse ] --END-- [ RunTime:0.015625s ]
INFO: [ view_filter ] --START--
INFO: Run Behavior\WriteHtmlCacheBehavior [ RunTime:0.000000s ]
INFO: [ view_filter ] --END-- [ RunTime:0.000000s ]
INFO: [ app_end ] --START--
INFO: Run Behavior\ShowPageTraceBehavior [ RunTime:0.000000s ]
INFO: [ app_end ] --END-- [ RunTime:0.000000s ]

[ 2017-06-01T10:49:57+08:00 ] 110.184.62.139 /index.php/Master/Login/verify.html
INFO: [ app_init ] --START--
INFO: Run Behavior\BuildLiteBehavior [ RunTime:0.000000s ]
INFO: [ app_init ] --END-- [ RunTime:0.000000s ]
INFO: [ app_begin ] --START--
INFO: Run Behavior\ReadHtmlCacheBehavior [ RunTime:0.000000s ]
INFO: [ app_begin ] --END-- [ RunTime:0.000000s ]
INFO: [ app_end ] --START--
INFO: Run Behavior\ShowPageTraceBehavior [ RunTime:0.000000s ]
INFO: [ app_end ] --END-- [ RunTime:0.000000s ]

