[ 2017-03-21T09:14:50+08:00 ] 110.184.61.85 /favicon.ico
INFO: [ app_init ] --START--
INFO: Run Behavior\BuildLiteBehavior [ RunTime:0.000000s ]
INFO: [ app_init ] --END-- [ RunTime:0.000000s ]
ERR: 无法加载模块:Favicon

[ 2017-03-21T09:15:20+08:00 ] 110.184.61.85 /gg_bd_ad_720x90.js
INFO: [ app_init ] --START--
INFO: Run Behavior\BuildLiteBehavior [ RunTime:0.000000s ]
INFO: [ app_init ] --END-- [ RunTime:0.000000s ]
ERR: 无法加载模块:Gg_bd_ad_720x90

[ 2017-03-21T09:15:20+08:00 ] 110.184.61.85 /follow.js
INFO: [ app_init ] --START--
INFO: Run Behavior\BuildLiteBehavior [ RunTime:0.000000s ]
INFO: [ app_init ] --END-- [ RunTime:0.000000s ]
ERR: 无法加载模块:Follow

[ 2017-03-21T09:15:20+08:00 ] 110.184.61.85 /gg_bd_ad_720x90.js
INFO: [ app_init ] --START--
INFO: Run Behavior\BuildLiteBehavior [ RunTime:0.000000s ]
INFO: [ app_init ] --END-- [ RunTime:0.000000s ]
ERR: 无法加载模块:Gg_bd_ad_720x90

[ 2017-03-21T09:15:20+08:00 ] 110.184.61.85 /follow.js
INFO: [ app_init ] --START--
INFO: Run Behavior\BuildLiteBehavior [ RunTime:0.000000s ]
INFO: [ app_init ] --END-- [ RunTime:0.000000s ]
ERR: 无法加载模块:Follow

[ 2017-03-21T09:15:20+08:00 ] 110.184.61.85 /gg_bd_ad_720x90.js?_=1490058919582
INFO: [ app_init ] --START--
INFO: Run Behavior\BuildLiteBehavior [ RunTime:0.000000s ]
INFO: [ app_init ] --END-- [ RunTime:0.000000s ]
ERR: 无法加载模块:Gg_bd_ad_720x90

[ 2017-03-21T09:15:20+08:00 ] 110.184.61.85 /follow.js?_=1490058919682
INFO: [ app_init ] --START--
INFO: Run Behavior\BuildLiteBehavior [ RunTime:0.000000s ]
INFO: [ app_init ] --END-- [ RunTime:0.015625s ]
ERR: 无法加载模块:Follow

[ 2017-03-21T09:22:32+08:00 ] 110.184.61.85 /gg_bd_ad_720x90.js
INFO: [ app_init ] --START--
INFO: Run Behavior\BuildLiteBehavior [ RunTime:0.000000s ]
INFO: [ app_init ] --END-- [ RunTime:0.000000s ]
ERR: 无法加载模块:Gg_bd_ad_720x90

[ 2017-03-21T09:22:32+08:00 ] 110.184.61.85 /follow.js
INFO: [ app_init ] --START--
INFO: Run Behavior\BuildLiteBehavior [ RunTime:0.000000s ]
INFO: [ app_init ] --END-- [ RunTime:0.000000s ]
ERR: 无法加载模块:Follow

[ 2017-03-21T09:22:32+08:00 ] 110.184.61.85 /follow.js
INFO: [ app_init ] --START--
INFO: Run Behavior\BuildLiteBehavior [ RunTime:0.000000s ]
INFO: [ app_init ] --END-- [ RunTime:0.000000s ]
ERR: 无法加载模块:Follow

[ 2017-03-21T09:22:32+08:00 ] 110.184.61.85 /gg_bd_ad_720x90.js
INFO: [ app_init ] --START--
INFO: Run Behavior\BuildLiteBehavior [ RunTime:0.000000s ]
INFO: [ app_init ] --END-- [ RunTime:0.000000s ]
ERR: 无法加载模块:Gg_bd_ad_720x90

[ 2017-03-21T09:22:32+08:00 ] 110.184.61.85 /gg_bd_ad_720x90.js
INFO: [ app_init ] --START--
INFO: Run Behavior\BuildLiteBehavior [ RunTime:0.000000s ]
INFO: [ app_init ] --END-- [ RunTime:0.000000s ]
ERR: 无法加载模块:Gg_bd_ad_720x90

[ 2017-03-21T09:22:33+08:00 ] 110.184.61.85 /follow.js
INFO: [ app_init ] --START--
INFO: Run Behavior\BuildLiteBehavior [ RunTime:0.000000s ]
INFO: [ app_init ] --END-- [ RunTime:0.000000s ]
ERR: 无法加载模块:Follow

[ 2017-03-21T09:22:33+08:00 ] 110.184.61.85 /gg_bd_ad_720x90.js?_=1490059352331
INFO: [ app_init ] --START--
INFO: Run Behavior\BuildLiteBehavior [ RunTime:0.000000s ]
INFO: [ app_init ] --END-- [ RunTime:0.000000s ]
ERR: 无法加载模块:Gg_bd_ad_720x90

[ 2017-03-21T09:22:33+08:00 ] 110.184.61.85 /follow.js?_=1490059352368
INFO: [ app_init ] --START--
INFO: Run Behavior\BuildLiteBehavior [ RunTime:0.000000s ]
INFO: [ app_init ] --END-- [ RunTime:0.000000s ]
ERR: 无法加载模块:Follow

[ 2017-03-21T09:23:00+08:00 ] 110.184.61.85 /gg_bd_ad_720x90.js
INFO: [ app_init ] --START--
INFO: Run Behavior\BuildLiteBehavior [ RunTime:0.000000s ]
INFO: [ app_init ] --END-- [ RunTime:0.000000s ]
ERR: 无法加载模块:Gg_bd_ad_720x90

[ 2017-03-21T09:23:00+08:00 ] 110.184.61.85 /follow.js
INFO: [ app_init ] --START--
INFO: Run Behavior\BuildLiteBehavior [ RunTime:0.000000s ]
INFO: [ app_init ] --END-- [ RunTime:0.000000s ]
ERR: 无法加载模块:Follow

[ 2017-03-21T09:23:01+08:00 ] 110.184.61.85 /gg_bd_ad_720x90.js
INFO: [ app_init ] --START--
INFO: Run Behavior\BuildLiteBehavior [ RunTime:0.000000s ]
INFO: [ app_init ] --END-- [ RunTime:0.000000s ]
ERR: 无法加载模块:Gg_bd_ad_720x90

[ 2017-03-21T09:23:01+08:00 ] 110.184.61.85 /follow.js
INFO: [ app_init ] --START--
INFO: Run Behavior\BuildLiteBehavior [ RunTime:0.000000s ]
INFO: [ app_init ] --END-- [ RunTime:0.000000s ]
ERR: 无法加载模块:Follow

[ 2017-03-21T09:23:01+08:00 ] 110.184.61.85 /gg_bd_ad_720x90.js?_=1490059380370
INFO: [ app_init ] --START--
INFO: Run Behavior\BuildLiteBehavior [ RunTime:0.000000s ]
INFO: [ app_init ] --END-- [ RunTime:0.000000s ]
ERR: 无法加载模块:Gg_bd_ad_720x90

[ 2017-03-21T09:23:01+08:00 ] 110.184.61.85 /follow.js?_=1490059380414
INFO: [ app_init ] --START--
INFO: Run Behavior\BuildLiteBehavior [ RunTime:0.000000s ]
INFO: [ app_init ] --END-- [ RunTime:0.000000s ]
ERR: 无法加载模块:Follow

[ 2017-03-21T09:23:02+08:00 ] 110.184.61.85 /follow.js
INFO: [ app_init ] --START--
INFO: Run Behavior\BuildLiteBehavior [ RunTime:0.000000s ]
INFO: [ app_init ] --END-- [ RunTime:0.000000s ]
ERR: 无法加载模块:Follow

[ 2017-03-21T09:23:02+08:00 ] 110.184.61.85 /gg_bd_ad_720x90.js
INFO: [ app_init ] --START--
INFO: Run Behavior\BuildLiteBehavior [ RunTime:0.000000s ]
INFO: [ app_init ] --END-- [ RunTime:0.000000s ]
ERR: 无法加载模块:Gg_bd_ad_720x90

[ 2017-03-21T09:23:02+08:00 ] 110.184.61.85 /gg_bd_ad_720x90.js
INFO: [ app_init ] --START--
INFO: Run Behavior\BuildLiteBehavior [ RunTime:0.000000s ]
INFO: [ app_init ] --END-- [ RunTime:0.000000s ]
ERR: 无法加载模块:Gg_bd_ad_720x90

[ 2017-03-21T09:23:02+08:00 ] 110.184.61.85 /follow.js
INFO: [ app_init ] --START--
INFO: Run Behavior\BuildLiteBehavior [ RunTime:0.000000s ]
INFO: [ app_init ] --END-- [ RunTime:0.000000s ]
ERR: 无法加载模块:Follow

[ 2017-03-21T09:23:02+08:00 ] 110.184.61.85 /gg_bd_ad_720x90.js?_=1490059381596
INFO: [ app_init ] --START--
INFO: Run Behavior\BuildLiteBehavior [ RunTime:0.000000s ]
INFO: [ app_init ] --END-- [ RunTime:0.000000s ]
ERR: 无法加载模块:Gg_bd_ad_720x90

[ 2017-03-21T09:23:02+08:00 ] 110.184.61.85 /follow.js?_=1490059381634
INFO: [ app_init ] --START--
INFO: Run Behavior\BuildLiteBehavior [ RunTime:0.000000s ]
INFO: [ app_init ] --END-- [ RunTime:0.000000s ]
ERR: 无法加载模块:Follow

[ 2017-03-21T09:23:07+08:00 ] 110.184.61.85 /gg_bd_ad_720x90.js
INFO: [ app_init ] --START--
INFO: Run Behavior\BuildLiteBehavior [ RunTime:0.000000s ]
INFO: [ app_init ] --END-- [ RunTime:0.000000s ]
ERR: 无法加载模块:Gg_bd_ad_720x90

[ 2017-03-21T09:23:07+08:00 ] 110.184.61.85 /follow.js
INFO: [ app_init ] --START--
INFO: Run Behavior\BuildLiteBehavior [ RunTime:0.000000s ]
INFO: [ app_init ] --END-- [ RunTime:0.000000s ]
ERR: 无法加载模块:Follow

[ 2017-03-21T09:23:07+08:00 ] 110.184.61.85 /gg_bd_ad_720x90.js
INFO: [ app_init ] --START--
INFO: Run Behavior\BuildLiteBehavior [ RunTime:0.000000s ]
INFO: [ app_init ] --END-- [ RunTime:0.000000s ]
ERR: 无法加载模块:Gg_bd_ad_720x90

[ 2017-03-21T09:23:07+08:00 ] 110.184.61.85 /follow.js
INFO: [ app_init ] --START--
INFO: Run Behavior\BuildLiteBehavior [ RunTime:0.000000s ]
INFO: [ app_init ] --END-- [ RunTime:0.000000s ]
ERR: 无法加载模块:Follow

[ 2017-03-21T09:23:07+08:00 ] 110.184.61.85 /gg_bd_ad_720x90.js?_=1490059386895
INFO: [ app_init ] --START--
INFO: Run Behavior\BuildLiteBehavior [ RunTime:0.000000s ]
INFO: [ app_init ] --END-- [ RunTime:0.000000s ]
ERR: 无法加载模块:Gg_bd_ad_720x90

[ 2017-03-21T09:23:07+08:00 ] 110.184.61.85 /follow.js?_=1490059386944
INFO: [ app_init ] --START--
INFO: Run Behavior\BuildLiteBehavior [ RunTime:0.000000s ]
INFO: [ app_init ] --END-- [ RunTime:0.015625s ]
ERR: 无法加载模块:Follow

[ 2017-03-21T09:23:12+08:00 ] 110.184.61.85 /gg_bd_ad_720x90.js
INFO: [ app_init ] --START--
INFO: Run Behavior\BuildLiteBehavior [ RunTime:0.000000s ]
INFO: [ app_init ] --END-- [ RunTime:0.000000s ]
ERR: 无法加载模块:Gg_bd_ad_720x90

[ 2017-03-21T09:23:12+08:00 ] 110.184.61.85 /follow.js
INFO: [ app_init ] --START--
INFO: Run Behavior\BuildLiteBehavior [ RunTime:0.000000s ]
INFO: [ app_init ] --END-- [ RunTime:0.000000s ]
ERR: 无法加载模块:Follow

[ 2017-03-21T09:23:12+08:00 ] 110.184.61.85 /gg_bd_ad_720x90.js
INFO: [ app_init ] --START--
INFO: Run Behavior\BuildLiteBehavior [ RunTime:0.000000s ]
INFO: [ app_init ] --END-- [ RunTime:0.000000s ]
ERR: 无法加载模块:Gg_bd_ad_720x90

[ 2017-03-21T09:23:12+08:00 ] 110.184.61.85 /follow.js
INFO: [ app_init ] --START--
INFO: Run Behavior\BuildLiteBehavior [ RunTime:0.000000s ]
INFO: [ app_init ] --END-- [ RunTime:0.000000s ]
ERR: 无法加载模块:Follow

[ 2017-03-21T09:23:12+08:00 ] 110.184.61.85 /gg_bd_ad_720x90.js?_=1490059392120
INFO: [ app_init ] --START--
INFO: Run Behavior\BuildLiteBehavior [ RunTime:0.000000s ]
INFO: [ app_init ] --END-- [ RunTime:0.000000s ]
ERR: 无法加载模块:Gg_bd_ad_720x90

[ 2017-03-21T09:23:12+08:00 ] 110.184.61.85 /follow.js?_=1490059392174
INFO: [ app_init ] --START--
INFO: Run Behavior\BuildLiteBehavior [ RunTime:0.000000s ]
INFO: [ app_init ] --END-- [ RunTime:0.000000s ]
ERR: 无法加载模块:Follow

[ 2017-03-21T09:23:13+08:00 ] 110.184.61.85 /gg_bd_ad_720x90.js
INFO: [ app_init ] --START--
INFO: Run Behavior\BuildLiteBehavior [ RunTime:0.000000s ]
INFO: [ app_init ] --END-- [ RunTime:0.000000s ]
ERR: 无法加载模块:Gg_bd_ad_720x90

[ 2017-03-21T09:23:13+08:00 ] 110.184.61.85 /follow.js
INFO: [ app_init ] --START--
INFO: Run Behavior\BuildLiteBehavior [ RunTime:0.000000s ]
INFO: [ app_init ] --END-- [ RunTime:0.000000s ]
ERR: 无法加载模块:Follow

[ 2017-03-21T09:23:13+08:00 ] 110.184.61.85 /gg_bd_ad_720x90.js
INFO: [ app_init ] --START--
INFO: Run Behavior\BuildLiteBehavior [ RunTime:0.000000s ]
INFO: [ app_init ] --END-- [ RunTime:0.000000s ]
ERR: 无法加载模块:Gg_bd_ad_720x90

[ 2017-03-21T09:23:13+08:00 ] 110.184.61.85 /follow.js
INFO: [ app_init ] --START--
INFO: Run Behavior\BuildLiteBehavior [ RunTime:0.000000s ]
INFO: [ app_init ] --END-- [ RunTime:0.000000s ]
ERR: 无法加载模块:Follow

[ 2017-03-21T09:23:13+08:00 ] 110.184.61.85 /gg_bd_ad_720x90.js?_=1490059392778
INFO: [ app_init ] --START--
INFO: Run Behavior\BuildLiteBehavior [ RunTime:0.000000s ]
INFO: [ app_init ] --END-- [ RunTime:0.000000s ]
ERR: 无法加载模块:Gg_bd_ad_720x90

[ 2017-03-21T09:23:13+08:00 ] 110.184.61.85 /follow.js?_=1490059392833
INFO: [ app_init ] --START--
INFO: Run Behavior\BuildLiteBehavior [ RunTime:0.000000s ]
INFO: [ app_init ] --END-- [ RunTime:0.000000s ]
ERR: 无法加载模块:Follow

[ 2017-03-21T09:23:37+08:00 ] 110.184.61.85 /follow.js
INFO: [ app_init ] --START--
INFO: Run Behavior\BuildLiteBehavior [ RunTime:0.000000s ]
INFO: [ app_init ] --END-- [ RunTime:0.000000s ]
ERR: 无法加载模块:Follow

[ 2017-03-21T09:23:37+08:00 ] 110.184.61.85 /gg_bd_ad_720x90.js
INFO: [ app_init ] --START--
INFO: Run Behavior\BuildLiteBehavior [ RunTime:0.000000s ]
INFO: [ app_init ] --END-- [ RunTime:0.000000s ]
ERR: 无法加载模块:Gg_bd_ad_720x90

[ 2017-03-21T09:23:37+08:00 ] 110.184.61.85 /follow.js
INFO: [ app_init ] --START--
INFO: Run Behavior\BuildLiteBehavior [ RunTime:0.000000s ]
INFO: [ app_init ] --END-- [ RunTime:0.015625s ]
ERR: 无法加载模块:Follow

[ 2017-03-21T09:23:37+08:00 ] 110.184.61.85 /gg_bd_ad_720x90.js?_=1490059416529
INFO: [ app_init ] --START--
INFO: Run Behavior\BuildLiteBehavior [ RunTime:0.000000s ]
INFO: [ app_init ] --END-- [ RunTime:0.000000s ]
ERR: 无法加载模块:Gg_bd_ad_720x90

[ 2017-03-21T09:23:37+08:00 ] 110.184.61.85 /follow.js?_=1490059416590
INFO: [ app_init ] --START--
INFO: Run Behavior\BuildLiteBehavior [ RunTime:0.000000s ]
INFO: [ app_init ] --END-- [ RunTime:0.000000s ]
ERR: 无法加载模块:Follow

[ 2017-03-21T09:23:41+08:00 ] 110.184.61.85 /gg_bd_ad_720x90.js
INFO: [ app_init ] --START--
INFO: Run Behavior\BuildLiteBehavior [ RunTime:0.000000s ]
INFO: [ app_init ] --END-- [ RunTime:0.000000s ]
ERR: 无法加载模块:Gg_bd_ad_720x90

[ 2017-03-21T09:23:41+08:00 ] 110.184.61.85 /follow.js
INFO: [ app_init ] --START--
INFO: Run Behavior\BuildLiteBehavior [ RunTime:0.000000s ]
INFO: [ app_init ] --END-- [ RunTime:0.000000s ]
ERR: 无法加载模块:Follow

[ 2017-03-21T09:23:41+08:00 ] 110.184.61.85 /gg_bd_ad_720x90.js?_=1490059420408
INFO: [ app_init ] --START--
INFO: Run Behavior\BuildLiteBehavior [ RunTime:0.000000s ]
INFO: [ app_init ] --END-- [ RunTime:0.000000s ]
ERR: 无法加载模块:Gg_bd_ad_720x90

[ 2017-03-21T09:23:41+08:00 ] 110.184.61.85 /follow.js?_=1490059420479
INFO: [ app_init ] --START--
INFO: Run Behavior\BuildLiteBehavior [ RunTime:0.000000s ]
INFO: [ app_init ] --END-- [ RunTime:0.000000s ]
ERR: 无法加载模块:Follow

[ 2017-03-21T09:23:41+08:00 ] 110.184.61.85 /gg_bd_ad_720x90.js
INFO: [ app_init ] --START--
INFO: Run Behavior\BuildLiteBehavior [ RunTime:0.000000s ]
INFO: [ app_init ] --END-- [ RunTime:0.000000s ]
ERR: 无法加载模块:Gg_bd_ad_720x90

[ 2017-03-21T09:23:41+08:00 ] 110.184.61.85 /follow.js
INFO: [ app_init ] --START--
INFO: Run Behavior\BuildLiteBehavior [ RunTime:0.000000s ]
INFO: [ app_init ] --END-- [ RunTime:0.000000s ]
ERR: 无法加载模块:Follow

[ 2017-03-21T09:23:42+08:00 ] 110.184.61.85 /gg_bd_ad_720x90.js
INFO: [ app_init ] --START--
INFO: Run Behavior\BuildLiteBehavior [ RunTime:0.000000s ]
INFO: [ app_init ] --END-- [ RunTime:0.000000s ]
ERR: 无法加载模块:Gg_bd_ad_720x90

[ 2017-03-21T09:23:42+08:00 ] 110.184.61.85 /follow.js
INFO: [ app_init ] --START--
INFO: Run Behavior\BuildLiteBehavior [ RunTime:0.000000s ]
INFO: [ app_init ] --END-- [ RunTime:0.000000s ]
ERR: 无法加载模块:Follow

[ 2017-03-21T09:23:42+08:00 ] 110.184.61.85 /gg_bd_ad_720x90.js?_=1490059421461
INFO: [ app_init ] --START--
INFO: Run Behavior\BuildLiteBehavior [ RunTime:0.000000s ]
INFO: [ app_init ] --END-- [ RunTime:0.000000s ]
ERR: 无法加载模块:Gg_bd_ad_720x90

[ 2017-03-21T09:23:42+08:00 ] 110.184.61.85 /follow.js?_=1490059421534
INFO: [ app_init ] --START--
INFO: Run Behavior\BuildLiteBehavior [ RunTime:0.000000s ]
INFO: [ app_init ] --END-- [ RunTime:0.000000s ]
ERR: 无法加载模块:Follow

[ 2017-03-21T09:23:47+08:00 ] 110.184.61.85 /gg_bd_ad_720x90.js
INFO: [ app_init ] --START--
INFO: Run Behavior\BuildLiteBehavior [ RunTime:0.000000s ]
INFO: [ app_init ] --END-- [ RunTime:0.000000s ]
ERR: 无法加载模块:Gg_bd_ad_720x90

[ 2017-03-21T09:23:47+08:00 ] 110.184.61.85 /follow.js
INFO: [ app_init ] --START--
INFO: Run Behavior\BuildLiteBehavior [ RunTime:0.000000s ]
INFO: [ app_init ] --END-- [ RunTime:0.000000s ]
ERR: 无法加载模块:Follow

[ 2017-03-21T09:23:47+08:00 ] 110.184.61.85 /gg_bd_ad_720x90.js
INFO: [ app_init ] --START--
INFO: Run Behavior\BuildLiteBehavior [ RunTime:0.000000s ]
INFO: [ app_init ] --END-- [ RunTime:0.000000s ]
ERR: 无法加载模块:Gg_bd_ad_720x90

[ 2017-03-21T09:23:47+08:00 ] 110.184.61.85 /follow.js
INFO: [ app_init ] --START--
INFO: Run Behavior\BuildLiteBehavior [ RunTime:0.000000s ]
INFO: [ app_init ] --END-- [ RunTime:0.000000s ]
ERR: 无法加载模块:Follow

[ 2017-03-21T09:23:47+08:00 ] 110.184.61.85 /gg_bd_ad_720x90.js?_=1490059426811
INFO: [ app_init ] --START--
INFO: Run Behavior\BuildLiteBehavior [ RunTime:0.000000s ]
INFO: [ app_init ] --END-- [ RunTime:0.000000s ]
ERR: 无法加载模块:Gg_bd_ad_720x90

[ 2017-03-21T09:23:47+08:00 ] 110.184.61.85 /follow.js?_=1490059426864
INFO: [ app_init ] --START--
INFO: Run Behavior\BuildLiteBehavior [ RunTime:0.000000s ]
INFO: [ app_init ] --END-- [ RunTime:0.000000s ]
ERR: 无法加载模块:Follow

[ 2017-03-21T09:25:07+08:00 ] 110.184.61.85 /gg_bd_ad_720x90.js
INFO: [ app_init ] --START--
INFO: Run Behavior\BuildLiteBehavior [ RunTime:0.000000s ]
INFO: [ app_init ] --END-- [ RunTime:0.000000s ]
ERR: 无法加载模块:Gg_bd_ad_720x90

[ 2017-03-21T09:25:07+08:00 ] 110.184.61.85 /follow.js
INFO: [ app_init ] --START--
INFO: Run Behavior\BuildLiteBehavior [ RunTime:0.000000s ]
INFO: [ app_init ] --END-- [ RunTime:0.000000s ]
ERR: 无法加载模块:Follow

[ 2017-03-21T09:25:07+08:00 ] 110.184.61.85 /gg_bd_ad_720x90.js
INFO: [ app_init ] --START--
INFO: Run Behavior\BuildLiteBehavior [ RunTime:0.000000s ]
INFO: [ app_init ] --END-- [ RunTime:0.000000s ]
ERR: 无法加载模块:Gg_bd_ad_720x90

[ 2017-03-21T09:25:07+08:00 ] 110.184.61.85 /follow.js
INFO: [ app_init ] --START--
INFO: Run Behavior\BuildLiteBehavior [ RunTime:0.000000s ]
INFO: [ app_init ] --END-- [ RunTime:0.000000s ]
ERR: 无法加载模块:Follow

[ 2017-03-21T09:25:07+08:00 ] 110.184.61.85 /gg_bd_ad_720x90.js?_=1490059506619
INFO: [ app_init ] --START--
INFO: Run Behavior\BuildLiteBehavior [ RunTime:0.000000s ]
INFO: [ app_init ] --END-- [ RunTime:0.000000s ]
ERR: 无法加载模块:Gg_bd_ad_720x90

[ 2017-03-21T09:25:07+08:00 ] 110.184.61.85 /follow.js?_=1490059506682
INFO: [ app_init ] --START--
INFO: Run Behavior\BuildLiteBehavior [ RunTime:0.000000s ]
INFO: [ app_init ] --END-- [ RunTime:0.000000s ]
ERR: 无法加载模块:Follow

[ 2017-03-21T10:16:42+08:00 ] 110.184.61.85 /favicon.ico
INFO: [ app_init ] --START--
INFO: Run Behavior\BuildLiteBehavior [ RunTime:0.000000s ]
INFO: [ app_init ] --END-- [ RunTime:0.000000s ]
ERR: 无法加载模块:Favicon

[ 2017-03-21T10:18:51+08:00 ] 110.184.61.85 /gg_bd_ad_720x90.js
INFO: [ app_init ] --START--
INFO: Run Behavior\BuildLiteBehavior [ RunTime:0.000000s ]
INFO: [ app_init ] --END-- [ RunTime:0.000000s ]
ERR: 无法加载模块:Gg_bd_ad_720x90

[ 2017-03-21T10:18:51+08:00 ] 110.184.61.85 /follow.js
INFO: [ app_init ] --START--
INFO: Run Behavior\BuildLiteBehavior [ RunTime:0.000000s ]
INFO: [ app_init ] --END-- [ RunTime:0.000000s ]
ERR: 无法加载模块:Follow

[ 2017-03-21T10:18:51+08:00 ] 110.184.61.85 /gg_bd_ad_720x90.js
INFO: [ app_init ] --START--
INFO: Run Behavior\BuildLiteBehavior [ RunTime:0.000000s ]
INFO: [ app_init ] --END-- [ RunTime:0.000000s ]
ERR: 无法加载模块:Gg_bd_ad_720x90

[ 2017-03-21T10:18:51+08:00 ] 110.184.61.85 /follow.js
INFO: [ app_init ] --START--
INFO: Run Behavior\BuildLiteBehavior [ RunTime:0.000000s ]
INFO: [ app_init ] --END-- [ RunTime:0.000000s ]
ERR: 无法加载模块:Follow

[ 2017-03-21T10:18:51+08:00 ] 110.184.61.85 /gg_bd_ad_720x90.js?_=1490062730648
INFO: [ app_init ] --START--
INFO: Run Behavior\BuildLiteBehavior [ RunTime:0.000000s ]
INFO: [ app_init ] --END-- [ RunTime:0.000000s ]
ERR: 无法加载模块:Gg_bd_ad_720x90

[ 2017-03-21T10:18:51+08:00 ] 110.184.61.85 /follow.js?_=1490062730701
INFO: [ app_init ] --START--
INFO: Run Behavior\BuildLiteBehavior [ RunTime:0.000000s ]
INFO: [ app_init ] --END-- [ RunTime:0.000000s ]
ERR: 无法加载模块:Follow

[ 2017-03-21T10:18:52+08:00 ] 110.184.61.85 /follow.js
INFO: [ app_init ] --START--
INFO: Run Behavior\BuildLiteBehavior [ RunTime:0.000000s ]
INFO: [ app_init ] --END-- [ RunTime:0.000000s ]
ERR: 无法加载模块:Follow

[ 2017-03-21T10:18:52+08:00 ] 110.184.61.85 /gg_bd_ad_720x90.js
INFO: [ app_init ] --START--
INFO: Run Behavior\BuildLiteBehavior [ RunTime:0.000000s ]
INFO: [ app_init ] --END-- [ RunTime:0.000000s ]
ERR: 无法加载模块:Gg_bd_ad_720x90

[ 2017-03-21T10:18:52+08:00 ] 110.184.61.85 /follow.js
INFO: [ app_init ] --START--
INFO: Run Behavior\BuildLiteBehavior [ RunTime:0.000000s ]
INFO: [ app_init ] --END-- [ RunTime:0.000000s ]
ERR: 无法加载模块:Follow

[ 2017-03-21T10:18:52+08:00 ] 110.184.61.85 /gg_bd_ad_720x90.js?_=1490062731727
INFO: [ app_init ] --START--
INFO: Run Behavior\BuildLiteBehavior [ RunTime:0.000000s ]
INFO: [ app_init ] --END-- [ RunTime:0.000000s ]
ERR: 无法加载模块:Gg_bd_ad_720x90

[ 2017-03-21T10:18:52+08:00 ] 110.184.61.85 /follow.js?_=1490062731777
INFO: [ app_init ] --START--
INFO: Run Behavior\BuildLiteBehavior [ RunTime:0.000000s ]
INFO: [ app_init ] --END-- [ RunTime:0.000000s ]
ERR: 无法加载模块:Follow

[ 2017-03-21T10:28:46+08:00 ] 110.184.61.85 /follow.js
INFO: [ app_init ] --START--
INFO: Run Behavior\BuildLiteBehavior [ RunTime:0.000000s ]
INFO: [ app_init ] --END-- [ RunTime:0.000000s ]
ERR: 无法加载模块:Follow

[ 2017-03-21T10:28:46+08:00 ] 110.184.61.85 /gg_bd_ad_720x90.js
INFO: [ app_init ] --START--
INFO: Run Behavior\BuildLiteBehavior [ RunTime:0.000000s ]
INFO: [ app_init ] --END-- [ RunTime:0.000000s ]
ERR: 无法加载模块:Gg_bd_ad_720x90

[ 2017-03-21T10:28:46+08:00 ] 110.184.61.85 /gg_bd_ad_720x90.js
INFO: [ app_init ] --START--
INFO: Run Behavior\BuildLiteBehavior [ RunTime:0.000000s ]
INFO: [ app_init ] --END-- [ RunTime:0.000000s ]
ERR: 无法加载模块:Gg_bd_ad_720x90

[ 2017-03-21T10:28:46+08:00 ] 110.184.61.85 /follow.js
INFO: [ app_init ] --START--
INFO: Run Behavior\BuildLiteBehavior [ RunTime:0.000000s ]
INFO: [ app_init ] --END-- [ RunTime:0.000000s ]
ERR: 无法加载模块:Follow

[ 2017-03-21T10:28:46+08:00 ] 110.184.61.85 /gg_bd_ad_720x90.js?_=1490063326149
INFO: [ app_init ] --START--
INFO: Run Behavior\BuildLiteBehavior [ RunTime:0.000000s ]
INFO: [ app_init ] --END-- [ RunTime:0.000000s ]
ERR: 无法加载模块:Gg_bd_ad_720x90

[ 2017-03-21T10:28:46+08:00 ] 110.184.61.85 /follow.js?_=1490063326201
INFO: [ app_init ] --START--
INFO: Run Behavior\BuildLiteBehavior [ RunTime:0.000000s ]
INFO: [ app_init ] --END-- [ RunTime:0.000000s ]
ERR: 无法加载模块:Follow

[ 2017-03-21T10:29:07+08:00 ] 110.184.61.85 /follow.js
INFO: [ app_init ] --START--
INFO: Run Behavior\BuildLiteBehavior [ RunTime:0.000000s ]
INFO: [ app_init ] --END-- [ RunTime:0.000000s ]
ERR: 无法加载模块:Follow

[ 2017-03-21T10:29:07+08:00 ] 110.184.61.85 /gg_bd_ad_720x90.js
INFO: [ app_init ] --START--
INFO: Run Behavior\BuildLiteBehavior [ RunTime:0.000000s ]
INFO: [ app_init ] --END-- [ RunTime:0.000000s ]
ERR: 无法加载模块:Gg_bd_ad_720x90

[ 2017-03-21T10:29:07+08:00 ] 110.184.61.85 /gg_bd_ad_720x90.js
INFO: [ app_init ] --START--
INFO: Run Behavior\BuildLiteBehavior [ RunTime:0.000000s ]
INFO: [ app_init ] --END-- [ RunTime:0.000000s ]
ERR: 无法加载模块:Gg_bd_ad_720x90

[ 2017-03-21T10:29:07+08:00 ] 110.184.61.85 /follow.js
INFO: [ app_init ] --START--
INFO: Run Behavior\BuildLiteBehavior [ RunTime:0.000000s ]
INFO: [ app_init ] --END-- [ RunTime:0.000000s ]
ERR: 无法加载模块:Follow

[ 2017-03-21T10:29:07+08:00 ] 110.184.61.85 /gg_bd_ad_720x90.js?_=1490063346519
INFO: [ app_init ] --START--
INFO: Run Behavior\BuildLiteBehavior [ RunTime:0.000000s ]
INFO: [ app_init ] --END-- [ RunTime:0.000000s ]
ERR: 无法加载模块:Gg_bd_ad_720x90

[ 2017-03-21T10:29:07+08:00 ] 110.184.61.85 /follow.js?_=1490063346578
INFO: [ app_init ] --START--
INFO: Run Behavior\BuildLiteBehavior [ RunTime:0.000000s ]
INFO: [ app_init ] --END-- [ RunTime:0.000000s ]
ERR: 无法加载模块:Follow

[ 2017-03-21T10:30:08+08:00 ] 110.184.61.85 /follow.js
INFO: [ app_init ] --START--
INFO: Run Behavior\BuildLiteBehavior [ RunTime:0.000000s ]
INFO: [ app_init ] --END-- [ RunTime:0.000000s ]
ERR: 无法加载模块:Follow

[ 2017-03-21T10:30:08+08:00 ] 110.184.61.85 /gg_bd_ad_720x90.js
INFO: [ app_init ] --START--
INFO: Run Behavior\BuildLiteBehavior [ RunTime:0.000000s ]
INFO: [ app_init ] --END-- [ RunTime:0.015625s ]
ERR: 无法加载模块:Gg_bd_ad_720x90

[ 2017-03-21T10:30:08+08:00 ] 110.184.61.85 /gg_bd_ad_720x90.js
INFO: [ app_init ] --START--
INFO: Run Behavior\BuildLiteBehavior [ RunTime:0.000000s ]
INFO: [ app_init ] --END-- [ RunTime:0.000000s ]
ERR: 无法加载模块:Gg_bd_ad_720x90

[ 2017-03-21T10:30:08+08:00 ] 110.184.61.85 /follow.js
INFO: [ app_init ] --START--
INFO: Run Behavior\BuildLiteBehavior [ RunTime:0.000000s ]
INFO: [ app_init ] --END-- [ RunTime:0.000000s ]
ERR: 无法加载模块:Follow

[ 2017-03-21T10:30:08+08:00 ] 110.184.61.85 /gg_bd_ad_720x90.js?_=1490063408049
INFO: [ app_init ] --START--
INFO: Run Behavior\BuildLiteBehavior [ RunTime:0.000000s ]
INFO: [ app_init ] --END-- [ RunTime:0.000000s ]
ERR: 无法加载模块:Gg_bd_ad_720x90

[ 2017-03-21T10:30:08+08:00 ] 110.184.61.85 /follow.js?_=1490063408184
INFO: [ app_init ] --START--
INFO: Run Behavior\BuildLiteBehavior [ RunTime:0.000000s ]
INFO: [ app_init ] --END-- [ RunTime:0.000000s ]
ERR: 无法加载模块:Follow

[ 2017-03-21T10:30:19+08:00 ] 110.184.61.85 /gg_bd_ad_720x90.js
INFO: [ app_init ] --START--
INFO: Run Behavior\BuildLiteBehavior [ RunTime:0.000000s ]
INFO: [ app_init ] --END-- [ RunTime:0.000000s ]
ERR: 无法加载模块:Gg_bd_ad_720x90

[ 2017-03-21T10:30:19+08:00 ] 110.184.61.85 /follow.js
INFO: [ app_init ] --START--
INFO: Run Behavior\BuildLiteBehavior [ RunTime:0.000000s ]
INFO: [ app_init ] --END-- [ RunTime:0.000000s ]
ERR: 无法加载模块:Follow

[ 2017-03-21T10:30:19+08:00 ] 110.184.61.85 /gg_bd_ad_720x90.js
INFO: [ app_init ] --START--
INFO: Run Behavior\BuildLiteBehavior [ RunTime:0.000000s ]
INFO: [ app_init ] --END-- [ RunTime:0.015625s ]
ERR: 无法加载模块:Gg_bd_ad_720x90

[ 2017-03-21T10:30:19+08:00 ] 110.184.61.85 /follow.js
INFO: [ app_init ] --START--
INFO: Run Behavior\BuildLiteBehavior [ RunTime:0.000000s ]
INFO: [ app_init ] --END-- [ RunTime:0.000000s ]
ERR: 无法加载模块:Follow

[ 2017-03-21T10:30:20+08:00 ] 110.184.61.85 /gg_bd_ad_720x90.js?_=1490063419276
INFO: [ app_init ] --START--
INFO: Run Behavior\BuildLiteBehavior [ RunTime:0.000000s ]
INFO: [ app_init ] --END-- [ RunTime:0.000000s ]
ERR: 无法加载模块:Gg_bd_ad_720x90

[ 2017-03-21T10:30:20+08:00 ] 110.184.61.85 /follow.js?_=1490063419322
INFO: [ app_init ] --START--
INFO: Run Behavior\BuildLiteBehavior [ RunTime:0.000000s ]
INFO: [ app_init ] --END-- [ RunTime:0.000000s ]
ERR: 无法加载模块:Follow

[ 2017-03-21T10:31:01+08:00 ] 110.184.61.85 /gg_bd_ad_720x90.js
INFO: [ app_init ] --START--
INFO: Run Behavior\BuildLiteBehavior [ RunTime:0.000000s ]
INFO: [ app_init ] --END-- [ RunTime:0.000000s ]
ERR: 无法加载模块:Gg_bd_ad_720x90

[ 2017-03-21T10:31:01+08:00 ] 110.184.61.85 /follow.js
INFO: [ app_init ] --START--
INFO: Run Behavior\BuildLiteBehavior [ RunTime:0.000000s ]
INFO: [ app_init ] --END-- [ RunTime:0.000000s ]
ERR: 无法加载模块:Follow

[ 2017-03-21T10:31:01+08:00 ] 110.184.61.85 /gg_bd_ad_720x90.js
INFO: [ app_init ] --START--
INFO: Run Behavior\BuildLiteBehavior [ RunTime:0.000000s ]
INFO: [ app_init ] --END-- [ RunTime:0.000000s ]
ERR: 无法加载模块:Gg_bd_ad_720x90

[ 2017-03-21T10:31:01+08:00 ] 110.184.61.85 /follow.js
INFO: [ app_init ] --START--
INFO: Run Behavior\BuildLiteBehavior [ RunTime:0.000000s ]
INFO: [ app_init ] --END-- [ RunTime:0.000000s ]
ERR: 无法加载模块:Follow

[ 2017-03-21T10:31:01+08:00 ] 110.184.61.85 /gg_bd_ad_720x90.js?_=1490063461000
INFO: [ app_init ] --START--
INFO: Run Behavior\BuildLiteBehavior [ RunTime:0.000000s ]
INFO: [ app_init ] --END-- [ RunTime:0.015625s ]
ERR: 无法加载模块:Gg_bd_ad_720x90

[ 2017-03-21T10:31:02+08:00 ] 110.184.61.85 /follow.js?_=1490063461311
INFO: [ app_init ] --START--
INFO: Run Behavior\BuildLiteBehavior [ RunTime:0.000000s ]
INFO: [ app_init ] --END-- [ RunTime:0.000000s ]
ERR: 无法加载模块:Follow

[ 2017-03-21T10:31:15+08:00 ] 110.184.61.85 /follow.js
INFO: [ app_init ] --START--
INFO: Run Behavior\BuildLiteBehavior [ RunTime:0.000000s ]
INFO: [ app_init ] --END-- [ RunTime:0.000000s ]
ERR: 无法加载模块:Follow

[ 2017-03-21T10:31:15+08:00 ] 110.184.61.85 /gg_bd_ad_720x90.js
INFO: [ app_init ] --START--
INFO: Run Behavior\BuildLiteBehavior [ RunTime:0.000000s ]
INFO: [ app_init ] --END-- [ RunTime:0.000000s ]
ERR: 无法加载模块:Gg_bd_ad_720x90

[ 2017-03-21T10:31:15+08:00 ] 110.184.61.85 /gg_bd_ad_720x90.js
INFO: [ app_init ] --START--
INFO: Run Behavior\BuildLiteBehavior [ RunTime:0.000000s ]
INFO: [ app_init ] --END-- [ RunTime:0.000000s ]
ERR: 无法加载模块:Gg_bd_ad_720x90

[ 2017-03-21T10:31:15+08:00 ] 110.184.61.85 /follow.js
INFO: [ app_init ] --START--
INFO: Run Behavior\BuildLiteBehavior [ RunTime:0.000000s ]
INFO: [ app_init ] --END-- [ RunTime:0.000000s ]
ERR: 无法加载模块:Follow

[ 2017-03-21T10:31:15+08:00 ] 110.184.61.85 /gg_bd_ad_720x90.js?_=1490063474997
INFO: [ app_init ] --START--
INFO: Run Behavior\BuildLiteBehavior [ RunTime:0.000000s ]
INFO: [ app_init ] --END-- [ RunTime:0.000000s ]
ERR: 无法加载模块:Gg_bd_ad_720x90

[ 2017-03-21T10:31:15+08:00 ] 110.184.61.85 /follow.js?_=1490063475090
INFO: [ app_init ] --START--
INFO: Run Behavior\BuildLiteBehavior [ RunTime:0.000000s ]
INFO: [ app_init ] --END-- [ RunTime:0.000000s ]
ERR: 无法加载模块:Follow

[ 2017-03-21T10:31:27+08:00 ] 110.184.61.85 /follow.js
INFO: [ app_init ] --START--
INFO: Run Behavior\BuildLiteBehavior [ RunTime:0.000000s ]
INFO: [ app_init ] --END-- [ RunTime:0.000000s ]
ERR: 无法加载模块:Follow

[ 2017-03-21T10:31:27+08:00 ] 110.184.61.85 /gg_bd_ad_720x90.js
INFO: [ app_init ] --START--
INFO: Run Behavior\BuildLiteBehavior [ RunTime:0.000000s ]
INFO: [ app_init ] --END-- [ RunTime:0.000000s ]
ERR: 无法加载模块:Gg_bd_ad_720x90

[ 2017-03-21T10:31:27+08:00 ] 110.184.61.85 /gg_bd_ad_720x90.js
INFO: [ app_init ] --START--
INFO: Run Behavior\BuildLiteBehavior [ RunTime:0.000000s ]
INFO: [ app_init ] --END-- [ RunTime:0.000000s ]
ERR: 无法加载模块:Gg_bd_ad_720x90

[ 2017-03-21T10:31:27+08:00 ] 110.184.61.85 /follow.js
INFO: [ app_init ] --START--
INFO: Run Behavior\BuildLiteBehavior [ RunTime:0.000000s ]
INFO: [ app_init ] --END-- [ RunTime:0.000000s ]
ERR: 无法加载模块:Follow

[ 2017-03-21T10:31:27+08:00 ] 110.184.61.85 /gg_bd_ad_720x90.js?_=1490063486600
INFO: [ app_init ] --START--
INFO: Run Behavior\BuildLiteBehavior [ RunTime:0.000000s ]
INFO: [ app_init ] --END-- [ RunTime:0.000000s ]
ERR: 无法加载模块:Gg_bd_ad_720x90

[ 2017-03-21T10:31:27+08:00 ] 110.184.61.85 /follow.js?_=1490063486671
INFO: [ app_init ] --START--
INFO: Run Behavior\BuildLiteBehavior [ RunTime:0.000000s ]
INFO: [ app_init ] --END-- [ RunTime:0.000000s ]
ERR: 无法加载模块:Follow

