[ 2017-03-20T18:44:57+08:00 ] 110.184.61.85 /favicon.ico
INFO: [ app_init ] --START--
INFO: Run Behavior\BuildLiteBehavior [ RunTime:0.000000s ]
INFO: [ app_init ] --END-- [ RunTime:0.000000s ]
ERR: 无法加载模块:Favicon

[ 2017-03-20T18:45:02+08:00 ] 110.184.61.85 /favicon.ico
INFO: [ app_init ] --START--
INFO: Run Behavior\BuildLiteBehavior [ RunTime:0.000000s ]
INFO: [ app_init ] --END-- [ RunTime:0.000000s ]
ERR: 无法加载模块:Favicon

[ 2017-03-20T18:46:02+08:00 ] 110.184.61.85 /gg_bd_ad_720x90.js
INFO: [ app_init ] --START--
INFO: Run Behavior\BuildLiteBehavior [ RunTime:0.000000s ]
INFO: [ app_init ] --END-- [ RunTime:0.000000s ]
ERR: 无法加载模块:Gg_bd_ad_720x90

[ 2017-03-20T18:46:02+08:00 ] 110.184.61.85 /follow.js
INFO: [ app_init ] --START--
INFO: Run Behavior\BuildLiteBehavior [ RunTime:0.000000s ]
INFO: [ app_init ] --END-- [ RunTime:0.000000s ]
ERR: 无法加载模块:Follow

[ 2017-03-20T18:46:03+08:00 ] 110.184.61.85 /gg_bd_ad_720x90.js?_=1490006761954
INFO: [ app_init ] --START--
INFO: Run Behavior\BuildLiteBehavior [ RunTime:0.000000s ]
INFO: [ app_init ] --END-- [ RunTime:0.000000s ]
ERR: 无法加载模块:Gg_bd_ad_720x90

[ 2017-03-20T18:46:03+08:00 ] 110.184.61.85 /follow.js?_=1490006761991
INFO: [ app_init ] --START--
INFO: Run Behavior\BuildLiteBehavior [ RunTime:0.000000s ]
INFO: [ app_init ] --END-- [ RunTime:0.000000s ]
ERR: 无法加载模块:Follow

[ 2017-03-20T18:46:04+08:00 ] 110.184.61.85 /follow.js
INFO: [ app_init ] --START--
INFO: Run Behavior\BuildLiteBehavior [ RunTime:0.000000s ]
INFO: [ app_init ] --END-- [ RunTime:0.000000s ]
ERR: 无法加载模块:Follow

[ 2017-03-20T18:46:04+08:00 ] 110.184.61.85 /gg_bd_ad_720x90.js
INFO: [ app_init ] --START--
INFO: Run Behavior\BuildLiteBehavior [ RunTime:0.000000s ]
INFO: [ app_init ] --END-- [ RunTime:0.000000s ]
ERR: 无法加载模块:Gg_bd_ad_720x90

[ 2017-03-20T18:46:04+08:00 ] 110.184.61.85 /gg_bd_ad_720x90.js?_=1490006763421
INFO: [ app_init ] --START--
INFO: Run Behavior\BuildLiteBehavior [ RunTime:0.000000s ]
INFO: [ app_init ] --END-- [ RunTime:0.000000s ]
ERR: 无法加载模块:Gg_bd_ad_720x90

[ 2017-03-20T18:46:04+08:00 ] 110.184.61.85 /follow.js?_=1490006763452
INFO: [ app_init ] --START--
INFO: Run Behavior\BuildLiteBehavior [ RunTime:0.000000s ]
INFO: [ app_init ] --END-- [ RunTime:0.000000s ]
ERR: 无法加载模块:Follow

[ 2017-03-20T18:46:07+08:00 ] 110.184.61.85 /follow.js
INFO: [ app_init ] --START--
INFO: Run Behavior\BuildLiteBehavior [ RunTime:0.000000s ]
INFO: [ app_init ] --END-- [ RunTime:0.000000s ]
ERR: 无法加载模块:Follow

[ 2017-03-20T18:46:07+08:00 ] 110.184.61.85 /gg_bd_ad_720x90.js
INFO: [ app_init ] --START--
INFO: Run Behavior\BuildLiteBehavior [ RunTime:0.000000s ]
INFO: [ app_init ] --END-- [ RunTime:0.000000s ]
ERR: 无法加载模块:Gg_bd_ad_720x90

[ 2017-03-20T18:46:07+08:00 ] 110.184.61.85 /gg_bd_ad_720x90.js?_=1490006766271
INFO: [ app_init ] --START--
INFO: Run Behavior\BuildLiteBehavior [ RunTime:0.000000s ]
INFO: [ app_init ] --END-- [ RunTime:0.000000s ]
ERR: 无法加载模块:Gg_bd_ad_720x90

[ 2017-03-20T18:46:07+08:00 ] 110.184.61.85 /follow.js?_=1490006766302
INFO: [ app_init ] --START--
INFO: Run Behavior\BuildLiteBehavior [ RunTime:0.000000s ]
INFO: [ app_init ] --END-- [ RunTime:0.000000s ]
ERR: 无法加载模块:Follow

[ 2017-03-20T18:46:08+08:00 ] 110.184.61.85 /follow.js
INFO: [ app_init ] --START--
INFO: Run Behavior\BuildLiteBehavior [ RunTime:0.000000s ]
INFO: [ app_init ] --END-- [ RunTime:0.000000s ]
ERR: 无法加载模块:Follow

[ 2017-03-20T18:46:08+08:00 ] 110.184.61.85 /gg_bd_ad_720x90.js
INFO: [ app_init ] --START--
INFO: Run Behavior\BuildLiteBehavior [ RunTime:0.000000s ]
INFO: [ app_init ] --END-- [ RunTime:0.000000s ]
ERR: 无法加载模块:Gg_bd_ad_720x90

[ 2017-03-20T18:46:08+08:00 ] 110.184.61.85 /gg_bd_ad_720x90.js?_=1490006767188
INFO: [ app_init ] --START--
INFO: Run Behavior\BuildLiteBehavior [ RunTime:0.000000s ]
INFO: [ app_init ] --END-- [ RunTime:0.000000s ]
ERR: 无法加载模块:Gg_bd_ad_720x90

[ 2017-03-20T18:46:08+08:00 ] 110.184.61.85 /follow.js?_=1490006767225
INFO: [ app_init ] --START--
INFO: Run Behavior\BuildLiteBehavior [ RunTime:0.000000s ]
INFO: [ app_init ] --END-- [ RunTime:0.000000s ]
ERR: 无法加载模块:Follow

[ 2017-03-20T18:46:46+08:00 ] 110.184.61.85 /gg_bd_ad_720x90.js
INFO: [ app_init ] --START--
INFO: Run Behavior\BuildLiteBehavior [ RunTime:0.000000s ]
INFO: [ app_init ] --END-- [ RunTime:0.000000s ]
ERR: 无法加载模块:Gg_bd_ad_720x90

[ 2017-03-20T18:46:46+08:00 ] 110.184.61.85 /follow.js
INFO: [ app_init ] --START--
INFO: Run Behavior\BuildLiteBehavior [ RunTime:0.000000s ]
INFO: [ app_init ] --END-- [ RunTime:0.000000s ]
ERR: 无法加载模块:Follow

[ 2017-03-20T18:46:46+08:00 ] 110.184.61.85 /gg_bd_ad_720x90.js?_=1490006805421
INFO: [ app_init ] --START--
INFO: Run Behavior\BuildLiteBehavior [ RunTime:0.000000s ]
INFO: [ app_init ] --END-- [ RunTime:0.000000s ]
ERR: 无法加载模块:Gg_bd_ad_720x90

[ 2017-03-20T18:46:46+08:00 ] 110.184.61.85 /follow.js?_=1490006805456
INFO: [ app_init ] --START--
INFO: Run Behavior\BuildLiteBehavior [ RunTime:0.000000s ]
INFO: [ app_init ] --END-- [ RunTime:0.000000s ]
ERR: 无法加载模块:Follow

[ 2017-03-20T18:46:52+08:00 ] 110.184.61.85 /gg_bd_ad_720x90.js
INFO: [ app_init ] --START--
INFO: Run Behavior\BuildLiteBehavior [ RunTime:0.000000s ]
INFO: [ app_init ] --END-- [ RunTime:0.000000s ]
ERR: 无法加载模块:Gg_bd_ad_720x90

[ 2017-03-20T18:46:52+08:00 ] 110.184.61.85 /follow.js
INFO: [ app_init ] --START--
INFO: Run Behavior\BuildLiteBehavior [ RunTime:0.000000s ]
INFO: [ app_init ] --END-- [ RunTime:0.000000s ]
ERR: 无法加载模块:Follow

[ 2017-03-20T18:46:52+08:00 ] 110.184.61.85 /gg_bd_ad_720x90.js?_=1490006811443
INFO: [ app_init ] --START--
INFO: Run Behavior\BuildLiteBehavior [ RunTime:0.000000s ]
INFO: [ app_init ] --END-- [ RunTime:0.000000s ]
ERR: 无法加载模块:Gg_bd_ad_720x90

[ 2017-03-20T18:46:52+08:00 ] 110.184.61.85 /follow.js?_=1490006811478
INFO: [ app_init ] --START--
INFO: Run Behavior\BuildLiteBehavior [ RunTime:0.000000s ]
INFO: [ app_init ] --END-- [ RunTime:0.000000s ]
ERR: 无法加载模块:Follow

[ 2017-03-20T18:47:21+08:00 ] 110.184.61.85 /gg_bd_ad_720x90.js
INFO: [ app_init ] --START--
INFO: Run Behavior\BuildLiteBehavior [ RunTime:0.000000s ]
INFO: [ app_init ] --END-- [ RunTime:0.000000s ]
ERR: 无法加载模块:Gg_bd_ad_720x90

[ 2017-03-20T18:47:21+08:00 ] 110.184.61.85 /follow.js
INFO: [ app_init ] --START--
INFO: Run Behavior\BuildLiteBehavior [ RunTime:0.000000s ]
INFO: [ app_init ] --END-- [ RunTime:0.000000s ]
ERR: 无法加载模块:Follow

[ 2017-03-20T18:47:22+08:00 ] 110.184.61.85 /gg_bd_ad_720x90.js?_=1490006840991
INFO: [ app_init ] --START--
INFO: Run Behavior\BuildLiteBehavior [ RunTime:0.000000s ]
INFO: [ app_init ] --END-- [ RunTime:0.000000s ]
ERR: 无法加载模块:Gg_bd_ad_720x90

[ 2017-03-20T18:47:22+08:00 ] 110.184.61.85 /follow.js?_=1490006841026
INFO: [ app_init ] --START--
INFO: Run Behavior\BuildLiteBehavior [ RunTime:0.000000s ]
INFO: [ app_init ] --END-- [ RunTime:0.000000s ]
ERR: 无法加载模块:Follow

[ 2017-03-20T18:47:27+08:00 ] 110.184.61.85 /follow.js
INFO: [ app_init ] --START--
INFO: Run Behavior\BuildLiteBehavior [ RunTime:0.000000s ]
INFO: [ app_init ] --END-- [ RunTime:0.000000s ]
ERR: 无法加载模块:Follow

g_bd_ad_720x90

[ 2017-03-20T18:47:27+08:00 ] 110.184.61.85 /gg_bd_ad_720x90.js?_=1490006846655
INFO: [ app_init ] --START--
INFO: Run Behavior\BuildLiteBehavior [ RunTime:0.000000s ]
INFO: [ app_init ] --END-- [ RunTime:0.000000s ]
ERR: 无法加载模块:Gg_bd_ad_720x90

[ 2017-03-20T18:47:27+08:00 ] 110.184.61.85 /follow.js?_=1490006846687
INFO: [ app_init ] --START--
INFO: Run Behavior\BuildLiteBehavior [ RunTime:0.000000s ]
INFO: [ app_init ] --END-- [ RunTime:0.000000s ]
ERR: 无法加载模块:Follow

[ 2017-03-20T18:47:29+08:00 ] 110.184.61.85 /gg_bd_ad_720x90.js
INFO: [ app_init ] --START--
INFO: Run Behavior\BuildLiteBehavior [ RunTime:0.000000s ]
INFO: [ app_init ] --END-- [ RunTime:0.000000s ]
ERR: 无法加载模块:Gg_bd_ad_720x90

[ 2017-03-20T18:47:29+08:00 ] 110.184.61.85 /follow.js
INFO: [ app_init ] --START--
INFO: Run Behavior\BuildLiteBehavior [ RunTime:0.000000s ]
INFO: [ app_init ] --END-- [ RunTime:0.015625s ]
ERR: 无法加载模块:Follow

[ 2017-03-20T18:47:29+08:00 ] 110.184.61.85 /gg_bd_ad_720x90.js?_=1490006848741
INFO: [ app_init ] --START--
INFO: Run Behavior\BuildLiteBehavior [ RunTime:0.000000s ]
INFO: [ app_init ] --END-- [ RunTime:0.000000s ]
ERR: 无法加载模块:Gg_bd_ad_720x90

[ 2017-03-20T18:47:29+08:00 ] 110.184.61.85 /follow.js?_=1490006848775
INFO: [ app_init ] --START--
INFO: Run Behavior\BuildLiteBehavior [ RunTime:0.000000s ]
INFO: [ app_init ] --END-- [ RunTime:0.000000s ]
ERR: 无法加载模块:Follow

[ 2017-03-20T18:47:48+08:00 ] 110.184.61.85 /gg_bd_ad_720x90.js
INFO: [ app_init ] --START--
INFO: Run Behavior\BuildLiteBehavior [ RunTime:0.000000s ]
INFO: [ app_init ] --END-- [ RunTime:0.000000s ]
ERR: 无法加载模块:Gg_bd_ad_720x90

[ 2017-03-20T18:47:48+08:00 ] 110.184.61.85 /follow.js
INFO: [ app_init ] --START--
INFO: Run Behavior\BuildLiteBehavior [ RunTime:0.000000s ]
INFO: [ app_init ] --END-- [ RunTime:0.000000s ]
ERR: 无法加载模块:Follow

[ 2017-03-20T18:47:48+08:00 ] 110.184.61.85 /gg_bd_ad_720x90.js?_=1490006867674
INFO: [ app_init ] --START--
INFO: Run Behavior\BuildLiteBehavior [ RunTime:0.000000s ]
INFO: [ app_init ] --END-- [ RunTime:0.000000s ]
ERR: 无法加载模块:Gg_bd_ad_720x90

[ 2017-03-20T18:47:48+08:00 ] 110.184.61.85 /follow.js?_=1490006867729
INFO: [ app_init ] --START--
INFO: Run Behavior\BuildLiteBehavior [ RunTime:0.000000s ]
INFO: [ app_init ] --END-- [ RunTime:0.000000s ]
ERR: 无法加载模块:Follow

[ 2017-03-20T18:47:49+08:00 ] 110.184.61.85 /follow.js
INFO: [ app_init ] --START--
INFO: Run Behavior\BuildLiteBehavior [ RunTime:0.000000s ]
INFO: [ app_init ] --END-- [ RunTime:0.000000s ]
ERR: 无法加载模块:Follow

[ 2017-03-20T18:47:49+08:00 ] 110.184.61.85 /gg_bd_ad_720x90.js
INFO: [ app_init ] --START--
INFO: Run Behavior\BuildLiteBehavior [ RunTime:0.000000s ]
INFO: [ app_init ] --END-- [ RunTime:0.000000s ]
ERR: 无法加载模块:Gg_bd_ad_720x90

[ 2017-03-20T18:47:49+08:00 ] 110.184.61.85 /gg_bd_ad_720x90.js?_=1490006868789
INFO: [ app_init ] --START--
INFO: Run Behavior\BuildLiteBehavior [ RunTime:0.000000s ]
INFO: [ app_init ] --END-- [ RunTime:0.000000s ]
ERR: 无法加载模块:Gg_bd_ad_720x90

[ 2017-03-20T18:47:49+08:00 ] 110.184.61.85 /follow.js?_=1490006868834
INFO: [ app_init ] --START--
INFO: Run Behavior\BuildLiteBehavior [ RunTime:0.000000s ]
INFO: [ app_init ] --END-- [ RunTime:0.000000s ]
ERR: 无法加载模块:Follow

[ 2017-03-20T18:48:00+08:00 ] 110.184.61.85 /gg_bd_ad_720x90.js
INFO: [ app_init ] --START--
INFO: Run Behavior\BuildLiteBehavior [ RunTime:0.000000s ]
INFO: [ app_init ] --END-- [ RunTime:0.000000s ]
ERR: 无法加载模块:Gg_bd_ad_720x90

[ 2017-03-20T18:48:01+08:00 ] 110.184.61.85 /follow.js
INFO: [ app_init ] --START--
INFO: Run Behavior\BuildLiteBehavior [ RunTime:0.000000s ]
INFO: [ app_init ] --END-- [ RunTime:0.000000s ]
ERR: 无法加载模块:Follow

[ 2017-03-20T18:48:01+08:00 ] 110.184.61.85 /gg_bd_ad_720x90.js?_=1490006879970
INFO: [ app_init ] --START--
INFO: Run Behavior\BuildLiteBehavior [ RunTime:0.000000s ]
INFO: [ app_init ] --END-- [ RunTime:0.000000s ]
ERR: 无法加载模块:Gg_bd_ad_720x90

[ 2017-03-20T18:48:01+08:00 ] 110.184.61.85 /follow.js?_=1490006879999
INFO: [ app_init ] --START--
INFO: Run Behavior\BuildLiteBehavior [ RunTime:0.000000s ]
INFO: [ app_init ] --END-- [ RunTime:0.000000s ]
ERR: 无法加载模块:Follow

[ 2017-03-20T18:48:09+08:00 ] 110.184.61.85 /gg_bd_ad_720x90.js
INFO: [ app_init ] --START--
INFO: Run Behavior\BuildLiteBehavior [ RunTime:0.000000s ]
INFO: [ app_init ] --END-- [ RunTime:0.000000s ]
ERR: 无法加载模块:Gg_bd_ad_720x90

[ 2017-03-20T18:48:09+08:00 ] 110.184.61.85 /follow.js
INFO: [ app_init ] --START--
INFO: Run Behavior\BuildLiteBehavior [ RunTime:0.000000s ]
INFO: [ app_init ] --END-- [ RunTime:0.000000s ]
ERR: 无法加载模块:Follow

[ 2017-03-20T18:48:10+08:00 ] 110.184.61.85 /gg_bd_ad_720x90.js?_=1490006888991
INFO: [ app_init ] --START--
INFO: Run Behavior\BuildLiteBehavior [ RunTime:0.000000s ]
INFO: [ app_init ] --END-- [ RunTime:0.000000s ]
ERR: 无法加载模块:Gg_bd_ad_720x90

[ 2017-03-20T18:48:10+08:00 ] 110.184.61.85 /follow.js?_=1490006889036
INFO: [ app_init ] --START--
INFO: Run Behavior\BuildLiteBehavior [ RunTime:0.000000s ]
INFO: [ app_init ] --END-- [ RunTime:0.000000s ]
ERR: 无法加载模块:Follow

[ 2017-03-20T18:48:45+08:00 ] 110.184.61.85 /gg_bd_ad_720x90.js
INFO: [ app_init ] --START--
INFO: Run Behavior\BuildLiteBehavior [ RunTime:0.000000s ]
INFO: [ app_init ] --END-- [ RunTime:0.000000s ]
ERR: 无法加载模块:Gg_bd_ad_720x90

[ 2017-03-20T18:48:45+08:00 ] 110.184.61.85 /follow.js
INFO: [ app_init ] --START--
INFO: Run Behavior\BuildLiteBehavior [ RunTime:0.000000s ]
INFO: [ app_init ] --END-- [ RunTime:0.000000s ]
ERR: 无法加载模块:Follow

[ 2017-03-20T18:48:45+08:00 ] 110.184.61.85 /gg_bd_ad_720x90.js?_=1490006924188
INFO: [ app_init ] --START--
INFO: Run Behavior\BuildLiteBehavior [ RunTime:0.000000s ]
INFO: [ app_init ] --END-- [ RunTime:0.000000s ]
ERR: 无法加载模块:Gg_bd_ad_720x90

[ 2017-03-20T18:48:45+08:00 ] 110.184.61.85 /follow.js?_=1490006924228
INFO: [ app_init ] --START--
INFO: Run Behavior\BuildLiteBehavior [ RunTime:0.000000s ]
INFO: [ app_init ] --END-- [ RunTime:0.000000s ]
ERR: 无法加载模块:Follow

[ 2017-03-20T18:49:06+08:00 ] 110.184.61.85 /follow.js
INFO: [ app_init ] --START--
INFO: Run Behavior\BuildLiteBehavior [ RunTime:0.000000s ]
INFO: [ app_init ] --END-- [ RunTime:0.000000s ]
ERR: 无法加载模块:Follow

[ 2017-03-20T18:49:06+08:00 ] 110.184.61.85 /gg_bd_ad_720x90.js
INFO: [ app_init ] --START--
INFO: Run Behavior\BuildLiteBehavior [ RunTime:0.000000s ]
INFO: [ app_init ] --END-- [ RunTime:0.000000s ]
ERR: 无法加载模块:Gg_bd_ad_720x90

[ 2017-03-20T18:49:06+08:00 ] 110.184.61.85 /gg_bd_ad_720x90.js?_=1490006945124
INFO: [ app_init ] --START--
INFO: Run Behavior\BuildLiteBehavior [ RunTime:0.000000s ]
INFO: [ app_init ] --END-- [ RunTime:0.000000s ]
ERR: 无法加载模块:Gg_bd_ad_720x90

[ 2017-03-20T18:49:06+08:00 ] 110.184.61.85 /follow.js?_=1490006945160
INFO: [ app_init ] --START--
INFO: Run Behavior\BuildLiteBehavior [ RunTime:0.000000s ]
INFO: [ app_init ] --END-- [ RunTime:0.000000s ]
ERR: 无法加载模块:Follow

[ 2017-03-20T18:49:39+08:00 ] 110.184.61.85 /gg_bd_ad_720x90.js
INFO: [ app_init ] --START--
INFO: Run Behavior\BuildLiteBehavior [ RunTime:0.000000s ]
INFO: [ app_init ] --END-- [ RunTime:0.000000s ]
ERR: 无法加载模块:Gg_bd_ad_720x90

[ 2017-03-20T18:49:39+08:00 ] 110.184.61.85 /follow.js
INFO: [ app_init ] --START--
INFO: Run Behavior\BuildLiteBehavior [ RunTime:0.000000s ]
INFO: [ app_init ] --END-- [ RunTime:0.000000s ]
ERR: 无法加载模块:Follow

[ 2017-03-20T18:49:39+08:00 ] 110.184.61.85 /gg_bd_ad_720x90.js?_=1490006978301
INFO: [ app_init ] --START--
INFO: Run Behavior\BuildLiteBehavior [ RunTime:0.000000s ]
INFO: [ app_init ] --END-- [ RunTime:0.000000s ]
ERR: 无法加载模块:Gg_bd_ad_720x90

[ 2017-03-20T18:49:39+08:00 ] 110.184.61.85 /follow.js?_=1490006978333
INFO: [ app_init ] --START--
INFO: Run Behavior\BuildLiteBehavior [ RunTime:0.000000s ]
INFO: [ app_init ] --END-- [ RunTime:0.000000s ]
ERR: 无法加载模块:Follow

[ 2017-03-20T18:50:12+08:00 ] 110.184.61.85 /gg_bd_ad_720x90.js
INFO: [ app_init ] --START--
INFO: Run Behavior\BuildLiteBehavior [ RunTime:0.000000s ]
INFO: [ app_init ] --END-- [ RunTime:0.000000s ]
ERR: 无法加载模块:Gg_bd_ad_720x90

[ 2017-03-20T18:50:12+08:00 ] 110.184.61.85 /follow.js
INFO: [ app_init ] --START--
INFO: Run Behavior\BuildLiteBehavior [ RunTime:0.000000s ]
INFO: [ app_init ] --END-- [ RunTime:0.000000s ]
ERR: 无法加载模块:Follow

[ 2017-03-20T18:50:12+08:00 ] 110.184.61.85 /gg_bd_ad_720x90.js?_=1490007011102
INFO: [ app_init ] --START--
INFO: Run Behavior\BuildLiteBehavior [ RunTime:0.000000s ]
INFO: [ app_init ] --END-- [ RunTime:0.000000s ]
ERR: 无法加载模块:Gg_bd_ad_720x90

[ 2017-03-20T18:50:12+08:00 ] 110.184.61.85 /follow.js?_=1490007011137
INFO: [ app_init ] --START--
INFO: Run Behavior\BuildLiteBehavior [ RunTime:0.000000s ]
INFO: [ app_init ] --END-- [ RunTime:0.000000s ]
ERR: 无法加载模块:Follow

[ 2017-03-20T18:50:12+08:00 ] 110.184.61.85 /favicon.ico
INFO: [ app_init ] --START--
INFO: Run Behavior\BuildLiteBehavior [ RunTime:0.000000s ]
INFO: [ app_init ] --END-- [ RunTime:0.000000s ]
ERR: 无法加载模块:Favicon

[ 2017-03-20T18:50:36+08:00 ] 110.184.61.85 /follow.js
INFO: [ app_init ] --START--
INFO: Run Behavior\BuildLiteBehavior [ RunTime:0.000000s ]
INFO: [ app_init ] --END-- [ RunTime:0.000000s ]
ERR: 无法加载模块:Follow

[ 2017-03-20T18:50:36+08:00 ] 110.184.61.85 /gg_bd_ad_720x90.js
INFO: [ app_init ] --START--
INFO: Run Behavior\BuildLiteBehavior [ RunTime:0.000000s ]
INFO: [ app_init ] --END-- [ RunTime:0.000000s ]
ERR: 无法加载模块:Gg_bd_ad_720x90

[ 2017-03-20T18:50:36+08:00 ] 110.184.61.85 /gg_bd_ad_720x90.js?_=1490007035051
INFO: [ app_init ] --START--
INFO: Run Behavior\BuildLiteBehavior [ RunTime:0.000000s ]
INFO: [ app_init ] --END-- [ RunTime:0.000000s ]
ERR: 无法加载模块:Gg_bd_ad_720x90

[ 2017-03-20T18:50:36+08:00 ] 110.184.61.85 /follow.js?_=1490007035101
INFO: [ app_init ] --START--
INFO: Run Behavior\BuildLiteBehavior [ RunTime:0.000000s ]
INFO: [ app_init ] --END-- [ RunTime:0.000000s ]
ERR: 无法加载模块:Follow

[ 2017-03-20T18:50:37+08:00 ] 110.184.61.85 /gg_bd_ad_720x90.js
INFO: [ app_init ] --START--
INFO: Run Behavior\BuildLiteBehavior [ RunTime:0.000000s ]
INFO: [ app_init ] --END-- [ RunTime:0.000000s ]
ERR: 无法加载模块:Gg_bd_ad_720x90

[ 2017-03-20T18:50:37+08:00 ] 110.184.61.85 /follow.js
INFO: [ app_init ] --START--
INFO: Run Behavior\BuildLiteBehavior [ RunTime:0.000000s ]
INFO: [ app_init ] --END-- [ RunTime:0.000000s ]
ERR: 无法加载模块:Follow

[ 2017-03-20T18:50:37+08:00 ] 110.184.61.85 /gg_bd_ad_720x90.js?_=1490007036248
INFO: [ app_init ] --START--
INFO: Run Behavior\BuildLiteBehavior [ RunTime:0.000000s ]
INFO: [ app_init ] --END-- [ RunTime:0.000000s ]
ERR: 无法加载模块:Gg_bd_ad_720x90

[ 2017-03-20T18:50:37+08:00 ] 110.184.61.85 /follow.js?_=1490007036282
INFO: [ app_init ] --START--
INFO: Run Behavior\BuildLiteBehavior [ RunTime:0.000000s ]
INFO: [ app_init ] --END-- [ RunTime:0.000000s ]
ERR: 无法加载模块:Follow

[ 2017-03-20T18:52:02+08:00 ] 110.184.61.85 /gg_bd_ad_720x90.js
INFO: [ app_init ] --START--
INFO: Run Behavior\BuildLiteBehavior [ RunTime:0.000000s ]
INFO: [ app_init ] --END-- [ RunTime:0.000000s ]
ERR: 无法加载模块:Gg_bd_ad_720x90

[ 2017-03-20T18:52:02+08:00 ] 110.184.61.85 /follow.js
INFO: [ app_init ] --START--
INFO: Run Behavior\BuildLiteBehavior [ RunTime:0.000000s ]
INFO: [ app_init ] --END-- [ RunTime:0.000000s ]
ERR: 无法加载模块:Follow

[ 2017-03-20T18:52:02+08:00 ] 110.184.61.85 /gg_bd_ad_720x90.js?_=1490007121731
INFO: [ app_init ] --START--
INFO: Run Behavior\BuildLiteBehavior [ RunTime:0.000000s ]
INFO: [ app_init ] --END-- [ RunTime:0.000000s ]
ERR: 无法加载模块:Gg_bd_ad_720x90

[ 2017-03-20T18:52:02+08:00 ] 110.184.61.85 /follow.js?_=1490007121763
INFO: [ app_init ] --START--
INFO: Run Behavior\BuildLiteBehavior [ RunTime:0.000000s ]
INFO: [ app_init ] --END-- [ RunTime:0.000000s ]
ERR: 无法加载模块:Follow

[ 2017-03-20T18:52:04+08:00 ] 110.184.61.85 /follow.js
INFO: [ app_init ] --START--
INFO: Run Behavior\BuildLiteBehavior [ RunTime:0.000000s ]
INFO: [ app_init ] --END-- [ RunTime:0.000000s ]
ERR: 无法加载模块:Follow

[ 2017-03-20T18:52:04+08:00 ] 110.184.61.85 /gg_bd_ad_720x90.js
INFO: [ app_init ] --START--
INFO: Run Behavior\BuildLiteBehavior [ RunTime:0.000000s ]
INFO: [ app_init ] --END-- [ RunTime:0.000000s ]
ERR: 无法加载模块:Gg_bd_ad_720x90

[ 2017-03-20T18:52:04+08:00 ] 110.184.61.85 /gg_bd_ad_720x90.js?_=1490007123299
INFO: [ app_init ] --START--
INFO: Run Behavior\BuildLiteBehavior [ RunTime:0.000000s ]
INFO: [ app_init ] --END-- [ RunTime:0.000000s ]
ERR: 无法加载模块:Gg_bd_ad_720x90

[ 2017-03-20T18:52:04+08:00 ] 110.184.61.85 /follow.js?_=1490007123345
INFO: [ app_init ] --START--
INFO: Run Behavior\BuildLiteBehavior [ RunTime:0.000000s ]
INFO: [ app_init ] --END-- [ RunTime:0.000000s ]
ERR: 无法加载模块:Follow

[ 2017-03-20T18:56:05+08:00 ] 110.184.61.85 /gg_bd_ad_720x90.js
INFO: [ app_init ] --START--
INFO: Run Behavior\BuildLiteBehavior [ RunTime:0.000000s ]
INFO: [ app_init ] --END-- [ RunTime:0.000000s ]
ERR: 无法加载模块:Gg_bd_ad_720x90

[ 2017-03-20T18:56:05+08:00 ] 110.184.61.85 /follow.js
INFO: [ app_init ] --START--
INFO: Run Behavior\BuildLiteBehavior [ RunTime:0.000000s ]
INFO: [ app_init ] --END-- [ RunTime:0.000000s ]
ERR: 无法加载模块:Follow

[ 2017-03-20T18:56:05+08:00 ] 110.184.61.85 /gg_bd_ad_720x90.js?_=1490007364423
INFO: [ app_init ] --START--
INFO: Run Behavior\BuildLiteBehavior [ RunTime:0.000000s ]
INFO: [ app_init ] --END-- [ RunTime:0.000000s ]
ERR: 无法加载模块:Gg_bd_ad_720x90

[ 2017-03-20T18:56:05+08:00 ] 110.184.61.85 /follow.js?_=1490007364464
INFO: [ app_init ] --START--
INFO: Run Behavior\BuildLiteBehavior [ RunTime:0.000000s ]
INFO: [ app_init ] --END-- [ RunTime:0.000000s ]
ERR: 无法加载模块:Follow

[ 2017-03-20T18:56:23+08:00 ] 110.184.61.85 /follow.js
INFO: [ app_init ] --START--
INFO: Run Behavior\BuildLiteBehavior [ RunTime:0.000000s ]
INFO: [ app_init ] --END-- [ RunTime:0.000000s ]
ERR: 无法加载模块:Follow

[ 2017-03-20T18:56:23+08:00 ] 110.184.61.85 /gg_bd_ad_720x90.js
INFO: [ app_init ] --START--
INFO: Run Behavior\BuildLiteBehavior [ RunTime:0.000000s ]
INFO: [ app_init ] --END-- [ RunTime:0.000000s ]
ERR: 无法加载模块:Gg_bd_ad_720x90

[ 2017-03-20T18:56:24+08:00 ] 110.184.61.85 /gg_bd_ad_720x90.js?_=1490007382950
INFO: [ app_init ] --START--
INFO: Run Behavior\BuildLiteBehavior [ RunTime:0.000000s ]
INFO: [ app_init ] --END-- [ RunTime:0.000000s ]
ERR: 无法加载模块:Gg_bd_ad_720x90

[ 2017-03-20T18:56:24+08:00 ] 110.184.61.85 /follow.js?_=1490007382994
INFO: [ app_init ] --START--
INFO: Run Behavior\BuildLiteBehavior [ RunTime:0.000000s ]
INFO: [ app_init ] --END-- [ RunTime:0.000000s ]
ERR: 无法加载模块:Follow

[ 2017-03-20T18:56:25+08:00 ] 110.184.61.85 /follow.js
INFO: [ app_init ] --START--
INFO: Run Behavior\BuildLiteBehavior [ RunTime:0.000000s ]
INFO: [ app_init ] --END-- [ RunTime:0.000000s ]
ERR: 无法加载模块:Follow

[ 2017-03-20T18:56:25+08:00 ] 110.184.61.85 /gg_bd_ad_720x90.js
INFO: [ app_init ] --START--
INFO: Run Behavior\BuildLiteBehavior [ RunTime:0.000000s ]
INFO: [ app_init ] --END-- [ RunTime:0.000000s ]
ERR: 无法加载模块:Gg_bd_ad_720x90

[ 2017-03-20T18:56:25+08:00 ] 110.184.61.85 /gg_bd_ad_720x90.js?_=1490007384088
INFO: [ app_init ] --START--
INFO: Run Behavior\BuildLiteBehavior [ RunTime:0.000000s ]
INFO: [ app_init ] --END-- [ RunTime:0.000000s ]
ERR: 无法加载模块:Gg_bd_ad_720x90

[ 2017-03-20T18:56:25+08:00 ] 110.184.61.85 /follow.js?_=1490007384132
INFO: [ app_init ] --START--
INFO: Run Behavior\BuildLiteBehavior [ RunTime:0.000000s ]
INFO: [ app_init ] --END-- [ RunTime:0.000000s ]
ERR: 无法加载模块:Follow

[ 2017-03-20T18:56:26+08:00 ] 110.184.61.85 /follow.js
INFO: [ app_init ] --START--
INFO: Run Behavior\BuildLiteBehavior [ RunTime:0.000000s ]
INFO: [ app_init ] --END-- [ RunTime:0.000000s ]
ERR: 无法加载模块:Follow

[ 2017-03-20T18:56:26+08:00 ] 110.184.61.85 /gg_bd_ad_720x90.js
INFO: [ app_init ] --START--
INFO: Run Behavior\BuildLiteBehavior [ RunTime:0.000000s ]
INFO: [ app_init ] --END-- [ RunTime:0.000000s ]
ERR: 无法加载模块:Gg_bd_ad_720x90

[ 2017-03-20T18:56:26+08:00 ] 110.184.61.85 /gg_bd_ad_720x90.js?_=1490007385749
INFO: [ app_init ] --START--
INFO: Run Behavior\BuildLiteBehavior [ RunTime:0.000000s ]
INFO: [ app_init ] --END-- [ RunTime:0.000000s ]
ERR: 无法加载模块:Gg_bd_ad_720x90

[ 2017-03-20T18:56:26+08:00 ] 110.184.61.85 /follow.js?_=1490007385781
INFO: [ app_init ] --START--
INFO: Run Behavior\BuildLiteBehavior [ RunTime:0.000000s ]
INFO: [ app_init ] --END-- [ RunTime:0.000000s ]
ERR: 无法加载模块:Follow

[ 2017-03-20T18:56:27+08:00 ] 110.184.61.85 /follow.js
INFO: [ app_init ] --START--
INFO: Run Behavior\BuildLiteBehavior [ RunTime:0.000000s ]
INFO: [ app_init ] --END-- [ RunTime:0.000000s ]
ERR: 无法加载模块:Follow

[ 2017-03-20T18:56:27+08:00 ] 110.184.61.85 /gg_bd_ad_720x90.js
INFO: [ app_init ] --START--
INFO: Run Behavior\BuildLiteBehavior [ RunTime:0.000000s ]
INFO: [ app_init ] --END-- [ RunTime:0.000000s ]
ERR: 无法加载模块:Gg_bd_ad_720x90

[ 2017-03-20T18:56:27+08:00 ] 110.184.61.85 /gg_bd_ad_720x90.js?_=1490007386812
INFO: [ app_init ] --START--
INFO: Run Behavior\BuildLiteBehavior [ RunTime:0.000000s ]
INFO: [ app_init ] --END-- [ RunTime:0.000000s ]
ERR: 无法加载模块:Gg_bd_ad_720x90

[ 2017-03-20T18:56:27+08:00 ] 110.184.61.85 /follow.js?_=1490007386844
INFO: [ app_init ] --START--
INFO: Run Behavior\BuildLiteBehavior [ RunTime:0.000000s ]
INFO: [ app_init ] --END-- [ RunTime:0.000000s ]
ERR: 无法加载模块:Follow

[ 2017-03-20T18:57:18+08:00 ] 110.184.61.85 /follow.js
INFO: [ app_init ] --START--
INFO: Run Behavior\BuildLiteBehavior [ RunTime:0.000000s ]
INFO: [ app_init ] --END-- [ RunTime:0.000000s ]
ERR: 无法加载模块:Follow

[ 2017-03-20T18:57:18+08:00 ] 110.184.61.85 /gg_bd_ad_720x90.js
INFO: [ app_init ] --START--
INFO: Run Behavior\BuildLiteBehavior [ RunTime:0.000000s ]
INFO: [ app_init ] --END-- [ RunTime:0.000000s ]
ERR: 无法加载模块:Gg_bd_ad_720x90

[ 2017-03-20T18:57:18+08:00 ] 110.184.61.85 /gg_bd_ad_720x90.js?_=1490007437869
INFO: [ app_init ] --START--
INFO: Run Behavior\BuildLiteBehavior [ RunTime:0.000000s ]
INFO: [ app_init ] --END-- [ RunTime:0.000000s ]
ERR: 无法加载模块:Gg_bd_ad_720x90

[ 2017-03-20T18:57:19+08:00 ] 110.184.61.85 /follow.js?_=1490007437912
INFO: [ app_init ] --START--
INFO: Run Behavior\BuildLiteBehavior [ RunTime:0.000000s ]
INFO: [ app_init ] --END-- [ RunTime:0.000000s ]
ERR: 无法加载模块:Follow

[ 2017-03-20T18:57:19+08:00 ] 110.184.61.85 /gg_bd_ad_720x90.js
INFO: [ app_init ] --START--
INFO: Run Behavior\BuildLiteBehavior [ RunTime:0.000000s ]
INFO: [ app_init ] --END-- [ RunTime:0.000000s ]
ERR: 无法加载模块:Gg_bd_ad_720x90

[ 2017-03-20T18:57:19+08:00 ] 110.184.61.85 /follow.js
INFO: [ app_init ] --START--
INFO: Run Behavior\BuildLiteBehavior [ RunTime:0.000000s ]
INFO: [ app_init ] --END-- [ RunTime:0.000000s ]
ERR: 无法加载模块:Follow

[ 2017-03-20T18:57:19+08:00 ] 110.184.61.85 /gg_bd_ad_720x90.js?_=1490007438707
INFO: [ app_init ] --START--
INFO: Run Behavior\BuildLiteBehavior [ RunTime:0.000000s ]
INFO: [ app_init ] --END-- [ RunTime:0.000000s ]
ERR: 无法加载模块:Gg_bd_ad_720x90

[ 2017-03-20T18:57:19+08:00 ] 110.184.61.85 /follow.js?_=1490007438742
INFO: [ app_init ] --START--
INFO: Run Behavior\BuildLiteBehavior [ RunTime:0.000000s ]
INFO: [ app_init ] --END-- [ RunTime:0.000000s ]
ERR: 无法加载模块:Follow

[ 2017-03-20T18:58:17+08:00 ] 110.184.61.85 /gg_bd_ad_720x90.js
INFO: [ app_init ] --START--
INFO: Run Behavior\BuildLiteBehavior [ RunTime:0.000000s ]
INFO: [ app_init ] --END-- [ RunTime:0.000000s ]
ERR: 无法加载模块:Gg_bd_ad_720x90

[ 2017-03-20T18:58:17+08:00 ] 110.184.61.85 /follow.js
INFO: [ app_init ] --START--
INFO: Run Behavior\BuildLiteBehavior [ RunTime:0.000000s ]
INFO: [ app_init ] --END-- [ RunTime:0.000000s ]
ERR: 无法加载模块:Follow

[ 2017-03-20T18:58:17+08:00 ] 110.184.61.85 /gg_bd_ad_720x90.js?_=1490007496547
INFO: [ app_init ] --START--
INFO: Run Behavior\BuildLiteBehavior [ RunTime:0.000000s ]
INFO: [ app_init ] --END-- [ RunTime:0.000000s ]
ERR: 无法加载模块:Gg_bd_ad_720x90

[ 2017-03-20T18:58:17+08:00 ] 110.184.61.85 /follow.js?_=1490007496585
INFO: [ app_init ] --START--
INFO: Run Behavior\BuildLiteBehavior [ RunTime:0.000000s ]
INFO: [ app_init ] --END-- [ RunTime:0.000000s ]
ERR: 无法加载模块:Follow

[ 2017-03-20T18:58:18+08:00 ] 110.184.61.85 /gg_bd_ad_720x90.js
INFO: [ app_init ] --START--
INFO: Run Behavior\BuildLiteBehavior [ RunTime:0.000000s ]
INFO: [ app_init ] --END-- [ RunTime:0.000000s ]
ERR: 无法加载模块:Gg_bd_ad_720x90

[ 2017-03-20T18:58:18+08:00 ] 110.184.61.85 /follow.js
INFO: [ app_init ] --START--
INFO: Run Behavior\BuildLiteBehavior [ RunTime:0.000000s ]
INFO: [ app_init ] --END-- [ RunTime:0.015625s ]
ERR: 无法加载模块:Follow

[ 2017-03-20T18:58:18+08:00 ] 110.184.61.85 /gg_bd_ad_720x90.js?_=1490007497282
INFO: [ app_init ] --START--
INFO: Run Behavior\BuildLiteBehavior [ RunTime:0.000000s ]
INFO: [ app_init ] --END-- [ RunTime:0.000000s ]
ERR: 无法加载模块:Gg_bd_ad_720x90

[ 2017-03-20T18:58:18+08:00 ] 110.184.61.85 /follow.js?_=1490007497329
INFO: [ app_init ] --START--
INFO: Run Behavior\BuildLiteBehavior [ RunTime:0.000000s ]
INFO: [ app_init ] --END-- [ RunTime:0.000000s ]
ERR: 无法加载模块:Follow

[ 2017-03-20T18:58:21+08:00 ] 110.184.61.85 /gg_bd_ad_720x90.js?_=1490007499901
INFO: [ app_init ] --START--
INFO: Run Behavior\BuildLiteBehavior [ RunTime:0.000000s ]
INFO: [ app_init ] --END-- [ RunTime:0.000000s ]
ERR: 无法加载模块:Gg_bd_ad_720x90

[ 2017-03-20T18:58:21+08:00 ] 110.184.61.85 /follow.js?_=1490007499936
INFO: [ app_init ] --START--
INFO: Run Behavior\BuildLiteBehavior [ RunTime:0.000000s ]
INFO: [ app_init ] --END-- [ RunTime:0.000000s ]
ERR: 无法加载模块:Follow

[ 2017-03-20T19:01:18+08:00 ] 110.184.61.85 /follow.js
INFO: [ app_init ] --START--
INFO: Run Behavior\BuildLiteBehavior [ RunTime:0.000000s ]
INFO: [ app_init ] --END-- [ RunTime:0.000000s ]
ERR: 无法加载模块:Follow

[ 2017-03-20T19:01:18+08:00 ] 110.184.61.85 /gg_bd_ad_720x90.js
INFO: [ app_init ] --START--
INFO: Run Behavior\BuildLiteBehavior [ RunTime:0.000000s ]
INFO: [ app_init ] --END-- [ RunTime:0.000000s ]
ERR: 无法加载模块:Gg_bd_ad_720x90

[ 2017-03-20T19:01:18+08:00 ] 110.184.61.85 /gg_bd_ad_720x90.js?_=1490007677814
INFO: [ app_init ] --START--
INFO: Run Behavior\BuildLiteBehavior [ RunTime:0.000000s ]
INFO: [ app_init ] --END-- [ RunTime:0.000000s ]
ERR: 无法加载模块:Gg_bd_ad_720x90

[ 2017-03-20T19:01:18+08:00 ] 110.184.61.85 /follow.js?_=1490007677846
INFO: [ app_init ] --START--
INFO: Run Behavior\BuildLiteBehavior [ RunTime:0.000000s ]
INFO: [ app_init ] --END-- [ RunTime:0.000000s ]
ERR: 无法加载模块:Follow

[ 2017-03-20T19:01:32+08:00 ] 110.184.61.85 /follow.js
INFO: [ app_init ] --START--
INFO: Run Behavior\BuildLiteBehavior [ RunTime:0.000000s ]
INFO: [ app_init ] --END-- [ RunTime:0.000000s ]
ERR: 无法加载模块:Follow

[ 2017-03-20T19:01:32+08:00 ] 110.184.61.85 /gg_bd_ad_720x90.js
INFO: [ app_init ] --START--
INFO: Run Behavior\BuildLiteBehavior [ RunTime:0.000000s ]
INFO: [ app_init ] --END-- [ RunTime:0.000000s ]
ERR: 无法加载模块:Gg_bd_ad_720x90

[ 2017-03-20T19:01:32+08:00 ] 110.184.61.85 /gg_bd_ad_720x90.js?_=1490007691095
INFO: [ app_init ] --START--
INFO: Run Behavior\BuildLiteBehavior [ RunTime:0.000000s ]
INFO: [ app_init ] --END-- [ RunTime:0.000000s ]
ERR: 无法加载模块:Gg_bd_ad_720x90

[ 2017-03-20T19:01:32+08:00 ] 110.184.61.85 /follow.js?_=1490007691134
INFO: [ app_init ] --START--
INFO: Run Behavior\BuildLiteBehavior [ RunTime:0.000000s ]
INFO: [ app_init ] --END-- [ RunTime:0.015625s ]
ERR: 无法加载模块:Follow

[ 2017-03-20T19:03:58+08:00 ] 110.184.61.85 /gg_bd_ad_720x90.js
INFO: [ app_init ] --START--
INFO: Run Behavior\BuildLiteBehavior [ RunTime:0.000000s ]
INFO: [ app_init ] --END-- [ RunTime:0.000000s ]
ERR: 无法加载模块:Gg_bd_ad_720x90

[ 2017-03-20T19:03:58+08:00 ] 110.184.61.85 /follow.js
INFO: [ app_init ] --START--
INFO: Run Behavior\BuildLiteBehavior [ RunTime:0.000000s ]
INFO: [ app_init ] --END-- [ RunTime:0.000000s ]
ERR: 无法加载模块:Follow

[ 2017-03-20T19:03:58+08:00 ] 110.184.61.85 /gg_bd_ad_720x90.js?_=1490007837479
INFO: [ app_init ] --START--
INFO: Run Behavior\BuildLiteBehavior [ RunTime:0.000000s ]
INFO: [ app_init ] --END-- [ RunTime:0.000000s ]
ERR: 无法加载模块:Gg_bd_ad_720x90

[ 2017-03-20T19:03:58+08:00 ] 110.184.61.85 /follow.js?_=1490007837511
INFO: [ app_init ] --START--
INFO: Run Behavior\BuildLiteBehavior [ RunTime:0.000000s ]
INFO: [ app_init ] --END-- [ RunTime:0.000000s ]
ERR: 无法加载模块:Follow

[ 2017-03-20T19:03:58+08:00 ] 110.184.61.85 /favicon.ico
INFO: [ app_init ] --START--
INFO: Run Behavior\BuildLiteBehavior [ RunTime:0.000000s ]
INFO: [ app_init ] --END-- [ RunTime:0.000000s ]
ERR: 无法加载模块:Favicon

[ 2017-03-20T19:04:00+08:00 ] 110.184.61.85 /favicon.ico
INFO: [ app_init ] --START--
INFO: Run Behavior\BuildLiteBehavior [ RunTime:0.000000s ]
INFO: [ app_init ] --END-- [ RunTime:0.000000s ]
ERR: 无法加载模块:Favicon

