[ 2017-05-04T09:40:25+08:00 ] 110.184.60.88 /favicon.ico
INFO: [ app_init ] --START--
INFO: Run Behavior\BuildLiteBehavior [ RunTime:0.000000s ]
INFO: [ app_init ] --END-- [ RunTime:0.000000s ]
ERR: 无法加载模块:Favicon

[ 2017-05-04T09:40:43+08:00 ] 110.184.60.88 /gg_bd_ad_720x90.js
INFO: [ app_init ] --START--
INFO: Run Behavior\BuildLiteBehavior [ RunTime:0.000000s ]
INFO: [ app_init ] --END-- [ RunTime:0.000000s ]
ERR: 无法加载模块:Gg_bd_ad_720x90

[ 2017-05-04T09:40:43+08:00 ] 110.184.60.88 /follow.js
INFO: [ app_init ] --START--
INFO: Run Behavior\BuildLiteBehavior [ RunTime:0.000000s ]
INFO: [ app_init ] --END-- [ RunTime:0.000000s ]
ERR: 无法加载模块:Follow

[ 2017-05-04T09:40:43+08:00 ] 110.184.60.88 /gg_bd_ad_720x90.js?_=1493862043338
INFO: [ app_init ] --START--
INFO: Run Behavior\BuildLiteBehavior [ RunTime:0.000000s ]
INFO: [ app_init ] --END-- [ RunTime:0.000000s ]
ERR: 无法加载模块:Gg_bd_ad_720x90

[ 2017-05-04T09:40:43+08:00 ] 110.184.60.88 /follow.js?_=1493862043377
INFO: [ app_init ] --START--
INFO: Run Behavior\BuildLiteBehavior [ RunTime:0.000000s ]
INFO: [ app_init ] --END-- [ RunTime:0.000000s ]
ERR: 无法加载模块:Follow

[ 2017-05-04T09:40:44+08:00 ] 110.184.60.88 /gg_bd_ad_720x90.js
INFO: [ app_init ] --START--
INFO: Run Behavior\BuildLiteBehavior [ RunTime:0.000000s ]
INFO: [ app_init ] --END-- [ RunTime:0.000000s ]
ERR: 无法加载模块:Gg_bd_ad_720x90

[ 2017-05-04T09:40:44+08:00 ] 110.184.60.88 /follow.js
INFO: [ app_init ] --START--
INFO: Run Behavior\BuildLiteBehavior [ RunTime:0.000000s ]
INFO: [ app_init ] --END-- [ RunTime:0.000000s ]
ERR: 无法加载模块:Follow

[ 2017-05-04T09:40:44+08:00 ] 110.184.60.88 /gg_bd_ad_720x90.js?_=1493862044744
INFO: [ app_init ] --START--
INFO: Run Behavior\BuildLiteBehavior [ RunTime:0.000000s ]
INFO: [ app_init ] --END-- [ RunTime:0.000000s ]
ERR: 无法加载模块:Gg_bd_ad_720x90

[ 2017-05-04T09:40:44+08:00 ] 110.184.60.88 /follow.js?_=1493862044791
INFO: [ app_init ] --START--
INFO: Run Behavior\BuildLiteBehavior [ RunTime:0.000000s ]
INFO: [ app_init ] --END-- [ RunTime:0.000000s ]
ERR: 无法加载模块:Follow

[ 2017-05-04T09:40:45+08:00 ] 110.184.60.88 /gg_bd_ad_720x90.js
INFO: [ app_init ] --START--
INFO: Run Behavior\BuildLiteBehavior [ RunTime:0.000000s ]
INFO: [ app_init ] --END-- [ RunTime:0.000000s ]
ERR: 无法加载模块:Gg_bd_ad_720x90

[ 2017-05-04T09:40:45+08:00 ] 110.184.60.88 /follow.js
INFO: [ app_init ] --START--
INFO: Run Behavior\BuildLiteBehavior [ RunTime:0.000000s ]
INFO: [ app_init ] --END-- [ RunTime:0.000000s ]
ERR: 无法加载模块:Follow

[ 2017-05-04T09:40:45+08:00 ] 110.184.60.88 /gg_bd_ad_720x90.js?_=1493862045837
INFO: [ app_init ] --START--
INFO: Run Behavior\BuildLiteBehavior [ RunTime:0.000000s ]
INFO: [ app_init ] --END-- [ RunTime:0.000000s ]
ERR: 无法加载模块:Gg_bd_ad_720x90

[ 2017-05-04T09:40:45+08:00 ] 110.184.60.88 /follow.js?_=1493862045918
INFO: [ app_init ] --START--
INFO: Run Behavior\BuildLiteBehavior [ RunTime:0.000000s ]
INFO: [ app_init ] --END-- [ RunTime:0.000000s ]
ERR: 无法加载模块:Follow

